I210322 21:32:59.580406 37 util/log/sync_buffer.go:70  [config] file created at: 2021/03/22 21:32:59
I210322 21:32:59.580406 37 util/log/sync_buffer.go:70  [config] running on machine: 6c8f11fd866f
I210322 21:32:59.580406 37 util/log/sync_buffer.go:70  [config] binary: CockroachDB CCL v20.1.1 (x86_64-unknown-linux-gnu, built 2020/05/19 14:46:06, go1.13.9)
I210322 21:32:59.580406 37 util/log/sync_buffer.go:70  [config] arguments: [/cockroach/cockroach start --insecure]
I210322 21:32:59.580406 37 util/log/sync_buffer.go:70  line format: [IWEF]yymmdd hh:mm:ss.uuuuuu goid file:line msg utf8=✓
I210322 21:32:59.580406 37 storage/rocksdb.go:102  RocksDB version: 6.2.1
I210322 21:32:59.588446 37 storage/rocksdb.go:102  Git sha rocksdb_build_git_sha:@e494e15a0b08c13fafd5710f279f348d47d476de@
I210322 21:32:59.588450 37 storage/rocksdb.go:102  Compile date May 19 2020
I210322 21:32:59.588454 37 storage/rocksdb.go:102  DB SUMMARY
I210322 21:32:59.590095 37 storage/rocksdb.go:102  SST files in /cockroach/cockroach-data/cockroach-temp701487290 dir, Total Num: 0, files: 
I210322 21:32:59.590101 37 storage/rocksdb.go:102  Write Ahead Log file in /cockroach/cockroach-data/cockroach-temp701487290: 
I210322 21:32:59.590104 37 storage/rocksdb.go:102                          Options.error_if_exists: 0
I210322 21:32:59.590112 37 storage/rocksdb.go:102                        Options.create_if_missing: 1
I210322 21:32:59.590131 37 storage/rocksdb.go:102                          Options.paranoid_checks: 1
I210322 21:32:59.590136 37 storage/rocksdb.go:102                                      Options.env: 0x756bca0
I210322 21:32:59.590138 37 storage/rocksdb.go:102                                 Options.info_log: 0x7f352b0270e0
I210322 21:32:59.590141 37 storage/rocksdb.go:102                 Options.max_file_opening_threads: 16
I210322 21:32:59.590144 37 storage/rocksdb.go:102                               Options.statistics: 0x7f352b034010
I210322 21:32:59.590146 37 storage/rocksdb.go:102                                Options.use_fsync: 0
I210322 21:32:59.590149 37 storage/rocksdb.go:102                        Options.max_log_file_size: 0
I210322 21:32:59.590151 37 storage/rocksdb.go:102                   Options.max_manifest_file_size: 134217728
I210322 21:32:59.590154 37 storage/rocksdb.go:102                    Options.log_file_time_to_roll: 0
I210322 21:32:59.590156 37 storage/rocksdb.go:102                        Options.keep_log_file_num: 1000
I210322 21:32:59.590158 37 storage/rocksdb.go:102                     Options.recycle_log_file_num: 1
I210322 21:32:59.590175 37 storage/rocksdb.go:102                          Options.allow_fallocate: 1
I210322 21:32:59.590180 37 storage/rocksdb.go:102                         Options.allow_mmap_reads: 0
I210322 21:32:59.590183 37 storage/rocksdb.go:102                        Options.allow_mmap_writes: 0
I210322 21:32:59.590185 37 storage/rocksdb.go:102                         Options.use_direct_reads: 0
I210322 21:32:59.590187 37 storage/rocksdb.go:102                         Options.use_direct_io_for_flush_and_compaction: 0
I210322 21:32:59.590190 37 storage/rocksdb.go:102           Options.create_missing_column_families: 0
I210322 21:32:59.590192 37 storage/rocksdb.go:102                               Options.db_log_dir: 
I210322 21:32:59.590195 37 storage/rocksdb.go:102                                  Options.wal_dir: /cockroach/cockroach-data/cockroach-temp701487290
I210322 21:32:59.590198 37 storage/rocksdb.go:102                 Options.table_cache_numshardbits: 6
I210322 21:32:59.590200 37 storage/rocksdb.go:102                       Options.max_subcompactions: 1
I210322 21:32:59.590202 37 storage/rocksdb.go:102                   Options.max_background_flushes: -1
I210322 21:32:59.590217 37 storage/rocksdb.go:102                          Options.WAL_ttl_seconds: 0
I210322 21:32:59.590222 37 storage/rocksdb.go:102                        Options.WAL_size_limit_MB: 0
I210322 21:32:59.590225 37 storage/rocksdb.go:102              Options.manifest_preallocation_size: 4194304
I210322 21:32:59.590242 37 storage/rocksdb.go:102                      Options.is_fd_close_on_exec: 1
I210322 21:32:59.590245 37 storage/rocksdb.go:102                    Options.advise_random_on_open: 1
I210322 21:32:59.590247 37 storage/rocksdb.go:102                     Options.db_write_buffer_size: 0
I210322 21:32:59.590249 37 storage/rocksdb.go:102                     Options.write_buffer_manager: 0x7f352b019060
I210322 21:32:59.590252 37 storage/rocksdb.go:102          Options.access_hint_on_compaction_start: 1
I210322 21:32:59.590254 37 storage/rocksdb.go:102   Options.new_table_reader_for_compaction_inputs: 0
I210322 21:32:59.590257 37 storage/rocksdb.go:102            Options.random_access_max_buffer_size: 1048576
I210322 21:32:59.590259 37 storage/rocksdb.go:102                       Options.use_adaptive_mutex: 0
I210322 21:32:59.590262 37 storage/rocksdb.go:102                             Options.rate_limiter: (nil)
I210322 21:32:59.590265 37 storage/rocksdb.go:102      Options.sst_file_manager.rate_bytes_per_sec: 0
I210322 21:32:59.590267 37 storage/rocksdb.go:102                        Options.wal_recovery_mode: 0
I210322 21:32:59.590270 37 storage/rocksdb.go:102                   Options.enable_thread_tracking: 0
I210322 21:32:59.590272 37 storage/rocksdb.go:102                   Options.enable_pipelined_write: 0
I210322 21:32:59.590274 37 storage/rocksdb.go:102          Options.allow_concurrent_memtable_write: 1
I210322 21:32:59.590277 37 storage/rocksdb.go:102       Options.enable_write_thread_adaptive_yield: 1
I210322 21:32:59.590279 37 storage/rocksdb.go:102              Options.write_thread_max_yield_usec: 100
I210322 21:32:59.590282 37 storage/rocksdb.go:102             Options.write_thread_slow_yield_usec: 3
I210322 21:32:59.590285 37 storage/rocksdb.go:102                                Options.row_cache: None
I210322 21:32:59.590287 37 storage/rocksdb.go:102                               Options.wal_filter: None
I210322 21:32:59.590289 37 storage/rocksdb.go:102              Options.avoid_flush_during_recovery: 0
I210322 21:32:59.590292 37 storage/rocksdb.go:102              Options.allow_ingest_behind: 0
I210322 21:32:59.590294 37 storage/rocksdb.go:102              Options.preserve_deletes: 0
I210322 21:32:59.590296 37 storage/rocksdb.go:102              Options.two_write_queues: 0
I210322 21:32:59.590299 37 storage/rocksdb.go:102              Options.manual_wal_flush: 1
I210322 21:32:59.590301 37 storage/rocksdb.go:102              Options.atomic_flush: 0
I210322 21:32:59.590303 37 storage/rocksdb.go:102              Options.avoid_unnecessary_blocking_io: 0
I210322 21:32:59.590306 37 storage/rocksdb.go:102              Options.max_background_jobs: 2
I210322 21:32:59.590308 37 storage/rocksdb.go:102              Options.max_background_compactions: -1
I210322 21:32:59.590311 37 storage/rocksdb.go:102              Options.avoid_flush_during_shutdown: 0
I210322 21:32:59.590313 37 storage/rocksdb.go:102            Options.writable_file_max_buffer_size: 1048576
I210322 21:32:59.590316 37 storage/rocksdb.go:102              Options.delayed_write_rate : 16777216
I210322 21:32:59.590318 37 storage/rocksdb.go:102              Options.max_total_wal_size: 0
I210322 21:32:59.590320 37 storage/rocksdb.go:102              Options.delete_obsolete_files_period_micros: 21600000000
I210322 21:32:59.590323 37 storage/rocksdb.go:102                    Options.stats_dump_period_sec: 0
I210322 21:32:59.590325 37 storage/rocksdb.go:102                  Options.stats_persist_period_sec: 600
I210322 21:32:59.590328 37 storage/rocksdb.go:102                  Options.stats_history_buffer_size: 1048576
I210322 21:32:59.590330 37 storage/rocksdb.go:102                           Options.max_open_files: 128
I210322 21:32:59.590332 37 storage/rocksdb.go:102                           Options.bytes_per_sync: 524288
I210322 21:32:59.590335 37 storage/rocksdb.go:102                       Options.wal_bytes_per_sync: 0
I210322 21:32:59.590338 37 storage/rocksdb.go:102                    Options.strict_bytes_per_sync: 1
I210322 21:32:59.590340 37 storage/rocksdb.go:102        Options.compaction_readahead_size: 0
I210322 21:32:59.590343 37 storage/rocksdb.go:102  Compression algorithms supported:
I210322 21:32:59.590346 37 storage/rocksdb.go:102  	kZSTDNotFinalCompression supported: 0
I210322 21:32:59.590349 37 storage/rocksdb.go:102  	kZSTD supported: 0
I210322 21:32:59.590352 37 storage/rocksdb.go:102  	kXpressCompression supported: 0
I210322 21:32:59.590354 37 storage/rocksdb.go:102  	kLZ4HCCompression supported: 0
I210322 21:32:59.590357 37 storage/rocksdb.go:102  	kLZ4Compression supported: 0
I210322 21:32:59.590359 37 storage/rocksdb.go:102  	kBZip2Compression supported: 0
I210322 21:32:59.590362 37 storage/rocksdb.go:102  	kZlibCompression supported: 0
I210322 21:32:59.590364 37 storage/rocksdb.go:102  	kSnappyCompression supported: 1
I210322 21:32:59.590374 37 storage/rocksdb.go:102  Fast CRC32 supported: Supported on x86
I210322 21:32:59.593363 37 storage/rocksdb.go:102  [db/db_impl_open.cc:242] Creating manifest 1 
I210322 21:32:59.619941 37 storage/rocksdb.go:102  [db/version_set.cc:4072] Recovering from manifest file: /cockroach/cockroach-data/cockroach-temp701487290/MANIFEST-000001
I210322 21:32:59.620326 37 storage/rocksdb.go:102  [db/column_family.cc:488] --------------- Options for column family [default]:
I210322 21:32:59.620331 37 storage/rocksdb.go:102                Options.comparator: cockroach_comparator
I210322 21:32:59.620357 37 storage/rocksdb.go:102            Options.merge_operator: cockroach_merge_operator
I210322 21:32:59.620364 37 storage/rocksdb.go:102         Options.compaction_filter: None
I210322 21:32:59.620366 37 storage/rocksdb.go:102         Options.compaction_filter_factory: None
I210322 21:32:59.620369 37 storage/rocksdb.go:102          Options.memtable_factory: SkipListFactory
I210322 21:32:59.620371 37 storage/rocksdb.go:102             Options.table_factory: BlockBasedTable
I210322 21:32:59.620393 37 storage/rocksdb.go:102             table_factory options:   flush_block_policy_factory: FlushBlockBySizePolicyFactory (0x7f352b028030)
  cache_index_and_filter_blocks: 0
  cache_index_and_filter_blocks_with_high_priority: 0
  pin_l0_filter_and_index_blocks_in_cache: 0
  pin_top_level_index_and_filter: 1
  index_type: 0
  data_block_index_type: 0
  index_shortening: 1
  data_block_hash_table_util_ratio: 0.750000
  hash_index_allow_collision: 1
  checksum: 1
  no_block_cache: 0
  block_cache: 0x7f352b01c010
  block_cache_name: LRUCache
  block_cache_options:
    capacity : 1048576
    num_shard_bits : 4
    strict_capacity_limit : 0
    memory_allocator : None
    high_pri_pool_ratio: 0.000
  block_cache_compressed: (nil)
  persistent_cache: (nil)
  block_size: 32768
  block_size_deviation: 10
  block_restart_interval: 16
  index_block_restart_interval: 1
  metadata_block_size: 4096
  partition_filters: 0
  use_delta_encoding: 1
  filter_policy: rocksdb.BuiltinBloomFilter
  whole_key_filtering: 0
  verify_compression: 0
  read_amp_bytes_per_bit: 0
  format_version: 2
  enable_index_compression: 1
  block_align: 0
I210322 21:32:59.620401 37 storage/rocksdb.go:102         Options.write_buffer_size: 67108864
I210322 21:32:59.620406 37 storage/rocksdb.go:102   Options.max_write_buffer_number: 4
I210322 21:32:59.620409 37 storage/rocksdb.go:102           Options.compression: Snappy
I210322 21:32:59.620411 37 storage/rocksdb.go:102                   Options.bottommost_compression: Disabled
I210322 21:32:59.620414 37 storage/rocksdb.go:102        Options.prefix_extractor: cockroach_prefix_extractor
I210322 21:32:59.620416 37 storage/rocksdb.go:102    Options.memtable_insert_with_hint_prefix_extractor: nullptr
I210322 21:32:59.620419 37 storage/rocksdb.go:102              Options.num_levels: 7
I210322 21:32:59.620421 37 storage/rocksdb.go:102         Options.min_write_buffer_number_to_merge: 1
I210322 21:32:59.620423 37 storage/rocksdb.go:102      Options.max_write_buffer_number_to_maintain: 0
I210322 21:32:59.620426 37 storage/rocksdb.go:102             Options.bottommost_compression_opts.window_bits: -14
I210322 21:32:59.620428 37 storage/rocksdb.go:102                   Options.bottommost_compression_opts.level: 32767
I210322 21:32:59.620431 37 storage/rocksdb.go:102                Options.bottommost_compression_opts.strategy: 0
I210322 21:32:59.620433 37 storage/rocksdb.go:102          Options.bottommost_compression_opts.max_dict_bytes: 0
I210322 21:32:59.620435 37 storage/rocksdb.go:102          Options.bottommost_compression_opts.zstd_max_train_bytes: 0
I210322 21:32:59.620439 37 storage/rocksdb.go:102                   Options.bottommost_compression_opts.enabled: false
I210322 21:32:59.620442 37 storage/rocksdb.go:102             Options.compression_opts.window_bits: -14
I210322 21:32:59.620445 37 storage/rocksdb.go:102                   Options.compression_opts.level: 32767
I210322 21:32:59.620447 37 storage/rocksdb.go:102                Options.compression_opts.strategy: 0
I210322 21:32:59.620450 37 storage/rocksdb.go:102          Options.compression_opts.max_dict_bytes: 0
I210322 21:32:59.620452 37 storage/rocksdb.go:102          Options.compression_opts.zstd_max_train_bytes: 0
I210322 21:32:59.620455 37 storage/rocksdb.go:102                   Options.compression_opts.enabled: false
I210322 21:32:59.620457 37 storage/rocksdb.go:102       Options.level0_file_num_compaction_trigger: 2
I210322 21:32:59.620460 37 storage/rocksdb.go:102           Options.level0_slowdown_writes_trigger: 950
I210322 21:32:59.620462 37 storage/rocksdb.go:102               Options.level0_stop_writes_trigger: 1000
I210322 21:32:59.620465 37 storage/rocksdb.go:102                    Options.target_file_size_base: 4194304
I210322 21:32:59.620467 37 storage/rocksdb.go:102              Options.target_file_size_multiplier: 2
I210322 21:32:59.620469 37 storage/rocksdb.go:102                 Options.max_bytes_for_level_base: 67108864
I210322 21:32:59.620472 37 storage/rocksdb.go:102  Options.level_compaction_dynamic_level_bytes: 1
I210322 21:32:59.620475 37 storage/rocksdb.go:102           Options.max_bytes_for_level_multiplier: 10.000000
I210322 21:32:59.620477 37 storage/rocksdb.go:102  Options.max_bytes_for_level_multiplier_addtl[0]: 1
I210322 21:32:59.620480 37 storage/rocksdb.go:102  Options.max_bytes_for_level_multiplier_addtl[1]: 1
I210322 21:32:59.620482 37 storage/rocksdb.go:102  Options.max_bytes_for_level_multiplier_addtl[2]: 1
I210322 21:32:59.620485 37 storage/rocksdb.go:102  Options.max_bytes_for_level_multiplier_addtl[3]: 1
I210322 21:32:59.620487 37 storage/rocksdb.go:102  Options.max_bytes_for_level_multiplier_addtl[4]: 1
I210322 21:32:59.620489 37 storage/rocksdb.go:102  Options.max_bytes_for_level_multiplier_addtl[5]: 1
I210322 21:32:59.620492 37 storage/rocksdb.go:102  Options.max_bytes_for_level_multiplier_addtl[6]: 1
I210322 21:32:59.620494 37 storage/rocksdb.go:102        Options.max_sequential_skip_in_iterations: 8
I210322 21:32:59.620496 37 storage/rocksdb.go:102                     Options.max_compaction_bytes: 104857600
I210322 21:32:59.620499 37 storage/rocksdb.go:102                         Options.arena_block_size: 8388608
I210322 21:32:59.620501 37 storage/rocksdb.go:102    Options.soft_pending_compaction_bytes_limit: 2199023255552
I210322 21:32:59.620504 37 storage/rocksdb.go:102    Options.hard_pending_compaction_bytes_limit: 4400193994752
I210322 21:32:59.620506 37 storage/rocksdb.go:102        Options.rate_limit_delay_max_milliseconds: 100
I210322 21:32:59.620509 37 storage/rocksdb.go:102                 Options.disable_auto_compactions: 0
I210322 21:32:59.620512 37 storage/rocksdb.go:102                         Options.compaction_style: kCompactionStyleLevel
I210322 21:32:59.620521 37 storage/rocksdb.go:102                           Options.compaction_pri: kMinOverlappingRatio
I210322 21:32:59.620551 37 storage/rocksdb.go:102  Options.compaction_options_universal.size_ratio: 1
I210322 21:32:59.620555 37 storage/rocksdb.go:102  Options.compaction_options_universal.min_merge_width: 2
I210322 21:32:59.620558 37 storage/rocksdb.go:102  Options.compaction_options_universal.max_merge_width: 4294967295
I210322 21:32:59.620560 37 storage/rocksdb.go:102  Options.compaction_options_universal.max_size_amplification_percent: 200
I210322 21:32:59.620562 37 storage/rocksdb.go:102  Options.compaction_options_universal.compression_size_percent: -1
I210322 21:32:59.620565 37 storage/rocksdb.go:102  Options.compaction_options_universal.stop_style: kCompactionStopStyleTotalSize
I210322 21:32:59.620568 37 storage/rocksdb.go:102  Options.compaction_options_fifo.max_table_files_size: 1073741824
I210322 21:32:59.620570 37 storage/rocksdb.go:102  Options.compaction_options_fifo.allow_compaction: 0
I210322 21:32:59.620576 37 storage/rocksdb.go:102                    Options.table_properties_collectors: TimeBoundTblPropCollectorFactory; DeleteRangeTblPropCollectorFactory; 
I210322 21:32:59.620580 37 storage/rocksdb.go:102                    Options.inplace_update_support: 0
I210322 21:32:59.620582 37 storage/rocksdb.go:102                  Options.inplace_update_num_locks: 10000
I210322 21:32:59.620585 37 storage/rocksdb.go:102                Options.memtable_prefix_bloom_size_ratio: 0.000000
I210322 21:32:59.620588 37 storage/rocksdb.go:102                Options.memtable_whole_key_filtering: 0
I210322 21:32:59.620590 37 storage/rocksdb.go:102    Options.memtable_huge_page_size: 0
I210322 21:32:59.620592 37 storage/rocksdb.go:102                            Options.bloom_locality: 0
I210322 21:32:59.620595 37 storage/rocksdb.go:102                     Options.max_successive_merges: 0
I210322 21:32:59.620597 37 storage/rocksdb.go:102                 Options.optimize_filters_for_hits: 1
I210322 21:32:59.620600 37 storage/rocksdb.go:102                 Options.paranoid_file_checks: 0
I210322 21:32:59.620602 37 storage/rocksdb.go:102                 Options.force_consistency_checks: 0
I210322 21:32:59.620605 37 storage/rocksdb.go:102                 Options.report_bg_io_stats: 0
I210322 21:32:59.620607 37 storage/rocksdb.go:102                                Options.ttl: 0
I210322 21:32:59.620609 37 storage/rocksdb.go:102           Options.periodic_compaction_seconds: 0
I210322 21:32:59.622622 37 storage/rocksdb.go:102  [db/version_set.cc:4286] Recovered from manifest file:/cockroach/cockroach-data/cockroach-temp701487290/MANIFEST-000001 succeeded,manifest_file_number is 1, next_file_number is 3, last_sequence is 0, log_number is 0,prev_log_number is 0,max_column_family is 0,min_log_number_to_keep is 0
I210322 21:32:59.622628 37 storage/rocksdb.go:102  [db/version_set.cc:4295] Column family [default] (ID 0), log number is 0
I210322 21:32:59.634388 37 storage/rocksdb.go:102  DB pointer 0x7f352b0a1000
I210322 21:32:59.655465 37 storage/rocksdb.go:102  RocksDB version: 6.2.1
I210322 21:32:59.655471 37 storage/rocksdb.go:102  Git sha rocksdb_build_git_sha:@e494e15a0b08c13fafd5710f279f348d47d476de@
I210322 21:32:59.655474 37 storage/rocksdb.go:102  Compile date May 19 2020
I210322 21:32:59.655477 37 storage/rocksdb.go:102  DB SUMMARY
I210322 21:32:59.656005 37 storage/rocksdb.go:102  SST files in /cockroach/cockroach-data dir, Total Num: 0, files: 
I210322 21:32:59.656010 37 storage/rocksdb.go:102  Write Ahead Log file in /cockroach/cockroach-data: 
I210322 21:32:59.656013 37 storage/rocksdb.go:102                          Options.error_if_exists: 0
I210322 21:32:59.656015 37 storage/rocksdb.go:102                        Options.create_if_missing: 1
I210322 21:32:59.656017 37 storage/rocksdb.go:102                          Options.paranoid_checks: 1
I210322 21:32:59.656020 37 storage/rocksdb.go:102                                      Options.env: 0x756bca0
I210322 21:32:59.656023 37 storage/rocksdb.go:102                                 Options.info_log: 0x7f352d80d0a0
I210322 21:32:59.656025 37 storage/rocksdb.go:102                 Options.max_file_opening_threads: 16
I210322 21:32:59.656028 37 storage/rocksdb.go:102                               Options.statistics: 0x7f352d82e010
I210322 21:32:59.656030 37 storage/rocksdb.go:102                                Options.use_fsync: 0
I210322 21:32:59.656065 37 storage/rocksdb.go:102                        Options.max_log_file_size: 0
I210322 21:32:59.656070 37 storage/rocksdb.go:102                   Options.max_manifest_file_size: 134217728
I210322 21:32:59.656072 37 storage/rocksdb.go:102                    Options.log_file_time_to_roll: 0
I210322 21:32:59.656075 37 storage/rocksdb.go:102                        Options.keep_log_file_num: 1000
I210322 21:32:59.656077 37 storage/rocksdb.go:102                     Options.recycle_log_file_num: 1
I210322 21:32:59.656079 37 storage/rocksdb.go:102                          Options.allow_fallocate: 1
I210322 21:32:59.656082 37 storage/rocksdb.go:102                         Options.allow_mmap_reads: 0
I210322 21:32:59.656084 37 storage/rocksdb.go:102                        Options.allow_mmap_writes: 0
I210322 21:32:59.656086 37 storage/rocksdb.go:102                         Options.use_direct_reads: 0
I210322 21:32:59.656089 37 storage/rocksdb.go:102                         Options.use_direct_io_for_flush_and_compaction: 0
I210322 21:32:59.656091 37 storage/rocksdb.go:102           Options.create_missing_column_families: 0
I210322 21:32:59.656094 37 storage/rocksdb.go:102                               Options.db_log_dir: 
I210322 21:32:59.656096 37 storage/rocksdb.go:102                                  Options.wal_dir: /cockroach/cockroach-data
I210322 21:32:59.656104 37 storage/rocksdb.go:102                 Options.table_cache_numshardbits: 6
I210322 21:32:59.656109 37 storage/rocksdb.go:102                       Options.max_subcompactions: 1
I210322 21:32:59.656111 37 storage/rocksdb.go:102                   Options.max_background_flushes: -1
I210322 21:32:59.656113 37 storage/rocksdb.go:102                          Options.WAL_ttl_seconds: 0
I210322 21:32:59.656116 37 storage/rocksdb.go:102                        Options.WAL_size_limit_MB: 0
I210322 21:32:59.656119 37 storage/rocksdb.go:102              Options.manifest_preallocation_size: 4194304
I210322 21:32:59.656121 37 storage/rocksdb.go:102                      Options.is_fd_close_on_exec: 1
I210322 21:32:59.656124 37 storage/rocksdb.go:102                    Options.advise_random_on_open: 1
I210322 21:32:59.656126 37 storage/rocksdb.go:102                     Options.db_write_buffer_size: 0
I210322 21:32:59.656129 37 storage/rocksdb.go:102                     Options.write_buffer_manager: 0x7f352d896030
I210322 21:32:59.656132 37 storage/rocksdb.go:102          Options.access_hint_on_compaction_start: 1
I210322 21:32:59.656134 37 storage/rocksdb.go:102   Options.new_table_reader_for_compaction_inputs: 0
I210322 21:32:59.656136 37 storage/rocksdb.go:102            Options.random_access_max_buffer_size: 1048576
I210322 21:32:59.656139 37 storage/rocksdb.go:102                       Options.use_adaptive_mutex: 0
I210322 21:32:59.656142 37 storage/rocksdb.go:102                             Options.rate_limiter: (nil)
I210322 21:32:59.656144 37 storage/rocksdb.go:102      Options.sst_file_manager.rate_bytes_per_sec: 0
I210322 21:32:59.656147 37 storage/rocksdb.go:102                        Options.wal_recovery_mode: 0
I210322 21:32:59.656149 37 storage/rocksdb.go:102                   Options.enable_thread_tracking: 0
I210322 21:32:59.656152 37 storage/rocksdb.go:102                   Options.enable_pipelined_write: 0
I210322 21:32:59.656154 37 storage/rocksdb.go:102          Options.allow_concurrent_memtable_write: 1
I210322 21:32:59.656156 37 storage/rocksdb.go:102       Options.enable_write_thread_adaptive_yield: 1
I210322 21:32:59.656159 37 storage/rocksdb.go:102              Options.write_thread_max_yield_usec: 100
I210322 21:32:59.656161 37 storage/rocksdb.go:102             Options.write_thread_slow_yield_usec: 3
I210322 21:32:59.656164 37 storage/rocksdb.go:102                                Options.row_cache: None
I210322 21:32:59.656166 37 storage/rocksdb.go:102                               Options.wal_filter: None
I210322 21:32:59.656169 37 storage/rocksdb.go:102              Options.avoid_flush_during_recovery: 0
I210322 21:32:59.656172 37 storage/rocksdb.go:102              Options.allow_ingest_behind: 0
I210322 21:32:59.656174 37 storage/rocksdb.go:102              Options.preserve_deletes: 0
I210322 21:32:59.656177 37 storage/rocksdb.go:102              Options.two_write_queues: 0
I210322 21:32:59.656179 37 storage/rocksdb.go:102              Options.manual_wal_flush: 1
I210322 21:32:59.656181 37 storage/rocksdb.go:102              Options.atomic_flush: 0
I210322 21:32:59.656184 37 storage/rocksdb.go:102              Options.avoid_unnecessary_blocking_io: 0
I210322 21:32:59.656186 37 storage/rocksdb.go:102              Options.max_background_jobs: 2
I210322 21:32:59.656189 37 storage/rocksdb.go:102              Options.max_background_compactions: -1
I210322 21:32:59.656191 37 storage/rocksdb.go:102              Options.avoid_flush_during_shutdown: 0
I210322 21:32:59.656193 37 storage/rocksdb.go:102            Options.writable_file_max_buffer_size: 1048576
I210322 21:32:59.656197 37 storage/rocksdb.go:102              Options.delayed_write_rate : 16777216
I210322 21:32:59.656200 37 storage/rocksdb.go:102              Options.max_total_wal_size: 0
I210322 21:32:59.656202 37 storage/rocksdb.go:102              Options.delete_obsolete_files_period_micros: 21600000000
I210322 21:32:59.656204 37 storage/rocksdb.go:102                    Options.stats_dump_period_sec: 0
I210322 21:32:59.656207 37 storage/rocksdb.go:102                  Options.stats_persist_period_sec: 600
I210322 21:32:59.656209 37 storage/rocksdb.go:102                  Options.stats_history_buffer_size: 1048576
I210322 21:32:59.656212 37 storage/rocksdb.go:102                           Options.max_open_files: 1043576
I210322 21:32:59.656214 37 storage/rocksdb.go:102                           Options.bytes_per_sync: 524288
I210322 21:32:59.656217 37 storage/rocksdb.go:102                       Options.wal_bytes_per_sync: 0
I210322 21:32:59.656219 37 storage/rocksdb.go:102                    Options.strict_bytes_per_sync: 1
I210322 21:32:59.656221 37 storage/rocksdb.go:102        Options.compaction_readahead_size: 0
I210322 21:32:59.656224 37 storage/rocksdb.go:102  Compression algorithms supported:
I210322 21:32:59.656227 37 storage/rocksdb.go:102  	kZSTDNotFinalCompression supported: 0
I210322 21:32:59.656230 37 storage/rocksdb.go:102  	kZSTD supported: 0
I210322 21:32:59.656233 37 storage/rocksdb.go:102  	kXpressCompression supported: 0
I210322 21:32:59.656235 37 storage/rocksdb.go:102  	kLZ4HCCompression supported: 0
I210322 21:32:59.656238 37 storage/rocksdb.go:102  	kLZ4Compression supported: 0
I210322 21:32:59.656240 37 storage/rocksdb.go:102  	kBZip2Compression supported: 0
I210322 21:32:59.656243 37 storage/rocksdb.go:102  	kZlibCompression supported: 0
I210322 21:32:59.656245 37 storage/rocksdb.go:102  	kSnappyCompression supported: 1
I210322 21:32:59.656256 37 storage/rocksdb.go:102  Fast CRC32 supported: Supported on x86
I210322 21:32:59.659320 37 storage/rocksdb.go:102  [db/db_impl_open.cc:242] Creating manifest 1 
I210322 21:32:59.672165 37 storage/rocksdb.go:102  [db/version_set.cc:4072] Recovering from manifest file: /cockroach/cockroach-data/MANIFEST-000001
I210322 21:32:59.672602 37 storage/rocksdb.go:102  [db/column_family.cc:488] --------------- Options for column family [default]:
I210322 21:32:59.672608 37 storage/rocksdb.go:102                Options.comparator: cockroach_comparator
I210322 21:32:59.672611 37 storage/rocksdb.go:102            Options.merge_operator: cockroach_merge_operator
I210322 21:32:59.672614 37 storage/rocksdb.go:102         Options.compaction_filter: None
I210322 21:32:59.672617 37 storage/rocksdb.go:102         Options.compaction_filter_factory: None
I210322 21:32:59.672619 37 storage/rocksdb.go:102          Options.memtable_factory: SkipListFactory
I210322 21:32:59.672650 37 storage/rocksdb.go:102             Options.table_factory: BlockBasedTable
I210322 21:32:59.672733 37 storage/rocksdb.go:102             table_factory options:   flush_block_policy_factory: FlushBlockBySizePolicyFactory (0x7f352d822028)
  cache_index_and_filter_blocks: 0
  cache_index_and_filter_blocks_with_high_priority: 0
  pin_l0_filter_and_index_blocks_in_cache: 0
  pin_top_level_index_and_filter: 1
  index_type: 0
  data_block_index_type: 0
  index_shortening: 1
  data_block_hash_table_util_ratio: 0.750000
  hash_index_allow_collision: 1
  checksum: 1
  no_block_cache: 0
  block_cache: 0x7f352d814010
  block_cache_name: LRUCache
  block_cache_options:
    capacity : 67108864
    num_shard_bits : 4
    strict_capacity_limit : 0
    memory_allocator : None
    high_pri_pool_ratio: 0.000
  block_cache_compressed: (nil)
  persistent_cache: (nil)
  block_size: 32768
  block_size_deviation: 10
  block_restart_interval: 16
  index_block_restart_interval: 1
  metadata_block_size: 4096
  partition_filters: 0
  use_delta_encoding: 1
  filter_policy: rocksdb.BuiltinBloomFilter
  whole_key_filtering: 0
  verify_compression: 0
  read_amp_bytes_per_bit: 0
  format_version: 2
  enable_index_compression: 1
  block_align: 0
I210322 21:32:59.672738 37 storage/rocksdb.go:102         Options.write_buffer_size: 67108864
I210322 21:32:59.672743 37 storage/rocksdb.go:102   Options.max_write_buffer_number: 4
I210322 21:32:59.672745 37 storage/rocksdb.go:102           Options.compression: Snappy
I210322 21:32:59.672748 37 storage/rocksdb.go:102                   Options.bottommost_compression: Disabled
I210322 21:32:59.672751 37 storage/rocksdb.go:102        Options.prefix_extractor: cockroach_prefix_extractor
I210322 21:32:59.672753 37 storage/rocksdb.go:102    Options.memtable_insert_with_hint_prefix_extractor: nullptr
I210322 21:32:59.672756 37 storage/rocksdb.go:102              Options.num_levels: 7
I210322 21:32:59.672758 37 storage/rocksdb.go:102         Options.min_write_buffer_number_to_merge: 1
I210322 21:32:59.672760 37 storage/rocksdb.go:102      Options.max_write_buffer_number_to_maintain: 0
I210322 21:32:59.672763 37 storage/rocksdb.go:102             Options.bottommost_compression_opts.window_bits: -14
I210322 21:32:59.672765 37 storage/rocksdb.go:102                   Options.bottommost_compression_opts.level: 32767
I210322 21:32:59.672768 37 storage/rocksdb.go:102                Options.bottommost_compression_opts.strategy: 0
I210322 21:32:59.672770 37 storage/rocksdb.go:102          Options.bottommost_compression_opts.max_dict_bytes: 0
I210322 21:32:59.672773 37 storage/rocksdb.go:102          Options.bottommost_compression_opts.zstd_max_train_bytes: 0
I210322 21:32:59.672775 37 storage/rocksdb.go:102                   Options.bottommost_compression_opts.enabled: false
I210322 21:32:59.672778 37 storage/rocksdb.go:102             Options.compression_opts.window_bits: -14
I210322 21:32:59.672780 37 storage/rocksdb.go:102                   Options.compression_opts.level: 32767
I210322 21:32:59.672782 37 storage/rocksdb.go:102                Options.compression_opts.strategy: 0
I210322 21:32:59.672785 37 storage/rocksdb.go:102          Options.compression_opts.max_dict_bytes: 0
I210322 21:32:59.672787 37 storage/rocksdb.go:102          Options.compression_opts.zstd_max_train_bytes: 0
I210322 21:32:59.672790 37 storage/rocksdb.go:102                   Options.compression_opts.enabled: false
I210322 21:32:59.672823 37 storage/rocksdb.go:102       Options.level0_file_num_compaction_trigger: 2
I210322 21:32:59.672827 37 storage/rocksdb.go:102           Options.level0_slowdown_writes_trigger: 950
I210322 21:32:59.672829 37 storage/rocksdb.go:102               Options.level0_stop_writes_trigger: 1000
I210322 21:32:59.672845 37 storage/rocksdb.go:102                    Options.target_file_size_base: 4194304
I210322 21:32:59.672849 37 storage/rocksdb.go:102              Options.target_file_size_multiplier: 2
I210322 21:32:59.672851 37 storage/rocksdb.go:102                 Options.max_bytes_for_level_base: 67108864
I210322 21:32:59.672854 37 storage/rocksdb.go:102  Options.level_compaction_dynamic_level_bytes: 1
I210322 21:32:59.672857 37 storage/rocksdb.go:102           Options.max_bytes_for_level_multiplier: 10.000000
I210322 21:32:59.672860 37 storage/rocksdb.go:102  Options.max_bytes_for_level_multiplier_addtl[0]: 1
I210322 21:32:59.672862 37 storage/rocksdb.go:102  Options.max_bytes_for_level_multiplier_addtl[1]: 1
I210322 21:32:59.672865 37 storage/rocksdb.go:102  Options.max_bytes_for_level_multiplier_addtl[2]: 1
I210322 21:32:59.672867 37 storage/rocksdb.go:102  Options.max_bytes_for_level_multiplier_addtl[3]: 1
I210322 21:32:59.672870 37 storage/rocksdb.go:102  Options.max_bytes_for_level_multiplier_addtl[4]: 1
I210322 21:32:59.672873 37 storage/rocksdb.go:102  Options.max_bytes_for_level_multiplier_addtl[5]: 1
I210322 21:32:59.672875 37 storage/rocksdb.go:102  Options.max_bytes_for_level_multiplier_addtl[6]: 1
I210322 21:32:59.672878 37 storage/rocksdb.go:102        Options.max_sequential_skip_in_iterations: 8
I210322 21:32:59.672881 37 storage/rocksdb.go:102                     Options.max_compaction_bytes: 104857600
I210322 21:32:59.672883 37 storage/rocksdb.go:102                         Options.arena_block_size: 8388608
I210322 21:32:59.672885 37 storage/rocksdb.go:102    Options.soft_pending_compaction_bytes_limit: 2199023255552
I210322 21:32:59.672888 37 storage/rocksdb.go:102    Options.hard_pending_compaction_bytes_limit: 4400193994752
I210322 21:32:59.672890 37 storage/rocksdb.go:102        Options.rate_limit_delay_max_milliseconds: 100
I210322 21:32:59.672893 37 storage/rocksdb.go:102                 Options.disable_auto_compactions: 0
I210322 21:32:59.672896 37 storage/rocksdb.go:102                         Options.compaction_style: kCompactionStyleLevel
I210322 21:32:59.672899 37 storage/rocksdb.go:102                           Options.compaction_pri: kMinOverlappingRatio
I210322 21:32:59.672934 37 storage/rocksdb.go:102  Options.compaction_options_universal.size_ratio: 1
I210322 21:32:59.672939 37 storage/rocksdb.go:102  Options.compaction_options_universal.min_merge_width: 2
I210322 21:32:59.672941 37 storage/rocksdb.go:102  Options.compaction_options_universal.max_merge_width: 4294967295
I210322 21:32:59.672944 37 storage/rocksdb.go:102  Options.compaction_options_universal.max_size_amplification_percent: 200
I210322 21:32:59.672946 37 storage/rocksdb.go:102  Options.compaction_options_universal.compression_size_percent: -1
I210322 21:32:59.672949 37 storage/rocksdb.go:102  Options.compaction_options_universal.stop_style: kCompactionStopStyleTotalSize
I210322 21:32:59.672952 37 storage/rocksdb.go:102  Options.compaction_options_fifo.max_table_files_size: 1073741824
I210322 21:32:59.672954 37 storage/rocksdb.go:102  Options.compaction_options_fifo.allow_compaction: 0
I210322 21:32:59.672959 37 storage/rocksdb.go:102                    Options.table_properties_collectors: TimeBoundTblPropCollectorFactory; DeleteRangeTblPropCollectorFactory; 
I210322 21:32:59.672961 37 storage/rocksdb.go:102                    Options.inplace_update_support: 0
I210322 21:32:59.672964 37 storage/rocksdb.go:102                  Options.inplace_update_num_locks: 10000
I210322 21:32:59.672967 37 storage/rocksdb.go:102                Options.memtable_prefix_bloom_size_ratio: 0.000000
I210322 21:32:59.672970 37 storage/rocksdb.go:102                Options.memtable_whole_key_filtering: 0
I210322 21:32:59.672972 37 storage/rocksdb.go:102    Options.memtable_huge_page_size: 0
I210322 21:32:59.672975 37 storage/rocksdb.go:102                            Options.bloom_locality: 0
I210322 21:32:59.672977 37 storage/rocksdb.go:102                     Options.max_successive_merges: 0
I210322 21:32:59.672979 37 storage/rocksdb.go:102                 Options.optimize_filters_for_hits: 1
I210322 21:32:59.672982 37 storage/rocksdb.go:102                 Options.paranoid_file_checks: 0
I210322 21:32:59.672984 37 storage/rocksdb.go:102                 Options.force_consistency_checks: 0
I210322 21:32:59.672986 37 storage/rocksdb.go:102                 Options.report_bg_io_stats: 0
I210322 21:32:59.672989 37 storage/rocksdb.go:102                                Options.ttl: 0
I210322 21:32:59.672992 37 storage/rocksdb.go:102           Options.periodic_compaction_seconds: 0
I210322 21:32:59.674765 37 storage/rocksdb.go:102  [db/version_set.cc:4286] Recovered from manifest file:/cockroach/cockroach-data/MANIFEST-000001 succeeded,manifest_file_number is 1, next_file_number is 3, last_sequence is 0, log_number is 0,prev_log_number is 0,max_column_family is 0,min_log_number_to_keep is 0
I210322 21:32:59.674769 37 storage/rocksdb.go:102  [db/version_set.cc:4295] Column family [default] (ID 0), log number is 0
I210322 21:32:59.687142 37 storage/rocksdb.go:102  DB pointer 0x7f352d8a4000
I210322 22:16:49.937566 98 storage/rocksdb.go:102  [db/db_impl_write.cc:1437] [default] New memtable created with log file: #6. Immutable memtables: 0.
I210322 22:16:49.938201 17 storage/rocksdb.go:102  (Original Log Time 2021/03/22-22:16:49.938119) [db/db_impl_compaction_flush.cc:2097] Calling FlushMemTableToOutputFile with column family [default], flush slots available 1, compaction slots available 1, flush slots scheduled 1, compaction slots scheduled 0
I210322 22:16:49.938209 17 storage/rocksdb.go:102  [db/flush_job.cc:322] [default] [JOB 2] Flushing memtable with next log file: 6
I210322 22:16:49.938247 17 storage/rocksdb.go:102  EVENT_LOG_v1 {"time_micros": 1616451409938232, "job": 2, "event": "flush_started", "num_memtables": 1, "num_entries": 213718, "num_deletes": 5079, "total_data_size": 61149419, "memory_usage": 65047728, "flush_reason": "Write Buffer Full"}
I210322 22:16:49.938254 17 storage/rocksdb.go:102  [db/flush_job.cc:351] [default] [JOB 2] Level-0 flush table #7: started
I210322 22:16:50.312816 17 storage/rocksdb.go:102  EVENT_LOG_v1 {"time_micros": 1616451410312708, "cf_name": "default", "job": 2, "event": "table_file_creation", "file_number": 7, "file_size": 441138, "table_properties": {"data_size": 428786, "index_size": 3943, "index_partitions": 0, "top_level_index_size": 0, "index_key_is_user_key": 0, "index_value_is_delta_encoded": 0, "filter_size": 9285, "raw_key_size": 262530, "raw_average_key_size": 31, "raw_value_size": 2320768, "raw_average_value_size": 277, "num_data_blocks": 73, "num_entries": 8356, "num_deletions": 4901, "num_merge_operands": 1382, "num_range_deletions": 1382, "format_version": 0, "fixed_key_len": 0, "filter_policy": "rocksdb.BuiltinBloomFilter", "column_family_name": "default", "column_family_id": 0, "comparator": "cockroach_comparator", "merge_operator": "cockroach_merge_operator", "prefix_extractor_name": "cockroach_prefix_extractor", "property_collectors": "[TimeBoundTblPropCollectorFactory,DeleteRangeTblPropCollectorFactory]", "compression": "Snappy", "compression_options": "window_bits=-14; level=32767; strategy=0; max_dict_bytes=0; zstd_max_train_bytes=0; enabled=0; ", "creation_time": 1616451409, "oldest_key_time": 1616448779, "file_creation_time": 1616451409}}
I210322 22:16:50.312838 17 storage/rocksdb.go:102  [db/flush_job.cc:392] [default] [JOB 2] Level-0 flush table #7: 441138 bytes OK
I210322 22:16:50.312871 17 storage/rocksdb.go:102  [db/version_set.cc:3560] Creating manifest 8
I210322 22:16:50.318683 17 storage/rocksdb.go:102  [db/db_impl_files.cc:194] adding log 3 to recycle list
I210322 22:16:50.318698 17 storage/rocksdb.go:102  (Original Log Time 2021/03/22-22:16:50.312849) [db/memtable_list.cc:389] [default] Level-0 commit table #7 started
I210322 22:16:50.318704 17 storage/rocksdb.go:102  (Original Log Time 2021/03/22-22:16:50.318200) [db/memtable_list.cc:437] [default] Level-0 commit table #7: memtable #1 done
I210322 22:16:50.318710 17 storage/rocksdb.go:102  (Original Log Time 2021/03/22-22:16:50.318216) EVENT_LOG_v1 {"time_micros": 1616451410318209, "job": 2, "event": "flush_finished", "output_compression": "Snappy", "lsm_state": [1, 0, 0, 0, 0, 0, 0], "immutable_memtables": 0}
I210322 22:16:50.318717 17 storage/rocksdb.go:102  (Original Log Time 2021/03/22-22:16:50.318260) [db/db_impl_compaction_flush.cc:208] [default] Level summary: files[1 0 0 0 0 0 0] max score 0.50
I210322 22:16:50.318726 17 storage/rocksdb.go:102  [db/db_impl_files.cc:356] [JOB 2] Try to delete WAL files size 59775896, prev total WAL file size 59776459, number of live WAL files 2.
I210322 22:17:30.232301 17 storage/rocksdb.go:102  [db/compaction_job.cc:1647] [default] [JOB 3] Compacting 1@0 files to L0, score 0.00
I210322 22:17:30.232310 17 storage/rocksdb.go:102  [db/compaction_job.cc:1651] [default] Compaction start summary: Base version 2 Base level 0, inputs: [7(430KB)]
I210322 22:17:30.232337 17 storage/rocksdb.go:102  EVENT_LOG_v1 {"time_micros": 1616451450232321, "job": 3, "event": "compaction_started", "compaction_reason": "BottommostFiles", "files_L0": [7], "score": 0, "input_data_size": 441138}
I210322 22:17:30.251378 17 storage/rocksdb.go:102  [db/compaction_job.cc:1334] [default] [JOB 3] Generated table #9: 3455 keys, 375315 bytes
I210322 22:17:30.251545 17 storage/rocksdb.go:102  EVENT_LOG_v1 {"time_micros": 1616451450251509, "cf_name": "default", "job": 3, "event": "table_file_creation", "file_number": 9, "file_size": 375315, "table_properties": {"data_size": 372594, "index_size": 3474, "index_partitions": 0, "top_level_index_size": 0, "index_key_is_user_key": 0, "index_value_is_delta_encoded": 0, "filter_size": 0, "raw_key_size": 135595, "raw_average_key_size": 39, "raw_value_size": 2252188, "raw_average_value_size": 651, "num_data_blocks": 68, "num_entries": 3455, "num_deletions": 0, "num_merge_operands": 0, "num_range_deletions": 0, "format_version": 0, "fixed_key_len": 0, "filter_policy": "rocksdb.BuiltinBloomFilter", "column_family_name": "default", "column_family_id": 0, "comparator": "cockroach_comparator", "merge_operator": "cockroach_merge_operator", "prefix_extractor_name": "cockroach_prefix_extractor", "property_collectors": "[TimeBoundTblPropCollectorFactory,DeleteRangeTblPropCollectorFactory]", "compression": "Snappy", "compression_options": "window_bits=-14; level=32767; strategy=0; max_dict_bytes=0; zstd_max_train_bytes=0; enabled=0; ", "creation_time": 1616451409, "oldest_key_time": 0, "file_creation_time": 1616451450}}
I210322 22:17:30.252439 17 storage/rocksdb.go:102  [db/compaction_job.cc:1397] [default] [JOB 3] Compacted 1@0 files to L0 => 375315 bytes
I210322 22:17:30.253018 17 storage/rocksdb.go:102  (Original Log Time 2021/03/22-22:17:30.252891) [db/compaction_job.cc:770] [default] compacted to: files[1 0 0 0 0 0 0] max score 0.50, MB/sec: 22.9 rd, 19.5 wr, level 0, files in(0, 1) out(1) MB in(0.0, 0.4) out(0.4), read-write-amplify(0.0) write-amplify(0.0) OK, records in: 8356, records dropped: 4901 output_compression: Snappy
I210322 22:17:30.253027 17 storage/rocksdb.go:102  (Original Log Time 2021/03/22-22:17:30.252984) EVENT_LOG_v1 {"time_micros": 1616451450252975, "job": 3, "event": "compaction_finished", "compaction_time_micros": 19235, "compaction_time_cpu_micros": 13341, "output_level": 0, "num_output_files": 1, "total_output_size": 375315, "num_input_records": 8356, "num_output_records": 3455, "num_subcompactions": 1, "output_compression": "Snappy", "num_single_delete_mismatches": 0, "num_single_delete_fallthrough": 0, "lsm_state": [1, 0, 0, 0, 0, 0, 0]}
I210322 22:17:30.253903 17 storage/rocksdb.go:102  EVENT_LOG_v1 {"time_micros": 1616451450253891, "job": 3, "event": "table_file_deletion", "file_number": 7}
I210322 22:58:41.132778 60958 storage/rocksdb.go:102  bloom filter utility:    -nan%
I210322 22:58:41.133135 60958 storage/rocksdb.go:102  [db/db_impl.cc:392] Shutdown: canceling all background work
I210322 22:58:41.133838 60958 storage/rocksdb.go:102  [db/db_impl.cc:565] Shutdown complete
I210322 22:58:41.141575 60958 storage/rocksdb.go:102  bloom filter utility:    0.4%
I210322 22:58:41.141845 60958 storage/rocksdb.go:102  [db/db_impl.cc:392] Shutdown: canceling all background work
I210322 22:58:41.151338 60958 storage/rocksdb.go:102  [db/db_impl.cc:565] Shutdown complete
