I210322 23:03:37.251659 35 util/log/sync_buffer.go:70  [config] file created at: 2021/03/22 23:03:37
I210322 23:03:37.251659 35 util/log/sync_buffer.go:70  [config] running on machine: 6c8f11fd866f
I210322 23:03:37.251659 35 util/log/sync_buffer.go:70  [config] binary: CockroachDB CCL v20.1.1 (x86_64-unknown-linux-gnu, built 2020/05/19 14:46:06, go1.13.9)
I210322 23:03:37.251659 35 util/log/sync_buffer.go:70  [config] arguments: [/cockroach/cockroach start --insecure]
I210322 23:03:37.251659 35 util/log/sync_buffer.go:70  line format: [IWEF]yymmdd hh:mm:ss.uuuuuu goid file:line msg utf8=✓
I210322 23:03:37.251659 35 storage/rocksdb.go:102  RocksDB version: 6.2.1
I210322 23:03:37.256396 35 storage/rocksdb.go:102  Git sha rocksdb_build_git_sha:@e494e15a0b08c13fafd5710f279f348d47d476de@
I210322 23:03:37.256406 35 storage/rocksdb.go:102  Compile date May 19 2020
I210322 23:03:37.256410 35 storage/rocksdb.go:102  DB SUMMARY
I210322 23:03:37.256918 35 storage/rocksdb.go:102  SST files in /cockroach/cockroach-data/cockroach-temp248538186 dir, Total Num: 0, files: 
I210322 23:03:37.256930 35 storage/rocksdb.go:102  Write Ahead Log file in /cockroach/cockroach-data/cockroach-temp248538186: 
I210322 23:03:37.256933 35 storage/rocksdb.go:102                          Options.error_if_exists: 0
I210322 23:03:37.256935 35 storage/rocksdb.go:102                        Options.create_if_missing: 1
I210322 23:03:37.256938 35 storage/rocksdb.go:102                          Options.paranoid_checks: 1
I210322 23:03:37.256940 35 storage/rocksdb.go:102                                      Options.env: 0x756bca0
I210322 23:03:37.256943 35 storage/rocksdb.go:102                                 Options.info_log: 0x7f07c82270e0
I210322 23:03:37.256945 35 storage/rocksdb.go:102                 Options.max_file_opening_threads: 16
I210322 23:03:37.256947 35 storage/rocksdb.go:102                               Options.statistics: 0x7f07c8234010
I210322 23:03:37.256950 35 storage/rocksdb.go:102                                Options.use_fsync: 0
I210322 23:03:37.256953 35 storage/rocksdb.go:102                        Options.max_log_file_size: 0
I210322 23:03:37.256955 35 storage/rocksdb.go:102                   Options.max_manifest_file_size: 134217728
I210322 23:03:37.256957 35 storage/rocksdb.go:102                    Options.log_file_time_to_roll: 0
I210322 23:03:37.256960 35 storage/rocksdb.go:102                        Options.keep_log_file_num: 1000
I210322 23:03:37.256962 35 storage/rocksdb.go:102                     Options.recycle_log_file_num: 1
I210322 23:03:37.256991 35 storage/rocksdb.go:102                          Options.allow_fallocate: 1
I210322 23:03:37.256996 35 storage/rocksdb.go:102                         Options.allow_mmap_reads: 0
I210322 23:03:37.256998 35 storage/rocksdb.go:102                        Options.allow_mmap_writes: 0
I210322 23:03:37.257014 35 storage/rocksdb.go:102                         Options.use_direct_reads: 0
I210322 23:03:37.257017 35 storage/rocksdb.go:102                         Options.use_direct_io_for_flush_and_compaction: 0
I210322 23:03:37.257020 35 storage/rocksdb.go:102           Options.create_missing_column_families: 0
I210322 23:03:37.257023 35 storage/rocksdb.go:102                               Options.db_log_dir: 
I210322 23:03:37.257026 35 storage/rocksdb.go:102                                  Options.wal_dir: /cockroach/cockroach-data/cockroach-temp248538186
I210322 23:03:37.257028 35 storage/rocksdb.go:102                 Options.table_cache_numshardbits: 6
I210322 23:03:37.257031 35 storage/rocksdb.go:102                       Options.max_subcompactions: 1
I210322 23:03:37.257033 35 storage/rocksdb.go:102                   Options.max_background_flushes: -1
I210322 23:03:37.257035 35 storage/rocksdb.go:102                          Options.WAL_ttl_seconds: 0
I210322 23:03:37.257038 35 storage/rocksdb.go:102                        Options.WAL_size_limit_MB: 0
I210322 23:03:37.257040 35 storage/rocksdb.go:102              Options.manifest_preallocation_size: 4194304
I210322 23:03:37.257042 35 storage/rocksdb.go:102                      Options.is_fd_close_on_exec: 1
I210322 23:03:37.257045 35 storage/rocksdb.go:102                    Options.advise_random_on_open: 1
I210322 23:03:37.257047 35 storage/rocksdb.go:102                     Options.db_write_buffer_size: 0
I210322 23:03:37.257050 35 storage/rocksdb.go:102                     Options.write_buffer_manager: 0x7f07c8219060
I210322 23:03:37.257052 35 storage/rocksdb.go:102          Options.access_hint_on_compaction_start: 1
I210322 23:03:37.257054 35 storage/rocksdb.go:102   Options.new_table_reader_for_compaction_inputs: 0
I210322 23:03:37.257057 35 storage/rocksdb.go:102            Options.random_access_max_buffer_size: 1048576
I210322 23:03:37.257059 35 storage/rocksdb.go:102                       Options.use_adaptive_mutex: 0
I210322 23:03:37.257062 35 storage/rocksdb.go:102                             Options.rate_limiter: (nil)
I210322 23:03:37.257064 35 storage/rocksdb.go:102      Options.sst_file_manager.rate_bytes_per_sec: 0
I210322 23:03:37.257067 35 storage/rocksdb.go:102                        Options.wal_recovery_mode: 0
I210322 23:03:37.257069 35 storage/rocksdb.go:102                   Options.enable_thread_tracking: 0
I210322 23:03:37.257072 35 storage/rocksdb.go:102                   Options.enable_pipelined_write: 0
I210322 23:03:37.257075 35 storage/rocksdb.go:102          Options.allow_concurrent_memtable_write: 1
I210322 23:03:37.257077 35 storage/rocksdb.go:102       Options.enable_write_thread_adaptive_yield: 1
I210322 23:03:37.257079 35 storage/rocksdb.go:102              Options.write_thread_max_yield_usec: 100
I210322 23:03:37.257082 35 storage/rocksdb.go:102             Options.write_thread_slow_yield_usec: 3
I210322 23:03:37.257084 35 storage/rocksdb.go:102                                Options.row_cache: None
I210322 23:03:37.257087 35 storage/rocksdb.go:102                               Options.wal_filter: None
I210322 23:03:37.257089 35 storage/rocksdb.go:102              Options.avoid_flush_during_recovery: 0
I210322 23:03:37.257092 35 storage/rocksdb.go:102              Options.allow_ingest_behind: 0
I210322 23:03:37.257094 35 storage/rocksdb.go:102              Options.preserve_deletes: 0
I210322 23:03:37.257096 35 storage/rocksdb.go:102              Options.two_write_queues: 0
I210322 23:03:37.257105 35 storage/rocksdb.go:102              Options.manual_wal_flush: 1
I210322 23:03:37.257108 35 storage/rocksdb.go:102              Options.atomic_flush: 0
I210322 23:03:37.257111 35 storage/rocksdb.go:102              Options.avoid_unnecessary_blocking_io: 0
I210322 23:03:37.257113 35 storage/rocksdb.go:102              Options.max_background_jobs: 2
I210322 23:03:37.257115 35 storage/rocksdb.go:102              Options.max_background_compactions: -1
I210322 23:03:37.257118 35 storage/rocksdb.go:102              Options.avoid_flush_during_shutdown: 0
I210322 23:03:37.257120 35 storage/rocksdb.go:102            Options.writable_file_max_buffer_size: 1048576
I210322 23:03:37.257122 35 storage/rocksdb.go:102              Options.delayed_write_rate : 16777216
I210322 23:03:37.257125 35 storage/rocksdb.go:102              Options.max_total_wal_size: 0
I210322 23:03:37.257127 35 storage/rocksdb.go:102              Options.delete_obsolete_files_period_micros: 21600000000
I210322 23:03:37.257130 35 storage/rocksdb.go:102                    Options.stats_dump_period_sec: 0
I210322 23:03:37.257132 35 storage/rocksdb.go:102                  Options.stats_persist_period_sec: 600
I210322 23:03:37.257135 35 storage/rocksdb.go:102                  Options.stats_history_buffer_size: 1048576
I210322 23:03:37.257137 35 storage/rocksdb.go:102                           Options.max_open_files: 128
I210322 23:03:37.257139 35 storage/rocksdb.go:102                           Options.bytes_per_sync: 524288
I210322 23:03:37.257142 35 storage/rocksdb.go:102                       Options.wal_bytes_per_sync: 0
I210322 23:03:37.257144 35 storage/rocksdb.go:102                    Options.strict_bytes_per_sync: 1
I210322 23:03:37.257147 35 storage/rocksdb.go:102        Options.compaction_readahead_size: 0
I210322 23:03:37.257149 35 storage/rocksdb.go:102  Compression algorithms supported:
I210322 23:03:37.257153 35 storage/rocksdb.go:102  	kZSTDNotFinalCompression supported: 0
I210322 23:03:37.257155 35 storage/rocksdb.go:102  	kZSTD supported: 0
I210322 23:03:37.257158 35 storage/rocksdb.go:102  	kXpressCompression supported: 0
I210322 23:03:37.257160 35 storage/rocksdb.go:102  	kLZ4HCCompression supported: 0
I210322 23:03:37.257163 35 storage/rocksdb.go:102  	kLZ4Compression supported: 0
I210322 23:03:37.257165 35 storage/rocksdb.go:102  	kBZip2Compression supported: 0
I210322 23:03:37.257168 35 storage/rocksdb.go:102  	kZlibCompression supported: 0
I210322 23:03:37.257170 35 storage/rocksdb.go:102  	kSnappyCompression supported: 1
I210322 23:03:37.257180 35 storage/rocksdb.go:102  Fast CRC32 supported: Supported on x86
I210322 23:03:37.259082 35 storage/rocksdb.go:102  [db/db_impl_open.cc:242] Creating manifest 1 
I210322 23:03:37.271567 35 storage/rocksdb.go:102  [db/version_set.cc:4072] Recovering from manifest file: /cockroach/cockroach-data/cockroach-temp248538186/MANIFEST-000001
I210322 23:03:37.272041 35 storage/rocksdb.go:102  [db/column_family.cc:488] --------------- Options for column family [default]:
I210322 23:03:37.272046 35 storage/rocksdb.go:102                Options.comparator: cockroach_comparator
I210322 23:03:37.272050 35 storage/rocksdb.go:102            Options.merge_operator: cockroach_merge_operator
I210322 23:03:37.272053 35 storage/rocksdb.go:102         Options.compaction_filter: None
I210322 23:03:37.272055 35 storage/rocksdb.go:102         Options.compaction_filter_factory: None
I210322 23:03:37.272058 35 storage/rocksdb.go:102          Options.memtable_factory: SkipListFactory
I210322 23:03:37.272061 35 storage/rocksdb.go:102             Options.table_factory: BlockBasedTable
I210322 23:03:37.272088 35 storage/rocksdb.go:102             table_factory options:   flush_block_policy_factory: FlushBlockBySizePolicyFactory (0x7f07c8228030)
  cache_index_and_filter_blocks: 0
  cache_index_and_filter_blocks_with_high_priority: 0
  pin_l0_filter_and_index_blocks_in_cache: 0
  pin_top_level_index_and_filter: 1
  index_type: 0
  data_block_index_type: 0
  index_shortening: 1
  data_block_hash_table_util_ratio: 0.750000
  hash_index_allow_collision: 1
  checksum: 1
  no_block_cache: 0
  block_cache: 0x7f07c821c010
  block_cache_name: LRUCache
  block_cache_options:
    capacity : 1048576
    num_shard_bits : 4
    strict_capacity_limit : 0
    memory_allocator : None
    high_pri_pool_ratio: 0.000
  block_cache_compressed: (nil)
  persistent_cache: (nil)
  block_size: 32768
  block_size_deviation: 10
  block_restart_interval: 16
  index_block_restart_interval: 1
  metadata_block_size: 4096
  partition_filters: 0
  use_delta_encoding: 1
  filter_policy: rocksdb.BuiltinBloomFilter
  whole_key_filtering: 0
  verify_compression: 0
  read_amp_bytes_per_bit: 0
  format_version: 2
  enable_index_compression: 1
  block_align: 0
I210322 23:03:37.272093 35 storage/rocksdb.go:102         Options.write_buffer_size: 67108864
I210322 23:03:37.272096 35 storage/rocksdb.go:102   Options.max_write_buffer_number: 4
I210322 23:03:37.272099 35 storage/rocksdb.go:102           Options.compression: Snappy
I210322 23:03:37.272102 35 storage/rocksdb.go:102                   Options.bottommost_compression: Disabled
I210322 23:03:37.272104 35 storage/rocksdb.go:102        Options.prefix_extractor: cockroach_prefix_extractor
I210322 23:03:37.272107 35 storage/rocksdb.go:102    Options.memtable_insert_with_hint_prefix_extractor: nullptr
I210322 23:03:37.272109 35 storage/rocksdb.go:102              Options.num_levels: 7
I210322 23:03:37.272112 35 storage/rocksdb.go:102         Options.min_write_buffer_number_to_merge: 1
I210322 23:03:37.272114 35 storage/rocksdb.go:102      Options.max_write_buffer_number_to_maintain: 0
I210322 23:03:37.272117 35 storage/rocksdb.go:102             Options.bottommost_compression_opts.window_bits: -14
I210322 23:03:37.272119 35 storage/rocksdb.go:102                   Options.bottommost_compression_opts.level: 32767
I210322 23:03:37.272122 35 storage/rocksdb.go:102                Options.bottommost_compression_opts.strategy: 0
I210322 23:03:37.272124 35 storage/rocksdb.go:102          Options.bottommost_compression_opts.max_dict_bytes: 0
I210322 23:03:37.272126 35 storage/rocksdb.go:102          Options.bottommost_compression_opts.zstd_max_train_bytes: 0
I210322 23:03:37.272129 35 storage/rocksdb.go:102                   Options.bottommost_compression_opts.enabled: false
I210322 23:03:37.272131 35 storage/rocksdb.go:102             Options.compression_opts.window_bits: -14
I210322 23:03:37.272134 35 storage/rocksdb.go:102                   Options.compression_opts.level: 32767
I210322 23:03:37.272136 35 storage/rocksdb.go:102                Options.compression_opts.strategy: 0
I210322 23:03:37.272138 35 storage/rocksdb.go:102          Options.compression_opts.max_dict_bytes: 0
I210322 23:03:37.272141 35 storage/rocksdb.go:102          Options.compression_opts.zstd_max_train_bytes: 0
I210322 23:03:37.272143 35 storage/rocksdb.go:102                   Options.compression_opts.enabled: false
I210322 23:03:37.272145 35 storage/rocksdb.go:102       Options.level0_file_num_compaction_trigger: 2
I210322 23:03:37.272148 35 storage/rocksdb.go:102           Options.level0_slowdown_writes_trigger: 950
I210322 23:03:37.272150 35 storage/rocksdb.go:102               Options.level0_stop_writes_trigger: 1000
I210322 23:03:37.272153 35 storage/rocksdb.go:102                    Options.target_file_size_base: 4194304
I210322 23:03:37.272155 35 storage/rocksdb.go:102              Options.target_file_size_multiplier: 2
I210322 23:03:37.272157 35 storage/rocksdb.go:102                 Options.max_bytes_for_level_base: 67108864
I210322 23:03:37.272160 35 storage/rocksdb.go:102  Options.level_compaction_dynamic_level_bytes: 1
I210322 23:03:37.272163 35 storage/rocksdb.go:102           Options.max_bytes_for_level_multiplier: 10.000000
I210322 23:03:37.272165 35 storage/rocksdb.go:102  Options.max_bytes_for_level_multiplier_addtl[0]: 1
I210322 23:03:37.272168 35 storage/rocksdb.go:102  Options.max_bytes_for_level_multiplier_addtl[1]: 1
I210322 23:03:37.272170 35 storage/rocksdb.go:102  Options.max_bytes_for_level_multiplier_addtl[2]: 1
I210322 23:03:37.272173 35 storage/rocksdb.go:102  Options.max_bytes_for_level_multiplier_addtl[3]: 1
I210322 23:03:37.272175 35 storage/rocksdb.go:102  Options.max_bytes_for_level_multiplier_addtl[4]: 1
I210322 23:03:37.272178 35 storage/rocksdb.go:102  Options.max_bytes_for_level_multiplier_addtl[5]: 1
I210322 23:03:37.272180 35 storage/rocksdb.go:102  Options.max_bytes_for_level_multiplier_addtl[6]: 1
I210322 23:03:37.272182 35 storage/rocksdb.go:102        Options.max_sequential_skip_in_iterations: 8
I210322 23:03:37.272185 35 storage/rocksdb.go:102                     Options.max_compaction_bytes: 104857600
I210322 23:03:37.272187 35 storage/rocksdb.go:102                         Options.arena_block_size: 8388608
I210322 23:03:37.272189 35 storage/rocksdb.go:102    Options.soft_pending_compaction_bytes_limit: 2199023255552
I210322 23:03:37.272197 35 storage/rocksdb.go:102    Options.hard_pending_compaction_bytes_limit: 4400193994752
I210322 23:03:37.272202 35 storage/rocksdb.go:102        Options.rate_limit_delay_max_milliseconds: 100
I210322 23:03:37.272204 35 storage/rocksdb.go:102                 Options.disable_auto_compactions: 0
I210322 23:03:37.272209 35 storage/rocksdb.go:102                         Options.compaction_style: kCompactionStyleLevel
I210322 23:03:37.272211 35 storage/rocksdb.go:102                           Options.compaction_pri: kMinOverlappingRatio
I210322 23:03:37.272214 35 storage/rocksdb.go:102  Options.compaction_options_universal.size_ratio: 1
I210322 23:03:37.272216 35 storage/rocksdb.go:102  Options.compaction_options_universal.min_merge_width: 2
I210322 23:03:37.272219 35 storage/rocksdb.go:102  Options.compaction_options_universal.max_merge_width: 4294967295
I210322 23:03:37.272221 35 storage/rocksdb.go:102  Options.compaction_options_universal.max_size_amplification_percent: 200
I210322 23:03:37.272224 35 storage/rocksdb.go:102  Options.compaction_options_universal.compression_size_percent: -1
I210322 23:03:37.272226 35 storage/rocksdb.go:102  Options.compaction_options_universal.stop_style: kCompactionStopStyleTotalSize
I210322 23:03:37.272229 35 storage/rocksdb.go:102  Options.compaction_options_fifo.max_table_files_size: 1073741824
I210322 23:03:37.272231 35 storage/rocksdb.go:102  Options.compaction_options_fifo.allow_compaction: 0
I210322 23:03:37.272235 35 storage/rocksdb.go:102                    Options.table_properties_collectors: TimeBoundTblPropCollectorFactory; DeleteRangeTblPropCollectorFactory; 
I210322 23:03:37.272239 35 storage/rocksdb.go:102                    Options.inplace_update_support: 0
I210322 23:03:37.272241 35 storage/rocksdb.go:102                  Options.inplace_update_num_locks: 10000
I210322 23:03:37.272244 35 storage/rocksdb.go:102                Options.memtable_prefix_bloom_size_ratio: 0.000000
I210322 23:03:37.272246 35 storage/rocksdb.go:102                Options.memtable_whole_key_filtering: 0
I210322 23:03:37.272249 35 storage/rocksdb.go:102    Options.memtable_huge_page_size: 0
I210322 23:03:37.272251 35 storage/rocksdb.go:102                            Options.bloom_locality: 0
I210322 23:03:37.272254 35 storage/rocksdb.go:102                     Options.max_successive_merges: 0
I210322 23:03:37.272256 35 storage/rocksdb.go:102                 Options.optimize_filters_for_hits: 1
I210322 23:03:37.272258 35 storage/rocksdb.go:102                 Options.paranoid_file_checks: 0
I210322 23:03:37.272261 35 storage/rocksdb.go:102                 Options.force_consistency_checks: 0
I210322 23:03:37.272263 35 storage/rocksdb.go:102                 Options.report_bg_io_stats: 0
I210322 23:03:37.272265 35 storage/rocksdb.go:102                                Options.ttl: 0
I210322 23:03:37.272268 35 storage/rocksdb.go:102           Options.periodic_compaction_seconds: 0
I210322 23:03:37.274137 35 storage/rocksdb.go:102  [db/version_set.cc:4286] Recovered from manifest file:/cockroach/cockroach-data/cockroach-temp248538186/MANIFEST-000001 succeeded,manifest_file_number is 1, next_file_number is 3, last_sequence is 0, log_number is 0,prev_log_number is 0,max_column_family is 0,min_log_number_to_keep is 0
I210322 23:03:37.274141 35 storage/rocksdb.go:102  [db/version_set.cc:4295] Column family [default] (ID 0), log number is 0
I210322 23:03:37.285414 35 storage/rocksdb.go:102  DB pointer 0x7f07c82a1000
I210322 23:03:37.303426 35 storage/rocksdb.go:102  RocksDB version: 6.2.1
I210322 23:03:37.303431 35 storage/rocksdb.go:102  Git sha rocksdb_build_git_sha:@e494e15a0b08c13fafd5710f279f348d47d476de@
I210322 23:03:37.303434 35 storage/rocksdb.go:102  Compile date May 19 2020
I210322 23:03:37.303437 35 storage/rocksdb.go:102  DB SUMMARY
I210322 23:03:37.304413 35 storage/rocksdb.go:102  CURRENT file:  CURRENT
I210322 23:03:37.304417 35 storage/rocksdb.go:102  IDENTITY file:  IDENTITY
I210322 23:03:37.304783 35 storage/rocksdb.go:102  MANIFEST file:  MANIFEST-000019 size: 158 Bytes
I210322 23:03:37.304790 35 storage/rocksdb.go:102  SST files in /cockroach/cockroach-data dir, Total Num: 2, files: 000016.sst 000018.sst 
I210322 23:03:37.304793 35 storage/rocksdb.go:102  Write Ahead Log file in /cockroach/cockroach-data: 000020.log size: 1997850 ; 
I210322 23:03:37.304796 35 storage/rocksdb.go:102                          Options.error_if_exists: 0
I210322 23:03:37.304798 35 storage/rocksdb.go:102                        Options.create_if_missing: 1
I210322 23:03:37.304801 35 storage/rocksdb.go:102                          Options.paranoid_checks: 1
I210322 23:03:37.304803 35 storage/rocksdb.go:102                                      Options.env: 0x756bca0
I210322 23:03:37.304806 35 storage/rocksdb.go:102                                 Options.info_log: 0x7f07c960dcc0
I210322 23:03:37.304808 35 storage/rocksdb.go:102                 Options.max_file_opening_threads: 16
I210322 23:03:37.304811 35 storage/rocksdb.go:102                               Options.statistics: 0x7f07c9625010
I210322 23:03:37.304813 35 storage/rocksdb.go:102                                Options.use_fsync: 0
I210322 23:03:37.304816 35 storage/rocksdb.go:102                        Options.max_log_file_size: 0
I210322 23:03:37.304818 35 storage/rocksdb.go:102                   Options.max_manifest_file_size: 134217728
I210322 23:03:37.304820 35 storage/rocksdb.go:102                    Options.log_file_time_to_roll: 0
I210322 23:03:37.304823 35 storage/rocksdb.go:102                        Options.keep_log_file_num: 1000
I210322 23:03:37.304825 35 storage/rocksdb.go:102                     Options.recycle_log_file_num: 1
I210322 23:03:37.304828 35 storage/rocksdb.go:102                          Options.allow_fallocate: 1
I210322 23:03:37.304830 35 storage/rocksdb.go:102                         Options.allow_mmap_reads: 0
I210322 23:03:37.304833 35 storage/rocksdb.go:102                        Options.allow_mmap_writes: 0
I210322 23:03:37.304835 35 storage/rocksdb.go:102                         Options.use_direct_reads: 0
I210322 23:03:37.304837 35 storage/rocksdb.go:102                         Options.use_direct_io_for_flush_and_compaction: 0
I210322 23:03:37.304840 35 storage/rocksdb.go:102           Options.create_missing_column_families: 0
I210322 23:03:37.304842 35 storage/rocksdb.go:102                               Options.db_log_dir: 
I210322 23:03:37.304845 35 storage/rocksdb.go:102                                  Options.wal_dir: /cockroach/cockroach-data
I210322 23:03:37.304847 35 storage/rocksdb.go:102                 Options.table_cache_numshardbits: 6
I210322 23:03:37.304849 35 storage/rocksdb.go:102                       Options.max_subcompactions: 1
I210322 23:03:37.304852 35 storage/rocksdb.go:102                   Options.max_background_flushes: -1
I210322 23:03:37.304854 35 storage/rocksdb.go:102                          Options.WAL_ttl_seconds: 0
I210322 23:03:37.304856 35 storage/rocksdb.go:102                        Options.WAL_size_limit_MB: 0
I210322 23:03:37.304859 35 storage/rocksdb.go:102              Options.manifest_preallocation_size: 4194304
I210322 23:03:37.304861 35 storage/rocksdb.go:102                      Options.is_fd_close_on_exec: 1
I210322 23:03:37.304863 35 storage/rocksdb.go:102                    Options.advise_random_on_open: 1
I210322 23:03:37.304866 35 storage/rocksdb.go:102                     Options.db_write_buffer_size: 0
I210322 23:03:37.304868 35 storage/rocksdb.go:102                     Options.write_buffer_manager: 0x7f07c968d030
I210322 23:03:37.304871 35 storage/rocksdb.go:102          Options.access_hint_on_compaction_start: 1
I210322 23:03:37.304873 35 storage/rocksdb.go:102   Options.new_table_reader_for_compaction_inputs: 0
I210322 23:03:37.304875 35 storage/rocksdb.go:102            Options.random_access_max_buffer_size: 1048576
I210322 23:03:37.304878 35 storage/rocksdb.go:102                       Options.use_adaptive_mutex: 0
I210322 23:03:37.304880 35 storage/rocksdb.go:102                             Options.rate_limiter: (nil)
I210322 23:03:37.304883 35 storage/rocksdb.go:102      Options.sst_file_manager.rate_bytes_per_sec: 0
I210322 23:03:37.304885 35 storage/rocksdb.go:102                        Options.wal_recovery_mode: 0
I210322 23:03:37.304887 35 storage/rocksdb.go:102                   Options.enable_thread_tracking: 0
I210322 23:03:37.304890 35 storage/rocksdb.go:102                   Options.enable_pipelined_write: 0
I210322 23:03:37.304892 35 storage/rocksdb.go:102          Options.allow_concurrent_memtable_write: 1
I210322 23:03:37.304895 35 storage/rocksdb.go:102       Options.enable_write_thread_adaptive_yield: 1
I210322 23:03:37.304897 35 storage/rocksdb.go:102              Options.write_thread_max_yield_usec: 100
I210322 23:03:37.304899 35 storage/rocksdb.go:102             Options.write_thread_slow_yield_usec: 3
I210322 23:03:37.304902 35 storage/rocksdb.go:102                                Options.row_cache: None
I210322 23:03:37.304904 35 storage/rocksdb.go:102                               Options.wal_filter: None
I210322 23:03:37.304906 35 storage/rocksdb.go:102              Options.avoid_flush_during_recovery: 0
I210322 23:03:37.304909 35 storage/rocksdb.go:102              Options.allow_ingest_behind: 0
I210322 23:03:37.304911 35 storage/rocksdb.go:102              Options.preserve_deletes: 0
I210322 23:03:37.304914 35 storage/rocksdb.go:102              Options.two_write_queues: 0
I210322 23:03:37.304917 35 storage/rocksdb.go:102              Options.manual_wal_flush: 1
I210322 23:03:37.304919 35 storage/rocksdb.go:102              Options.atomic_flush: 0
I210322 23:03:37.304921 35 storage/rocksdb.go:102              Options.avoid_unnecessary_blocking_io: 0
I210322 23:03:37.304924 35 storage/rocksdb.go:102              Options.max_background_jobs: 2
I210322 23:03:37.304926 35 storage/rocksdb.go:102              Options.max_background_compactions: -1
I210322 23:03:37.304943 35 storage/rocksdb.go:102              Options.avoid_flush_during_shutdown: 0
I210322 23:03:37.304948 35 storage/rocksdb.go:102            Options.writable_file_max_buffer_size: 1048576
I210322 23:03:37.304950 35 storage/rocksdb.go:102              Options.delayed_write_rate : 16777216
I210322 23:03:37.304953 35 storage/rocksdb.go:102              Options.max_total_wal_size: 0
I210322 23:03:37.304955 35 storage/rocksdb.go:102              Options.delete_obsolete_files_period_micros: 21600000000
I210322 23:03:37.304958 35 storage/rocksdb.go:102                    Options.stats_dump_period_sec: 0
I210322 23:03:37.304960 35 storage/rocksdb.go:102                  Options.stats_persist_period_sec: 600
I210322 23:03:37.304962 35 storage/rocksdb.go:102                  Options.stats_history_buffer_size: 1048576
I210322 23:03:37.304965 35 storage/rocksdb.go:102                           Options.max_open_files: 1043576
I210322 23:03:37.304989 35 storage/rocksdb.go:102                           Options.bytes_per_sync: 524288
I210322 23:03:37.304994 35 storage/rocksdb.go:102                       Options.wal_bytes_per_sync: 0
I210322 23:03:37.304996 35 storage/rocksdb.go:102                    Options.strict_bytes_per_sync: 1
I210322 23:03:37.304999 35 storage/rocksdb.go:102        Options.compaction_readahead_size: 0
I210322 23:03:37.305001 35 storage/rocksdb.go:102  Compression algorithms supported:
I210322 23:03:37.305004 35 storage/rocksdb.go:102  	kZSTDNotFinalCompression supported: 0
I210322 23:03:37.305007 35 storage/rocksdb.go:102  	kZSTD supported: 0
I210322 23:03:37.305009 35 storage/rocksdb.go:102  	kXpressCompression supported: 0
I210322 23:03:37.305012 35 storage/rocksdb.go:102  	kLZ4HCCompression supported: 0
I210322 23:03:37.305014 35 storage/rocksdb.go:102  	kLZ4Compression supported: 0
I210322 23:03:37.305017 35 storage/rocksdb.go:102  	kBZip2Compression supported: 0
I210322 23:03:37.305019 35 storage/rocksdb.go:102  	kZlibCompression supported: 0
I210322 23:03:37.305022 35 storage/rocksdb.go:102  	kSnappyCompression supported: 1
I210322 23:03:37.305032 35 storage/rocksdb.go:102  Fast CRC32 supported: Supported on x86
I210322 23:03:37.308286 35 storage/rocksdb.go:102  [db/version_set.cc:4072] Recovering from manifest file: /cockroach/cockroach-data/MANIFEST-000019
I210322 23:03:37.308806 35 storage/rocksdb.go:102  [db/column_family.cc:488] --------------- Options for column family [default]:
I210322 23:03:37.308811 35 storage/rocksdb.go:102                Options.comparator: cockroach_comparator
I210322 23:03:37.308814 35 storage/rocksdb.go:102            Options.merge_operator: cockroach_merge_operator
I210322 23:03:37.308817 35 storage/rocksdb.go:102         Options.compaction_filter: None
I210322 23:03:37.308820 35 storage/rocksdb.go:102         Options.compaction_filter_factory: None
I210322 23:03:37.308822 35 storage/rocksdb.go:102          Options.memtable_factory: SkipListFactory
I210322 23:03:37.308825 35 storage/rocksdb.go:102             Options.table_factory: BlockBasedTable
I210322 23:03:37.308850 35 storage/rocksdb.go:102             table_factory options:   flush_block_policy_factory: FlushBlockBySizePolicyFactory (0x7f07c9623028)
  cache_index_and_filter_blocks: 0
  cache_index_and_filter_blocks_with_high_priority: 0
  pin_l0_filter_and_index_blocks_in_cache: 0
  pin_top_level_index_and_filter: 1
  index_type: 0
  data_block_index_type: 0
  index_shortening: 1
  data_block_hash_table_util_ratio: 0.750000
  hash_index_allow_collision: 1
  checksum: 1
  no_block_cache: 0
  block_cache: 0x7f07c9614010
  block_cache_name: LRUCache
  block_cache_options:
    capacity : 67108864
    num_shard_bits : 4
    strict_capacity_limit : 0
    memory_allocator : None
    high_pri_pool_ratio: 0.000
  block_cache_compressed: (nil)
  persistent_cache: (nil)
  block_size: 32768
  block_size_deviation: 10
  block_restart_interval: 16
  index_block_restart_interval: 1
  metadata_block_size: 4096
  partition_filters: 0
  use_delta_encoding: 1
  filter_policy: rocksdb.BuiltinBloomFilter
  whole_key_filtering: 0
  verify_compression: 0
  read_amp_bytes_per_bit: 0
  format_version: 2
  enable_index_compression: 1
  block_align: 0
I210322 23:03:37.308855 35 storage/rocksdb.go:102         Options.write_buffer_size: 67108864
I210322 23:03:37.308860 35 storage/rocksdb.go:102   Options.max_write_buffer_number: 4
I210322 23:03:37.308863 35 storage/rocksdb.go:102           Options.compression: Snappy
I210322 23:03:37.308865 35 storage/rocksdb.go:102                   Options.bottommost_compression: Disabled
I210322 23:03:37.308868 35 storage/rocksdb.go:102        Options.prefix_extractor: cockroach_prefix_extractor
I210322 23:03:37.308870 35 storage/rocksdb.go:102    Options.memtable_insert_with_hint_prefix_extractor: nullptr
I210322 23:03:37.308873 35 storage/rocksdb.go:102              Options.num_levels: 7
I210322 23:03:37.308876 35 storage/rocksdb.go:102         Options.min_write_buffer_number_to_merge: 1
I210322 23:03:37.308878 35 storage/rocksdb.go:102      Options.max_write_buffer_number_to_maintain: 0
I210322 23:03:37.308881 35 storage/rocksdb.go:102             Options.bottommost_compression_opts.window_bits: -14
I210322 23:03:37.308883 35 storage/rocksdb.go:102                   Options.bottommost_compression_opts.level: 32767
I210322 23:03:37.308886 35 storage/rocksdb.go:102                Options.bottommost_compression_opts.strategy: 0
I210322 23:03:37.308888 35 storage/rocksdb.go:102          Options.bottommost_compression_opts.max_dict_bytes: 0
I210322 23:03:37.308906 35 storage/rocksdb.go:102          Options.bottommost_compression_opts.zstd_max_train_bytes: 0
I210322 23:03:37.308910 35 storage/rocksdb.go:102                   Options.bottommost_compression_opts.enabled: false
I210322 23:03:37.308913 35 storage/rocksdb.go:102             Options.compression_opts.window_bits: -14
I210322 23:03:37.308915 35 storage/rocksdb.go:102                   Options.compression_opts.level: 32767
I210322 23:03:37.308917 35 storage/rocksdb.go:102                Options.compression_opts.strategy: 0
I210322 23:03:37.308920 35 storage/rocksdb.go:102          Options.compression_opts.max_dict_bytes: 0
I210322 23:03:37.308922 35 storage/rocksdb.go:102          Options.compression_opts.zstd_max_train_bytes: 0
I210322 23:03:37.308925 35 storage/rocksdb.go:102                   Options.compression_opts.enabled: false
I210322 23:03:37.308928 35 storage/rocksdb.go:102       Options.level0_file_num_compaction_trigger: 2
I210322 23:03:37.308931 35 storage/rocksdb.go:102           Options.level0_slowdown_writes_trigger: 950
I210322 23:03:37.308933 35 storage/rocksdb.go:102               Options.level0_stop_writes_trigger: 1000
I210322 23:03:37.308936 35 storage/rocksdb.go:102                    Options.target_file_size_base: 4194304
I210322 23:03:37.308938 35 storage/rocksdb.go:102              Options.target_file_size_multiplier: 2
I210322 23:03:37.308941 35 storage/rocksdb.go:102                 Options.max_bytes_for_level_base: 67108864
I210322 23:03:37.308943 35 storage/rocksdb.go:102  Options.level_compaction_dynamic_level_bytes: 1
I210322 23:03:37.308946 35 storage/rocksdb.go:102           Options.max_bytes_for_level_multiplier: 10.000000
I210322 23:03:37.308949 35 storage/rocksdb.go:102  Options.max_bytes_for_level_multiplier_addtl[0]: 1
I210322 23:03:37.308952 35 storage/rocksdb.go:102  Options.max_bytes_for_level_multiplier_addtl[1]: 1
I210322 23:03:37.308954 35 storage/rocksdb.go:102  Options.max_bytes_for_level_multiplier_addtl[2]: 1
I210322 23:03:37.308956 35 storage/rocksdb.go:102  Options.max_bytes_for_level_multiplier_addtl[3]: 1
I210322 23:03:37.308959 35 storage/rocksdb.go:102  Options.max_bytes_for_level_multiplier_addtl[4]: 1
I210322 23:03:37.308961 35 storage/rocksdb.go:102  Options.max_bytes_for_level_multiplier_addtl[5]: 1
I210322 23:03:37.308964 35 storage/rocksdb.go:102  Options.max_bytes_for_level_multiplier_addtl[6]: 1
I210322 23:03:37.308966 35 storage/rocksdb.go:102        Options.max_sequential_skip_in_iterations: 8
I210322 23:03:37.308969 35 storage/rocksdb.go:102                     Options.max_compaction_bytes: 104857600
I210322 23:03:37.308971 35 storage/rocksdb.go:102                         Options.arena_block_size: 8388608
I210322 23:03:37.308974 35 storage/rocksdb.go:102    Options.soft_pending_compaction_bytes_limit: 2199023255552
I210322 23:03:37.308999 35 storage/rocksdb.go:102    Options.hard_pending_compaction_bytes_limit: 4400193994752
I210322 23:03:37.309004 35 storage/rocksdb.go:102        Options.rate_limit_delay_max_milliseconds: 100
I210322 23:03:37.309007 35 storage/rocksdb.go:102                 Options.disable_auto_compactions: 0
I210322 23:03:37.309011 35 storage/rocksdb.go:102                         Options.compaction_style: kCompactionStyleLevel
I210322 23:03:37.309013 35 storage/rocksdb.go:102                           Options.compaction_pri: kMinOverlappingRatio
I210322 23:03:37.309016 35 storage/rocksdb.go:102  Options.compaction_options_universal.size_ratio: 1
I210322 23:03:37.309018 35 storage/rocksdb.go:102  Options.compaction_options_universal.min_merge_width: 2
I210322 23:03:37.309021 35 storage/rocksdb.go:102  Options.compaction_options_universal.max_merge_width: 4294967295
I210322 23:03:37.309023 35 storage/rocksdb.go:102  Options.compaction_options_universal.max_size_amplification_percent: 200
I210322 23:03:37.309026 35 storage/rocksdb.go:102  Options.compaction_options_universal.compression_size_percent: -1
I210322 23:03:37.309029 35 storage/rocksdb.go:102  Options.compaction_options_universal.stop_style: kCompactionStopStyleTotalSize
I210322 23:03:37.309031 35 storage/rocksdb.go:102  Options.compaction_options_fifo.max_table_files_size: 1073741824
I210322 23:03:37.309034 35 storage/rocksdb.go:102  Options.compaction_options_fifo.allow_compaction: 0
I210322 23:03:37.309038 35 storage/rocksdb.go:102                    Options.table_properties_collectors: TimeBoundTblPropCollectorFactory; DeleteRangeTblPropCollectorFactory; 
I210322 23:03:37.309041 35 storage/rocksdb.go:102                    Options.inplace_update_support: 0
I210322 23:03:37.309044 35 storage/rocksdb.go:102                  Options.inplace_update_num_locks: 10000
I210322 23:03:37.309046 35 storage/rocksdb.go:102                Options.memtable_prefix_bloom_size_ratio: 0.000000
I210322 23:03:37.309049 35 storage/rocksdb.go:102                Options.memtable_whole_key_filtering: 0
I210322 23:03:37.309051 35 storage/rocksdb.go:102    Options.memtable_huge_page_size: 0
I210322 23:03:37.309054 35 storage/rocksdb.go:102                            Options.bloom_locality: 0
I210322 23:03:37.309056 35 storage/rocksdb.go:102                     Options.max_successive_merges: 0
I210322 23:03:37.309059 35 storage/rocksdb.go:102                 Options.optimize_filters_for_hits: 1
I210322 23:03:37.309061 35 storage/rocksdb.go:102                 Options.paranoid_file_checks: 0
I210322 23:03:37.309064 35 storage/rocksdb.go:102                 Options.force_consistency_checks: 0
I210322 23:03:37.309066 35 storage/rocksdb.go:102                 Options.report_bg_io_stats: 0
I210322 23:03:37.309069 35 storage/rocksdb.go:102                                Options.ttl: 0
I210322 23:03:37.309071 35 storage/rocksdb.go:102           Options.periodic_compaction_seconds: 0
I210322 23:03:37.314240 35 storage/rocksdb.go:102  [db/version_set.cc:3086] More existing levels in DB than needed. max_bytes_for_level_multiplier may not be guaranteed.
I210322 23:03:37.314257 35 storage/rocksdb.go:102  [db/version_set.cc:4286] Recovered from manifest file:/cockroach/cockroach-data/MANIFEST-000019 succeeded,manifest_file_number is 19, next_file_number is 21, last_sequence is 434264, log_number is 14,prev_log_number is 0,max_column_family is 0,min_log_number_to_keep is 0
I210322 23:03:37.314261 35 storage/rocksdb.go:102  [db/version_set.cc:4295] Column family [default] (ID 0), log number is 14
I210322 23:03:37.317111 35 storage/rocksdb.go:102  EVENT_LOG_v1 {"time_micros": 1616454217317090, "job": 1, "event": "recovery_started", "log_files": [20]}
I210322 23:03:37.317119 35 storage/rocksdb.go:102  [db/db_impl_open.cc:598] Recovering log #20 mode 0
I210322 23:03:37.354684 35 storage/rocksdb.go:102  EVENT_LOG_v1 {"time_micros": 1616454217354556, "cf_name": "default", "job": 1, "event": "table_file_creation", "file_number": 21, "file_size": 90294, "table_properties": {"data_size": 86683, "index_size": 345, "index_partitions": 0, "top_level_index_size": 0, "index_key_is_user_key": 0, "index_value_is_delta_encoded": 0, "filter_size": 2373, "raw_key_size": 75815, "raw_average_key_size": 36, "raw_value_size": 283195, "raw_average_value_size": 136, "num_data_blocks": 8, "num_entries": 2068, "num_deletions": 718, "num_merge_operands": 691, "num_range_deletions": 691, "format_version": 0, "fixed_key_len": 0, "filter_policy": "rocksdb.BuiltinBloomFilter", "column_family_name": "default", "column_family_id": 0, "comparator": "cockroach_comparator", "merge_operator": "cockroach_merge_operator", "prefix_extractor_name": "cockroach_prefix_extractor", "property_collectors": "[TimeBoundTblPropCollectorFactory,DeleteRangeTblPropCollectorFactory]", "compression": "Snappy", "compression_options": "window_bits=-14; level=32767; strategy=0; max_dict_bytes=0; zstd_max_train_bytes=0; enabled=0; ", "creation_time": 1616454217, "oldest_key_time": 3, "file_creation_time": 0}}
I210322 23:03:37.355037 35 storage/rocksdb.go:102  [db/version_set.cc:3560] Creating manifest 22
I210322 23:03:37.358127 35 storage/rocksdb.go:102  [db/version_set.cc:3086] More existing levels in DB than needed. max_bytes_for_level_multiplier may not be guaranteed.
I210322 23:03:37.361077 35 storage/rocksdb.go:102  EVENT_LOG_v1 {"time_micros": 1616454217361060, "job": 1, "event": "recovery_finished"}
I210322 23:03:37.375936 17 storage/rocksdb.go:102  [db/compaction_job.cc:1647] [default] [JOB 3] Compacting 2@0 + 1@6 files to L6, score 1.00
I210322 23:03:37.375993 17 storage/rocksdb.go:102  [db/compaction_job.cc:1651] [default] Compaction start summary: Base version 2 Base level 0, inputs: [21(88KB) 18(100KB)], [16(570KB)]
I210322 23:03:37.376024 17 storage/rocksdb.go:102  EVENT_LOG_v1 {"time_micros": 1616454217376008, "job": 3, "event": "compaction_started", "compaction_reason": "LevelL0FilesNum", "files_L0": [21, 18], "files_L6": [16], "score": 1, "input_data_size": 777454}
I210322 23:03:37.381459 35 storage/rocksdb.go:102  DB pointer 0x7f07c969a000
I210322 23:03:37.409279 17 storage/rocksdb.go:102  [db/compaction_job.cc:1334] [default] [JOB 3] Generated table #26: 4455 keys, 623921 bytes
I210322 23:03:37.409323 17 storage/rocksdb.go:102  EVENT_LOG_v1 {"time_micros": 1616454217409295, "cf_name": "default", "job": 3, "event": "table_file_creation", "file_number": 26, "file_size": 623921, "table_properties": {"data_size": 619453, "index_size": 8051, "index_partitions": 0, "top_level_index_size": 0, "index_key_is_user_key": 0, "index_value_is_delta_encoded": 0, "filter_size": 0, "raw_key_size": 183834, "raw_average_key_size": 41, "raw_value_size": 4077975, "raw_average_value_size": 915, "num_data_blocks": 125, "num_entries": 4455, "num_deletions": 0, "num_merge_operands": 0, "num_range_deletions": 0, "format_version": 0, "fixed_key_len": 0, "filter_policy": "rocksdb.BuiltinBloomFilter", "column_family_name": "default", "column_family_id": 0, "comparator": "cockroach_comparator", "merge_operator": "cockroach_merge_operator", "prefix_extractor_name": "cockroach_prefix_extractor", "property_collectors": "[TimeBoundTblPropCollectorFactory,DeleteRangeTblPropCollectorFactory]", "compression": "Snappy", "compression_options": "window_bits=-14; level=32767; strategy=0; max_dict_bytes=0; zstd_max_train_bytes=0; enabled=0; ", "creation_time": 1616454217, "oldest_key_time": 0, "file_creation_time": 1616454217}}
I210322 23:03:37.410917 17 storage/rocksdb.go:102  [db/compaction_job.cc:1397] [default] [JOB 3] Compacted 2@0 + 1@6 files to L6 => 623921 bytes
I210322 23:03:37.410948 17 storage/rocksdb.go:102  [db/version_set.cc:3086] More existing levels in DB than needed. max_bytes_for_level_multiplier may not be guaranteed.
I210322 23:03:37.411486 17 storage/rocksdb.go:102  (Original Log Time 2021/03/22-23:03:37.411362) [db/compaction_job.cc:770] [default] compacted to: base level 6 level multiplier 10.00 max bytes base 67108864 files[0 0 0 0 0 0 1] max score 0.00, MB/sec: 23.3 rd, 18.7 wr, level 6, files in(2, 1) out(1) MB in(0.2, 0.6) out(0.6), read-write-amplify(7.3) write-amplify(3.2) OK, records in: 7503, records dropped: 1666 output_compression: Snappy
I210322 23:03:37.411503 17 storage/rocksdb.go:102  (Original Log Time 2021/03/22-23:03:37.411396) EVENT_LOG_v1 {"time_micros": 1616454217411387, "job": 3, "event": "compaction_finished", "compaction_time_micros": 33326, "compaction_time_cpu_micros": 18542, "output_level": 6, "num_output_files": 1, "total_output_size": 623921, "num_input_records": 6121, "num_output_records": 4455, "num_subcompactions": 1, "output_compression": "Snappy", "num_single_delete_mismatches": 0, "num_single_delete_fallthrough": 0, "lsm_state": [0, 0, 0, 0, 0, 0, 1]}
I210322 23:03:37.412209 17 storage/rocksdb.go:102  EVENT_LOG_v1 {"time_micros": 1616454217412196, "job": 3, "event": "table_file_deletion", "file_number": 21}
I210322 23:03:37.413406 17 storage/rocksdb.go:102  EVENT_LOG_v1 {"time_micros": 1616454217413378, "job": 3, "event": "table_file_deletion", "file_number": 18}
I210322 23:03:37.414143 17 storage/rocksdb.go:102  EVENT_LOG_v1 {"time_micros": 1616454217414111, "job": 3, "event": "table_file_deletion", "file_number": 16}
I210322 23:04:36.957445 2079 storage/rocksdb.go:102  bloom filter utility:    -nan%
I210322 23:04:36.957845 2079 storage/rocksdb.go:102  [db/db_impl.cc:392] Shutdown: canceling all background work
I210322 23:04:36.958298 2079 storage/rocksdb.go:102  [db/db_impl.cc:565] Shutdown complete
I210322 23:04:36.964261 2079 storage/rocksdb.go:102  bloom filter utility:    -nan%
I210322 23:04:36.964725 2079 storage/rocksdb.go:102  [db/db_impl.cc:392] Shutdown: canceling all background work
I210322 23:04:36.968159 2079 storage/rocksdb.go:102  [db/db_impl.cc:565] Shutdown complete
