I210322 23:28:52.536078 1 util/log/sync_buffer.go:70  [config] file created at: 2021/03/22 23:28:52
I210322 23:28:52.536078 1 util/log/sync_buffer.go:70  [config] running on machine: 6c8f11fd866f
I210322 23:28:52.536078 1 util/log/sync_buffer.go:70  [config] binary: CockroachDB CCL v20.1.1 (x86_64-unknown-linux-gnu, built 2020/05/19 14:46:06, go1.13.9)
I210322 23:28:52.536078 1 util/log/sync_buffer.go:70  [config] arguments: [/cockroach/cockroach start --insecure]
I210322 23:28:52.536078 1 util/log/sync_buffer.go:70  line format: [IWEF]yymmdd hh:mm:ss.uuuuuu goid file:line msg utf8=✓
I210322 23:28:52.536078 1 cli/start.go:1223  logging to directory /cockroach/cockroach-data/logs
W210322 23:28:52.541528 1 cli/start.go:1272  RUNNING IN INSECURE MODE!

- Your cluster is open for any client that can access <all your IP addresses>.
- Any user, even root, can log in without providing a password.
- Any user, connecting as root, can read or write any data in your cluster.
- There is no network encryption nor authentication, and thus no confidentiality.

Check out how to secure your cluster: https://www.cockroachlabs.com/docs/v20.1/secure-a-cluster.html
I210322 23:28:52.541852 1 server/status/recorder.go:597  available memory from cgroups (8.0 EiB) is unsupported, using system memory 1.9 GiB instead: 
W210322 23:28:52.541876 1 cli/start.go:1144  Using the default setting for --cache (128 MiB).
  A significantly larger value is usually needed for good performance.
  If you have a dedicated server a reasonable setting is --cache=.25 (497 MiB).
I210322 23:28:52.542127 1 server/status/recorder.go:597  available memory from cgroups (8.0 EiB) is unsupported, using system memory 1.9 GiB instead: 
I210322 23:28:52.542137 1 cli/start.go:1286  CockroachDB CCL v20.1.1 (x86_64-unknown-linux-gnu, built 2020/05/19 14:46:06, go1.13.9)
W210322 23:28:52.555501 1 cli/start.go:548  running 'cockroach start' without --join is deprecated.
Consider using 'cockroach start-single-node' or 'cockroach init' instead.
I210322 23:28:52.567011 1 server/status/recorder.go:597  available memory from cgroups (8.0 EiB) is unsupported, using system memory 1.9 GiB instead: 
I210322 23:28:52.567033 1 server/config.go:404  system total memory: 1.9 GiB
I210322 23:28:52.567071 1 server/config.go:406  server configuration:
max offset             500000000
cache size             128 MiB
SQL memory pool size   497 MiB
scan interval          10m0s
scan min idle time     10ms
scan max idle time     1s
event log enabled      true
I210322 23:28:52.567083 1 cli/start.go:1122  using local environment variables: COCKROACH_CHANNEL=official-docker
I210322 23:28:52.567089 1 cli/start.go:1129  process identity: uid 0 euid 0 gid 0 egid 0
I210322 23:28:52.567127 1 cli/start.go:697  starting cockroach node
I210322 23:28:52.572479 26 storage/rocksdb.go:606  opening rocksdb instance at "/cockroach/cockroach-data/cockroach-temp610928593"
I210322 23:28:52.630165 26 server/server.go:1065  [n?] monitoring forward clock jumps based on server.clock.forward_jump_check_enabled
I210322 23:28:52.631069 26 storage/rocksdb.go:606  opening rocksdb instance at "/cockroach/cockroach-data"
I210322 23:28:53.277894 26 server/config.go:578  [n?] 1 storage engine initialized
I210322 23:28:53.277900 26 server/config.go:581  [n?] RocksDB cache size: 128 MiB
I210322 23:28:53.277903 26 server/config.go:581  [n?] store 0: RocksDB, max size 0 B, max open file limit 1043576
W210322 23:28:53.294350 26 cli/start.go:1068  neither --listen-addr nor --advertise-addr was specified.
The server will advertise "6c8f11fd866f" to other nodes, is this routable?

Consider using:
- for local-only servers:  --listen-addr=localhost
- for multi-node clusters: --advertise-addr=<host/IP addr>
I210322 23:28:53.296279 26 gossip/gossip.go:395  [n1] NodeDescriptor set to node_id:1 address:<network_field:"tcp" address_field:"6c8f11fd866f:26257" > attrs:<> locality:<> ServerVersion:<major_val:20 minor_val:1 patch:0 unstable:0 > build_tag:"v20.1.1" started_at:1616455733296171902 cluster_name:"" sql_address:<network_field:"tcp" address_field:"6c8f11fd866f:26257" > 
W210322 23:28:53.355362 106 kv/kvserver/replica_range_lease.go:554  can't determine lease status due to node liveness error: node not in the liveness table
github.com/cockroachdb/cockroach/pkg/kv/kvserver.init
	/go/src/github.com/cockroachdb/cockroach/pkg/kv/kvserver/node_liveness.go:44
runtime.doInit
	/usr/local/go/src/runtime/proc.go:5222
runtime.doInit
	/usr/local/go/src/runtime/proc.go:5217
runtime.doInit
	/usr/local/go/src/runtime/proc.go:5217
runtime.doInit
	/usr/local/go/src/runtime/proc.go:5217
runtime.main
	/usr/local/go/src/runtime/proc.go:190
runtime.goexit
	/usr/local/go/src/runtime/asm_amd64.s:1357
W210322 23:28:53.355387 106 kv/kvserver/store.go:1627  [n1,s1,r6/1:/Table/{SystemCon…-11}] could not gossip system config: [NotLeaseHolderError] r6: replica (n1,s1):1 not lease holder; lease holder unknown
I210322 23:28:53.373186 26 server/node.go:428  [n1] initialized store [n1,s1]: disk (capacity=38 TiB, available=4.7 TiB, used=1.8 MiB, logicalBytes=22 MiB), ranges=41, leases=2, queries=0.00, writes=0.00, bytesPerReplica={p10=0.00 p25=0.00 p50=146.00 p75=3602.00 p90=19623.00 pMax=23284845.00}, writesPerReplica={p10=0.00 p25=0.00 p50=0.00 p75=0.00 p90=0.00 pMax=0.00}
I210322 23:28:53.373323 26 kv/kvserver/stores.go:247  [n1] read 0 node addresses from persistent storage
I210322 23:28:53.373433 26 server/node.go:649  [n1] connecting to gossip network to verify cluster ID...
I210322 23:28:53.373447 26 server/node.go:669  [n1] node connected via gossip and verified as part of cluster "f76578ca-4b1c-409d-839e-f9815b7450ce"
I210322 23:28:53.373545 26 server/node.go:512  [n1] node=1: started with [<no-attributes>=/cockroach/cockroach-data] engine(s) and attributes []
I210322 23:28:53.374034 134 sql/temporary_schema.go:459  [n1] running temporary object cleanup background job
I210322 23:28:53.375893 26 server/server.go:1636  [n1] starting http server at [::]:8080 (use: 6c8f11fd866f:8080)
I210322 23:28:53.375925 26 server/server.go:1643  [n1] starting grpc/postgres server at [::]:26257
I210322 23:28:53.376003 26 server/server.go:1644  [n1] advertising CockroachDB node at 6c8f11fd866f:26257
I210322 23:28:53.403995 134 sql/temporary_schema.go:494  [n1] found 0 temporary schemas
I210322 23:28:53.404006 134 sql/temporary_schema.go:497  [n1] early exiting temporary schema cleaner as no temporary schemas were found
I210322 23:28:53.404012 134 sql/temporary_schema.go:498  [n1] completed temporary object cleanup job
I210322 23:28:53.404122 134 sql/temporary_schema.go:575  [n1] temporary object cleaner next scheduled to run at 2021-03-22 23:58:53.373986026 +0000 UTC
I210322 23:28:53.411747 26 server/server.go:1777  [n1] done ensuring all necessary migrations have run
I210322 23:28:53.411757 26 server/server.go:2019  [n1] serving sql connections
I210322 23:28:53.411852 26 cli/start.go:857  [config] clusterID: f76578ca-4b1c-409d-839e-f9815b7450ce
I210322 23:28:53.411886 26 cli/start.go:866  node startup completed:
CockroachDB node starting at 2021-03-22 23:28:53.411811536 +0000 UTC (took 0.9s)
build:               CCL v20.1.1 @ 2020/05/19 14:46:06 (go1.13.9)
webui:               http://6c8f11fd866f:8080
sql:                 postgresql://root@6c8f11fd866f:26257?sslmode=disable
RPC client flags:    /cockroach/cockroach <client cmd> --host=6c8f11fd866f:26257 --insecure
logs:                /cockroach/cockroach-data/logs
temp dir:            /cockroach/cockroach-data/cockroach-temp610928593
external I/O path:   /cockroach/cockroach-data/extern
store[0]:            path=/cockroach/cockroach-data
storage engine:      rocksdb
status:              restarted pre-existing node
clusterID:           f76578ca-4b1c-409d-839e-f9815b7450ce
nodeID:              1
I210322 23:28:53.422688 294 sqlmigrations/migrations.go:668  [n1] starting wait for upgrade finalization before schema change job migration
I210322 23:28:53.423287 294 sqlmigrations/migrations.go:694  [n1] schema change job migration already complete
I210322 23:28:53.429691 292 server/server_update.go:55  [n1] no need to upgrade, cluster already at the newest version
I210322 23:28:53.439422 295 sql/event_log.go:132  [n1] Event: "node_restart", target: 1, info: {Descriptor:{NodeID:1 Address:6c8f11fd866f:26257 Attrs: Locality: ServerVersion:20.1 BuildTag:v20.1.1 StartedAt:1616455733296171902 LocalityAddress:[] ClusterName: SQLAddress:6c8f11fd866f:26257} ClusterID:f76578ca-4b1c-409d-839e-f9815b7450ce StartedAt:1616455733296171902 LastUp:1616455729750143427}
I210322 23:28:53.455291 306 sql/sqlbase/structured.go:1554  [n1,client=172.18.0.3:52814,hostnossl,user=root] publish: descID=63 (flyway_schema_history) version=5 mtime=1970-01-01 00:00:00 +0000 UTC
I210322 23:28:53.459027 306 sql/sqlbase/structured.go:1554  [n1,client=172.18.0.3:52814,hostnossl,user=root] publish: descID=64 (users) version=2 mtime=1970-01-01 00:00:00 +0000 UTC
I210322 23:28:53.473656 306 sql/event_log.go:132  [n1,client=172.18.0.3:52814,hostnossl,user=root] Event: "drop_database", target: 62, info: {DatabaseName:cardsagainsthumanity Statement:DROP DATABASE IF EXISTS cardsagainsthumanity User:root DroppedSchemaObjects:[cardsagainsthumanity.public.flyway_schema_history cardsagainsthumanity.public.users]}
I210322 23:28:53.473689 306 jobs/registry.go:285  [n1,client=172.18.0.3:52814,hostnossl,user=root] scheduled jobs [643515460624482305]
I210322 23:28:53.478312 418 kv/kvserver/replica_command.go:663  [n1,merge,s1,r73/1:/Table/63{-/2}] initiating a merge of r74:/Table/6{3/2-4} [(n1,s1):1, next=2, gen=15] into this range (lhs+rhs has (size=1.1 KiB+198 B=1.3 KiB qps=0.00+0.00=0.00qps) below threshold (size=128 MiB, qps=1250.00))
I210322 23:28:53.487201 268 jobs/registry.go:1187  job 643515460624482305: resuming execution
I210322 23:28:53.492354 90 kv/kvserver/store_remove_replica.go:122  [n1,s1,r73/1:/Table/63{-/2}] removing replica r74/1
I210322 23:28:53.494587 268 jobs/registry.go:1187  job 643511285378056193: resuming execution
I210322 23:28:53.496078 485 jobs/registry.go:806  [n1] job 643515460624482305: stepping through state running with error <nil>
I210322 23:28:53.496258 485 sql/schema_changer.go:418  [n1,job=643515460624482305,scExec] schema change on flyway_schema_history (63 v5) mutation 0 starting execution...
I210322 23:28:53.497825 485 sql/sqlbase/structured.go:1554  [n1,job=643515460624482305,scExec] publish: descID=63 (flyway_schema_history) version=6 mtime=1970-01-01 00:00:00 +0000 UTC
I210322 23:28:53.499653 268 jobs/registry.go:1187  job 643510696069103617: resuming execution
I210322 23:28:53.500013 494 jobs/registry.go:806  [n1] job 643511285378056193: stepping through state running with error <nil>
I210322 23:28:53.502007 520 jobs/registry.go:806  [n1] job 643510696069103617: stepping through state running with error <nil>
I210322 23:28:53.505497 268 jobs/registry.go:1187  job 643510494621204481: resuming execution
I210322 23:28:53.506562 485 sql/schema_changer.go:706  [n1,job=643515460624482305,scExec] waiting for a single version of table 63...
I210322 23:28:53.507644 485 sql/schema_changer.go:708  [n1,job=643515460624482305,scExec] waiting for a single version of table 63... done (at v 6)
I210322 23:28:53.507720 485 sql/schema_changer.go:418  [n1,job=643515460624482305,scExec] schema change on users (64 v2) mutation 0 starting execution...
I210322 23:28:53.508873 485 sql/sqlbase/structured.go:1554  [n1,job=643515460624482305,scExec] publish: descID=64 (users) version=3 mtime=1970-01-01 00:00:00 +0000 UTC
I210322 23:28:53.511299 268 jobs/registry.go:1187  job 643510223130984449: resuming execution
I210322 23:28:53.513339 512 jobs/registry.go:806  [n1] job 643510494621204481: stepping through state running with error <nil>
I210322 23:28:53.514779 485 sql/schema_changer.go:706  [n1,job=643515460624482305,scExec] waiting for a single version of table 64...
I210322 23:28:53.514854 552 jobs/registry.go:806  [n1] job 643510223130984449: stepping through state running with error <nil>
I210322 23:28:53.515930 485 sql/schema_changer.go:708  [n1,job=643515460624482305,scExec] waiting for a single version of table 64... done (at v 3)
I210322 23:28:53.521105 485 jobs/registry.go:806  [n1] job 643515460624482305: stepping through state succeeded with error <nil>
I210322 23:28:53.525353 695 jobs/registry.go:806  [n1] job 643515460865097729: stepping through state running with error <nil>
I210322 23:28:53.526481 485 jobs/registry.go:961  [n1] job 643515460624482305: status succeeded after adoption finished
I210322 23:28:53.535826 306 sql/event_log.go:132  [n1,client=172.18.0.3:52814,hostnossl,user=root] Event: "create_database", target: 65, info: {DatabaseName:cardsagainsthumanity Statement:CREATE DATABASE IF NOT EXISTS cardsagainsthumanity User:root}
I210322 23:28:55.524284 78 gossip/gossip.go:1527  [n1] node has connected to cluster via gossip
I210322 23:28:55.524684 78 kv/kvserver/stores.go:266  [n1] wrote 0 node addresses to persistent storage
I210322 23:28:56.103817 297 server/updates.go:268  [n1] A new version is available: 20.2.6, details: https://www.cockroachlabs.com/docs/releases/v20.2.6.html
I210322 23:29:01.926665 1073 sql/event_log.go:132  [n1,client=172.18.0.1:64988,hostnossl,user=dev] Event: "create_table", target: 66, info: {TableName:cardsagainsthumanity.public.flyway_schema_history Statement:CREATE TABLE IF NOT EXISTS cardsagainsthumanity.public.flyway_schema_history (installed_rank INT8 NOT NULL PRIMARY KEY, version VARCHAR(50), description VARCHAR(200) NOT NULL, type VARCHAR(20) NOT NULL, script VARCHAR(1000) NOT NULL, checksum INT8, installed_by VARCHAR(100) NOT NULL, installed_on TIMESTAMP NOT NULL DEFAULT now(), execution_time INT8 NOT NULL, success BOOL NOT NULL) User:dev}
I210322 23:29:01.930731 1182 kv/kvserver/replica_command.go:397  [n1,split,s1,r75/1:/{Table/64-Max}] initiating a split of this range at key /Table/66 [r83] (zone config)
I210322 23:29:01.943667 1073 sql/table.go:991  [n1,client=172.18.0.1:64988,hostnossl,user=dev] queued new schema change job 643515488478461953 for table 66, mutation 1
I210322 23:29:01.943681 1073 sql/sqlbase/structured.go:1554  [n1,client=172.18.0.1:64988,hostnossl,user=dev] publish: descID=66 (flyway_schema_history) version=2 mtime=1970-01-01 00:00:00 +0000 UTC
I210322 23:29:01.947373 1073 sql/event_log.go:132  [n1,client=172.18.0.1:64988,hostnossl,user=dev] Event: "create_index", target: 66, info: {TableName:cardsagainsthumanity.public.flyway_schema_history IndexName:flyway_schema_history_s_idx Statement:CREATE INDEX IF NOT EXISTS flyway_schema_history_s_idx ON cardsagainsthumanity.public.flyway_schema_history (success) User:dev MutationID:1}
I210322 23:29:01.947391 1073 jobs/registry.go:285  [n1,client=172.18.0.1:64988,hostnossl,user=dev] scheduled jobs [643515488478461953]
I210322 23:29:01.968278 268 jobs/registry.go:1187  job 643515488478461953: resuming execution
I210322 23:29:01.972015 1230 jobs/registry.go:806  [n1] job 643515488478461953: stepping through state running with error <nil>
I210322 23:29:01.976187 1230 sql/schema_changer.go:418  [n1,job=643515488478461953,scExec] schema change on flyway_schema_history (66 v2) mutation 1 starting execution...
I210322 23:29:01.982586 1230 sql/sqlbase/structured.go:1554  [n1,job=643515488478461953,scExec] publish: descID=66 (flyway_schema_history) version=3 mtime=1970-01-01 00:00:00 +0000 UTC
I210322 23:29:02.002719 1230 sql/schema_changer.go:706  [n1,job=643515488478461953,scExec] waiting for a single version of table 66...
I210322 23:29:02.006036 1230 sql/schema_changer.go:708  [n1,job=643515488478461953,scExec] waiting for a single version of table 66... done (at v 3)
I210322 23:29:02.014580 1230 sql/backfill.go:171  [n1,job=643515488478461953,scExec] Running backfill for "flyway_schema_history", v=3, m=1
I210322 23:29:02.015375 1230 kv/kvserver/replica_command.go:397  [n1,s1,r83/1:/{Table/66-Max}] initiating a split of this range at key /Table/66/2 [r84] (manual)
I210322 23:29:02.044435 1480 sql/backfill.go:1243  [n1,job=643515488478461953,scExec] validation: table flyway_schema_history row count = 0, took 5.409249ms
I210322 23:29:02.047174 1479 sql/backfill.go:1199  [n1,job=643515488478461953,scExec] validation: index flyway_schema_history/flyway_schema_history_s_idx row count = 0, time so far 4.701916ms
I210322 23:29:02.047193 1230 sql/backfill.go:287  [n1,job=643515488478461953,scExec] Completed backfill for "flyway_schema_history", v=3, m=1
I210322 23:29:02.048901 1230 sql/sqlbase/structured.go:1554  [n1,job=643515488478461953,scExec] publish: descID=66 (flyway_schema_history) version=4 mtime=1970-01-01 00:00:00 +0000 UTC
I210322 23:29:02.051986 1230 sql/event_log.go:132  [n1,job=643515488478461953,scExec] Event: "finish_schema_change", target: 66, info: {MutationID:1}
I210322 23:29:02.051997 1230 sql/schema_changer.go:706  [n1,job=643515488478461953,scExec] waiting for a single version of table 66...
I210322 23:29:02.053067 1230 sql/lease.go:337  [n1,job=643515488478461953,scExec] waiting for 1 leases to expire: desc=[{flyway_schema_history 66 3}]
I210322 23:29:02.054868 1507 sql/lease.go:943  new lease: 66("flyway_schema_history") ver=4:1616456055.623006920,0, refcount=0
I210322 23:29:02.071526 1230 sql/schema_changer.go:708  [n1,job=643515488478461953,scExec] waiting for a single version of table 66... done (at v 4)
I210322 23:29:02.071537 1230 jobs/registry.go:806  [n1] job 643515488478461953: stepping through state succeeded with error <nil>
I210322 23:29:02.075296 1230 jobs/registry.go:961  [n1] job 643515488478461953: status succeeded after adoption finished
I210322 23:29:02.209971 1712 kv/kvserver/replica_command.go:397  [n1,split,s1,r84/1:/{Table/66/2-Max}] initiating a split of this range at key /Table/67 [r85] (zone config)
I210322 23:29:02.211603 1096 sql/event_log.go:132  [n1,client=172.18.0.1:64992,hostnossl,user=dev] Event: "create_table", target: 67, info: {TableName:cardsagainsthumanity.public.users Statement:CREATE TABLE users (name STRING PRIMARY KEY, room_token STRING, room_leader BOOL NOT NULL) User:dev}
I210322 23:29:03.378026 127 server/status/runtime.go:498  [n1] runtime stats: 146 MiB RSS, 168 goroutines, 62 MiB/55 MiB/101 MiB GO alloc/idle/total, 14 MiB/17 MiB CGO alloc/total, 0.0 CGO/sec, 0.0/0.0 %(u/s)time, 0.0 %gc (10x), 56 KiB/56 KiB (r/w)net
I210322 23:29:08.493760 113 kv/kvserver/compactor/compactor.go:325  [n1,s1,compactor] purging suggested compaction for range /Table/63/2 - /Table/64 that contains live data
I210322 23:29:13.377709 127 server/status/runtime.go:498  [n1] runtime stats: 146 MiB RSS, 171 goroutines, 71 MiB/47 MiB/101 MiB GO alloc/idle/total, 14 MiB/17 MiB CGO alloc/total, 67.1 CGO/sec, 1.1/0.4 %(u/s)time, 0.0 %gc (0x), 1.6 KiB/1.4 KiB (r/w)net
I210322 23:29:13.384230 130 kv/kvserver/store.go:2470  [n1,s1] sstables (read amplification = 2):
0 [ 238K 1 ]: 238K
6 [ 696K 1 ]: 696K
I210322 23:29:13.384336 130 kv/kvserver/store.go:2471  [n1,s1] 
** Compaction Stats [default] **
Level    Files   Size     Score Read(GB)  Rn(GB) Rnp1(GB) Write(GB) Wnew(GB) Moved(GB) W-Amp Rd(MB/s) Wr(MB/s) Comp(sec) CompMergeCPU(sec) Comp(cnt) Avg(sec) KeyIn KeyDrop
----------------------------------------------------------------------------------------------------------------------------------------------------------------------------
  L0      1/0   237.78 KB   0.5      0.0     0.0      0.0       0.0      0.0       0.0   1.0      0.0      1.0      0.22              0.00         1    0.224       0      0
  L6      1/0   696.46 KB   0.0      0.0     0.0      0.0       0.0      0.0       0.0   0.0      0.0      0.0      0.00              0.00         0    0.000       0      0
 Sum      2/0   934.24 KB   0.0      0.0     0.0      0.0       0.0      0.0       0.0   1.0      0.0      1.0      0.22              0.00         1    0.224       0      0
 Int      0/0    0.00 KB   0.0      0.0     0.0      0.0       0.0      0.0       0.0   1.0      0.0      1.0      0.22              0.00         1    0.224       0      0

** Compaction Stats [default] **
Priority    Files   Size     Score Read(GB)  Rn(GB) Rnp1(GB) Write(GB) Wnew(GB) Moved(GB) W-Amp Rd(MB/s) Wr(MB/s) Comp(sec) CompMergeCPU(sec) Comp(cnt) Avg(sec) KeyIn KeyDrop
-------------------------------------------------------------------------------------------------------------------------------------------------------------------------------
User      0/0    0.00 KB   0.0      0.0     0.0      0.0       0.0      0.0       0.0   0.0      0.0      1.0      0.22              0.00         1    0.224       0      0
Uptime(secs): 20.7 total, 20.7 interval
Flush(GB): cumulative 0.000, interval 0.000
AddFile(GB): cumulative 0.000, interval 0.000
AddFile(Total Files): cumulative 0, interval 0
AddFile(L0 Files): cumulative 0, interval 0
AddFile(Keys): cumulative 0, interval 0
Cumulative compaction: 0.00 GB write, 0.01 MB/s write, 0.00 GB read, 0.00 MB/s read, 0.2 seconds
Interval compaction: 0.00 GB write, 0.01 MB/s write, 0.00 GB read, 0.00 MB/s read, 0.2 seconds
Stalls(count): 0 level0_slowdown, 0 level0_slowdown_with_compaction, 0 level0_numfiles, 0 level0_numfiles_with_compaction, 0 stop for pending_compaction_bytes, 0 slowdown for pending_compaction_bytes, 0 memtable_compaction, 0 memtable_slowdown, interval 0 total count
estimated_pending_compaction_bytes: 0 B
I210322 23:29:23.378117 127 server/status/runtime.go:498  [n1] runtime stats: 146 MiB RSS, 168 goroutines, 80 MiB/39 MiB/101 MiB GO alloc/idle/total, 14 MiB/18 MiB CGO alloc/total, 60.7 CGO/sec, 0.8/0.4 %(u/s)time, 0.0 %gc (0x), 1.8 KiB/1.6 KiB (r/w)net
I210322 23:29:33.381870 127 server/status/runtime.go:498  [n1] runtime stats: 150 MiB RSS, 169 goroutines, 90 MiB/30 MiB/105 MiB GO alloc/idle/total, 14 MiB/18 MiB CGO alloc/total, 70.8 CGO/sec, 1.0/0.4 %(u/s)time, 0.0 %gc (0x), 1.4 KiB/1.4 KiB (r/w)net
I210322 23:29:43.378017 127 server/status/runtime.go:498  [n1] runtime stats: 154 MiB RSS, 169 goroutines, 54 MiB/60 MiB/112 MiB GO alloc/idle/total, 14 MiB/18 MiB CGO alloc/total, 26.6 CGO/sec, 0.8/0.5 %(u/s)time, 0.0 %gc (1x), 1.0 KiB/1.0 KiB (r/w)net
I210322 23:29:53.374902 131 gossip/gossip.go:567  [n1] gossip status (ok, 1 node)
gossip client (0/3 cur/max conns)
gossip server (0/3 cur/max conns, infos 0/0 sent/received, bytes 0B/0B sent/received)
gossip connectivity
  n1 [sentinel];
I210322 23:29:53.380156 127 server/status/runtime.go:498  [n1] runtime stats: 155 MiB RSS, 170 goroutines, 62 MiB/54 MiB/112 MiB GO alloc/idle/total, 14 MiB/18 MiB CGO alloc/total, 41.2 CGO/sec, 0.7/0.3 %(u/s)time, 0.0 %gc (0x), 2.1 KiB/2.1 KiB (r/w)net
I210322 23:29:53.436858 2519 jobs/registry.go:806  [n1] job 643515657151774721: stepping through state running with error <nil>
I210322 23:29:53.467704 2519 jobs/registry.go:806  [n1] job 643515657151774721: stepping through state succeeded with error <nil>
I210322 23:29:53.471902 2519 jobs/registry.go:961  [n1] job 643515657151774721: status succeeded after adoption finished
I210322 23:29:53.480745 2588 jobs/registry.go:806  [n1] job 643515657334489089: stepping through state running with error <nil>
I210322 23:29:53.496230 2588 jobs/registry.go:806  [n1] job 643515657334489089: stepping through state succeeded with error <nil>
I210322 23:29:53.500454 2588 jobs/registry.go:961  [n1] job 643515657334489089: status succeeded after adoption finished
I210322 23:30:03.380232 127 server/status/runtime.go:498  [n1] runtime stats: 156 MiB RSS, 168 goroutines, 80 MiB/42 MiB/112 MiB GO alloc/idle/total, 13 MiB/18 MiB CGO alloc/total, 311.7 CGO/sec, 1.6/0.4 %(u/s)time, 0.0 %gc (0x), 2.2 KiB/2.0 KiB (r/w)net
I210322 23:30:13.380328 127 server/status/runtime.go:498  [n1] runtime stats: 156 MiB RSS, 168 goroutines, 87 MiB/36 MiB/112 MiB GO alloc/idle/total, 13 MiB/18 MiB CGO alloc/total, 27.1 CGO/sec, 0.6/0.3 %(u/s)time, 0.0 %gc (0x), 1.7 KiB/1.6 KiB (r/w)net
I210322 23:30:23.380777 127 server/status/runtime.go:498  [n1] runtime stats: 156 MiB RSS, 168 goroutines, 93 MiB/29 MiB/112 MiB GO alloc/idle/total, 13 MiB/18 MiB CGO alloc/total, 27.4 CGO/sec, 0.6/0.2 %(u/s)time, 0.0 %gc (0x), 1.0 KiB/1.0 KiB (r/w)net
I210322 23:30:33.381066 127 server/status/runtime.go:498  [n1] runtime stats: 160 MiB RSS, 169 goroutines, 54 MiB/60 MiB/114 MiB GO alloc/idle/total, 13 MiB/18 MiB CGO alloc/total, 30.2 CGO/sec, 1.0/0.4 %(u/s)time, 0.0 %gc (1x), 1.4 KiB/1.4 KiB (r/w)net
I210322 23:30:43.380455 127 server/status/runtime.go:498  [n1] runtime stats: 160 MiB RSS, 169 goroutines, 60 MiB/55 MiB/114 MiB GO alloc/idle/total, 13 MiB/18 MiB CGO alloc/total, 24.8 CGO/sec, 0.7/0.3 %(u/s)time, 0.0 %gc (0x), 1.0 KiB/1.0 KiB (r/w)net
I210322 23:30:53.372937 131 gossip/gossip.go:567  [n1] gossip status (ok, 1 node)
gossip client (0/3 cur/max conns)
gossip server (0/3 cur/max conns, infos 0/0 sent/received, bytes 0B/0B sent/received)
I210322 23:30:53.380815 127 server/status/runtime.go:498  [n1] runtime stats: 160 MiB RSS, 169 goroutines, 67 MiB/49 MiB/114 MiB GO alloc/idle/total, 13 MiB/18 MiB CGO alloc/total, 28.2 CGO/sec, 0.7/0.2 %(u/s)time, 0.0 %gc (0x), 1.0 KiB/1.0 KiB (r/w)net
I210322 23:31:03.381110 127 server/status/runtime.go:498  [n1] runtime stats: 161 MiB RSS, 168 goroutines, 75 MiB/43 MiB/114 MiB GO alloc/idle/total, 13 MiB/18 MiB CGO alloc/total, 55.4 CGO/sec, 0.6/0.3 %(u/s)time, 0.0 %gc (0x), 1.8 KiB/1.6 KiB (r/w)net
I210322 23:31:13.380974 127 server/status/runtime.go:498  [n1] runtime stats: 161 MiB RSS, 168 goroutines, 81 MiB/37 MiB/114 MiB GO alloc/idle/total, 13 MiB/18 MiB CGO alloc/total, 28.3 CGO/sec, 0.6/0.3 %(u/s)time, 0.0 %gc (0x), 1.7 KiB/1.7 KiB (r/w)net
I210322 23:31:23.381067 127 server/status/runtime.go:498  [n1] runtime stats: 162 MiB RSS, 168 goroutines, 88 MiB/31 MiB/114 MiB GO alloc/idle/total, 13 MiB/18 MiB CGO alloc/total, 39.5 CGO/sec, 0.7/0.2 %(u/s)time, 0.0 %gc (0x), 1.0 KiB/1.0 KiB (r/w)net
I210322 23:31:33.381092 127 server/status/runtime.go:498  [n1] runtime stats: 163 MiB RSS, 169 goroutines, 95 MiB/25 MiB/114 MiB GO alloc/idle/total, 13 MiB/18 MiB CGO alloc/total, 32.9 CGO/sec, 0.6/0.3 %(u/s)time, 0.0 %gc (0x), 1.5 KiB/1.5 KiB (r/w)net
I210322 23:31:43.380722 127 server/status/runtime.go:498  [n1] runtime stats: 167 MiB RSS, 169 goroutines, 55 MiB/60 MiB/118 MiB GO alloc/idle/total, 13 MiB/18 MiB CGO alloc/total, 24.5 CGO/sec, 0.7/0.3 %(u/s)time, 0.0 %gc (1x), 1.0 KiB/1.0 KiB (r/w)net
I210322 23:31:53.372230 131 gossip/gossip.go:567  [n1] gossip status (ok, 1 node)
gossip client (0/3 cur/max conns)
gossip server (0/3 cur/max conns, infos 0/0 sent/received, bytes 0B/0B sent/received)
I210322 23:31:53.380829 127 server/status/runtime.go:498  [n1] runtime stats: 167 MiB RSS, 169 goroutines, 61 MiB/54 MiB/118 MiB GO alloc/idle/total, 13 MiB/18 MiB CGO alloc/total, 29.6 CGO/sec, 0.6/0.3 %(u/s)time, 0.0 %gc (0x), 1.2 KiB/1.2 KiB (r/w)net
I210322 23:32:03.381092 127 server/status/runtime.go:498  [n1] runtime stats: 167 MiB RSS, 168 goroutines, 69 MiB/48 MiB/118 MiB GO alloc/idle/total, 13 MiB/18 MiB CGO alloc/total, 56.6 CGO/sec, 0.6/0.3 %(u/s)time, 0.0 %gc (0x), 1.7 KiB/1.6 KiB (r/w)net
I210322 23:32:13.381239 127 server/status/runtime.go:498  [n1] runtime stats: 168 MiB RSS, 148 goroutines, 76 MiB/42 MiB/118 MiB GO alloc/idle/total, 13 MiB/18 MiB CGO alloc/total, 24.5 CGO/sec, 0.5/0.3 %(u/s)time, 0.0 %gc (0x), 3.5 KiB/2.4 KiB (r/w)net
I210322 23:32:23.381324 127 server/status/runtime.go:498  [n1] runtime stats: 168 MiB RSS, 148 goroutines, 82 MiB/36 MiB/118 MiB GO alloc/idle/total, 13 MiB/18 MiB CGO alloc/total, 25.8 CGO/sec, 0.5/0.2 %(u/s)time, 0.0 %gc (0x), 1.0 KiB/1.0 KiB (r/w)net
I210322 23:32:33.381536 127 server/status/runtime.go:498  [n1] runtime stats: 168 MiB RSS, 149 goroutines, 89 MiB/30 MiB/118 MiB GO alloc/idle/total, 13 MiB/18 MiB CGO alloc/total, 28.9 CGO/sec, 0.6/0.2 %(u/s)time, 0.0 %gc (0x), 1.5 KiB/1.5 KiB (r/w)net
I210322 23:32:43.381145 127 server/status/runtime.go:498  [n1] runtime stats: 168 MiB RSS, 149 goroutines, 95 MiB/24 MiB/118 MiB GO alloc/idle/total, 12 MiB/18 MiB CGO alloc/total, 30.2 CGO/sec, 0.5/0.3 %(u/s)time, 0.0 %gc (0x), 1.0 KiB/1.0 KiB (r/w)net
I210322 23:32:53.372307 131 gossip/gossip.go:567  [n1] gossip status (ok, 1 node)
gossip client (0/3 cur/max conns)
gossip server (0/3 cur/max conns, infos 0/0 sent/received, bytes 0B/0B sent/received)
I210322 23:32:53.381423 127 server/status/runtime.go:498  [n1] runtime stats: 170 MiB RSS, 169 goroutines, 87 MiB/35 MiB/119 MiB GO alloc/idle/total, 12 MiB/18 MiB CGO alloc/total, 93.0 CGO/sec, 2.0/0.4 %(u/s)time, 0.0 %gc (1x), 25 KiB/33 KiB (r/w)net
I210322 23:33:03.381744 127 server/status/runtime.go:498  [n1] runtime stats: 171 MiB RSS, 168 goroutines, 95 MiB/28 MiB/119 MiB GO alloc/idle/total, 12 MiB/18 MiB CGO alloc/total, 60.3 CGO/sec, 0.7/0.4 %(u/s)time, 0.0 %gc (0x), 2.0 KiB/1.9 KiB (r/w)net
I210322 23:33:13.381643 127 server/status/runtime.go:498  [n1] runtime stats: 171 MiB RSS, 168 goroutines, 51 MiB/62 MiB/119 MiB GO alloc/idle/total, 12 MiB/18 MiB CGO alloc/total, 24.7 CGO/sec, 0.8/0.3 %(u/s)time, 0.0 %gc (1x), 1.1 KiB/1.1 KiB (r/w)net
I210322 23:33:23.381694 127 server/status/runtime.go:498  [n1] runtime stats: 171 MiB RSS, 168 goroutines, 58 MiB/57 MiB/119 MiB GO alloc/idle/total, 12 MiB/18 MiB CGO alloc/total, 24.9 CGO/sec, 0.6/0.2 %(u/s)time, 0.0 %gc (0x), 1.0 KiB/1.0 KiB (r/w)net
I210322 23:33:33.381828 127 server/status/runtime.go:498  [n1] runtime stats: 172 MiB RSS, 169 goroutines, 65 MiB/51 MiB/119 MiB GO alloc/idle/total, 12 MiB/18 MiB CGO alloc/total, 28.9 CGO/sec, 0.6/0.2 %(u/s)time, 0.0 %gc (0x), 1.4 KiB/1.4 KiB (r/w)net
I210322 23:33:43.381805 127 server/status/runtime.go:498  [n1] runtime stats: 172 MiB RSS, 169 goroutines, 72 MiB/45 MiB/119 MiB GO alloc/idle/total, 12 MiB/18 MiB CGO alloc/total, 44.5 CGO/sec, 0.6/0.4 %(u/s)time, 0.0 %gc (0x), 1.0 KiB/1.0 KiB (r/w)net
I210322 23:33:53.374737 131 gossip/gossip.go:567  [n1] gossip status (ok, 1 node)
gossip client (0/3 cur/max conns)
gossip server (0/3 cur/max conns, infos 0/0 sent/received, bytes 0B/0B sent/received)
I210322 23:33:53.381902 127 server/status/runtime.go:498  [n1] runtime stats: 172 MiB RSS, 169 goroutines, 79 MiB/39 MiB/119 MiB GO alloc/idle/total, 12 MiB/18 MiB CGO alloc/total, 27.2 CGO/sec, 0.5/0.3 %(u/s)time, 0.0 %gc (0x), 1.6 KiB/1.5 KiB (r/w)net
I210322 23:34:03.382023 127 server/status/runtime.go:498  [n1] runtime stats: 172 MiB RSS, 168 goroutines, 86 MiB/32 MiB/119 MiB GO alloc/idle/total, 12 MiB/18 MiB CGO alloc/total, 55.2 CGO/sec, 0.7/0.2 %(u/s)time, 0.0 %gc (0x), 2.0 KiB/2.0 KiB (r/w)net
I210322 23:34:13.382026 127 server/status/runtime.go:498  [n1] runtime stats: 173 MiB RSS, 168 goroutines, 93 MiB/26 MiB/119 MiB GO alloc/idle/total, 12 MiB/18 MiB CGO alloc/total, 30.1 CGO/sec, 0.6/0.3 %(u/s)time, 0.0 %gc (0x), 1.0 KiB/1.0 KiB (r/w)net
I210322 23:34:23.382158 127 server/status/runtime.go:498  [n1] runtime stats: 173 MiB RSS, 168 goroutines, 52 MiB/61 MiB/119 MiB GO alloc/idle/total, 20 MiB/26 MiB CGO alloc/total, 21.9 CGO/sec, 0.7/0.2 %(u/s)time, 0.0 %gc (1x), 1.0 KiB/1.0 KiB (r/w)net
I210322 23:34:33.382339 127 server/status/runtime.go:498  [n1] runtime stats: 173 MiB RSS, 169 goroutines, 59 MiB/56 MiB/119 MiB GO alloc/idle/total, 20 MiB/26 MiB CGO alloc/total, 30.5 CGO/sec, 0.5/0.3 %(u/s)time, 0.0 %gc (0x), 1.4 KiB/1.4 KiB (r/w)net
I210322 23:34:43.382013 127 server/status/runtime.go:498  [n1] runtime stats: 173 MiB RSS, 169 goroutines, 66 MiB/50 MiB/119 MiB GO alloc/idle/total, 20 MiB/26 MiB CGO alloc/total, 30.3 CGO/sec, 0.5/0.3 %(u/s)time, 0.0 %gc (0x), 1.0 KiB/1.0 KiB (r/w)net
I210322 23:34:53.370407 131 gossip/gossip.go:567  [n1] gossip status (ok, 1 node)
gossip client (0/3 cur/max conns)
gossip server (0/3 cur/max conns, infos 0/0 sent/received, bytes 0B/0B sent/received)
I210322 23:34:53.382334 127 server/status/runtime.go:498  [n1] runtime stats: 173 MiB RSS, 169 goroutines, 72 MiB/44 MiB/119 MiB GO alloc/idle/total, 20 MiB/26 MiB CGO alloc/total, 25.7 CGO/sec, 0.5/0.3 %(u/s)time, 0.0 %gc (0x), 1.5 KiB/1.4 KiB (r/w)net
I210322 23:35:03.382429 127 server/status/runtime.go:498  [n1] runtime stats: 174 MiB RSS, 168 goroutines, 80 MiB/39 MiB/119 MiB GO alloc/idle/total, 20 MiB/26 MiB CGO alloc/total, 55.5 CGO/sec, 0.7/0.3 %(u/s)time, 0.0 %gc (0x), 2.0 KiB/2.0 KiB (r/w)net
I210322 23:35:13.382619 127 server/status/runtime.go:498  [n1] runtime stats: 174 MiB RSS, 168 goroutines, 87 MiB/32 MiB/119 MiB GO alloc/idle/total, 20 MiB/26 MiB CGO alloc/total, 28.4 CGO/sec, 0.5/0.2 %(u/s)time, 0.0 %gc (0x), 1.0 KiB/1.0 KiB (r/w)net
I210322 23:35:23.382647 127 server/status/runtime.go:498  [n1] runtime stats: 175 MiB RSS, 168 goroutines, 93 MiB/26 MiB/119 MiB GO alloc/idle/total, 20 MiB/26 MiB CGO alloc/total, 21.9 CGO/sec, 0.5/0.3 %(u/s)time, 0.0 %gc (0x), 1.0 KiB/1.0 KiB (r/w)net
I210322 23:35:33.382757 127 server/status/runtime.go:498  [n1] runtime stats: 175 MiB RSS, 169 goroutines, 50 MiB/65 MiB/119 MiB GO alloc/idle/total, 20 MiB/26 MiB CGO alloc/total, 30.8 CGO/sec, 0.7/0.3 %(u/s)time, 0.0 %gc (1x), 1.3 KiB/1.3 KiB (r/w)net
I210322 23:35:43.382761 127 server/status/runtime.go:498  [n1] runtime stats: 176 MiB RSS, 169 goroutines, 56 MiB/60 MiB/119 MiB GO alloc/idle/total, 20 MiB/26 MiB CGO alloc/total, 29.9 CGO/sec, 0.5/0.2 %(u/s)time, 0.0 %gc (0x), 1.0 KiB/1.0 KiB (r/w)net
I210322 23:35:53.370075 131 gossip/gossip.go:567  [n1] gossip status (ok, 1 node)
gossip client (0/3 cur/max conns)
gossip server (0/3 cur/max conns, infos 0/0 sent/received, bytes 0B/0B sent/received)
I210322 23:35:53.382890 127 server/status/runtime.go:498  [n1] runtime stats: 176 MiB RSS, 169 goroutines, 63 MiB/54 MiB/119 MiB GO alloc/idle/total, 20 MiB/26 MiB CGO alloc/total, 24.3 CGO/sec, 0.5/0.3 %(u/s)time, 0.0 %gc (0x), 1.4 KiB/1.2 KiB (r/w)net
I210322 23:36:03.383275 127 server/status/runtime.go:498  [n1] runtime stats: 176 MiB RSS, 168 goroutines, 70 MiB/48 MiB/119 MiB GO alloc/idle/total, 20 MiB/26 MiB CGO alloc/total, 55.4 CGO/sec, 0.7/0.3 %(u/s)time, 0.0 %gc (0x), 2.0 KiB/2.0 KiB (r/w)net
I210322 23:36:13.383232 127 server/status/runtime.go:498  [n1] runtime stats: 176 MiB RSS, 168 goroutines, 77 MiB/42 MiB/119 MiB GO alloc/idle/total, 20 MiB/26 MiB CGO alloc/total, 41.4 CGO/sec, 0.6/0.2 %(u/s)time, 0.0 %gc (0x), 1.0 KiB/1.0 KiB (r/w)net
I210322 23:36:23.383505 127 server/status/runtime.go:498  [n1] runtime stats: 177 MiB RSS, 168 goroutines, 84 MiB/36 MiB/119 MiB GO alloc/idle/total, 20 MiB/26 MiB CGO alloc/total, 30.0 CGO/sec, 0.6/0.3 %(u/s)time, 0.0 %gc (0x), 1.0 KiB/1.0 KiB (r/w)net
I210322 23:36:33.383985 127 server/status/runtime.go:498  [n1] runtime stats: 177 MiB RSS, 169 goroutines, 90 MiB/30 MiB/119 MiB GO alloc/idle/total, 20 MiB/26 MiB CGO alloc/total, 26.6 CGO/sec, 0.5/0.2 %(u/s)time, 0.0 %gc (0x), 1.4 KiB/1.4 KiB (r/w)net
I210322 23:36:43.384455 127 server/status/runtime.go:498  [n1] runtime stats: 178 MiB RSS, 169 goroutines, 52 MiB/62 MiB/119 MiB GO alloc/idle/total, 20 MiB/26 MiB CGO alloc/total, 31.0 CGO/sec, 0.7/0.2 %(u/s)time, 0.0 %gc (1x), 1.2 KiB/1.2 KiB (r/w)net
I210322 23:36:53.369165 131 gossip/gossip.go:567  [n1] gossip status (ok, 1 node)
gossip client (0/3 cur/max conns)
gossip server (0/3 cur/max conns, infos 0/0 sent/received, bytes 0B/0B sent/received)
I210322 23:36:53.384358 127 server/status/runtime.go:498  [n1] runtime stats: 178 MiB RSS, 169 goroutines, 59 MiB/57 MiB/119 MiB GO alloc/idle/total, 20 MiB/26 MiB CGO alloc/total, 24.2 CGO/sec, 0.5/0.3 %(u/s)time, 0.0 %gc (0x), 1.4 KiB/1.2 KiB (r/w)net
I210322 23:37:03.385471 127 server/status/runtime.go:498  [n1] runtime stats: 178 MiB RSS, 168 goroutines, 66 MiB/51 MiB/119 MiB GO alloc/idle/total, 20 MiB/26 MiB CGO alloc/total, 54.6 CGO/sec, 0.6/0.2 %(u/s)time, 0.0 %gc (0x), 2.1 KiB/2.0 KiB (r/w)net
I210322 23:37:13.385166 127 server/status/runtime.go:498  [n1] runtime stats: 178 MiB RSS, 168 goroutines, 73 MiB/45 MiB/119 MiB GO alloc/idle/total, 20 MiB/26 MiB CGO alloc/total, 27.8 CGO/sec, 0.5/0.3 %(u/s)time, 0.0 %gc (0x), 1.2 KiB/1.2 KiB (r/w)net
I210322 23:37:23.385631 127 server/status/runtime.go:498  [n1] runtime stats: 178 MiB RSS, 168 goroutines, 80 MiB/39 MiB/119 MiB GO alloc/idle/total, 20 MiB/26 MiB CGO alloc/total, 24.0 CGO/sec, 0.5/0.3 %(u/s)time, 0.0 %gc (0x), 1.0 KiB/1.0 KiB (r/w)net
I210322 23:37:33.386898 127 server/status/runtime.go:498  [n1] runtime stats: 178 MiB RSS, 169 goroutines, 86 MiB/33 MiB/119 MiB GO alloc/idle/total, 20 MiB/26 MiB CGO alloc/total, 31.0 CGO/sec, 0.5/0.2 %(u/s)time, 0.0 %gc (0x), 1.4 KiB/1.4 KiB (r/w)net
I210322 23:37:43.386787 127 server/status/runtime.go:498  [n1] runtime stats: 179 MiB RSS, 169 goroutines, 93 MiB/27 MiB/119 MiB GO alloc/idle/total, 20 MiB/26 MiB CGO alloc/total, 24.0 CGO/sec, 0.4/0.2 %(u/s)time, 0.0 %gc (0x), 1.0 KiB/1.0 KiB (r/w)net
I210322 23:37:53.369263 131 gossip/gossip.go:567  [n1] gossip status (ok, 1 node)
gossip client (0/3 cur/max conns)
gossip server (0/3 cur/max conns, infos 0/0 sent/received, bytes 0B/0B sent/received)
I210322 23:37:53.386868 127 server/status/runtime.go:498  [n1] runtime stats: 179 MiB RSS, 169 goroutines, 49 MiB/65 MiB/119 MiB GO alloc/idle/total, 20 MiB/26 MiB CGO alloc/total, 27.8 CGO/sec, 0.6/0.3 %(u/s)time, 0.0 %gc (1x), 1.4 KiB/1.3 KiB (r/w)net
I210322 23:38:03.388273 127 server/status/runtime.go:498  [n1] runtime stats: 180 MiB RSS, 168 goroutines, 57 MiB/60 MiB/119 MiB GO alloc/idle/total, 20 MiB/26 MiB CGO alloc/total, 54.2 CGO/sec, 0.5/0.3 %(u/s)time, 0.0 %gc (0x), 2.0 KiB/2.0 KiB (r/w)net
I210322 23:38:13.388110 127 server/status/runtime.go:498  [n1] runtime stats: 180 MiB RSS, 168 goroutines, 63 MiB/54 MiB/119 MiB GO alloc/idle/total, 20 MiB/26 MiB CGO alloc/total, 28.2 CGO/sec, 0.5/0.2 %(u/s)time, 0.0 %gc (0x), 1.0 KiB/1.0 KiB (r/w)net
I210322 23:38:23.388639 127 server/status/runtime.go:498  [n1] runtime stats: 180 MiB RSS, 168 goroutines, 70 MiB/48 MiB/119 MiB GO alloc/idle/total, 20 MiB/26 MiB CGO alloc/total, 21.9 CGO/sec, 0.5/0.3 %(u/s)time, 0.0 %gc (0x), 1.0 KiB/1.0 KiB (r/w)net
I210322 23:38:33.389325 127 server/status/runtime.go:498  [n1] runtime stats: 180 MiB RSS, 169 goroutines, 77 MiB/42 MiB/119 MiB GO alloc/idle/total, 20 MiB/26 MiB CGO alloc/total, 44.3 CGO/sec, 0.5/0.3 %(u/s)time, 0.0 %gc (0x), 1.4 KiB/1.4 KiB (r/w)net
I210322 23:38:43.389640 127 server/status/runtime.go:498  [n1] runtime stats: 180 MiB RSS, 169 goroutines, 84 MiB/36 MiB/119 MiB GO alloc/idle/total, 20 MiB/26 MiB CGO alloc/total, 30.8 CGO/sec, 0.5/0.3 %(u/s)time, 0.0 %gc (0x), 1.0 KiB/1.0 KiB (r/w)net
I210322 23:38:53.367814 131 gossip/gossip.go:567  [n1] gossip status (ok, 1 node)
gossip client (0/3 cur/max conns)
gossip server (0/3 cur/max conns, infos 0/0 sent/received, bytes 0B/0B sent/received)
I210322 23:38:53.389418 127 server/status/runtime.go:498  [n1] runtime stats: 181 MiB RSS, 169 goroutines, 90 MiB/30 MiB/119 MiB GO alloc/idle/total, 20 MiB/26 MiB CGO alloc/total, 29.4 CGO/sec, 0.5/0.2 %(u/s)time, 0.0 %gc (0x), 1.4 KiB/1.3 KiB (r/w)net
E210322 23:38:53.399735 258 kv/kvserver/queue.go:1204  [n1,replicate] 43 replicas failing with "0 of 1 live stores are able to take a new replica for the range (1 already has a replica); likely not enough nodes in cluster"
I210322 23:39:03.391257 127 server/status/runtime.go:498  [n1] runtime stats: 181 MiB RSS, 168 goroutines, 53 MiB/62 MiB/119 MiB GO alloc/idle/total, 20 MiB/26 MiB CGO alloc/total, 63.1 CGO/sec, 0.9/0.3 %(u/s)time, 0.0 %gc (1x), 2.0 KiB/2.0 KiB (r/w)net
I210322 23:39:13.371467 130 kv/kvserver/store.go:2470  [n1,s1] sstables (read amplification = 2):
0 [ 238K 1 ]: 238K
6 [ 696K 1 ]: 696K
I210322 23:39:13.371565 130 kv/kvserver/store.go:2471  [n1,s1] 
** Compaction Stats [default] **
Level    Files   Size     Score Read(GB)  Rn(GB) Rnp1(GB) Write(GB) Wnew(GB) Moved(GB) W-Amp Rd(MB/s) Wr(MB/s) Comp(sec) CompMergeCPU(sec) Comp(cnt) Avg(sec) KeyIn KeyDrop
----------------------------------------------------------------------------------------------------------------------------------------------------------------------------
  L0      1/0   237.78 KB   0.5      0.0     0.0      0.0       0.0      0.0       0.0   1.0      0.0      1.0      0.22              0.00         1    0.224       0      0
  L6      1/0   696.46 KB   0.0      0.0     0.0      0.0       0.0      0.0       0.0   0.0      0.0      0.0      0.00              0.00         0    0.000       0      0
 Sum      2/0   934.24 KB   0.0      0.0     0.0      0.0       0.0      0.0       0.0   1.0      0.0      1.0      0.22              0.00         1    0.224       0      0
 Int      0/0    0.00 KB   0.0      0.0     0.0      0.0       0.0      0.0       0.0   0.0      0.0      0.0      0.00              0.00         0    0.000       0      0

** Compaction Stats [default] **
Priority    Files   Size     Score Read(GB)  Rn(GB) Rnp1(GB) Write(GB) Wnew(GB) Moved(GB) W-Amp Rd(MB/s) Wr(MB/s) Comp(sec) CompMergeCPU(sec) Comp(cnt) Avg(sec) KeyIn KeyDrop
-------------------------------------------------------------------------------------------------------------------------------------------------------------------------------
User      0/0    0.00 KB   0.0      0.0     0.0      0.0       0.0      0.0       0.0   0.0      0.0      1.0      0.22              0.00         1    0.224       0      0
Uptime(secs): 620.7 total, 600.0 interval
Flush(GB): cumulative 0.000, interval 0.000
AddFile(GB): cumulative 0.000, interval 0.000
AddFile(Total Files): cumulative 0, interval 0
AddFile(L0 Files): cumulative 0, interval 0
AddFile(Keys): cumulative 0, interval 0
Cumulative compaction: 0.00 GB write, 0.00 MB/s write, 0.00 GB read, 0.00 MB/s read, 0.2 seconds
Interval compaction: 0.00 GB write, 0.00 MB/s write, 0.00 GB read, 0.00 MB/s read, 0.0 seconds
Stalls(count): 0 level0_slowdown, 0 level0_slowdown_with_compaction, 0 level0_numfiles, 0 level0_numfiles_with_compaction, 0 stop for pending_compaction_bytes, 0 slowdown for pending_compaction_bytes, 0 memtable_compaction, 0 memtable_slowdown, interval 0 total count
estimated_pending_compaction_bytes: 0 B
I210322 23:39:13.391278 127 server/status/runtime.go:498  [n1] runtime stats: 181 MiB RSS, 168 goroutines, 59 MiB/57 MiB/119 MiB GO alloc/idle/total, 20 MiB/26 MiB CGO alloc/total, 26.6 CGO/sec, 0.5/0.2 %(u/s)time, 0.0 %gc (0x), 1.0 KiB/1.0 KiB (r/w)net
I210322 23:39:23.391902 127 server/status/runtime.go:498  [n1] runtime stats: 181 MiB RSS, 168 goroutines, 66 MiB/51 MiB/119 MiB GO alloc/idle/total, 20 MiB/26 MiB CGO alloc/total, 29.9 CGO/sec, 0.5/0.2 %(u/s)time, 0.0 %gc (0x), 1.0 KiB/1.0 KiB (r/w)net
I210322 23:39:33.392928 127 server/status/runtime.go:498  [n1] runtime stats: 182 MiB RSS, 169 goroutines, 73 MiB/46 MiB/119 MiB GO alloc/idle/total, 20 MiB/26 MiB CGO alloc/total, 28.7 CGO/sec, 0.5/0.3 %(u/s)time, 0.0 %gc (0x), 1.4 KiB/1.4 KiB (r/w)net
I210322 23:39:43.392548 127 server/status/runtime.go:498  [n1] runtime stats: 182 MiB RSS, 169 goroutines, 79 MiB/40 MiB/119 MiB GO alloc/idle/total, 20 MiB/26 MiB CGO alloc/total, 27.8 CGO/sec, 0.4/0.3 %(u/s)time, 0.0 %gc (0x), 1.0 KiB/1.0 KiB (r/w)net
I210322 23:39:53.367314 131 gossip/gossip.go:567  [n1] gossip status (ok, 1 node)
gossip client (0/3 cur/max conns)
gossip server (0/3 cur/max conns, infos 0/0 sent/received, bytes 0B/0B sent/received)
I210322 23:39:53.392859 127 server/status/runtime.go:498  [n1] runtime stats: 182 MiB RSS, 169 goroutines, 86 MiB/34 MiB/119 MiB GO alloc/idle/total, 20 MiB/26 MiB CGO alloc/total, 24.2 CGO/sec, 0.4/0.3 %(u/s)time, 0.0 %gc (0x), 1.4 KiB/1.2 KiB (r/w)net
I210322 23:40:03.393875 127 server/status/runtime.go:498  [n1] runtime stats: 182 MiB RSS, 168 goroutines, 94 MiB/27 MiB/119 MiB GO alloc/idle/total, 28 MiB/34 MiB CGO alloc/total, 56.8 CGO/sec, 0.6/0.3 %(u/s)time, 0.0 %gc (0x), 2.0 KiB/2.0 KiB (r/w)net
I210322 23:40:13.395146 127 server/status/runtime.go:498  [n1] runtime stats: 182 MiB RSS, 168 goroutines, 52 MiB/62 MiB/119 MiB GO alloc/idle/total, 28 MiB/34 MiB CGO alloc/total, 29.7 CGO/sec, 0.7/0.2 %(u/s)time, 0.0 %gc (1x), 1.2 KiB/1.2 KiB (r/w)net
I210322 23:40:23.396331 127 server/status/runtime.go:498  [n1] runtime stats: 182 MiB RSS, 168 goroutines, 58 MiB/57 MiB/119 MiB GO alloc/idle/total, 28 MiB/34 MiB CGO alloc/total, 23.8 CGO/sec, 0.5/0.2 %(u/s)time, 0.0 %gc (0x), 1.0 KiB/1.0 KiB (r/w)net
I210322 23:40:33.396091 127 server/status/runtime.go:498  [n1] runtime stats: 183 MiB RSS, 169 goroutines, 65 MiB/52 MiB/119 MiB GO alloc/idle/total, 28 MiB/34 MiB CGO alloc/total, 28.9 CGO/sec, 0.6/0.2 %(u/s)time, 0.0 %gc (0x), 1.4 KiB/1.4 KiB (r/w)net
I210322 23:40:43.397458 127 server/status/runtime.go:498  [n1] runtime stats: 183 MiB RSS, 169 goroutines, 71 MiB/46 MiB/119 MiB GO alloc/idle/total, 28 MiB/34 MiB CGO alloc/total, 26.3 CGO/sec, 0.5/0.2 %(u/s)time, 0.0 %gc (0x), 1.0 KiB/1.0 KiB (r/w)net
I210322 23:40:53.366897 131 gossip/gossip.go:567  [n1] gossip status (ok, 1 node)
gossip client (0/3 cur/max conns)
gossip server (0/3 cur/max conns, infos 0/0 sent/received, bytes 0B/0B sent/received)
I210322 23:40:53.408836 127 server/status/runtime.go:498  [n1] runtime stats: 183 MiB RSS, 169 goroutines, 82 MiB/36 MiB/119 MiB GO alloc/idle/total, 28 MiB/34 MiB CGO alloc/total, 30.1 CGO/sec, 0.7/0.2 %(u/s)time, 0.0 %gc (0x), 1.4 KiB/1.2 KiB (r/w)net
I210322 23:41:03.406259 127 server/status/runtime.go:498  [n1] runtime stats: 184 MiB RSS, 168 goroutines, 90 MiB/30 MiB/119 MiB GO alloc/idle/total, 28 MiB/34 MiB CGO alloc/total, 69.0 CGO/sec, 0.6/0.3 %(u/s)time, 0.0 %gc (0x), 1.4 KiB/1.4 KiB (r/w)net
I210322 23:41:13.409258 127 server/status/runtime.go:498  [n1] runtime stats: 184 MiB RSS, 168 goroutines, 97 MiB/23 MiB/119 MiB GO alloc/idle/total, 28 MiB/34 MiB CGO alloc/total, 30.0 CGO/sec, 0.6/0.3 %(u/s)time, 0.0 %gc (0x), 1.6 KiB/1.6 KiB (r/w)net
I210322 23:41:23.409981 127 server/status/runtime.go:498  [n1] runtime stats: 184 MiB RSS, 168 goroutines, 58 MiB/56 MiB/119 MiB GO alloc/idle/total, 28 MiB/34 MiB CGO alloc/total, 27.4 CGO/sec, 0.7/0.4 %(u/s)time, 0.0 %gc (1x), 1.0 KiB/1.0 KiB (r/w)net
I210322 23:41:33.410355 127 server/status/runtime.go:498  [n1] runtime stats: 185 MiB RSS, 171 goroutines, 65 MiB/51 MiB/119 MiB GO alloc/idle/total, 28 MiB/34 MiB CGO alloc/total, 26.5 CGO/sec, 0.5/0.2 %(u/s)time, 0.0 %gc (0x), 1.4 KiB/1.4 KiB (r/w)net
I210322 23:41:43.410051 127 server/status/runtime.go:498  [n1] runtime stats: 185 MiB RSS, 169 goroutines, 71 MiB/45 MiB/119 MiB GO alloc/idle/total, 28 MiB/34 MiB CGO alloc/total, 24.9 CGO/sec, 0.5/0.2 %(u/s)time, 0.0 %gc (0x), 1.0 KiB/1.0 KiB (r/w)net
I210322 23:41:53.366934 131 gossip/gossip.go:567  [n1] gossip status (ok, 1 node)
gossip client (0/3 cur/max conns)
gossip server (0/3 cur/max conns, infos 0/0 sent/received, bytes 0B/0B sent/received)
I210322 23:41:53.416423 127 server/status/runtime.go:498  [n1] runtime stats: 185 MiB RSS, 170 goroutines, 78 MiB/39 MiB/119 MiB GO alloc/idle/total, 28 MiB/34 MiB CGO alloc/total, 28.7 CGO/sec, 0.7/0.2 %(u/s)time, 0.0 %gc (0x), 1.4 KiB/1.2 KiB (r/w)net
I210322 23:42:03.414509 127 server/status/runtime.go:498  [n1] runtime stats: 186 MiB RSS, 169 goroutines, 86 MiB/33 MiB/119 MiB GO alloc/idle/total, 28 MiB/34 MiB CGO alloc/total, 55.1 CGO/sec, 0.7/0.4 %(u/s)time, 0.0 %gc (0x), 1.4 KiB/1.4 KiB (r/w)net
