I210322 23:04:38.657967 1 util/log/sync_buffer.go:70  [config] file created at: 2021/03/22 23:04:38
I210322 23:04:38.657967 1 util/log/sync_buffer.go:70  [config] running on machine: 6c8f11fd866f
I210322 23:04:38.657967 1 util/log/sync_buffer.go:70  [config] binary: CockroachDB CCL v20.1.1 (x86_64-unknown-linux-gnu, built 2020/05/19 14:46:06, go1.13.9)
I210322 23:04:38.657967 1 util/log/sync_buffer.go:70  [config] arguments: [/cockroach/cockroach start --insecure]
I210322 23:04:38.657967 1 util/log/sync_buffer.go:70  line format: [IWEF]yymmdd hh:mm:ss.uuuuuu goid file:line msg utf8=✓
I210322 23:04:38.657965 1 cli/start.go:1223  logging to directory /cockroach/cockroach-data/logs
W210322 23:04:38.663978 1 cli/start.go:1272  RUNNING IN INSECURE MODE!

- Your cluster is open for any client that can access <all your IP addresses>.
- Any user, even root, can log in without providing a password.
- Any user, connecting as root, can read or write any data in your cluster.
- There is no network encryption nor authentication, and thus no confidentiality.

Check out how to secure your cluster: https://www.cockroachlabs.com/docs/v20.1/secure-a-cluster.html
I210322 23:04:38.664216 1 server/status/recorder.go:597  available memory from cgroups (8.0 EiB) is unsupported, using system memory 1.9 GiB instead: 
W210322 23:04:38.664225 1 cli/start.go:1144  Using the default setting for --cache (128 MiB).
  A significantly larger value is usually needed for good performance.
  If you have a dedicated server a reasonable setting is --cache=.25 (497 MiB).
I210322 23:04:38.664427 1 server/status/recorder.go:597  available memory from cgroups (8.0 EiB) is unsupported, using system memory 1.9 GiB instead: 
I210322 23:04:38.664434 1 cli/start.go:1286  CockroachDB CCL v20.1.1 (x86_64-unknown-linux-gnu, built 2020/05/19 14:46:06, go1.13.9)
W210322 23:04:38.673406 1 cli/start.go:548  running 'cockroach start' without --join is deprecated.
Consider using 'cockroach start-single-node' or 'cockroach init' instead.
I210322 23:04:38.691501 1 server/status/recorder.go:597  available memory from cgroups (8.0 EiB) is unsupported, using system memory 1.9 GiB instead: 
I210322 23:04:38.691526 1 server/config.go:404  system total memory: 1.9 GiB
I210322 23:04:38.691559 1 server/config.go:406  server configuration:
max offset             500000000
cache size             128 MiB
SQL memory pool size   497 MiB
scan interval          10m0s
scan min idle time     10ms
scan max idle time     1s
event log enabled      true
I210322 23:04:38.691570 1 cli/start.go:1122  using local environment variables: COCKROACH_CHANNEL=official-docker
I210322 23:04:38.691578 1 cli/start.go:1129  process identity: uid 0 euid 0 gid 0 egid 0
I210322 23:04:38.691630 1 cli/start.go:697  starting cockroach node
I210322 23:04:38.695363 34 storage/rocksdb.go:606  opening rocksdb instance at "/cockroach/cockroach-data/cockroach-temp492620265"
I210322 23:04:38.757696 34 server/server.go:1065  [n?] monitoring forward clock jumps based on server.clock.forward_jump_check_enabled
I210322 23:04:38.758624 34 storage/rocksdb.go:606  opening rocksdb instance at "/cockroach/cockroach-data"
I210322 23:04:38.829556 34 server/config.go:578  [n?] 1 storage engine initialized
I210322 23:04:38.829563 34 server/config.go:581  [n?] RocksDB cache size: 128 MiB
I210322 23:04:38.829567 34 server/config.go:581  [n?] store 0: RocksDB, max size 0 B, max open file limit 1043576
W210322 23:04:38.845758 34 cli/start.go:1068  neither --listen-addr nor --advertise-addr was specified.
The server will advertise "6c8f11fd866f" to other nodes, is this routable?

Consider using:
- for local-only servers:  --listen-addr=localhost
- for multi-node clusters: --advertise-addr=<host/IP addr>
I210322 23:04:38.849573 34 server/server.go:1111  [n?] Sleeping till wall time 1616454278849541456 to catches up to 1616454279257676041 to ensure monotonicity. Delta: 408.134585ms
I210322 23:04:39.258657 34 gossip/gossip.go:395  [n1] NodeDescriptor set to node_id:1 address:<network_field:"tcp" address_field:"6c8f11fd866f:26257" > attrs:<> locality:<> ServerVersion:<major_val:20 minor_val:1 patch:0 unstable:0 > build_tag:"v20.1.1" started_at:1616454279258370066 cluster_name:"" sql_address:<network_field:"tcp" address_field:"6c8f11fd866f:26257" > 
W210322 23:04:39.291979 116 kv/kvserver/replica_range_lease.go:554  can't determine lease status due to node liveness error: node not in the liveness table
github.com/cockroachdb/cockroach/pkg/kv/kvserver.init
	/go/src/github.com/cockroachdb/cockroach/pkg/kv/kvserver/node_liveness.go:44
runtime.doInit
	/usr/local/go/src/runtime/proc.go:5222
runtime.doInit
	/usr/local/go/src/runtime/proc.go:5217
runtime.doInit
	/usr/local/go/src/runtime/proc.go:5217
runtime.doInit
	/usr/local/go/src/runtime/proc.go:5217
runtime.main
	/usr/local/go/src/runtime/proc.go:190
runtime.goexit
	/usr/local/go/src/runtime/asm_amd64.s:1357
W210322 23:04:39.292005 116 kv/kvserver/store.go:1627  [n1,s1,r6/1:/Table/{SystemCon…-11}] could not gossip system config: [NotLeaseHolderError] r6: replica (n1,s1):1 not lease holder; lease holder unknown
I210322 23:04:39.305138 34 server/node.go:428  [n1] initialized store [n1,s1]: disk (capacity=38 TiB, available=4.7 TiB, used=1.4 MiB, logicalBytes=18 MiB), ranges=37, leases=2, queries=0.00, writes=0.00, bytesPerReplica={p10=0.00 p25=0.00 p50=111.00 p75=3665.00 p90=17171.00 pMax=18430447.00}, writesPerReplica={p10=0.00 p25=0.00 p50=0.00 p75=0.00 p90=0.00 pMax=0.00}
I210322 23:04:39.305303 34 kv/kvserver/stores.go:247  [n1] read 0 node addresses from persistent storage
I210322 23:04:39.305413 34 server/node.go:649  [n1] connecting to gossip network to verify cluster ID...
I210322 23:04:39.305426 34 server/node.go:669  [n1] node connected via gossip and verified as part of cluster "f76578ca-4b1c-409d-839e-f9815b7450ce"
I210322 23:04:39.305522 34 server/node.go:512  [n1] node=1: started with [<no-attributes>=/cockroach/cockroach-data] engine(s) and attributes []
I210322 23:04:39.307004 34 server/server.go:1636  [n1] starting http server at [::]:8080 (use: 6c8f11fd866f:8080)
I210322 23:04:39.307013 34 server/server.go:1643  [n1] starting grpc/postgres server at [::]:26257
I210322 23:04:39.307022 34 server/server.go:1644  [n1] advertising CockroachDB node at 6c8f11fd866f:26257
I210322 23:04:39.309411 137 sql/temporary_schema.go:459  [n1] running temporary object cleanup background job
I210322 23:04:39.317849 137 sql/temporary_schema.go:494  [n1] found 0 temporary schemas
I210322 23:04:39.317893 137 sql/temporary_schema.go:497  [n1] early exiting temporary schema cleaner as no temporary schemas were found
I210322 23:04:39.317900 137 sql/temporary_schema.go:498  [n1] completed temporary object cleanup job
I210322 23:04:39.317912 137 sql/temporary_schema.go:575  [n1] temporary object cleaner next scheduled to run at 2021-03-22 23:34:39.309220743 +0000 UTC
I210322 23:04:39.333912 34 server/server.go:1777  [n1] done ensuring all necessary migrations have run
I210322 23:04:39.333922 34 server/server.go:2019  [n1] serving sql connections
I210322 23:04:39.334133 34 cli/start.go:857  [config] clusterID: f76578ca-4b1c-409d-839e-f9815b7450ce
I210322 23:04:39.334146 34 cli/start.go:866  node startup completed:
CockroachDB node starting at 2021-03-22 23:04:39.333943426 +0000 UTC (took 0.7s)
build:               CCL v20.1.1 @ 2020/05/19 14:46:06 (go1.13.9)
webui:               http://6c8f11fd866f:8080
sql:                 postgresql://root@6c8f11fd866f:26257?sslmode=disable
RPC client flags:    /cockroach/cockroach <client cmd> --host=6c8f11fd866f:26257 --insecure
logs:                /cockroach/cockroach-data/logs
temp dir:            /cockroach/cockroach-data/cockroach-temp492620265
external I/O path:   /cockroach/cockroach-data/extern
store[0]:            path=/cockroach/cockroach-data
storage engine:      rocksdb
status:              restarted pre-existing node
clusterID:           f76578ca-4b1c-409d-839e-f9815b7450ce
nodeID:              1
I210322 23:04:39.338465 264 sqlmigrations/migrations.go:668  [n1] starting wait for upgrade finalization before schema change job migration
I210322 23:04:39.339283 264 sqlmigrations/migrations.go:694  [n1] schema change job migration already complete
I210322 23:04:39.355774 262 server/server_update.go:55  [n1] no need to upgrade, cluster already at the newest version
I210322 23:04:39.364678 265 sql/event_log.go:132  [n1] Event: "node_restart", target: 1, info: {Descriptor:{NodeID:1 Address:6c8f11fd866f:26257 Attrs: Locality: ServerVersion:20.1 BuildTag:v20.1.1 StartedAt:1616454279258370066 LocalityAddress:[] ClusterName: SQLAddress:6c8f11fd866f:26257} ClusterID:f76578ca-4b1c-409d-839e-f9815b7450ce StartedAt:1616454279258370066 LastUp:1616454276300716751}
I210322 23:04:39.375729 256 sql/sqlbase/structured.go:1554  [n1,client=172.18.0.3:52630,hostnossl,user=root] publish: descID=58 (flyway_schema_history) version=5 mtime=1970-01-01 00:00:00 +0000 UTC
I210322 23:04:39.382585 256 sql/event_log.go:132  [n1,client=172.18.0.3:52630,hostnossl,user=root] Event: "drop_database", target: 57, info: {DatabaseName:cardsagainsthumanity Statement:DROP DATABASE IF EXISTS cardsagainsthumanity User:root DroppedSchemaObjects:[cardsagainsthumanity.public.flyway_schema_history]}
I210322 23:04:39.382626 256 jobs/registry.go:285  [n1,client=172.18.0.3:52630,hostnossl,user=root] scheduled jobs [643510695908966401]
I210322 23:04:39.385360 414 kv/kvserver/replica_command.go:663  [n1,merge,s1,r53/1:/Table/58{-/2}] initiating a merge of r54:/{Table/58/2-Max} [(n1,s1):1, next=2, gen=8] into this range (lhs+rhs has (size=574 B+111 B=685 B qps=0.00+0.00=0.00qps) below threshold (size=128 MiB, qps=1250.00))
I210322 23:04:39.398126 104 kv/kvserver/store_remove_replica.go:122  [n1,s1,r53/1:/Table/58{-/2}] removing replica r54/1
I210322 23:04:39.405045 261 jobs/registry.go:1187  job 643510695908966401: resuming execution
I210322 23:04:39.410006 473 jobs/registry.go:806  [n1] job 643510695908966401: stepping through state running with error <nil>
I210322 23:04:39.410172 473 sql/schema_changer.go:418  [n1,job=643510695908966401,scExec] schema change on flyway_schema_history (58 v5) mutation 0 starting execution...
I210322 23:04:39.411374 473 sql/sqlbase/structured.go:1554  [n1,job=643510695908966401,scExec] publish: descID=58 (flyway_schema_history) version=6 mtime=1970-01-01 00:00:00 +0000 UTC
I210322 23:04:39.412660 261 jobs/registry.go:1187  job 643510494621204481: resuming execution
I210322 23:04:39.414146 473 sql/schema_changer.go:706  [n1,job=643510695908966401,scExec] waiting for a single version of table 58...
I210322 23:04:39.415612 473 sql/schema_changer.go:708  [n1,job=643510695908966401,scExec] waiting for a single version of table 58... done (at v 6)
I210322 23:04:39.416705 261 jobs/registry.go:1187  job 643510223130984449: resuming execution
I210322 23:04:39.416798 489 jobs/registry.go:806  [n1] job 643510494621204481: stepping through state running with error <nil>
I210322 23:04:39.419102 515 jobs/registry.go:806  [n1] job 643510223130984449: stepping through state running with error <nil>
I210322 23:04:39.423861 473 jobs/registry.go:806  [n1] job 643510695908966401: stepping through state succeeded with error <nil>
I210322 23:04:39.426307 524 jobs/registry.go:806  [n1] job 643510696069103617: stepping through state running with error <nil>
I210322 23:04:39.428458 473 jobs/registry.go:961  [n1] job 643510695908966401: status succeeded after adoption finished
I210322 23:04:39.445682 256 sql/event_log.go:132  [n1,client=172.18.0.3:52630,hostnossl,user=root] Event: "create_database", target: 59, info: {DatabaseName:cardsagainsthumanity Statement:CREATE DATABASE IF NOT EXISTS cardsagainsthumanity User:root}
I210322 23:04:40.382845 49 gossip/gossip.go:1527  [n1] node has connected to cluster via gossip
I210322 23:04:40.382983 49 kv/kvserver/stores.go:266  [n1] wrote 0 node addresses to persistent storage
I210322 23:04:40.964092 267 server/updates.go:268  [n1] A new version is available: 20.2.6, details: https://www.cockroachlabs.com/docs/releases/v20.2.6.html
I210322 23:04:44.339168 891 sql/event_log.go:132  [n1,client=172.18.0.1:64804,hostnossl,user=dev] Event: "create_table", target: 60, info: {TableName:cardsagainsthumanity.public.flyway_schema_history Statement:CREATE TABLE IF NOT EXISTS cardsagainsthumanity.public.flyway_schema_history (installed_rank INT8 NOT NULL PRIMARY KEY, version VARCHAR(50), description VARCHAR(200) NOT NULL, type VARCHAR(20) NOT NULL, script VARCHAR(1000) NOT NULL, checksum INT8, installed_by VARCHAR(100) NOT NULL, installed_on TIMESTAMP NOT NULL DEFAULT now(), execution_time INT8 NOT NULL, success BOOL NOT NULL) User:dev}
I210322 23:04:44.341678 1004 kv/kvserver/replica_command.go:397  [n1,split,s1,r53/1:/{Table/58-Max}] initiating a split of this range at key /Table/60 [r63] (zone config)
I210322 23:04:44.358690 891 sql/table.go:991  [n1,client=172.18.0.1:64804,hostnossl,user=dev] queued new schema change job 643510712263180289 for table 60, mutation 1
I210322 23:04:44.358739 891 sql/sqlbase/structured.go:1554  [n1,client=172.18.0.1:64804,hostnossl,user=dev] publish: descID=60 (flyway_schema_history) version=2 mtime=1970-01-01 00:00:00 +0000 UTC
I210322 23:04:44.373601 891 sql/event_log.go:132  [n1,client=172.18.0.1:64804,hostnossl,user=dev] Event: "create_index", target: 60, info: {TableName:cardsagainsthumanity.public.flyway_schema_history IndexName:flyway_schema_history_s_idx Statement:CREATE INDEX IF NOT EXISTS flyway_schema_history_s_idx ON cardsagainsthumanity.public.flyway_schema_history (success) User:dev MutationID:1}
I210322 23:04:44.373621 891 jobs/registry.go:285  [n1,client=172.18.0.1:64804,hostnossl,user=dev] scheduled jobs [643510712263180289]
I210322 23:04:44.393644 261 jobs/registry.go:1187  job 643510712263180289: resuming execution
I210322 23:04:44.401730 1119 jobs/registry.go:806  [n1] job 643510712263180289: stepping through state running with error <nil>
I210322 23:04:44.401940 1119 sql/schema_changer.go:418  [n1,job=643510712263180289,scExec] schema change on flyway_schema_history (60 v2) mutation 1 starting execution...
I210322 23:04:44.408138 1119 sql/sqlbase/structured.go:1554  [n1,job=643510712263180289,scExec] publish: descID=60 (flyway_schema_history) version=3 mtime=1970-01-01 00:00:00 +0000 UTC
I210322 23:04:44.412580 1119 sql/schema_changer.go:706  [n1,job=643510712263180289,scExec] waiting for a single version of table 60...
I210322 23:04:44.414373 1119 sql/schema_changer.go:708  [n1,job=643510712263180289,scExec] waiting for a single version of table 60... done (at v 3)
I210322 23:04:44.421446 1119 sql/backfill.go:171  [n1,job=643510712263180289,scExec] Running backfill for "flyway_schema_history", v=3, m=1
I210322 23:04:44.421571 1119 kv/kvserver/replica_command.go:397  [n1,s1,r63/1:/{Table/60-Max}] initiating a split of this range at key /Table/60/2 [r64] (manual)
I210322 23:04:44.450378 1299 sql/backfill.go:1199  [n1,job=643510712263180289,scExec] validation: index flyway_schema_history/flyway_schema_history_s_idx row count = 0, time so far 4.333941ms
I210322 23:04:44.450958 1300 sql/backfill.go:1243  [n1,job=643510712263180289,scExec] validation: table flyway_schema_history row count = 0, took 5.090439ms
I210322 23:04:44.450972 1119 sql/backfill.go:287  [n1,job=643510712263180289,scExec] Completed backfill for "flyway_schema_history", v=3, m=1
I210322 23:04:44.452478 1119 sql/sqlbase/structured.go:1554  [n1,job=643510712263180289,scExec] publish: descID=60 (flyway_schema_history) version=4 mtime=1970-01-01 00:00:00 +0000 UTC
I210322 23:04:44.455460 1119 sql/event_log.go:132  [n1,job=643510712263180289,scExec] Event: "finish_schema_change", target: 60, info: {MutationID:1}
I210322 23:04:44.455469 1119 sql/schema_changer.go:706  [n1,job=643510712263180289,scExec] waiting for a single version of table 60...
I210322 23:04:44.456776 1119 sql/lease.go:337  [n1,job=643510712263180289,scExec] waiting for 1 leases to expire: desc=[{flyway_schema_history 60 3}]
I210322 23:04:44.458774 1295 sql/lease.go:943  new lease: 60("flyway_schema_history") ver=4:1616454596.524009472,0, refcount=0
I210322 23:04:44.481090 1119 sql/schema_changer.go:708  [n1,job=643510712263180289,scExec] waiting for a single version of table 60... done (at v 4)
I210322 23:04:44.481121 1119 jobs/registry.go:806  [n1] job 643510712263180289: stepping through state succeeded with error <nil>
I210322 23:04:44.485588 1119 jobs/registry.go:961  [n1] job 643510712263180289: status succeeded after adoption finished
I210322 23:04:44.639428 917 sql/event_log.go:132  [n1,client=172.18.0.1:64808,hostnossl,user=dev] Event: "create_table", target: 61, info: {TableName:cardsagainsthumanity.public.users Statement:CREATE TABLE users (id UUID PRIMARY KEY DEFAULT gen_random_uuid(), name STRING, room_token STRING, room_leader BOOL NOT NULL) User:dev}
I210322 23:04:44.640773 1434 kv/kvserver/replica_command.go:397  [n1,split,s1,r64/1:/{Table/60/2-Max}] initiating a split of this range at key /Table/61 [r65] (zone config)
I210322 23:04:49.310269 139 server/status/runtime.go:498  [n1] runtime stats: 142 MiB RSS, 162 goroutines, 60 MiB/58 MiB/99 MiB GO alloc/idle/total, 14 MiB/16 MiB CGO alloc/total, 0.0 CGO/sec, 0.0/0.0 %(u/s)time, 0.0 %gc (9x), 56 KiB/54 KiB (r/w)net
I210322 23:04:54.400491 123 kv/kvserver/compactor/compactor.go:325  [n1,s1,compactor] purging suggested compaction for range /Table/58/2 - /Max that contains live data
I210322 23:04:59.310182 139 server/status/runtime.go:498  [n1] runtime stats: 144 MiB RSS, 162 goroutines, 69 MiB/50 MiB/99 MiB GO alloc/idle/total, 14 MiB/16 MiB CGO alloc/total, 44.6 CGO/sec, 0.8/0.4 %(u/s)time, 0.0 %gc (0x), 1.3 KiB/1.0 KiB (r/w)net
I210322 23:04:59.316470 133 kv/kvserver/store.go:2470  [n1,s1] sstables (read amplification = 2):
0 [  82K 1 ]: 82K
6 [ 609K 1 ]: 609K
I210322 23:04:59.316561 133 kv/kvserver/store.go:2471  [n1,s1] 
** Compaction Stats [default] **
Level    Files   Size     Score Read(GB)  Rn(GB) Rnp1(GB) Write(GB) Wnew(GB) Moved(GB) W-Amp Rd(MB/s) Wr(MB/s) Comp(sec) CompMergeCPU(sec) Comp(cnt) Avg(sec) KeyIn KeyDrop
----------------------------------------------------------------------------------------------------------------------------------------------------------------------------
  L0      1/0   81.80 KB   0.5      0.0     0.0      0.0       0.0      0.0       0.0   1.0      0.0      5.8      0.01              0.00         1    0.014       0      0
  L6      1/0   609.30 KB   0.0      0.0     0.0      0.0       0.0      0.0       0.0   0.0      0.0      0.0      0.00              0.00         0    0.000       0      0
 Sum      2/0   691.09 KB   0.0      0.0     0.0      0.0       0.0      0.0       0.0   1.0      0.0      5.8      0.01              0.00         1    0.014       0      0
 Int      0/0    0.00 KB   0.0      0.0     0.0      0.0       0.0      0.0       0.0   1.0      0.0      5.8      0.01              0.00         1    0.014       0      0

** Compaction Stats [default] **
Priority    Files   Size     Score Read(GB)  Rn(GB) Rnp1(GB) Write(GB) Wnew(GB) Moved(GB) W-Amp Rd(MB/s) Wr(MB/s) Comp(sec) CompMergeCPU(sec) Comp(cnt) Avg(sec) KeyIn KeyDrop
-------------------------------------------------------------------------------------------------------------------------------------------------------------------------------
User      0/0    0.00 KB   0.0      0.0     0.0      0.0       0.0      0.0       0.0   0.0      0.0      5.8      0.01              0.00         1    0.014       0      0
Uptime(secs): 20.5 total, 20.5 interval
Flush(GB): cumulative 0.000, interval 0.000
AddFile(GB): cumulative 0.000, interval 0.000
AddFile(Total Files): cumulative 0, interval 0
AddFile(L0 Files): cumulative 0, interval 0
AddFile(Keys): cumulative 0, interval 0
Cumulative compaction: 0.00 GB write, 0.00 MB/s write, 0.00 GB read, 0.00 MB/s read, 0.0 seconds
Interval compaction: 0.00 GB write, 0.00 MB/s write, 0.00 GB read, 0.00 MB/s read, 0.0 seconds
Stalls(count): 0 level0_slowdown, 0 level0_slowdown_with_compaction, 0 level0_numfiles, 0 level0_numfiles_with_compaction, 0 stop for pending_compaction_bytes, 0 slowdown for pending_compaction_bytes, 0 memtable_compaction, 0 memtable_slowdown, interval 0 total count
estimated_pending_compaction_bytes: 0 B
I210322 23:05:09.309912 139 server/status/runtime.go:498  [n1] runtime stats: 144 MiB RSS, 162 goroutines, 78 MiB/41 MiB/99 MiB GO alloc/idle/total, 14 MiB/17 MiB CGO alloc/total, 71.5 CGO/sec, 0.9/0.6 %(u/s)time, 0.0 %gc (0x), 1.8 KiB/1.4 KiB (r/w)net
I210322 23:05:19.310971 139 server/status/runtime.go:498  [n1] runtime stats: 147 MiB RSS, 163 goroutines, 87 MiB/33 MiB/103 MiB GO alloc/idle/total, 14 MiB/17 MiB CGO alloc/total, 47.0 CGO/sec, 0.8/0.4 %(u/s)time, 0.0 %gc (0x), 1.8 KiB/1.8 KiB (r/w)net
I210322 23:05:29.310311 139 server/status/runtime.go:498  [n1] runtime stats: 153 MiB RSS, 163 goroutines, 52 MiB/62 MiB/110 MiB GO alloc/idle/total, 14 MiB/17 MiB CGO alloc/total, 30.6 CGO/sec, 1.0/0.4 %(u/s)time, 0.0 %gc (1x), 1.7 KiB/1.5 KiB (r/w)net
I210322 23:05:39.305202 134 gossip/gossip.go:567  [n1] gossip status (ok, 1 node)
gossip client (0/3 cur/max conns)
gossip server (0/3 cur/max conns, infos 0/0 sent/received, bytes 0B/0B sent/received)
gossip connectivity
  n1 [sentinel];
I210322 23:05:39.309950 139 server/status/runtime.go:498  [n1] runtime stats: 153 MiB RSS, 164 goroutines, 59 MiB/57 MiB/110 MiB GO alloc/idle/total, 13 MiB/17 MiB CGO alloc/total, 36.0 CGO/sec, 0.6/0.3 %(u/s)time, 0.0 %gc (0x), 1.5 KiB/1.5 KiB (r/w)net
I210322 23:05:39.346988 2299 jobs/registry.go:806  [n1] job 643510892432785409: stepping through state running with error <nil>
I210322 23:05:39.374240 2299 jobs/registry.go:806  [n1] job 643510892432785409: stepping through state succeeded with error <nil>
I210322 23:05:39.378354 2299 jobs/registry.go:961  [n1] job 643510892432785409: status succeeded after adoption finished
I210322 23:05:39.386011 2357 jobs/registry.go:806  [n1] job 643510892558647297: stepping through state running with error <nil>
I210322 23:05:39.423826 2357 jobs/registry.go:806  [n1] job 643510892558647297: stepping through state succeeded with error <nil>
I210322 23:05:39.429211 2357 jobs/registry.go:961  [n1] job 643510892558647297: status succeeded after adoption finished
W210322 23:05:39.431036 1925 sql/stats/automatic_stats.go:458  failed to create statistics on table 58: create-stats: table is being dropped
I210322 23:05:49.310527 139 server/status/runtime.go:498  [n1] runtime stats: 155 MiB RSS, 162 goroutines, 78 MiB/45 MiB/110 MiB GO alloc/idle/total, 13 MiB/17 MiB CGO alloc/total, 320.7 CGO/sec, 1.4/0.4 %(u/s)time, 0.0 %gc (0x), 3.2 KiB/3.1 KiB (r/w)net
I210322 23:05:59.310869 139 server/status/runtime.go:498  [n1] runtime stats: 155 MiB RSS, 162 goroutines, 84 MiB/39 MiB/110 MiB GO alloc/idle/total, 13 MiB/17 MiB CGO alloc/total, 24.6 CGO/sec, 0.6/0.2 %(u/s)time, 0.0 %gc (0x), 1.2 KiB/1.1 KiB (r/w)net
I210322 23:06:09.310695 139 server/status/runtime.go:498  [n1] runtime stats: 155 MiB RSS, 162 goroutines, 91 MiB/32 MiB/110 MiB GO alloc/idle/total, 13 MiB/17 MiB CGO alloc/total, 24.3 CGO/sec, 0.5/0.3 %(u/s)time, 0.0 %gc (0x), 1.0 KiB/1.0 KiB (r/w)net
I210322 23:06:19.310848 139 server/status/runtime.go:498  [n1] runtime stats: 159 MiB RSS, 163 goroutines, 54 MiB/61 MiB/111 MiB GO alloc/idle/total, 13 MiB/17 MiB CGO alloc/total, 36.6 CGO/sec, 0.8/0.4 %(u/s)time, 0.0 %gc (1x), 2.0 KiB/1.7 KiB (r/w)net
I210322 23:06:29.311016 139 server/status/runtime.go:498  [n1] runtime stats: 160 MiB RSS, 163 goroutines, 60 MiB/56 MiB/111 MiB GO alloc/idle/total, 13 MiB/17 MiB CGO alloc/total, 28.4 CGO/sec, 0.6/0.3 %(u/s)time, 0.0 %gc (0x), 1.0 KiB/1.0 KiB (r/w)net
I210322 23:06:39.306507 134 gossip/gossip.go:567  [n1] gossip status (ok, 1 node)
gossip client (0/3 cur/max conns)
gossip server (0/3 cur/max conns, infos 0/0 sent/received, bytes 0B/0B sent/received)
I210322 23:06:39.310944 139 server/status/runtime.go:498  [n1] runtime stats: 160 MiB RSS, 163 goroutines, 66 MiB/50 MiB/111 MiB GO alloc/idle/total, 13 MiB/17 MiB CGO alloc/total, 23.4 CGO/sec, 0.6/0.3 %(u/s)time, 0.0 %gc (0x), 1.1 KiB/1.0 KiB (r/w)net
I210322 23:06:49.311757 139 server/status/runtime.go:498  [n1] runtime stats: 160 MiB RSS, 162 goroutines, 74 MiB/44 MiB/111 MiB GO alloc/idle/total, 13 MiB/17 MiB CGO alloc/total, 52.8 CGO/sec, 0.6/0.2 %(u/s)time, 0.0 %gc (0x), 2.3 KiB/2.2 KiB (r/w)net
I210322 23:06:59.311420 139 server/status/runtime.go:498  [n1] runtime stats: 160 MiB RSS, 162 goroutines, 81 MiB/38 MiB/111 MiB GO alloc/idle/total, 13 MiB/17 MiB CGO alloc/total, 34.2 CGO/sec, 0.5/0.2 %(u/s)time, 0.0 %gc (0x), 1.1 KiB/1.1 KiB (r/w)net
I210322 23:07:01.901870 3327 sql/lease.go:1911  refreshing table: 58 lease failed: table is being dropped
I210322 23:07:09.311421 139 server/status/runtime.go:498  [n1] runtime stats: 160 MiB RSS, 162 goroutines, 88 MiB/32 MiB/111 MiB GO alloc/idle/total, 13 MiB/17 MiB CGO alloc/total, 39.7 CGO/sec, 0.7/0.3 %(u/s)time, 0.0 %gc (0x), 1.0 KiB/1.0 KiB (r/w)net
I210322 23:07:19.311926 139 server/status/runtime.go:498  [n1] runtime stats: 161 MiB RSS, 163 goroutines, 94 MiB/26 MiB/111 MiB GO alloc/idle/total, 13 MiB/17 MiB CGO alloc/total, 32.3 CGO/sec, 0.5/0.3 %(u/s)time, 0.0 %gc (0x), 1.4 KiB/1.4 KiB (r/w)net
I210322 23:07:29.311880 139 server/status/runtime.go:498  [n1] runtime stats: 166 MiB RSS, 163 goroutines, 52 MiB/62 MiB/118 MiB GO alloc/idle/total, 13 MiB/17 MiB CGO alloc/total, 24.0 CGO/sec, 0.8/0.4 %(u/s)time, 0.0 %gc (1x), 1.0 KiB/1.0 KiB (r/w)net
I210322 23:07:31.358635 1 cli/start.go:919  received signal 'terminated'
I210322 23:07:31.359663 1 cli/start.go:1006  initiating graceful shutdown of server
I210322 23:07:32.947828 3658 server/drain.go:173  [server drain process] drain remaining: 13
I210322 23:07:32.948083 3658 server/drain.go:175  [server drain process] drain details: SQL clients: 10, table leases: 2, liveness record: 1
I210322 23:07:33.154560 3658 server/drain.go:173  [server drain process] drain remaining: 0
I210322 23:07:33.155042 3658 util/stop/stopper.go:539  [server drain process] quiescing
I210322 23:07:33.572514 132 kv/kvserver/queue.go:578  [n1,s1] rate limited in MaybeAdd (gc): node unavailable; try another peer
I210322 23:07:33.573364 132 kv/kvserver/queue.go:578  [n1,s1] rate limited in MaybeAdd (merge): node unavailable; try another peer
I210322 23:07:33.574299 132 kv/kvserver/queue.go:578  [n1,s1] rate limited in MaybeAdd (split): node unavailable; try another peer
I210322 23:07:33.574800 132 kv/kvserver/queue.go:578  [n1,s1] rate limited in MaybeAdd (replicate): node unavailable; try another peer
I210322 23:07:33.575113 132 kv/kvserver/queue.go:578  [n1,s1] rate limited in MaybeAdd (replicaGC): node unavailable; try another peer
I210322 23:07:33.576063 132 kv/kvserver/queue.go:578  [n1,s1] rate limited in MaybeAdd (raftlog): node unavailable; try another peer
I210322 23:07:33.576451 132 kv/kvserver/queue.go:578  [n1,s1] rate limited in MaybeAdd (raftsnapshot): node unavailable; try another peer
I210322 23:07:33.576828 132 kv/kvserver/queue.go:578  [n1,s1] rate limited in MaybeAdd (consistencyChecker): node unavailable; try another peer
I210322 23:07:33.577250 132 kv/kvserver/queue.go:578  [n1,s1] rate limited in MaybeAdd (timeSeriesMaintenance): node unavailable; try another peer
W210322 23:07:33.598744 259 jobs/registry.go:1224  job 643510494621204481: canceling due to liveness failure
W210322 23:07:33.599569 259 jobs/registry.go:1224  job 643510223130984449: canceling due to liveness failure
W210322 23:07:33.599997 259 jobs/registry.go:1224  job 643510696069103617: canceling due to liveness failure
E210322 23:07:33.600624 524 jobs/registry.go:955  [n1] job 643510696069103617: adoption completed with error job 643510696069103617: node liveness error: restarting in background
E210322 23:07:33.599771 489 jobs/registry.go:955  [n1] job 643510494621204481: adoption completed with error job 643510494621204481: node liveness error: restarting in background
W210322 23:07:33.601551 489 kv/txn.go:607  [n1] failure aborting transaction: node unavailable; try another peer; abort caused by: context canceled
E210322 23:07:33.600096 515 jobs/registry.go:955  [n1] job 643510223130984449: adoption completed with error job 643510223130984449: node liveness error: restarting in background
W210322 23:07:33.601211 524 kv/txn.go:607  [n1] failure aborting transaction: node unavailable; try another peer; abort caused by: context canceled
E210322 23:07:33.601924 489 jobs/registry.go:959  [n1] job 643510494621204481: failed querying status: context canceled
W210322 23:07:33.602265 515 kv/txn.go:607  [n1] failure aborting transaction: node unavailable; try another peer; abort caused by: context canceled
E210322 23:07:33.603060 515 jobs/registry.go:959  [n1] job 643510223130984449: failed querying status: context canceled
E210322 23:07:33.602516 524 jobs/registry.go:959  [n1] job 643510696069103617: failed querying status: context canceled
I210322 23:07:33.603884 3658 storage/rocksdb.go:746  closing rocksdb instance at "/cockroach/cockroach-data/cockroach-temp492620265"
I210322 23:07:33.612478 3658 storage/rocksdb.go:746  closing rocksdb instance at "/cockroach/cockroach-data"
I210322 23:07:33.617987 1 cli/start.go:1048  server drained and shutdown completed
