I210322 22:58:45.092678 1 util/log/sync_buffer.go:70  [config] file created at: 2021/03/22 22:58:45
I210322 22:58:45.092678 1 util/log/sync_buffer.go:70  [config] running on machine: 6c8f11fd866f
I210322 22:58:45.092678 1 util/log/sync_buffer.go:70  [config] binary: CockroachDB CCL v20.1.1 (x86_64-unknown-linux-gnu, built 2020/05/19 14:46:06, go1.13.9)
I210322 22:58:45.092678 1 util/log/sync_buffer.go:70  [config] arguments: [/cockroach/cockroach start --insecure]
I210322 22:58:45.092678 1 util/log/sync_buffer.go:70  line format: [IWEF]yymmdd hh:mm:ss.uuuuuu goid file:line msg utf8=✓
I210322 22:58:45.092677 1 cli/start.go:1223  logging to directory /cockroach/cockroach-data/logs
W210322 22:58:45.097143 1 cli/start.go:1272  RUNNING IN INSECURE MODE!

- Your cluster is open for any client that can access <all your IP addresses>.
- Any user, even root, can log in without providing a password.
- Any user, connecting as root, can read or write any data in your cluster.
- There is no network encryption nor authentication, and thus no confidentiality.

Check out how to secure your cluster: https://www.cockroachlabs.com/docs/v20.1/secure-a-cluster.html
I210322 22:58:45.097426 1 server/status/recorder.go:597  available memory from cgroups (8.0 EiB) is unsupported, using system memory 1.9 GiB instead: 
W210322 22:58:45.097435 1 cli/start.go:1144  Using the default setting for --cache (128 MiB).
  A significantly larger value is usually needed for good performance.
  If you have a dedicated server a reasonable setting is --cache=.25 (497 MiB).
I210322 22:58:45.097667 1 server/status/recorder.go:597  available memory from cgroups (8.0 EiB) is unsupported, using system memory 1.9 GiB instead: 
I210322 22:58:45.097674 1 cli/start.go:1286  CockroachDB CCL v20.1.1 (x86_64-unknown-linux-gnu, built 2020/05/19 14:46:06, go1.13.9)
W210322 22:58:45.109378 1 cli/start.go:548  running 'cockroach start' without --join is deprecated.
Consider using 'cockroach start-single-node' or 'cockroach init' instead.
I210322 22:58:45.123801 1 server/status/recorder.go:597  available memory from cgroups (8.0 EiB) is unsupported, using system memory 1.9 GiB instead: 
I210322 22:58:45.123841 1 server/config.go:404  system total memory: 1.9 GiB
I210322 22:58:45.123872 1 server/config.go:406  server configuration:
max offset             500000000
cache size             128 MiB
SQL memory pool size   497 MiB
scan interval          10m0s
scan min idle time     10ms
scan max idle time     1s
event log enabled      true
I210322 22:58:45.123891 1 cli/start.go:1122  using local environment variables: COCKROACH_CHANNEL=official-docker
I210322 22:58:45.123898 1 cli/start.go:1129  process identity: uid 0 euid 0 gid 0 egid 0
I210322 22:58:45.123935 1 cli/start.go:697  starting cockroach node
I210322 22:58:45.126808 32 storage/rocksdb.go:606  opening rocksdb instance at "/cockroach/cockroach-data/cockroach-temp271894584"
I210322 22:58:45.190210 32 server/server.go:1065  [n?] monitoring forward clock jumps based on server.clock.forward_jump_check_enabled
I210322 22:58:45.191488 32 storage/rocksdb.go:606  opening rocksdb instance at "/cockroach/cockroach-data"
I210322 22:58:46.407059 32 server/config.go:578  [n?] 1 storage engine initialized
I210322 22:58:46.407119 32 server/config.go:581  [n?] RocksDB cache size: 128 MiB
I210322 22:58:46.407122 32 server/config.go:581  [n?] store 0: RocksDB, max size 0 B, max open file limit 1043576
W210322 22:58:46.416679 32 cli/start.go:1068  neither --listen-addr nor --advertise-addr was specified.
The server will advertise "6c8f11fd866f" to other nodes, is this routable?

Consider using:
- for local-only servers:  --listen-addr=localhost
- for multi-node clusters: --advertise-addr=<host/IP addr>
I210322 22:58:46.418030 32 gossip/gossip.go:395  [n1] NodeDescriptor set to node_id:1 address:<network_field:"tcp" address_field:"6c8f11fd866f:26257" > attrs:<> locality:<> ServerVersion:<major_val:20 minor_val:1 patch:0 unstable:0 > build_tag:"v20.1.1" started_at:1616453926417900404 cluster_name:"" sql_address:<network_field:"tcp" address_field:"6c8f11fd866f:26257" > 
W210322 22:58:46.450809 113 kv/kvserver/replica_range_lease.go:554  can't determine lease status due to node liveness error: node not in the liveness table
github.com/cockroachdb/cockroach/pkg/kv/kvserver.init
	/go/src/github.com/cockroachdb/cockroach/pkg/kv/kvserver/node_liveness.go:44
runtime.doInit
	/usr/local/go/src/runtime/proc.go:5222
runtime.doInit
	/usr/local/go/src/runtime/proc.go:5217
runtime.doInit
	/usr/local/go/src/runtime/proc.go:5217
runtime.doInit
	/usr/local/go/src/runtime/proc.go:5217
runtime.main
	/usr/local/go/src/runtime/proc.go:190
runtime.goexit
	/usr/local/go/src/runtime/asm_amd64.s:1357
W210322 22:58:46.450836 113 kv/kvserver/store.go:1627  [n1,s1,r6/1:/Table/{SystemCon…-11}] could not gossip system config: [NotLeaseHolderError] r6: replica (n1,s1):1 not lease holder; lease holder unknown
I210322 22:58:46.463187 32 server/node.go:428  [n1] initialized store [n1,s1]: disk (capacity=38 TiB, available=4.7 TiB, used=1.1 MiB, logicalBytes=17 MiB), ranges=34, leases=2, queries=0.00, writes=0.00, bytesPerReplica={p10=0.00 p25=0.00 p50=83.00 p75=3665.00 p90=8382.00 pMax=17268723.00}, writesPerReplica={p10=0.00 p25=0.00 p50=0.00 p75=0.00 p90=0.00 pMax=0.00}
I210322 22:58:46.463248 32 kv/kvserver/stores.go:247  [n1] read 0 node addresses from persistent storage
I210322 22:58:46.463312 32 server/node.go:649  [n1] connecting to gossip network to verify cluster ID...
I210322 22:58:46.463325 32 server/node.go:669  [n1] node connected via gossip and verified as part of cluster "f76578ca-4b1c-409d-839e-f9815b7450ce"
I210322 22:58:46.463388 32 server/node.go:512  [n1] node=1: started with [<no-attributes>=/cockroach/cockroach-data] engine(s) and attributes []
I210322 22:58:46.464204 32 server/server.go:1636  [n1] starting http server at [::]:8080 (use: 6c8f11fd866f:8080)
I210322 22:58:46.464214 32 server/server.go:1643  [n1] starting grpc/postgres server at [::]:26257
I210322 22:58:46.464221 32 server/server.go:1644  [n1] advertising CockroachDB node at 6c8f11fd866f:26257
I210322 22:58:46.469193 32 server/server.go:1777  [n1] done ensuring all necessary migrations have run
I210322 22:58:46.469203 32 server/server.go:2019  [n1] serving sql connections
I210322 22:58:46.469266 32 cli/start.go:857  [config] clusterID: f76578ca-4b1c-409d-839e-f9815b7450ce
I210322 22:58:46.469398 32 cli/start.go:866  node startup completed:
CockroachDB node starting at 2021-03-22 22:58:46.469222362 +0000 UTC (took 1.4s)
build:               CCL v20.1.1 @ 2020/05/19 14:46:06 (go1.13.9)
webui:               http://6c8f11fd866f:8080
sql:                 postgresql://root@6c8f11fd866f:26257?sslmode=disable
RPC client flags:    /cockroach/cockroach <client cmd> --host=6c8f11fd866f:26257 --insecure
logs:                /cockroach/cockroach-data/logs
temp dir:            /cockroach/cockroach-data/cockroach-temp271894584
external I/O path:   /cockroach/cockroach-data/extern
store[0]:            path=/cockroach/cockroach-data
storage engine:      rocksdb
status:              restarted pre-existing node
clusterID:           f76578ca-4b1c-409d-839e-f9815b7450ce
nodeID:              1
I210322 22:58:46.470722 125 sql/temporary_schema.go:459  [n1] running temporary object cleanup background job
I210322 22:58:46.474177 169 sqlmigrations/migrations.go:668  [n1] starting wait for upgrade finalization before schema change job migration
I210322 22:58:46.474587 169 sqlmigrations/migrations.go:694  [n1] schema change job migration already complete
I210322 22:58:46.483539 125 sql/temporary_schema.go:494  [n1] found 0 temporary schemas
I210322 22:58:46.483554 125 sql/temporary_schema.go:497  [n1] early exiting temporary schema cleaner as no temporary schemas were found
I210322 22:58:46.483564 125 sql/temporary_schema.go:498  [n1] completed temporary object cleanup job
I210322 22:58:46.483634 125 sql/temporary_schema.go:575  [n1] temporary object cleaner next scheduled to run at 2021-03-22 23:28:46.465871547 +0000 UTC
I210322 22:58:46.506712 167 server/server_update.go:55  [n1] no need to upgrade, cluster already at the newest version
I210322 22:58:46.507485 170 sql/event_log.go:132  [n1] Event: "node_restart", target: 1, info: {Descriptor:{NodeID:1 Address:6c8f11fd866f:26257 Attrs: Locality: ServerVersion:20.1 BuildTag:v20.1.1 StartedAt:1616453926417900404 LocalityAddress:[] ClusterName: SQLAddress:6c8f11fd866f:26257} ClusterID:f76578ca-4b1c-409d-839e-f9815b7450ce StartedAt:1616453926417900404 LastUp:1616453921130170454}
I210322 22:58:48.535805 87 gossip/gossip.go:1527  [n1] node has connected to cluster via gossip
I210322 22:58:48.535914 87 kv/kvserver/stores.go:266  [n1] wrote 0 node addresses to persistent storage
I210322 22:58:56.466852 127 server/status/runtime.go:498  [n1] runtime stats: 106 MiB RSS, 125 goroutines, 54 MiB/5.7 MiB/63 MiB GO alloc/idle/total, 14 MiB/19 MiB CGO alloc/total, 0.0 CGO/sec, 0.0/0.0 %(u/s)time, 0.0 %gc (7x), 5.9 KiB/6.4 KiB (r/w)net
I210322 22:59:06.468654 127 server/status/runtime.go:498  [n1] runtime stats: 112 MiB RSS, 125 goroutines, 63 MiB/61 MiB/74 MiB GO alloc/idle/total, 14 MiB/19 MiB CGO alloc/total, 53.6 CGO/sec, 0.6/0.4 %(u/s)time, 0.0 %gc (0x), 112 B/42 B (r/w)net
I210322 22:59:06.476305 121 kv/kvserver/store.go:2470  [n1,s1] sstables (read amplification = 1):
6 [ 571K 1 ]: 571K
I210322 22:59:06.476420 121 kv/kvserver/store.go:2471  [n1,s1] 
** Compaction Stats [default] **
Level    Files   Size     Score Read(GB)  Rn(GB) Rnp1(GB) Write(GB) Wnew(GB) Moved(GB) W-Amp Rd(MB/s) Wr(MB/s) Comp(sec) CompMergeCPU(sec) Comp(cnt) Avg(sec) KeyIn KeyDrop
----------------------------------------------------------------------------------------------------------------------------------------------------------------------------
  L0      0/0    0.00 KB   0.0      0.0     0.0      0.0       0.0      0.0       0.0   1.0      0.0      0.7      0.47              0.00         1    0.469       0      0
  L6      1/0   570.63 KB   0.0      0.0     0.0      0.0       0.0      0.0       0.0   0.8     16.5     13.1      0.04              0.02         1    0.042     10K   7013
 Sum      1/0   570.63 KB   0.0      0.0     0.0      0.0       0.0      0.0       0.0   2.6      1.4      1.8      0.51              0.02         2    0.256     10K   7013
 Int      0/0    0.00 KB   0.0      0.0     0.0      0.0       0.0      0.0       0.0   2.6      1.4      1.8      0.51              0.02         2    0.256     10K   7013

** Compaction Stats [default] **
Priority    Files   Size     Score Read(GB)  Rn(GB) Rnp1(GB) Write(GB) Wnew(GB) Moved(GB) W-Amp Rd(MB/s) Wr(MB/s) Comp(sec) CompMergeCPU(sec) Comp(cnt) Avg(sec) KeyIn KeyDrop
-------------------------------------------------------------------------------------------------------------------------------------------------------------------------------
 Low      0/0    0.00 KB   0.0      0.0     0.0      0.0       0.0      0.0       0.0   0.0     16.5     13.1      0.04              0.02         1    0.042     10K   7013
User      0/0    0.00 KB   0.0      0.0     0.0      0.0       0.0      0.0       0.0   0.0      0.0      0.7      0.47              0.00         1    0.469       0      0
Uptime(secs): 21.3 total, 21.3 interval
Flush(GB): cumulative 0.000, interval 0.000
AddFile(GB): cumulative 0.000, interval 0.000
AddFile(Total Files): cumulative 0, interval 0
AddFile(L0 Files): cumulative 0, interval 0
AddFile(Keys): cumulative 0, interval 0
Cumulative compaction: 0.00 GB write, 0.04 MB/s write, 0.00 GB read, 0.03 MB/s read, 0.5 seconds
Interval compaction: 0.00 GB write, 0.04 MB/s write, 0.00 GB read, 0.03 MB/s read, 0.5 seconds
Stalls(count): 0 level0_slowdown, 0 level0_slowdown_with_compaction, 0 level0_numfiles, 0 level0_numfiles_with_compaction, 0 stop for pending_compaction_bytes, 0 slowdown for pending_compaction_bytes, 0 memtable_compaction, 0 memtable_slowdown, interval 0 total count
estimated_pending_compaction_bytes: 0 B
I210322 22:59:16.468049 127 server/status/runtime.go:498  [n1] runtime stats: 119 MiB RSS, 125 goroutines, 72 MiB/52 MiB/82 MiB GO alloc/idle/total, 14 MiB/19 MiB CGO alloc/total, 48.8 CGO/sec, 0.7/0.3 %(u/s)time, 0.0 %gc (0x), 70 B/0 B (r/w)net
I210322 22:59:26.467706 127 server/status/runtime.go:498  [n1] runtime stats: 125 MiB RSS, 126 goroutines, 47 MiB/73 MiB/91 MiB GO alloc/idle/total, 14 MiB/19 MiB CGO alloc/total, 41.3 CGO/sec, 0.7/0.3 %(u/s)time, 0.0 %gc (1x), 0 B/0 B (r/w)net
I210322 22:59:36.467799 127 server/status/runtime.go:498  [n1] runtime stats: 127 MiB RSS, 126 goroutines, 54 MiB/67 MiB/91 MiB GO alloc/idle/total, 14 MiB/19 MiB CGO alloc/total, 27.9 CGO/sec, 0.6/0.2 %(u/s)time, 0.0 %gc (0x), 0 B/0 B (r/w)net
I210322 22:59:46.463282 122 gossip/gossip.go:567  [n1] gossip status (ok, 1 node)
gossip client (0/3 cur/max conns)
gossip server (0/3 cur/max conns, infos 0/0 sent/received, bytes 0B/0B sent/received)
gossip connectivity
  n1 [sentinel];
I210322 22:59:46.468485 127 server/status/runtime.go:498  [n1] runtime stats: 130 MiB RSS, 127 goroutines, 61 MiB/61 MiB/91 MiB GO alloc/idle/total, 14 MiB/19 MiB CGO alloc/total, 28.9 CGO/sec, 0.5/0.2 %(u/s)time, 0.0 %gc (0x), 70 B/0 B (r/w)net
I210322 22:59:56.468856 127 server/status/runtime.go:498  [n1] runtime stats: 132 MiB RSS, 125 goroutines, 68 MiB/55 MiB/91 MiB GO alloc/idle/total, 14 MiB/19 MiB CGO alloc/total, 51.6 CGO/sec, 0.6/0.1 %(u/s)time, 0.0 %gc (0x), 0 B/0 B (r/w)net
I210322 23:00:06.468975 127 server/status/runtime.go:498  [n1] runtime stats: 135 MiB RSS, 125 goroutines, 74 MiB/49 MiB/91 MiB GO alloc/idle/total, 14 MiB/19 MiB CGO alloc/total, 23.9 CGO/sec, 0.3/0.4 %(u/s)time, 0.0 %gc (0x), 0 B/0 B (r/w)net
I210322 23:00:16.469283 127 server/status/runtime.go:498  [n1] runtime stats: 139 MiB RSS, 125 goroutines, 82 MiB/41 MiB/94 MiB GO alloc/idle/total, 14 MiB/19 MiB CGO alloc/total, 24.8 CGO/sec, 0.4/0.2 %(u/s)time, 0.0 %gc (0x), 0 B/0 B (r/w)net
I210322 23:00:26.469171 127 server/status/runtime.go:498  [n1] runtime stats: 145 MiB RSS, 127 goroutines, 47 MiB/73 MiB/102 MiB GO alloc/idle/total, 14 MiB/19 MiB CGO alloc/total, 31.9 CGO/sec, 0.6/0.4 %(u/s)time, 0.0 %gc (1x), 0 B/0 B (r/w)net
I210322 23:00:36.469870 127 server/status/runtime.go:498  [n1] runtime stats: 145 MiB RSS, 128 goroutines, 54 MiB/68 MiB/102 MiB GO alloc/idle/total, 14 MiB/19 MiB CGO alloc/total, 29.9 CGO/sec, 0.5/0.2 %(u/s)time, 0.0 %gc (0x), 2.5 KiB/3.3 KiB (r/w)net
I210322 23:00:46.464144 122 gossip/gossip.go:567  [n1] gossip status (ok, 1 node)
gossip client (0/3 cur/max conns)
gossip server (0/3 cur/max conns, infos 0/0 sent/received, bytes 0B/0B sent/received)
I210322 23:00:46.469901 127 server/status/runtime.go:498  [n1] runtime stats: 145 MiB RSS, 128 goroutines, 60 MiB/62 MiB/102 MiB GO alloc/idle/total, 14 MiB/20 MiB CGO alloc/total, 27.5 CGO/sec, 0.5/0.2 %(u/s)time, 0.0 %gc (0x), 0 B/0 B (r/w)net
I210322 23:00:56.470025 127 server/status/runtime.go:498  [n1] runtime stats: 146 MiB RSS, 127 goroutines, 68 MiB/55 MiB/102 MiB GO alloc/idle/total, 14 MiB/20 MiB CGO alloc/total, 51.7 CGO/sec, 0.6/0.2 %(u/s)time, 0.0 %gc (0x), 1.0 KiB/1.2 KiB (r/w)net
I210322 23:01:06.470066 127 server/status/runtime.go:498  [n1] runtime stats: 146 MiB RSS, 127 goroutines, 75 MiB/49 MiB/102 MiB GO alloc/idle/total, 14 MiB/20 MiB CGO alloc/total, 28.2 CGO/sec, 0.5/0.1 %(u/s)time, 0.0 %gc (0x), 0 B/0 B (r/w)net
I210322 23:01:16.470198 127 server/status/runtime.go:498  [n1] runtime stats: 147 MiB RSS, 127 goroutines, 81 MiB/42 MiB/102 MiB GO alloc/idle/total, 14 MiB/20 MiB CGO alloc/total, 23.1 CGO/sec, 0.4/0.2 %(u/s)time, 0.0 %gc (0x), 0 B/0 B (r/w)net
I210322 23:01:26.470379 127 server/status/runtime.go:498  [n1] runtime stats: 149 MiB RSS, 128 goroutines, 88 MiB/36 MiB/102 MiB GO alloc/idle/total, 14 MiB/20 MiB CGO alloc/total, 35.0 CGO/sec, 0.6/0.2 %(u/s)time, 0.0 %gc (0x), 0 B/0 B (r/w)net
I210322 23:01:36.470469 127 server/status/runtime.go:498  [n1] runtime stats: 151 MiB RSS, 128 goroutines, 51 MiB/69 MiB/104 MiB GO alloc/idle/total, 14 MiB/20 MiB CGO alloc/total, 25.9 CGO/sec, 0.6/0.3 %(u/s)time, 0.0 %gc (1x), 0 B/0 B (r/w)net
I210322 23:01:46.462576 122 gossip/gossip.go:567  [n1] gossip status (ok, 1 node)
gossip client (0/3 cur/max conns)
gossip server (0/3 cur/max conns, infos 0/0 sent/received, bytes 0B/0B sent/received)
I210322 23:01:46.470350 127 server/status/runtime.go:498  [n1] runtime stats: 151 MiB RSS, 128 goroutines, 58 MiB/63 MiB/104 MiB GO alloc/idle/total, 14 MiB/20 MiB CGO alloc/total, 29.2 CGO/sec, 0.4/0.3 %(u/s)time, 0.0 %gc (0x), 0 B/0 B (r/w)net
I210322 23:01:56.470352 127 server/status/runtime.go:498  [n1] runtime stats: 151 MiB RSS, 127 goroutines, 65 MiB/57 MiB/104 MiB GO alloc/idle/total, 14 MiB/20 MiB CGO alloc/total, 54.8 CGO/sec, 0.5/0.2 %(u/s)time, 0.0 %gc (0x), 150 B/150 B (r/w)net
I210322 23:02:06.471010 127 server/status/runtime.go:498  [n1] runtime stats: 152 MiB RSS, 127 goroutines, 72 MiB/51 MiB/104 MiB GO alloc/idle/total, 14 MiB/20 MiB CGO alloc/total, 25.2 CGO/sec, 0.4/0.2 %(u/s)time, 0.0 %gc (0x), 0 B/0 B (r/w)net
I210322 23:02:10.289717 1 cli/start.go:919  received signal 'terminated'
I210322 23:02:10.290254 1 cli/start.go:1006  initiating graceful shutdown of server
I210322 23:02:12.030070 2687 server/drain.go:173  [server drain process] drain remaining: 3
I210322 23:02:12.030400 2687 server/drain.go:175  [server drain process] drain details: SQL clients: 1, table leases: 1, liveness record: 1
I210322 23:02:12.232720 2687 server/drain.go:173  [server drain process] drain remaining: 0
I210322 23:02:12.233129 2687 util/stop/stopper.go:539  [server drain process] quiescing
I210322 23:02:12.234173 2687 storage/rocksdb.go:746  closing rocksdb instance at "/cockroach/cockroach-data/cockroach-temp271894584"
I210322 23:02:12.243791 2687 storage/rocksdb.go:746  closing rocksdb instance at "/cockroach/cockroach-data"
I210322 23:02:12.249972 1 cli/start.go:1048  server drained and shutdown completed
