I210322 23:07:38.400520 20 util/log/sync_buffer.go:70  [config] file created at: 2021/03/22 23:07:38
I210322 23:07:38.400520 20 util/log/sync_buffer.go:70  [config] running on machine: 6c8f11fd866f
I210322 23:07:38.400520 20 util/log/sync_buffer.go:70  [config] binary: CockroachDB CCL v20.1.1 (x86_64-unknown-linux-gnu, built 2020/05/19 14:46:06, go1.13.9)
I210322 23:07:38.400520 20 util/log/sync_buffer.go:70  [config] arguments: [/cockroach/cockroach start --insecure]
I210322 23:07:38.400520 20 util/log/sync_buffer.go:70  line format: [IWEF]yymmdd hh:mm:ss.uuuuuu goid file:line msg utf8=✓
I210322 23:07:38.400520 20 storage/rocksdb.go:102  RocksDB version: 6.2.1
I210322 23:07:38.405964 20 storage/rocksdb.go:102  Git sha rocksdb_build_git_sha:@e494e15a0b08c13fafd5710f279f348d47d476de@
I210322 23:07:38.405968 20 storage/rocksdb.go:102  Compile date May 19 2020
I210322 23:07:38.405972 20 storage/rocksdb.go:102  DB SUMMARY
I210322 23:07:38.406559 20 storage/rocksdb.go:102  SST files in /cockroach/cockroach-data/cockroach-temp021228234 dir, Total Num: 0, files: 
I210322 23:07:38.406565 20 storage/rocksdb.go:102  Write Ahead Log file in /cockroach/cockroach-data/cockroach-temp021228234: 
I210322 23:07:38.406569 20 storage/rocksdb.go:102                          Options.error_if_exists: 0
I210322 23:07:38.406571 20 storage/rocksdb.go:102                        Options.create_if_missing: 1
I210322 23:07:38.406574 20 storage/rocksdb.go:102                          Options.paranoid_checks: 1
I210322 23:07:38.406576 20 storage/rocksdb.go:102                                      Options.env: 0x756bca0
I210322 23:07:38.406579 20 storage/rocksdb.go:102                                 Options.info_log: 0x7fe858c0d100
I210322 23:07:38.406581 20 storage/rocksdb.go:102                 Options.max_file_opening_threads: 16
I210322 23:07:38.406584 20 storage/rocksdb.go:102                               Options.statistics: 0x7fe858c34010
I210322 23:07:38.406586 20 storage/rocksdb.go:102                                Options.use_fsync: 0
I210322 23:07:38.406589 20 storage/rocksdb.go:102                        Options.max_log_file_size: 0
I210322 23:07:38.406591 20 storage/rocksdb.go:102                   Options.max_manifest_file_size: 134217728
I210322 23:07:38.406594 20 storage/rocksdb.go:102                    Options.log_file_time_to_roll: 0
I210322 23:07:38.406596 20 storage/rocksdb.go:102                        Options.keep_log_file_num: 1000
I210322 23:07:38.406598 20 storage/rocksdb.go:102                     Options.recycle_log_file_num: 1
I210322 23:07:38.406601 20 storage/rocksdb.go:102                          Options.allow_fallocate: 1
I210322 23:07:38.406603 20 storage/rocksdb.go:102                         Options.allow_mmap_reads: 0
I210322 23:07:38.406606 20 storage/rocksdb.go:102                        Options.allow_mmap_writes: 0
I210322 23:07:38.406609 20 storage/rocksdb.go:102                         Options.use_direct_reads: 0
I210322 23:07:38.406611 20 storage/rocksdb.go:102                         Options.use_direct_io_for_flush_and_compaction: 0
I210322 23:07:38.406614 20 storage/rocksdb.go:102           Options.create_missing_column_families: 0
I210322 23:07:38.406616 20 storage/rocksdb.go:102                               Options.db_log_dir: 
I210322 23:07:38.406619 20 storage/rocksdb.go:102                                  Options.wal_dir: /cockroach/cockroach-data/cockroach-temp021228234
I210322 23:07:38.406624 20 storage/rocksdb.go:102                 Options.table_cache_numshardbits: 6
I210322 23:07:38.406627 20 storage/rocksdb.go:102                       Options.max_subcompactions: 1
I210322 23:07:38.406629 20 storage/rocksdb.go:102                   Options.max_background_flushes: -1
I210322 23:07:38.406632 20 storage/rocksdb.go:102                          Options.WAL_ttl_seconds: 0
I210322 23:07:38.406634 20 storage/rocksdb.go:102                        Options.WAL_size_limit_MB: 0
I210322 23:07:38.406636 20 storage/rocksdb.go:102              Options.manifest_preallocation_size: 4194304
I210322 23:07:38.406639 20 storage/rocksdb.go:102                      Options.is_fd_close_on_exec: 1
I210322 23:07:38.406641 20 storage/rocksdb.go:102                    Options.advise_random_on_open: 1
I210322 23:07:38.406643 20 storage/rocksdb.go:102                     Options.db_write_buffer_size: 0
I210322 23:07:38.406646 20 storage/rocksdb.go:102                     Options.write_buffer_manager: 0x7fe858c1f060
I210322 23:07:38.406648 20 storage/rocksdb.go:102          Options.access_hint_on_compaction_start: 1
I210322 23:07:38.406651 20 storage/rocksdb.go:102   Options.new_table_reader_for_compaction_inputs: 0
I210322 23:07:38.406653 20 storage/rocksdb.go:102            Options.random_access_max_buffer_size: 1048576
I210322 23:07:38.406663 20 storage/rocksdb.go:102                       Options.use_adaptive_mutex: 0
I210322 23:07:38.406666 20 storage/rocksdb.go:102                             Options.rate_limiter: (nil)
I210322 23:07:38.406669 20 storage/rocksdb.go:102      Options.sst_file_manager.rate_bytes_per_sec: 0
I210322 23:07:38.406671 20 storage/rocksdb.go:102                        Options.wal_recovery_mode: 0
I210322 23:07:38.406674 20 storage/rocksdb.go:102                   Options.enable_thread_tracking: 0
I210322 23:07:38.406676 20 storage/rocksdb.go:102                   Options.enable_pipelined_write: 0
I210322 23:07:38.406678 20 storage/rocksdb.go:102          Options.allow_concurrent_memtable_write: 1
I210322 23:07:38.406681 20 storage/rocksdb.go:102       Options.enable_write_thread_adaptive_yield: 1
I210322 23:07:38.406683 20 storage/rocksdb.go:102              Options.write_thread_max_yield_usec: 100
I210322 23:07:38.406686 20 storage/rocksdb.go:102             Options.write_thread_slow_yield_usec: 3
I210322 23:07:38.406688 20 storage/rocksdb.go:102                                Options.row_cache: None
I210322 23:07:38.406691 20 storage/rocksdb.go:102                               Options.wal_filter: None
I210322 23:07:38.406693 20 storage/rocksdb.go:102              Options.avoid_flush_during_recovery: 0
I210322 23:07:38.406696 20 storage/rocksdb.go:102              Options.allow_ingest_behind: 0
I210322 23:07:38.406698 20 storage/rocksdb.go:102              Options.preserve_deletes: 0
I210322 23:07:38.406700 20 storage/rocksdb.go:102              Options.two_write_queues: 0
I210322 23:07:38.406718 20 storage/rocksdb.go:102              Options.manual_wal_flush: 1
I210322 23:07:38.406722 20 storage/rocksdb.go:102              Options.atomic_flush: 0
I210322 23:07:38.406724 20 storage/rocksdb.go:102              Options.avoid_unnecessary_blocking_io: 0
I210322 23:07:38.406727 20 storage/rocksdb.go:102              Options.max_background_jobs: 2
I210322 23:07:38.406729 20 storage/rocksdb.go:102              Options.max_background_compactions: -1
I210322 23:07:38.406732 20 storage/rocksdb.go:102              Options.avoid_flush_during_shutdown: 0
I210322 23:07:38.406734 20 storage/rocksdb.go:102            Options.writable_file_max_buffer_size: 1048576
I210322 23:07:38.406736 20 storage/rocksdb.go:102              Options.delayed_write_rate : 16777216
I210322 23:07:38.406739 20 storage/rocksdb.go:102              Options.max_total_wal_size: 0
I210322 23:07:38.406741 20 storage/rocksdb.go:102              Options.delete_obsolete_files_period_micros: 21600000000
I210322 23:07:38.406745 20 storage/rocksdb.go:102                    Options.stats_dump_period_sec: 0
I210322 23:07:38.406748 20 storage/rocksdb.go:102                  Options.stats_persist_period_sec: 600
I210322 23:07:38.406750 20 storage/rocksdb.go:102                  Options.stats_history_buffer_size: 1048576
I210322 23:07:38.406753 20 storage/rocksdb.go:102                           Options.max_open_files: 128
I210322 23:07:38.406755 20 storage/rocksdb.go:102                           Options.bytes_per_sync: 524288
I210322 23:07:38.406758 20 storage/rocksdb.go:102                       Options.wal_bytes_per_sync: 0
I210322 23:07:38.406760 20 storage/rocksdb.go:102                    Options.strict_bytes_per_sync: 1
I210322 23:07:38.406763 20 storage/rocksdb.go:102        Options.compaction_readahead_size: 0
I210322 23:07:38.406765 20 storage/rocksdb.go:102  Compression algorithms supported:
I210322 23:07:38.406768 20 storage/rocksdb.go:102  	kZSTDNotFinalCompression supported: 0
I210322 23:07:38.406771 20 storage/rocksdb.go:102  	kZSTD supported: 0
I210322 23:07:38.406818 20 storage/rocksdb.go:102  	kXpressCompression supported: 0
I210322 23:07:38.406821 20 storage/rocksdb.go:102  	kLZ4HCCompression supported: 0
I210322 23:07:38.406823 20 storage/rocksdb.go:102  	kLZ4Compression supported: 0
I210322 23:07:38.406826 20 storage/rocksdb.go:102  	kBZip2Compression supported: 0
I210322 23:07:38.406828 20 storage/rocksdb.go:102  	kZlibCompression supported: 0
I210322 23:07:38.406831 20 storage/rocksdb.go:102  	kSnappyCompression supported: 1
I210322 23:07:38.406841 20 storage/rocksdb.go:102  Fast CRC32 supported: Supported on x86
I210322 23:07:38.408922 20 storage/rocksdb.go:102  [db/db_impl_open.cc:242] Creating manifest 1 
I210322 23:07:38.424378 20 storage/rocksdb.go:102  [db/version_set.cc:4072] Recovering from manifest file: /cockroach/cockroach-data/cockroach-temp021228234/MANIFEST-000001
I210322 23:07:38.425057 20 storage/rocksdb.go:102  [db/column_family.cc:488] --------------- Options for column family [default]:
I210322 23:07:38.425063 20 storage/rocksdb.go:102                Options.comparator: cockroach_comparator
I210322 23:07:38.425066 20 storage/rocksdb.go:102            Options.merge_operator: cockroach_merge_operator
I210322 23:07:38.425069 20 storage/rocksdb.go:102         Options.compaction_filter: None
I210322 23:07:38.425071 20 storage/rocksdb.go:102         Options.compaction_filter_factory: None
I210322 23:07:38.425075 20 storage/rocksdb.go:102          Options.memtable_factory: SkipListFactory
I210322 23:07:38.425077 20 storage/rocksdb.go:102             Options.table_factory: BlockBasedTable
I210322 23:07:38.425099 20 storage/rocksdb.go:102             table_factory options:   flush_block_policy_factory: FlushBlockBySizePolicyFactory (0x7fe858c2d030)
  cache_index_and_filter_blocks: 0
  cache_index_and_filter_blocks_with_high_priority: 0
  pin_l0_filter_and_index_blocks_in_cache: 0
  pin_top_level_index_and_filter: 1
  index_type: 0
  data_block_index_type: 0
  index_shortening: 1
  data_block_hash_table_util_ratio: 0.750000
  hash_index_allow_collision: 1
  checksum: 1
  no_block_cache: 0
  block_cache: 0x7fe858c22010
  block_cache_name: LRUCache
  block_cache_options:
    capacity : 1048576
    num_shard_bits : 4
    strict_capacity_limit : 0
    memory_allocator : None
    high_pri_pool_ratio: 0.000
  block_cache_compressed: (nil)
  persistent_cache: (nil)
  block_size: 32768
  block_size_deviation: 10
  block_restart_interval: 16
  index_block_restart_interval: 1
  metadata_block_size: 4096
  partition_filters: 0
  use_delta_encoding: 1
  filter_policy: rocksdb.BuiltinBloomFilter
  whole_key_filtering: 0
  verify_compression: 0
  read_amp_bytes_per_bit: 0
  format_version: 2
  enable_index_compression: 1
  block_align: 0
I210322 23:07:38.425104 20 storage/rocksdb.go:102         Options.write_buffer_size: 67108864
I210322 23:07:38.425112 20 storage/rocksdb.go:102   Options.max_write_buffer_number: 4
I210322 23:07:38.425114 20 storage/rocksdb.go:102           Options.compression: Snappy
I210322 23:07:38.425117 20 storage/rocksdb.go:102                   Options.bottommost_compression: Disabled
I210322 23:07:38.425119 20 storage/rocksdb.go:102        Options.prefix_extractor: cockroach_prefix_extractor
I210322 23:07:38.425122 20 storage/rocksdb.go:102    Options.memtable_insert_with_hint_prefix_extractor: nullptr
I210322 23:07:38.425124 20 storage/rocksdb.go:102              Options.num_levels: 7
I210322 23:07:38.425127 20 storage/rocksdb.go:102         Options.min_write_buffer_number_to_merge: 1
I210322 23:07:38.425129 20 storage/rocksdb.go:102      Options.max_write_buffer_number_to_maintain: 0
I210322 23:07:38.425131 20 storage/rocksdb.go:102             Options.bottommost_compression_opts.window_bits: -14
I210322 23:07:38.425134 20 storage/rocksdb.go:102                   Options.bottommost_compression_opts.level: 32767
I210322 23:07:38.425175 20 storage/rocksdb.go:102                Options.bottommost_compression_opts.strategy: 0
I210322 23:07:38.425180 20 storage/rocksdb.go:102          Options.bottommost_compression_opts.max_dict_bytes: 0
I210322 23:07:38.425182 20 storage/rocksdb.go:102          Options.bottommost_compression_opts.zstd_max_train_bytes: 0
I210322 23:07:38.425185 20 storage/rocksdb.go:102                   Options.bottommost_compression_opts.enabled: false
I210322 23:07:38.425187 20 storage/rocksdb.go:102             Options.compression_opts.window_bits: -14
I210322 23:07:38.425190 20 storage/rocksdb.go:102                   Options.compression_opts.level: 32767
I210322 23:07:38.425192 20 storage/rocksdb.go:102                Options.compression_opts.strategy: 0
I210322 23:07:38.425195 20 storage/rocksdb.go:102          Options.compression_opts.max_dict_bytes: 0
I210322 23:07:38.425197 20 storage/rocksdb.go:102          Options.compression_opts.zstd_max_train_bytes: 0
I210322 23:07:38.425199 20 storage/rocksdb.go:102                   Options.compression_opts.enabled: false
I210322 23:07:38.425202 20 storage/rocksdb.go:102       Options.level0_file_num_compaction_trigger: 2
I210322 23:07:38.425204 20 storage/rocksdb.go:102           Options.level0_slowdown_writes_trigger: 950
I210322 23:07:38.425207 20 storage/rocksdb.go:102               Options.level0_stop_writes_trigger: 1000
I210322 23:07:38.425209 20 storage/rocksdb.go:102                    Options.target_file_size_base: 4194304
I210322 23:07:38.425212 20 storage/rocksdb.go:102              Options.target_file_size_multiplier: 2
I210322 23:07:38.425214 20 storage/rocksdb.go:102                 Options.max_bytes_for_level_base: 67108864
I210322 23:07:38.425217 20 storage/rocksdb.go:102  Options.level_compaction_dynamic_level_bytes: 1
I210322 23:07:38.425221 20 storage/rocksdb.go:102           Options.max_bytes_for_level_multiplier: 10.000000
I210322 23:07:38.425223 20 storage/rocksdb.go:102  Options.max_bytes_for_level_multiplier_addtl[0]: 1
I210322 23:07:38.425226 20 storage/rocksdb.go:102  Options.max_bytes_for_level_multiplier_addtl[1]: 1
I210322 23:07:38.425228 20 storage/rocksdb.go:102  Options.max_bytes_for_level_multiplier_addtl[2]: 1
I210322 23:07:38.425230 20 storage/rocksdb.go:102  Options.max_bytes_for_level_multiplier_addtl[3]: 1
I210322 23:07:38.425233 20 storage/rocksdb.go:102  Options.max_bytes_for_level_multiplier_addtl[4]: 1
I210322 23:07:38.425235 20 storage/rocksdb.go:102  Options.max_bytes_for_level_multiplier_addtl[5]: 1
I210322 23:07:38.425238 20 storage/rocksdb.go:102  Options.max_bytes_for_level_multiplier_addtl[6]: 1
I210322 23:07:38.425240 20 storage/rocksdb.go:102        Options.max_sequential_skip_in_iterations: 8
I210322 23:07:38.425242 20 storage/rocksdb.go:102                     Options.max_compaction_bytes: 104857600
I210322 23:07:38.425245 20 storage/rocksdb.go:102                         Options.arena_block_size: 8388608
I210322 23:07:38.425247 20 storage/rocksdb.go:102    Options.soft_pending_compaction_bytes_limit: 2199023255552
I210322 23:07:38.425284 20 storage/rocksdb.go:102    Options.hard_pending_compaction_bytes_limit: 4400193994752
I210322 23:07:38.425289 20 storage/rocksdb.go:102        Options.rate_limit_delay_max_milliseconds: 100
I210322 23:07:38.425292 20 storage/rocksdb.go:102                 Options.disable_auto_compactions: 0
I210322 23:07:38.425295 20 storage/rocksdb.go:102                         Options.compaction_style: kCompactionStyleLevel
I210322 23:07:38.425298 20 storage/rocksdb.go:102                           Options.compaction_pri: kMinOverlappingRatio
I210322 23:07:38.425300 20 storage/rocksdb.go:102  Options.compaction_options_universal.size_ratio: 1
I210322 23:07:38.425303 20 storage/rocksdb.go:102  Options.compaction_options_universal.min_merge_width: 2
I210322 23:07:38.425305 20 storage/rocksdb.go:102  Options.compaction_options_universal.max_merge_width: 4294967295
I210322 23:07:38.425308 20 storage/rocksdb.go:102  Options.compaction_options_universal.max_size_amplification_percent: 200
I210322 23:07:38.425310 20 storage/rocksdb.go:102  Options.compaction_options_universal.compression_size_percent: -1
I210322 23:07:38.425313 20 storage/rocksdb.go:102  Options.compaction_options_universal.stop_style: kCompactionStopStyleTotalSize
I210322 23:07:38.425316 20 storage/rocksdb.go:102  Options.compaction_options_fifo.max_table_files_size: 1073741824
I210322 23:07:38.425319 20 storage/rocksdb.go:102  Options.compaction_options_fifo.allow_compaction: 0
I210322 23:07:38.425323 20 storage/rocksdb.go:102                    Options.table_properties_collectors: TimeBoundTblPropCollectorFactory; DeleteRangeTblPropCollectorFactory; 
I210322 23:07:38.425327 20 storage/rocksdb.go:102                    Options.inplace_update_support: 0
I210322 23:07:38.425330 20 storage/rocksdb.go:102                  Options.inplace_update_num_locks: 10000
I210322 23:07:38.425333 20 storage/rocksdb.go:102                Options.memtable_prefix_bloom_size_ratio: 0.000000
I210322 23:07:38.425335 20 storage/rocksdb.go:102                Options.memtable_whole_key_filtering: 0
I210322 23:07:38.425338 20 storage/rocksdb.go:102    Options.memtable_huge_page_size: 0
I210322 23:07:38.425340 20 storage/rocksdb.go:102                            Options.bloom_locality: 0
I210322 23:07:38.425343 20 storage/rocksdb.go:102                     Options.max_successive_merges: 0
I210322 23:07:38.425345 20 storage/rocksdb.go:102                 Options.optimize_filters_for_hits: 1
I210322 23:07:38.425347 20 storage/rocksdb.go:102                 Options.paranoid_file_checks: 0
I210322 23:07:38.425350 20 storage/rocksdb.go:102                 Options.force_consistency_checks: 0
I210322 23:07:38.425352 20 storage/rocksdb.go:102                 Options.report_bg_io_stats: 0
I210322 23:07:38.425355 20 storage/rocksdb.go:102                                Options.ttl: 0
I210322 23:07:38.425357 20 storage/rocksdb.go:102           Options.periodic_compaction_seconds: 0
I210322 23:07:38.426950 20 storage/rocksdb.go:102  [db/version_set.cc:4286] Recovered from manifest file:/cockroach/cockroach-data/cockroach-temp021228234/MANIFEST-000001 succeeded,manifest_file_number is 1, next_file_number is 3, last_sequence is 0, log_number is 0,prev_log_number is 0,max_column_family is 0,min_log_number_to_keep is 0
I210322 23:07:38.426955 20 storage/rocksdb.go:102  [db/version_set.cc:4295] Column family [default] (ID 0), log number is 0
I210322 23:07:38.440010 20 storage/rocksdb.go:102  DB pointer 0x7fe858ca1000
I210322 23:07:38.462042 20 storage/rocksdb.go:102  RocksDB version: 6.2.1
I210322 23:07:38.462048 20 storage/rocksdb.go:102  Git sha rocksdb_build_git_sha:@e494e15a0b08c13fafd5710f279f348d47d476de@
I210322 23:07:38.462051 20 storage/rocksdb.go:102  Compile date May 19 2020
I210322 23:07:38.462054 20 storage/rocksdb.go:102  DB SUMMARY
I210322 23:07:38.463053 20 storage/rocksdb.go:102  CURRENT file:  CURRENT
I210322 23:07:38.463057 20 storage/rocksdb.go:102  IDENTITY file:  IDENTITY
I210322 23:07:38.463473 20 storage/rocksdb.go:102  MANIFEST file:  MANIFEST-000029 size: 159 Bytes
I210322 23:07:38.463480 20 storage/rocksdb.go:102  SST files in /cockroach/cockroach-data dir, Total Num: 2, files: 000026.sst 000028.sst 
I210322 23:07:38.463483 20 storage/rocksdb.go:102  Write Ahead Log file in /cockroach/cockroach-data: 000030.log size: 4295514 ; 
I210322 23:07:38.463487 20 storage/rocksdb.go:102                          Options.error_if_exists: 0
I210322 23:07:38.463496 20 storage/rocksdb.go:102                        Options.create_if_missing: 1
I210322 23:07:38.463500 20 storage/rocksdb.go:102                          Options.paranoid_checks: 1
I210322 23:07:38.463502 20 storage/rocksdb.go:102                                      Options.env: 0x756bca0
I210322 23:07:38.463505 20 storage/rocksdb.go:102                                 Options.info_log: 0x7fe85a80dce0
I210322 23:07:38.463507 20 storage/rocksdb.go:102                 Options.max_file_opening_threads: 16
I210322 23:07:38.463510 20 storage/rocksdb.go:102                               Options.statistics: 0x7fe85a825010
I210322 23:07:38.463512 20 storage/rocksdb.go:102                                Options.use_fsync: 0
I210322 23:07:38.463514 20 storage/rocksdb.go:102                        Options.max_log_file_size: 0
I210322 23:07:38.463517 20 storage/rocksdb.go:102                   Options.max_manifest_file_size: 134217728
I210322 23:07:38.463519 20 storage/rocksdb.go:102                    Options.log_file_time_to_roll: 0
I210322 23:07:38.463522 20 storage/rocksdb.go:102                        Options.keep_log_file_num: 1000
I210322 23:07:38.463524 20 storage/rocksdb.go:102                     Options.recycle_log_file_num: 1
I210322 23:07:38.463527 20 storage/rocksdb.go:102                          Options.allow_fallocate: 1
I210322 23:07:38.463529 20 storage/rocksdb.go:102                         Options.allow_mmap_reads: 0
I210322 23:07:38.463531 20 storage/rocksdb.go:102                        Options.allow_mmap_writes: 0
I210322 23:07:38.463534 20 storage/rocksdb.go:102                         Options.use_direct_reads: 0
I210322 23:07:38.463536 20 storage/rocksdb.go:102                         Options.use_direct_io_for_flush_and_compaction: 0
I210322 23:07:38.463539 20 storage/rocksdb.go:102           Options.create_missing_column_families: 0
I210322 23:07:38.463541 20 storage/rocksdb.go:102                               Options.db_log_dir: 
I210322 23:07:38.463544 20 storage/rocksdb.go:102                                  Options.wal_dir: /cockroach/cockroach-data
I210322 23:07:38.463546 20 storage/rocksdb.go:102                 Options.table_cache_numshardbits: 6
I210322 23:07:38.463549 20 storage/rocksdb.go:102                       Options.max_subcompactions: 1
I210322 23:07:38.463551 20 storage/rocksdb.go:102                   Options.max_background_flushes: -1
I210322 23:07:38.463554 20 storage/rocksdb.go:102                          Options.WAL_ttl_seconds: 0
I210322 23:07:38.463556 20 storage/rocksdb.go:102                        Options.WAL_size_limit_MB: 0
I210322 23:07:38.463559 20 storage/rocksdb.go:102              Options.manifest_preallocation_size: 4194304
I210322 23:07:38.463567 20 storage/rocksdb.go:102                      Options.is_fd_close_on_exec: 1
I210322 23:07:38.463571 20 storage/rocksdb.go:102                    Options.advise_random_on_open: 1
I210322 23:07:38.463573 20 storage/rocksdb.go:102                     Options.db_write_buffer_size: 0
I210322 23:07:38.463576 20 storage/rocksdb.go:102                     Options.write_buffer_manager: 0x7fe85a88d030
I210322 23:07:38.463578 20 storage/rocksdb.go:102          Options.access_hint_on_compaction_start: 1
I210322 23:07:38.463580 20 storage/rocksdb.go:102   Options.new_table_reader_for_compaction_inputs: 0
I210322 23:07:38.463583 20 storage/rocksdb.go:102            Options.random_access_max_buffer_size: 1048576
I210322 23:07:38.463585 20 storage/rocksdb.go:102                       Options.use_adaptive_mutex: 0
I210322 23:07:38.463588 20 storage/rocksdb.go:102                             Options.rate_limiter: (nil)
I210322 23:07:38.463591 20 storage/rocksdb.go:102      Options.sst_file_manager.rate_bytes_per_sec: 0
I210322 23:07:38.463593 20 storage/rocksdb.go:102                        Options.wal_recovery_mode: 0
I210322 23:07:38.463596 20 storage/rocksdb.go:102                   Options.enable_thread_tracking: 0
I210322 23:07:38.463598 20 storage/rocksdb.go:102                   Options.enable_pipelined_write: 0
I210322 23:07:38.463600 20 storage/rocksdb.go:102          Options.allow_concurrent_memtable_write: 1
I210322 23:07:38.463603 20 storage/rocksdb.go:102       Options.enable_write_thread_adaptive_yield: 1
I210322 23:07:38.463605 20 storage/rocksdb.go:102              Options.write_thread_max_yield_usec: 100
I210322 23:07:38.463608 20 storage/rocksdb.go:102             Options.write_thread_slow_yield_usec: 3
I210322 23:07:38.463610 20 storage/rocksdb.go:102                                Options.row_cache: None
I210322 23:07:38.463613 20 storage/rocksdb.go:102                               Options.wal_filter: None
I210322 23:07:38.463615 20 storage/rocksdb.go:102              Options.avoid_flush_during_recovery: 0
I210322 23:07:38.463618 20 storage/rocksdb.go:102              Options.allow_ingest_behind: 0
I210322 23:07:38.463620 20 storage/rocksdb.go:102              Options.preserve_deletes: 0
I210322 23:07:38.463622 20 storage/rocksdb.go:102              Options.two_write_queues: 0
I210322 23:07:38.463625 20 storage/rocksdb.go:102              Options.manual_wal_flush: 1
I210322 23:07:38.463627 20 storage/rocksdb.go:102              Options.atomic_flush: 0
I210322 23:07:38.463630 20 storage/rocksdb.go:102              Options.avoid_unnecessary_blocking_io: 0
I210322 23:07:38.463632 20 storage/rocksdb.go:102              Options.max_background_jobs: 2
I210322 23:07:38.463635 20 storage/rocksdb.go:102              Options.max_background_compactions: -1
I210322 23:07:38.463637 20 storage/rocksdb.go:102              Options.avoid_flush_during_shutdown: 0
I210322 23:07:38.463639 20 storage/rocksdb.go:102            Options.writable_file_max_buffer_size: 1048576
I210322 23:07:38.463642 20 storage/rocksdb.go:102              Options.delayed_write_rate : 16777216
I210322 23:07:38.463644 20 storage/rocksdb.go:102              Options.max_total_wal_size: 0
I210322 23:07:38.463647 20 storage/rocksdb.go:102              Options.delete_obsolete_files_period_micros: 21600000000
I210322 23:07:38.463649 20 storage/rocksdb.go:102                    Options.stats_dump_period_sec: 0
I210322 23:07:38.463652 20 storage/rocksdb.go:102                  Options.stats_persist_period_sec: 600
I210322 23:07:38.463654 20 storage/rocksdb.go:102                  Options.stats_history_buffer_size: 1048576
I210322 23:07:38.463657 20 storage/rocksdb.go:102                           Options.max_open_files: 1043576
I210322 23:07:38.463659 20 storage/rocksdb.go:102                           Options.bytes_per_sync: 524288
I210322 23:07:38.463661 20 storage/rocksdb.go:102                       Options.wal_bytes_per_sync: 0
I210322 23:07:38.463664 20 storage/rocksdb.go:102                    Options.strict_bytes_per_sync: 1
I210322 23:07:38.463666 20 storage/rocksdb.go:102        Options.compaction_readahead_size: 0
I210322 23:07:38.463669 20 storage/rocksdb.go:102  Compression algorithms supported:
I210322 23:07:38.463672 20 storage/rocksdb.go:102  	kZSTDNotFinalCompression supported: 0
I210322 23:07:38.463674 20 storage/rocksdb.go:102  	kZSTD supported: 0
I210322 23:07:38.463682 20 storage/rocksdb.go:102  	kXpressCompression supported: 0
I210322 23:07:38.463687 20 storage/rocksdb.go:102  	kLZ4HCCompression supported: 0
I210322 23:07:38.463690 20 storage/rocksdb.go:102  	kLZ4Compression supported: 0
I210322 23:07:38.463692 20 storage/rocksdb.go:102  	kBZip2Compression supported: 0
I210322 23:07:38.463695 20 storage/rocksdb.go:102  	kZlibCompression supported: 0
I210322 23:07:38.463697 20 storage/rocksdb.go:102  	kSnappyCompression supported: 1
I210322 23:07:38.463707 20 storage/rocksdb.go:102  Fast CRC32 supported: Supported on x86
I210322 23:07:38.466407 20 storage/rocksdb.go:102  [db/version_set.cc:4072] Recovering from manifest file: /cockroach/cockroach-data/MANIFEST-000029
I210322 23:07:38.466915 20 storage/rocksdb.go:102  [db/column_family.cc:488] --------------- Options for column family [default]:
I210322 23:07:38.466919 20 storage/rocksdb.go:102                Options.comparator: cockroach_comparator
I210322 23:07:38.466922 20 storage/rocksdb.go:102            Options.merge_operator: cockroach_merge_operator
I210322 23:07:38.466924 20 storage/rocksdb.go:102         Options.compaction_filter: None
I210322 23:07:38.466927 20 storage/rocksdb.go:102         Options.compaction_filter_factory: None
I210322 23:07:38.466929 20 storage/rocksdb.go:102          Options.memtable_factory: SkipListFactory
I210322 23:07:38.466932 20 storage/rocksdb.go:102             Options.table_factory: BlockBasedTable
I210322 23:07:38.466952 20 storage/rocksdb.go:102             table_factory options:   flush_block_policy_factory: FlushBlockBySizePolicyFactory (0x7fe85a823028)
  cache_index_and_filter_blocks: 0
  cache_index_and_filter_blocks_with_high_priority: 0
  pin_l0_filter_and_index_blocks_in_cache: 0
  pin_top_level_index_and_filter: 1
  index_type: 0
  data_block_index_type: 0
  index_shortening: 1
  data_block_hash_table_util_ratio: 0.750000
  hash_index_allow_collision: 1
  checksum: 1
  no_block_cache: 0
  block_cache: 0x7fe85a814010
  block_cache_name: LRUCache
  block_cache_options:
    capacity : 67108864
    num_shard_bits : 4
    strict_capacity_limit : 0
    memory_allocator : None
    high_pri_pool_ratio: 0.000
  block_cache_compressed: (nil)
  persistent_cache: (nil)
  block_size: 32768
  block_size_deviation: 10
  block_restart_interval: 16
  index_block_restart_interval: 1
  metadata_block_size: 4096
  partition_filters: 0
  use_delta_encoding: 1
  filter_policy: rocksdb.BuiltinBloomFilter
  whole_key_filtering: 0
  verify_compression: 0
  read_amp_bytes_per_bit: 0
  format_version: 2
  enable_index_compression: 1
  block_align: 0
I210322 23:07:38.466956 20 storage/rocksdb.go:102         Options.write_buffer_size: 67108864
I210322 23:07:38.466959 20 storage/rocksdb.go:102   Options.max_write_buffer_number: 4
I210322 23:07:38.466962 20 storage/rocksdb.go:102           Options.compression: Snappy
I210322 23:07:38.466965 20 storage/rocksdb.go:102                   Options.bottommost_compression: Disabled
I210322 23:07:38.466967 20 storage/rocksdb.go:102        Options.prefix_extractor: cockroach_prefix_extractor
I210322 23:07:38.466970 20 storage/rocksdb.go:102    Options.memtable_insert_with_hint_prefix_extractor: nullptr
I210322 23:07:38.466972 20 storage/rocksdb.go:102              Options.num_levels: 7
I210322 23:07:38.466975 20 storage/rocksdb.go:102         Options.min_write_buffer_number_to_merge: 1
I210322 23:07:38.466977 20 storage/rocksdb.go:102      Options.max_write_buffer_number_to_maintain: 0
I210322 23:07:38.466980 20 storage/rocksdb.go:102             Options.bottommost_compression_opts.window_bits: -14
I210322 23:07:38.466983 20 storage/rocksdb.go:102                   Options.bottommost_compression_opts.level: 32767
I210322 23:07:38.466985 20 storage/rocksdb.go:102                Options.bottommost_compression_opts.strategy: 0
I210322 23:07:38.466987 20 storage/rocksdb.go:102          Options.bottommost_compression_opts.max_dict_bytes: 0
I210322 23:07:38.466990 20 storage/rocksdb.go:102          Options.bottommost_compression_opts.zstd_max_train_bytes: 0
I210322 23:07:38.466992 20 storage/rocksdb.go:102                   Options.bottommost_compression_opts.enabled: false
I210322 23:07:38.466995 20 storage/rocksdb.go:102             Options.compression_opts.window_bits: -14
I210322 23:07:38.466997 20 storage/rocksdb.go:102                   Options.compression_opts.level: 32767
I210322 23:07:38.467000 20 storage/rocksdb.go:102                Options.compression_opts.strategy: 0
I210322 23:07:38.467002 20 storage/rocksdb.go:102          Options.compression_opts.max_dict_bytes: 0
I210322 23:07:38.467011 20 storage/rocksdb.go:102          Options.compression_opts.zstd_max_train_bytes: 0
I210322 23:07:38.467014 20 storage/rocksdb.go:102                   Options.compression_opts.enabled: false
I210322 23:07:38.467017 20 storage/rocksdb.go:102       Options.level0_file_num_compaction_trigger: 2
I210322 23:07:38.467019 20 storage/rocksdb.go:102           Options.level0_slowdown_writes_trigger: 950
I210322 23:07:38.467021 20 storage/rocksdb.go:102               Options.level0_stop_writes_trigger: 1000
I210322 23:07:38.467024 20 storage/rocksdb.go:102                    Options.target_file_size_base: 4194304
I210322 23:07:38.467026 20 storage/rocksdb.go:102              Options.target_file_size_multiplier: 2
I210322 23:07:38.467029 20 storage/rocksdb.go:102                 Options.max_bytes_for_level_base: 67108864
I210322 23:07:38.467031 20 storage/rocksdb.go:102  Options.level_compaction_dynamic_level_bytes: 1
I210322 23:07:38.467035 20 storage/rocksdb.go:102           Options.max_bytes_for_level_multiplier: 10.000000
I210322 23:07:38.467037 20 storage/rocksdb.go:102  Options.max_bytes_for_level_multiplier_addtl[0]: 1
I210322 23:07:38.467040 20 storage/rocksdb.go:102  Options.max_bytes_for_level_multiplier_addtl[1]: 1
I210322 23:07:38.467042 20 storage/rocksdb.go:102  Options.max_bytes_for_level_multiplier_addtl[2]: 1
I210322 23:07:38.467045 20 storage/rocksdb.go:102  Options.max_bytes_for_level_multiplier_addtl[3]: 1
I210322 23:07:38.467071 20 storage/rocksdb.go:102  Options.max_bytes_for_level_multiplier_addtl[4]: 1
I210322 23:07:38.467076 20 storage/rocksdb.go:102  Options.max_bytes_for_level_multiplier_addtl[5]: 1
I210322 23:07:38.467078 20 storage/rocksdb.go:102  Options.max_bytes_for_level_multiplier_addtl[6]: 1
I210322 23:07:38.467081 20 storage/rocksdb.go:102        Options.max_sequential_skip_in_iterations: 8
I210322 23:07:38.467083 20 storage/rocksdb.go:102                     Options.max_compaction_bytes: 104857600
I210322 23:07:38.467086 20 storage/rocksdb.go:102                         Options.arena_block_size: 8388608
I210322 23:07:38.467088 20 storage/rocksdb.go:102    Options.soft_pending_compaction_bytes_limit: 2199023255552
I210322 23:07:38.467090 20 storage/rocksdb.go:102    Options.hard_pending_compaction_bytes_limit: 4400193994752
I210322 23:07:38.467093 20 storage/rocksdb.go:102        Options.rate_limit_delay_max_milliseconds: 100
I210322 23:07:38.467096 20 storage/rocksdb.go:102                 Options.disable_auto_compactions: 0
I210322 23:07:38.467099 20 storage/rocksdb.go:102                         Options.compaction_style: kCompactionStyleLevel
I210322 23:07:38.467102 20 storage/rocksdb.go:102                           Options.compaction_pri: kMinOverlappingRatio
I210322 23:07:38.467105 20 storage/rocksdb.go:102  Options.compaction_options_universal.size_ratio: 1
I210322 23:07:38.467107 20 storage/rocksdb.go:102  Options.compaction_options_universal.min_merge_width: 2
I210322 23:07:38.467110 20 storage/rocksdb.go:102  Options.compaction_options_universal.max_merge_width: 4294967295
I210322 23:07:38.467112 20 storage/rocksdb.go:102  Options.compaction_options_universal.max_size_amplification_percent: 200
I210322 23:07:38.467115 20 storage/rocksdb.go:102  Options.compaction_options_universal.compression_size_percent: -1
I210322 23:07:38.467118 20 storage/rocksdb.go:102  Options.compaction_options_universal.stop_style: kCompactionStopStyleTotalSize
I210322 23:07:38.467120 20 storage/rocksdb.go:102  Options.compaction_options_fifo.max_table_files_size: 1073741824
I210322 23:07:38.467122 20 storage/rocksdb.go:102  Options.compaction_options_fifo.allow_compaction: 0
I210322 23:07:38.467126 20 storage/rocksdb.go:102                    Options.table_properties_collectors: TimeBoundTblPropCollectorFactory; DeleteRangeTblPropCollectorFactory; 
I210322 23:07:38.467129 20 storage/rocksdb.go:102                    Options.inplace_update_support: 0
I210322 23:07:38.467131 20 storage/rocksdb.go:102                  Options.inplace_update_num_locks: 10000
I210322 23:07:38.467134 20 storage/rocksdb.go:102                Options.memtable_prefix_bloom_size_ratio: 0.000000
I210322 23:07:38.467137 20 storage/rocksdb.go:102                Options.memtable_whole_key_filtering: 0
I210322 23:07:38.467139 20 storage/rocksdb.go:102    Options.memtable_huge_page_size: 0
I210322 23:07:38.467141 20 storage/rocksdb.go:102                            Options.bloom_locality: 0
I210322 23:07:38.467150 20 storage/rocksdb.go:102                     Options.max_successive_merges: 0
I210322 23:07:38.467154 20 storage/rocksdb.go:102                 Options.optimize_filters_for_hits: 1
I210322 23:07:38.467157 20 storage/rocksdb.go:102                 Options.paranoid_file_checks: 0
I210322 23:07:38.467159 20 storage/rocksdb.go:102                 Options.force_consistency_checks: 0
I210322 23:07:38.467161 20 storage/rocksdb.go:102                 Options.report_bg_io_stats: 0
I210322 23:07:38.467164 20 storage/rocksdb.go:102                                Options.ttl: 0
I210322 23:07:38.467166 20 storage/rocksdb.go:102           Options.periodic_compaction_seconds: 0
I210322 23:07:38.471871 20 storage/rocksdb.go:102  [db/version_set.cc:3086] More existing levels in DB than needed. max_bytes_for_level_multiplier may not be guaranteed.
I210322 23:07:38.471889 20 storage/rocksdb.go:102  [db/version_set.cc:4286] Recovered from manifest file:/cockroach/cockroach-data/MANIFEST-000029 succeeded,manifest_file_number is 29, next_file_number is 31, last_sequence is 449035, log_number is 24,prev_log_number is 0,max_column_family is 0,min_log_number_to_keep is 0
I210322 23:07:38.471892 20 storage/rocksdb.go:102  [db/version_set.cc:4295] Column family [default] (ID 0), log number is 24
I210322 23:07:38.472743 20 storage/rocksdb.go:102  EVENT_LOG_v1 {"time_micros": 1616454458472727, "job": 1, "event": "recovery_started", "log_files": [30]}
I210322 23:07:38.472750 20 storage/rocksdb.go:102  [db/db_impl_open.cc:598] Recovering log #30 mode 0
I210322 23:07:38.595920 20 storage/rocksdb.go:102  EVENT_LOG_v1 {"time_micros": 1616454458595848, "cf_name": "default", "job": 1, "event": "table_file_creation", "file_number": 31, "file_size": 134281, "table_properties": {"data_size": 130276, "index_size": 549, "index_partitions": 0, "top_level_index_size": 0, "index_key_is_user_key": 0, "index_value_is_delta_encoded": 0, "filter_size": 2629, "raw_key_size": 82103, "raw_average_key_size": 36, "raw_value_size": 441208, "raw_average_value_size": 194, "num_data_blocks": 12, "num_entries": 2273, "num_deletions": 690, "num_merge_operands": 691, "num_range_deletions": 691, "format_version": 0, "fixed_key_len": 0, "filter_policy": "rocksdb.BuiltinBloomFilter", "column_family_name": "default", "column_family_id": 0, "comparator": "cockroach_comparator", "merge_operator": "cockroach_merge_operator", "prefix_extractor_name": "cockroach_prefix_extractor", "property_collectors": "[TimeBoundTblPropCollectorFactory,DeleteRangeTblPropCollectorFactory]", "compression": "Snappy", "compression_options": "window_bits=-14; level=32767; strategy=0; max_dict_bytes=0; zstd_max_train_bytes=0; enabled=0; ", "creation_time": 1616454458, "oldest_key_time": 3, "file_creation_time": 0}}
I210322 23:07:38.596584 20 storage/rocksdb.go:102  [db/version_set.cc:3560] Creating manifest 32
I210322 23:07:38.603920 20 storage/rocksdb.go:102  [db/version_set.cc:3086] More existing levels in DB than needed. max_bytes_for_level_multiplier may not be guaranteed.
I210322 23:07:38.607504 20 storage/rocksdb.go:102  EVENT_LOG_v1 {"time_micros": 1616454458607435, "job": 1, "event": "recovery_finished"}
I210322 23:07:38.621711 17 storage/rocksdb.go:102  [db/compaction_job.cc:1647] [default] [JOB 3] Compacting 2@0 + 1@6 files to L6, score 1.00
I210322 23:07:38.621723 17 storage/rocksdb.go:102  [db/compaction_job.cc:1651] [default] Compaction start summary: Base version 2 Base level 0, inputs: [31(131KB) 28(81KB)], [26(609KB)]
I210322 23:07:38.621779 17 storage/rocksdb.go:102  EVENT_LOG_v1 {"time_micros": 1616454458621737, "job": 3, "event": "compaction_started", "compaction_reason": "LevelL0FilesNum", "files_L0": [31, 28], "files_L6": [26], "score": 1, "input_data_size": 841962}
I210322 23:07:38.624419 20 storage/rocksdb.go:102  DB pointer 0x7fe85a89a000
I210322 23:07:38.670951 17 storage/rocksdb.go:102  [db/compaction_job.cc:1334] [default] [JOB 3] Generated table #36: 5351 keys, 713175 bytes
I210322 23:07:38.671065 17 storage/rocksdb.go:102  EVENT_LOG_v1 {"time_micros": 1616454458671027, "cf_name": "default", "job": 3, "event": "table_file_creation", "file_number": 36, "file_size": 713175, "table_properties": {"data_size": 708446, "index_size": 8151, "index_partitions": 0, "top_level_index_size": 0, "index_key_is_user_key": 0, "index_value_is_delta_encoded": 0, "filter_size": 0, "raw_key_size": 210561, "raw_average_key_size": 39, "raw_value_size": 4402800, "raw_average_value_size": 822, "num_data_blocks": 141, "num_entries": 5351, "num_deletions": 0, "num_merge_operands": 0, "num_range_deletions": 0, "format_version": 0, "fixed_key_len": 0, "filter_policy": "rocksdb.BuiltinBloomFilter", "column_family_name": "default", "column_family_id": 0, "comparator": "cockroach_comparator", "merge_operator": "cockroach_merge_operator", "prefix_extractor_name": "cockroach_prefix_extractor", "property_collectors": "[TimeBoundTblPropCollectorFactory,DeleteRangeTblPropCollectorFactory]", "compression": "Snappy", "compression_options": "window_bits=-14; level=32767; strategy=0; max_dict_bytes=0; zstd_max_train_bytes=0; enabled=0; ", "creation_time": 1616454458, "oldest_key_time": 0, "file_creation_time": 1616454458}}
I210322 23:07:38.673130 17 storage/rocksdb.go:102  [db/compaction_job.cc:1397] [default] [JOB 3] Compacted 2@0 + 1@6 files to L6 => 713175 bytes
I210322 23:07:38.673163 17 storage/rocksdb.go:102  [db/version_set.cc:3086] More existing levels in DB than needed. max_bytes_for_level_multiplier may not be guaranteed.
I210322 23:07:38.673997 17 storage/rocksdb.go:102  (Original Log Time 2021/03/22-23:07:38.673833) [db/compaction_job.cc:770] [default] compacted to: base level 6 level multiplier 10.00 max bytes base 67108864 files[0 0 0 0 0 0 1] max score 0.00, MB/sec: 17.1 rd, 14.5 wr, level 6, files in(2, 1) out(1) MB in(0.2, 0.6) out(0.7), read-write-amplify(7.1) write-amplify(3.3) OK, records in: 8469, records dropped: 1736 output_compression: Snappy
I210322 23:07:38.674011 17 storage/rocksdb.go:102  (Original Log Time 2021/03/22-23:07:38.673871) EVENT_LOG_v1 {"time_micros": 1616454458673844, "job": 3, "event": "compaction_finished", "compaction_time_micros": 49319, "compaction_time_cpu_micros": 20653, "output_level": 6, "num_output_files": 1, "total_output_size": 713175, "num_input_records": 7087, "num_output_records": 5351, "num_subcompactions": 1, "output_compression": "Snappy", "num_single_delete_mismatches": 0, "num_single_delete_fallthrough": 0, "lsm_state": [0, 0, 0, 0, 0, 0, 1]}
I210322 23:07:38.675100 17 storage/rocksdb.go:102  EVENT_LOG_v1 {"time_micros": 1616454458675050, "job": 3, "event": "table_file_deletion", "file_number": 31}
I210322 23:07:38.676076 17 storage/rocksdb.go:102  EVENT_LOG_v1 {"time_micros": 1616454458676022, "job": 3, "event": "table_file_deletion", "file_number": 28}
I210322 23:07:38.677303 17 storage/rocksdb.go:102  EVENT_LOG_v1 {"time_micros": 1616454458677250, "job": 3, "event": "table_file_deletion", "file_number": 26}
I210322 23:28:50.427248 16049 storage/rocksdb.go:102  bloom filter utility:    -nan%
I210322 23:28:50.427565 16049 storage/rocksdb.go:102  [db/db_impl.cc:392] Shutdown: canceling all background work
I210322 23:28:50.428250 16049 storage/rocksdb.go:102  [db/db_impl.cc:565] Shutdown complete
I210322 23:28:50.436340 16049 storage/rocksdb.go:102  bloom filter utility:    66.7%
I210322 23:28:50.436826 16049 storage/rocksdb.go:102  [db/db_impl.cc:392] Shutdown: canceling all background work
I210322 23:28:50.443519 16049 storage/rocksdb.go:102  [db/db_impl.cc:565] Shutdown complete
