I210322 23:04:38.700400 34 util/log/sync_buffer.go:70  [config] file created at: 2021/03/22 23:04:38
I210322 23:04:38.700400 34 util/log/sync_buffer.go:70  [config] running on machine: 6c8f11fd866f
I210322 23:04:38.700400 34 util/log/sync_buffer.go:70  [config] binary: CockroachDB CCL v20.1.1 (x86_64-unknown-linux-gnu, built 2020/05/19 14:46:06, go1.13.9)
I210322 23:04:38.700400 34 util/log/sync_buffer.go:70  [config] arguments: [/cockroach/cockroach start --insecure]
I210322 23:04:38.700400 34 util/log/sync_buffer.go:70  line format: [IWEF]yymmdd hh:mm:ss.uuuuuu goid file:line msg utf8=✓
I210322 23:04:38.700399 34 storage/rocksdb.go:102  RocksDB version: 6.2.1
I210322 23:04:38.705974 34 storage/rocksdb.go:102  Git sha rocksdb_build_git_sha:@e494e15a0b08c13fafd5710f279f348d47d476de@
I210322 23:04:38.705978 34 storage/rocksdb.go:102  Compile date May 19 2020
I210322 23:04:38.705981 34 storage/rocksdb.go:102  DB SUMMARY
I210322 23:04:38.706621 34 storage/rocksdb.go:102  SST files in /cockroach/cockroach-data/cockroach-temp492620265 dir, Total Num: 0, files: 
I210322 23:04:38.706626 34 storage/rocksdb.go:102  Write Ahead Log file in /cockroach/cockroach-data/cockroach-temp492620265: 
I210322 23:04:38.706630 34 storage/rocksdb.go:102                          Options.error_if_exists: 0
I210322 23:04:38.706632 34 storage/rocksdb.go:102                        Options.create_if_missing: 1
I210322 23:04:38.706635 34 storage/rocksdb.go:102                          Options.paranoid_checks: 1
I210322 23:04:38.706638 34 storage/rocksdb.go:102                                      Options.env: 0x756bca0
I210322 23:04:38.706640 34 storage/rocksdb.go:102                                 Options.info_log: 0x7f104f0270e0
I210322 23:04:38.706645 34 storage/rocksdb.go:102                 Options.max_file_opening_threads: 16
I210322 23:04:38.706647 34 storage/rocksdb.go:102                               Options.statistics: 0x7f104f034010
I210322 23:04:38.706650 34 storage/rocksdb.go:102                                Options.use_fsync: 0
I210322 23:04:38.706652 34 storage/rocksdb.go:102                        Options.max_log_file_size: 0
I210322 23:04:38.706655 34 storage/rocksdb.go:102                   Options.max_manifest_file_size: 134217728
I210322 23:04:38.706657 34 storage/rocksdb.go:102                    Options.log_file_time_to_roll: 0
I210322 23:04:38.706660 34 storage/rocksdb.go:102                        Options.keep_log_file_num: 1000
I210322 23:04:38.706662 34 storage/rocksdb.go:102                     Options.recycle_log_file_num: 1
I210322 23:04:38.706664 34 storage/rocksdb.go:102                          Options.allow_fallocate: 1
I210322 23:04:38.706667 34 storage/rocksdb.go:102                         Options.allow_mmap_reads: 0
I210322 23:04:38.706669 34 storage/rocksdb.go:102                        Options.allow_mmap_writes: 0
I210322 23:04:38.706672 34 storage/rocksdb.go:102                         Options.use_direct_reads: 0
I210322 23:04:38.706674 34 storage/rocksdb.go:102                         Options.use_direct_io_for_flush_and_compaction: 0
I210322 23:04:38.706677 34 storage/rocksdb.go:102           Options.create_missing_column_families: 0
I210322 23:04:38.706679 34 storage/rocksdb.go:102                               Options.db_log_dir: 
I210322 23:04:38.706682 34 storage/rocksdb.go:102                                  Options.wal_dir: /cockroach/cockroach-data/cockroach-temp492620265
I210322 23:04:38.706684 34 storage/rocksdb.go:102                 Options.table_cache_numshardbits: 6
I210322 23:04:38.706687 34 storage/rocksdb.go:102                       Options.max_subcompactions: 1
I210322 23:04:38.706690 34 storage/rocksdb.go:102                   Options.max_background_flushes: -1
I210322 23:04:38.706692 34 storage/rocksdb.go:102                          Options.WAL_ttl_seconds: 0
I210322 23:04:38.706694 34 storage/rocksdb.go:102                        Options.WAL_size_limit_MB: 0
I210322 23:04:38.706697 34 storage/rocksdb.go:102              Options.manifest_preallocation_size: 4194304
I210322 23:04:38.706700 34 storage/rocksdb.go:102                      Options.is_fd_close_on_exec: 1
I210322 23:04:38.706702 34 storage/rocksdb.go:102                    Options.advise_random_on_open: 1
I210322 23:04:38.706704 34 storage/rocksdb.go:102                     Options.db_write_buffer_size: 0
I210322 23:04:38.706707 34 storage/rocksdb.go:102                     Options.write_buffer_manager: 0x7f104f019060
I210322 23:04:38.706709 34 storage/rocksdb.go:102          Options.access_hint_on_compaction_start: 1
I210322 23:04:38.706711 34 storage/rocksdb.go:102   Options.new_table_reader_for_compaction_inputs: 0
I210322 23:04:38.706716 34 storage/rocksdb.go:102            Options.random_access_max_buffer_size: 1048576
I210322 23:04:38.706719 34 storage/rocksdb.go:102                       Options.use_adaptive_mutex: 0
I210322 23:04:38.706721 34 storage/rocksdb.go:102                             Options.rate_limiter: (nil)
I210322 23:04:38.706724 34 storage/rocksdb.go:102      Options.sst_file_manager.rate_bytes_per_sec: 0
I210322 23:04:38.706727 34 storage/rocksdb.go:102                        Options.wal_recovery_mode: 0
I210322 23:04:38.706729 34 storage/rocksdb.go:102                   Options.enable_thread_tracking: 0
I210322 23:04:38.706731 34 storage/rocksdb.go:102                   Options.enable_pipelined_write: 0
I210322 23:04:38.706734 34 storage/rocksdb.go:102          Options.allow_concurrent_memtable_write: 1
I210322 23:04:38.706736 34 storage/rocksdb.go:102       Options.enable_write_thread_adaptive_yield: 1
I210322 23:04:38.706739 34 storage/rocksdb.go:102              Options.write_thread_max_yield_usec: 100
I210322 23:04:38.706741 34 storage/rocksdb.go:102             Options.write_thread_slow_yield_usec: 3
I210322 23:04:38.706745 34 storage/rocksdb.go:102                                Options.row_cache: None
I210322 23:04:38.706747 34 storage/rocksdb.go:102                               Options.wal_filter: None
I210322 23:04:38.706750 34 storage/rocksdb.go:102              Options.avoid_flush_during_recovery: 0
I210322 23:04:38.706752 34 storage/rocksdb.go:102              Options.allow_ingest_behind: 0
I210322 23:04:38.706755 34 storage/rocksdb.go:102              Options.preserve_deletes: 0
I210322 23:04:38.706757 34 storage/rocksdb.go:102              Options.two_write_queues: 0
I210322 23:04:38.706760 34 storage/rocksdb.go:102              Options.manual_wal_flush: 1
I210322 23:04:38.706762 34 storage/rocksdb.go:102              Options.atomic_flush: 0
I210322 23:04:38.706764 34 storage/rocksdb.go:102              Options.avoid_unnecessary_blocking_io: 0
I210322 23:04:38.706767 34 storage/rocksdb.go:102              Options.max_background_jobs: 2
I210322 23:04:38.706769 34 storage/rocksdb.go:102              Options.max_background_compactions: -1
I210322 23:04:38.706772 34 storage/rocksdb.go:102              Options.avoid_flush_during_shutdown: 0
I210322 23:04:38.706774 34 storage/rocksdb.go:102            Options.writable_file_max_buffer_size: 1048576
I210322 23:04:38.706776 34 storage/rocksdb.go:102              Options.delayed_write_rate : 16777216
I210322 23:04:38.706779 34 storage/rocksdb.go:102              Options.max_total_wal_size: 0
I210322 23:04:38.706781 34 storage/rocksdb.go:102              Options.delete_obsolete_files_period_micros: 21600000000
I210322 23:04:38.706783 34 storage/rocksdb.go:102                    Options.stats_dump_period_sec: 0
I210322 23:04:38.706786 34 storage/rocksdb.go:102                  Options.stats_persist_period_sec: 600
I210322 23:04:38.706788 34 storage/rocksdb.go:102                  Options.stats_history_buffer_size: 1048576
I210322 23:04:38.706791 34 storage/rocksdb.go:102                           Options.max_open_files: 128
I210322 23:04:38.706793 34 storage/rocksdb.go:102                           Options.bytes_per_sync: 524288
I210322 23:04:38.706795 34 storage/rocksdb.go:102                       Options.wal_bytes_per_sync: 0
I210322 23:04:38.706798 34 storage/rocksdb.go:102                    Options.strict_bytes_per_sync: 1
I210322 23:04:38.706800 34 storage/rocksdb.go:102        Options.compaction_readahead_size: 0
I210322 23:04:38.706803 34 storage/rocksdb.go:102  Compression algorithms supported:
I210322 23:04:38.706806 34 storage/rocksdb.go:102  	kZSTDNotFinalCompression supported: 0
I210322 23:04:38.706808 34 storage/rocksdb.go:102  	kZSTD supported: 0
I210322 23:04:38.706811 34 storage/rocksdb.go:102  	kXpressCompression supported: 0
I210322 23:04:38.706813 34 storage/rocksdb.go:102  	kLZ4HCCompression supported: 0
I210322 23:04:38.706816 34 storage/rocksdb.go:102  	kLZ4Compression supported: 0
I210322 23:04:38.706818 34 storage/rocksdb.go:102  	kBZip2Compression supported: 0
I210322 23:04:38.706822 34 storage/rocksdb.go:102  	kZlibCompression supported: 0
I210322 23:04:38.706824 34 storage/rocksdb.go:102  	kSnappyCompression supported: 1
I210322 23:04:38.706834 34 storage/rocksdb.go:102  Fast CRC32 supported: Supported on x86
I210322 23:04:38.709127 34 storage/rocksdb.go:102  [db/db_impl_open.cc:242] Creating manifest 1 
I210322 23:04:38.721840 34 storage/rocksdb.go:102  [db/version_set.cc:4072] Recovering from manifest file: /cockroach/cockroach-data/cockroach-temp492620265/MANIFEST-000001
I210322 23:04:38.722514 34 storage/rocksdb.go:102  [db/column_family.cc:488] --------------- Options for column family [default]:
I210322 23:04:38.722520 34 storage/rocksdb.go:102                Options.comparator: cockroach_comparator
I210322 23:04:38.722523 34 storage/rocksdb.go:102            Options.merge_operator: cockroach_merge_operator
I210322 23:04:38.722526 34 storage/rocksdb.go:102         Options.compaction_filter: None
I210322 23:04:38.722529 34 storage/rocksdb.go:102         Options.compaction_filter_factory: None
I210322 23:04:38.722553 34 storage/rocksdb.go:102          Options.memtable_factory: SkipListFactory
I210322 23:04:38.722557 34 storage/rocksdb.go:102             Options.table_factory: BlockBasedTable
I210322 23:04:38.722579 34 storage/rocksdb.go:102             table_factory options:   flush_block_policy_factory: FlushBlockBySizePolicyFactory (0x7f104f028030)
  cache_index_and_filter_blocks: 0
  cache_index_and_filter_blocks_with_high_priority: 0
  pin_l0_filter_and_index_blocks_in_cache: 0
  pin_top_level_index_and_filter: 1
  index_type: 0
  data_block_index_type: 0
  index_shortening: 1
  data_block_hash_table_util_ratio: 0.750000
  hash_index_allow_collision: 1
  checksum: 1
  no_block_cache: 0
  block_cache: 0x7f104f01c010
  block_cache_name: LRUCache
  block_cache_options:
    capacity : 1048576
    num_shard_bits : 4
    strict_capacity_limit : 0
    memory_allocator : None
    high_pri_pool_ratio: 0.000
  block_cache_compressed: (nil)
  persistent_cache: (nil)
  block_size: 32768
  block_size_deviation: 10
  block_restart_interval: 16
  index_block_restart_interval: 1
  metadata_block_size: 4096
  partition_filters: 0
  use_delta_encoding: 1
  filter_policy: rocksdb.BuiltinBloomFilter
  whole_key_filtering: 0
  verify_compression: 0
  read_amp_bytes_per_bit: 0
  format_version: 2
  enable_index_compression: 1
  block_align: 0
I210322 23:04:38.722586 34 storage/rocksdb.go:102         Options.write_buffer_size: 67108864
I210322 23:04:38.722590 34 storage/rocksdb.go:102   Options.max_write_buffer_number: 4
I210322 23:04:38.722593 34 storage/rocksdb.go:102           Options.compression: Snappy
I210322 23:04:38.722595 34 storage/rocksdb.go:102                   Options.bottommost_compression: Disabled
I210322 23:04:38.722598 34 storage/rocksdb.go:102        Options.prefix_extractor: cockroach_prefix_extractor
I210322 23:04:38.722601 34 storage/rocksdb.go:102    Options.memtable_insert_with_hint_prefix_extractor: nullptr
I210322 23:04:38.722603 34 storage/rocksdb.go:102              Options.num_levels: 7
I210322 23:04:38.722605 34 storage/rocksdb.go:102         Options.min_write_buffer_number_to_merge: 1
I210322 23:04:38.722608 34 storage/rocksdb.go:102      Options.max_write_buffer_number_to_maintain: 0
I210322 23:04:38.722610 34 storage/rocksdb.go:102             Options.bottommost_compression_opts.window_bits: -14
I210322 23:04:38.722613 34 storage/rocksdb.go:102                   Options.bottommost_compression_opts.level: 32767
I210322 23:04:38.722615 34 storage/rocksdb.go:102                Options.bottommost_compression_opts.strategy: 0
I210322 23:04:38.722618 34 storage/rocksdb.go:102          Options.bottommost_compression_opts.max_dict_bytes: 0
I210322 23:04:38.722620 34 storage/rocksdb.go:102          Options.bottommost_compression_opts.zstd_max_train_bytes: 0
I210322 23:04:38.722622 34 storage/rocksdb.go:102                   Options.bottommost_compression_opts.enabled: false
I210322 23:04:38.722625 34 storage/rocksdb.go:102             Options.compression_opts.window_bits: -14
I210322 23:04:38.722629 34 storage/rocksdb.go:102                   Options.compression_opts.level: 32767
I210322 23:04:38.722631 34 storage/rocksdb.go:102                Options.compression_opts.strategy: 0
I210322 23:04:38.722634 34 storage/rocksdb.go:102          Options.compression_opts.max_dict_bytes: 0
I210322 23:04:38.722636 34 storage/rocksdb.go:102          Options.compression_opts.zstd_max_train_bytes: 0
I210322 23:04:38.722638 34 storage/rocksdb.go:102                   Options.compression_opts.enabled: false
I210322 23:04:38.722641 34 storage/rocksdb.go:102       Options.level0_file_num_compaction_trigger: 2
I210322 23:04:38.722644 34 storage/rocksdb.go:102           Options.level0_slowdown_writes_trigger: 950
I210322 23:04:38.722646 34 storage/rocksdb.go:102               Options.level0_stop_writes_trigger: 1000
I210322 23:04:38.722649 34 storage/rocksdb.go:102                    Options.target_file_size_base: 4194304
I210322 23:04:38.722651 34 storage/rocksdb.go:102              Options.target_file_size_multiplier: 2
I210322 23:04:38.722655 34 storage/rocksdb.go:102                 Options.max_bytes_for_level_base: 67108864
I210322 23:04:38.722657 34 storage/rocksdb.go:102  Options.level_compaction_dynamic_level_bytes: 1
I210322 23:04:38.722660 34 storage/rocksdb.go:102           Options.max_bytes_for_level_multiplier: 10.000000
I210322 23:04:38.722662 34 storage/rocksdb.go:102  Options.max_bytes_for_level_multiplier_addtl[0]: 1
I210322 23:04:38.722667 34 storage/rocksdb.go:102  Options.max_bytes_for_level_multiplier_addtl[1]: 1
I210322 23:04:38.722669 34 storage/rocksdb.go:102  Options.max_bytes_for_level_multiplier_addtl[2]: 1
I210322 23:04:38.722672 34 storage/rocksdb.go:102  Options.max_bytes_for_level_multiplier_addtl[3]: 1
I210322 23:04:38.722674 34 storage/rocksdb.go:102  Options.max_bytes_for_level_multiplier_addtl[4]: 1
I210322 23:04:38.722676 34 storage/rocksdb.go:102  Options.max_bytes_for_level_multiplier_addtl[5]: 1
I210322 23:04:38.722679 34 storage/rocksdb.go:102  Options.max_bytes_for_level_multiplier_addtl[6]: 1
I210322 23:04:38.722681 34 storage/rocksdb.go:102        Options.max_sequential_skip_in_iterations: 8
I210322 23:04:38.722684 34 storage/rocksdb.go:102                     Options.max_compaction_bytes: 104857600
I210322 23:04:38.722687 34 storage/rocksdb.go:102                         Options.arena_block_size: 8388608
I210322 23:04:38.722689 34 storage/rocksdb.go:102    Options.soft_pending_compaction_bytes_limit: 2199023255552
I210322 23:04:38.722692 34 storage/rocksdb.go:102    Options.hard_pending_compaction_bytes_limit: 4400193994752
I210322 23:04:38.722694 34 storage/rocksdb.go:102        Options.rate_limit_delay_max_milliseconds: 100
I210322 23:04:38.722696 34 storage/rocksdb.go:102                 Options.disable_auto_compactions: 0
I210322 23:04:38.722702 34 storage/rocksdb.go:102                         Options.compaction_style: kCompactionStyleLevel
I210322 23:04:38.722706 34 storage/rocksdb.go:102                           Options.compaction_pri: kMinOverlappingRatio
I210322 23:04:38.722708 34 storage/rocksdb.go:102  Options.compaction_options_universal.size_ratio: 1
I210322 23:04:38.722710 34 storage/rocksdb.go:102  Options.compaction_options_universal.min_merge_width: 2
I210322 23:04:38.722713 34 storage/rocksdb.go:102  Options.compaction_options_universal.max_merge_width: 4294967295
I210322 23:04:38.722715 34 storage/rocksdb.go:102  Options.compaction_options_universal.max_size_amplification_percent: 200
I210322 23:04:38.722718 34 storage/rocksdb.go:102  Options.compaction_options_universal.compression_size_percent: -1
I210322 23:04:38.722720 34 storage/rocksdb.go:102  Options.compaction_options_universal.stop_style: kCompactionStopStyleTotalSize
I210322 23:04:38.722723 34 storage/rocksdb.go:102  Options.compaction_options_fifo.max_table_files_size: 1073741824
I210322 23:04:38.722725 34 storage/rocksdb.go:102  Options.compaction_options_fifo.allow_compaction: 0
I210322 23:04:38.722729 34 storage/rocksdb.go:102                    Options.table_properties_collectors: TimeBoundTblPropCollectorFactory; DeleteRangeTblPropCollectorFactory; 
I210322 23:04:38.722734 34 storage/rocksdb.go:102                    Options.inplace_update_support: 0
I210322 23:04:38.722736 34 storage/rocksdb.go:102                  Options.inplace_update_num_locks: 10000
I210322 23:04:38.722739 34 storage/rocksdb.go:102                Options.memtable_prefix_bloom_size_ratio: 0.000000
I210322 23:04:38.722742 34 storage/rocksdb.go:102                Options.memtable_whole_key_filtering: 0
I210322 23:04:38.722744 34 storage/rocksdb.go:102    Options.memtable_huge_page_size: 0
I210322 23:04:38.722746 34 storage/rocksdb.go:102                            Options.bloom_locality: 0
I210322 23:04:38.722749 34 storage/rocksdb.go:102                     Options.max_successive_merges: 0
I210322 23:04:38.722751 34 storage/rocksdb.go:102                 Options.optimize_filters_for_hits: 1
I210322 23:04:38.722753 34 storage/rocksdb.go:102                 Options.paranoid_file_checks: 0
I210322 23:04:38.722756 34 storage/rocksdb.go:102                 Options.force_consistency_checks: 0
I210322 23:04:38.722758 34 storage/rocksdb.go:102                 Options.report_bg_io_stats: 0
I210322 23:04:38.722761 34 storage/rocksdb.go:102                                Options.ttl: 0
I210322 23:04:38.722763 34 storage/rocksdb.go:102           Options.periodic_compaction_seconds: 0
I210322 23:04:38.730349 34 storage/rocksdb.go:102  [db/version_set.cc:4286] Recovered from manifest file:/cockroach/cockroach-data/cockroach-temp492620265/MANIFEST-000001 succeeded,manifest_file_number is 1, next_file_number is 3, last_sequence is 0, log_number is 0,prev_log_number is 0,max_column_family is 0,min_log_number_to_keep is 0
I210322 23:04:38.730359 34 storage/rocksdb.go:102  [db/version_set.cc:4295] Column family [default] (ID 0), log number is 0
I210322 23:04:38.745923 34 storage/rocksdb.go:102  DB pointer 0x7f104f0a1000
I210322 23:04:38.762565 34 storage/rocksdb.go:102  RocksDB version: 6.2.1
I210322 23:04:38.762570 34 storage/rocksdb.go:102  Git sha rocksdb_build_git_sha:@e494e15a0b08c13fafd5710f279f348d47d476de@
I210322 23:04:38.762573 34 storage/rocksdb.go:102  Compile date May 19 2020
I210322 23:04:38.762576 34 storage/rocksdb.go:102  DB SUMMARY
I210322 23:04:38.764585 34 storage/rocksdb.go:102  CURRENT file:  CURRENT
I210322 23:04:38.764590 34 storage/rocksdb.go:102  IDENTITY file:  IDENTITY
I210322 23:04:38.765037 34 storage/rocksdb.go:102  MANIFEST file:  MANIFEST-000022 size: 286 Bytes
I210322 23:04:38.765044 34 storage/rocksdb.go:102  SST files in /cockroach/cockroach-data dir, Total Num: 1, files: 000026.sst 
I210322 23:04:38.765047 34 storage/rocksdb.go:102  Write Ahead Log file in /cockroach/cockroach-data: 000023.log size: 1518974 ; 
I210322 23:04:38.765051 34 storage/rocksdb.go:102                          Options.error_if_exists: 0
I210322 23:04:38.765054 34 storage/rocksdb.go:102                        Options.create_if_missing: 1
I210322 23:04:38.765056 34 storage/rocksdb.go:102                          Options.paranoid_checks: 1
I210322 23:04:38.765059 34 storage/rocksdb.go:102                                      Options.env: 0x756bca0
I210322 23:04:38.765061 34 storage/rocksdb.go:102                                 Options.info_log: 0x7f104f027260
I210322 23:04:38.765064 34 storage/rocksdb.go:102                 Options.max_file_opening_threads: 16
I210322 23:04:38.765066 34 storage/rocksdb.go:102                               Options.statistics: 0x7f104f034080
I210322 23:04:38.765069 34 storage/rocksdb.go:102                                Options.use_fsync: 0
I210322 23:04:38.765071 34 storage/rocksdb.go:102                        Options.max_log_file_size: 0
I210322 23:04:38.765073 34 storage/rocksdb.go:102                   Options.max_manifest_file_size: 134217728
I210322 23:04:38.765076 34 storage/rocksdb.go:102                    Options.log_file_time_to_roll: 0
I210322 23:04:38.765078 34 storage/rocksdb.go:102                        Options.keep_log_file_num: 1000
I210322 23:04:38.765081 34 storage/rocksdb.go:102                     Options.recycle_log_file_num: 1
I210322 23:04:38.765087 34 storage/rocksdb.go:102                          Options.allow_fallocate: 1
I210322 23:04:38.765090 34 storage/rocksdb.go:102                         Options.allow_mmap_reads: 0
I210322 23:04:38.765092 34 storage/rocksdb.go:102                        Options.allow_mmap_writes: 0
I210322 23:04:38.765095 34 storage/rocksdb.go:102                         Options.use_direct_reads: 0
I210322 23:04:38.765097 34 storage/rocksdb.go:102                         Options.use_direct_io_for_flush_and_compaction: 0
I210322 23:04:38.765099 34 storage/rocksdb.go:102           Options.create_missing_column_families: 0
I210322 23:04:38.765102 34 storage/rocksdb.go:102                               Options.db_log_dir: 
I210322 23:04:38.765104 34 storage/rocksdb.go:102                                  Options.wal_dir: /cockroach/cockroach-data
I210322 23:04:38.765107 34 storage/rocksdb.go:102                 Options.table_cache_numshardbits: 6
I210322 23:04:38.765109 34 storage/rocksdb.go:102                       Options.max_subcompactions: 1
I210322 23:04:38.765111 34 storage/rocksdb.go:102                   Options.max_background_flushes: -1
I210322 23:04:38.765114 34 storage/rocksdb.go:102                          Options.WAL_ttl_seconds: 0
I210322 23:04:38.765116 34 storage/rocksdb.go:102                        Options.WAL_size_limit_MB: 0
I210322 23:04:38.765131 34 storage/rocksdb.go:102              Options.manifest_preallocation_size: 4194304
I210322 23:04:38.765142 34 storage/rocksdb.go:102                      Options.is_fd_close_on_exec: 1
I210322 23:04:38.765146 34 storage/rocksdb.go:102                    Options.advise_random_on_open: 1
I210322 23:04:38.765149 34 storage/rocksdb.go:102                     Options.db_write_buffer_size: 0
I210322 23:04:38.765151 34 storage/rocksdb.go:102                     Options.write_buffer_manager: 0x7f104f019570
I210322 23:04:38.765154 34 storage/rocksdb.go:102          Options.access_hint_on_compaction_start: 1
I210322 23:04:38.765156 34 storage/rocksdb.go:102   Options.new_table_reader_for_compaction_inputs: 0
I210322 23:04:38.765159 34 storage/rocksdb.go:102            Options.random_access_max_buffer_size: 1048576
I210322 23:04:38.765161 34 storage/rocksdb.go:102                       Options.use_adaptive_mutex: 0
I210322 23:04:38.765163 34 storage/rocksdb.go:102                             Options.rate_limiter: (nil)
I210322 23:04:38.765166 34 storage/rocksdb.go:102      Options.sst_file_manager.rate_bytes_per_sec: 0
I210322 23:04:38.765169 34 storage/rocksdb.go:102                        Options.wal_recovery_mode: 0
I210322 23:04:38.765171 34 storage/rocksdb.go:102                   Options.enable_thread_tracking: 0
I210322 23:04:38.765188 34 storage/rocksdb.go:102                   Options.enable_pipelined_write: 0
I210322 23:04:38.765192 34 storage/rocksdb.go:102          Options.allow_concurrent_memtable_write: 1
I210322 23:04:38.765194 34 storage/rocksdb.go:102       Options.enable_write_thread_adaptive_yield: 1
I210322 23:04:38.765197 34 storage/rocksdb.go:102              Options.write_thread_max_yield_usec: 100
I210322 23:04:38.765199 34 storage/rocksdb.go:102             Options.write_thread_slow_yield_usec: 3
I210322 23:04:38.765201 34 storage/rocksdb.go:102                                Options.row_cache: None
I210322 23:04:38.765204 34 storage/rocksdb.go:102                               Options.wal_filter: None
I210322 23:04:38.765206 34 storage/rocksdb.go:102              Options.avoid_flush_during_recovery: 0
I210322 23:04:38.765209 34 storage/rocksdb.go:102              Options.allow_ingest_behind: 0
I210322 23:04:38.765211 34 storage/rocksdb.go:102              Options.preserve_deletes: 0
I210322 23:04:38.765213 34 storage/rocksdb.go:102              Options.two_write_queues: 0
I210322 23:04:38.765216 34 storage/rocksdb.go:102              Options.manual_wal_flush: 1
I210322 23:04:38.765219 34 storage/rocksdb.go:102              Options.atomic_flush: 0
I210322 23:04:38.765224 34 storage/rocksdb.go:102              Options.avoid_unnecessary_blocking_io: 0
I210322 23:04:38.765227 34 storage/rocksdb.go:102              Options.max_background_jobs: 2
I210322 23:04:38.765230 34 storage/rocksdb.go:102              Options.max_background_compactions: -1
I210322 23:04:38.765232 34 storage/rocksdb.go:102              Options.avoid_flush_during_shutdown: 0
I210322 23:04:38.765235 34 storage/rocksdb.go:102            Options.writable_file_max_buffer_size: 1048576
I210322 23:04:38.765263 34 storage/rocksdb.go:102              Options.delayed_write_rate : 16777216
I210322 23:04:38.765269 34 storage/rocksdb.go:102              Options.max_total_wal_size: 0
I210322 23:04:38.765272 34 storage/rocksdb.go:102              Options.delete_obsolete_files_period_micros: 21600000000
I210322 23:04:38.765274 34 storage/rocksdb.go:102                    Options.stats_dump_period_sec: 0
I210322 23:04:38.765297 34 storage/rocksdb.go:102                  Options.stats_persist_period_sec: 600
I210322 23:04:38.765302 34 storage/rocksdb.go:102                  Options.stats_history_buffer_size: 1048576
I210322 23:04:38.765304 34 storage/rocksdb.go:102                           Options.max_open_files: 1043576
I210322 23:04:38.765307 34 storage/rocksdb.go:102                           Options.bytes_per_sync: 524288
I210322 23:04:38.765309 34 storage/rocksdb.go:102                       Options.wal_bytes_per_sync: 0
I210322 23:04:38.765312 34 storage/rocksdb.go:102                    Options.strict_bytes_per_sync: 1
I210322 23:04:38.765314 34 storage/rocksdb.go:102        Options.compaction_readahead_size: 0
I210322 23:04:38.765316 34 storage/rocksdb.go:102  Compression algorithms supported:
I210322 23:04:38.765319 34 storage/rocksdb.go:102  	kZSTDNotFinalCompression supported: 0
I210322 23:04:38.765322 34 storage/rocksdb.go:102  	kZSTD supported: 0
I210322 23:04:38.765324 34 storage/rocksdb.go:102  	kXpressCompression supported: 0
I210322 23:04:38.765327 34 storage/rocksdb.go:102  	kLZ4HCCompression supported: 0
I210322 23:04:38.765330 34 storage/rocksdb.go:102  	kLZ4Compression supported: 0
I210322 23:04:38.765332 34 storage/rocksdb.go:102  	kBZip2Compression supported: 0
I210322 23:04:38.765335 34 storage/rocksdb.go:102  	kZlibCompression supported: 0
I210322 23:04:38.765337 34 storage/rocksdb.go:102  	kSnappyCompression supported: 1
I210322 23:04:38.765348 34 storage/rocksdb.go:102  Fast CRC32 supported: Supported on x86
I210322 23:04:38.768643 34 storage/rocksdb.go:102  [db/version_set.cc:4072] Recovering from manifest file: /cockroach/cockroach-data/MANIFEST-000022
I210322 23:04:38.769295 34 storage/rocksdb.go:102  [db/column_family.cc:488] --------------- Options for column family [default]:
I210322 23:04:38.769302 34 storage/rocksdb.go:102                Options.comparator: cockroach_comparator
I210322 23:04:38.769305 34 storage/rocksdb.go:102            Options.merge_operator: cockroach_merge_operator
I210322 23:04:38.769309 34 storage/rocksdb.go:102         Options.compaction_filter: None
I210322 23:04:38.769311 34 storage/rocksdb.go:102         Options.compaction_filter_factory: None
I210322 23:04:38.769314 34 storage/rocksdb.go:102          Options.memtable_factory: SkipListFactory
I210322 23:04:38.769317 34 storage/rocksdb.go:102             Options.table_factory: BlockBasedTable
I210322 23:04:38.769340 34 storage/rocksdb.go:102             table_factory options:   flush_block_policy_factory: FlushBlockBySizePolicyFactory (0x7f104f028090)
  cache_index_and_filter_blocks: 0
  cache_index_and_filter_blocks_with_high_priority: 0
  pin_l0_filter_and_index_blocks_in_cache: 0
  pin_top_level_index_and_filter: 1
  index_type: 0
  data_block_index_type: 0
  index_shortening: 1
  data_block_hash_table_util_ratio: 0.750000
  hash_index_allow_collision: 1
  checksum: 1
  no_block_cache: 0
  block_cache: 0x7f104f0b9210
  block_cache_name: LRUCache
  block_cache_options:
    capacity : 67108864
    num_shard_bits : 4
    strict_capacity_limit : 0
    memory_allocator : None
    high_pri_pool_ratio: 0.000
  block_cache_compressed: (nil)
  persistent_cache: (nil)
  block_size: 32768
  block_size_deviation: 10
  block_restart_interval: 16
  index_block_restart_interval: 1
  metadata_block_size: 4096
  partition_filters: 0
  use_delta_encoding: 1
  filter_policy: rocksdb.BuiltinBloomFilter
  whole_key_filtering: 0
  verify_compression: 0
  read_amp_bytes_per_bit: 0
  format_version: 2
  enable_index_compression: 1
  block_align: 0
I210322 23:04:38.769350 34 storage/rocksdb.go:102         Options.write_buffer_size: 67108864
I210322 23:04:38.769355 34 storage/rocksdb.go:102   Options.max_write_buffer_number: 4
I210322 23:04:38.769365 34 storage/rocksdb.go:102           Options.compression: Snappy
I210322 23:04:38.769368 34 storage/rocksdb.go:102                   Options.bottommost_compression: Disabled
I210322 23:04:38.769371 34 storage/rocksdb.go:102        Options.prefix_extractor: cockroach_prefix_extractor
I210322 23:04:38.769373 34 storage/rocksdb.go:102    Options.memtable_insert_with_hint_prefix_extractor: nullptr
I210322 23:04:38.769376 34 storage/rocksdb.go:102              Options.num_levels: 7
I210322 23:04:38.769378 34 storage/rocksdb.go:102         Options.min_write_buffer_number_to_merge: 1
I210322 23:04:38.769382 34 storage/rocksdb.go:102      Options.max_write_buffer_number_to_maintain: 0
I210322 23:04:38.769384 34 storage/rocksdb.go:102             Options.bottommost_compression_opts.window_bits: -14
I210322 23:04:38.769387 34 storage/rocksdb.go:102                   Options.bottommost_compression_opts.level: 32767
I210322 23:04:38.769389 34 storage/rocksdb.go:102                Options.bottommost_compression_opts.strategy: 0
I210322 23:04:38.769391 34 storage/rocksdb.go:102          Options.bottommost_compression_opts.max_dict_bytes: 0
I210322 23:04:38.769408 34 storage/rocksdb.go:102          Options.bottommost_compression_opts.zstd_max_train_bytes: 0
I210322 23:04:38.769412 34 storage/rocksdb.go:102                   Options.bottommost_compression_opts.enabled: false
I210322 23:04:38.769415 34 storage/rocksdb.go:102             Options.compression_opts.window_bits: -14
I210322 23:04:38.769418 34 storage/rocksdb.go:102                   Options.compression_opts.level: 32767
I210322 23:04:38.769420 34 storage/rocksdb.go:102                Options.compression_opts.strategy: 0
I210322 23:04:38.769423 34 storage/rocksdb.go:102          Options.compression_opts.max_dict_bytes: 0
I210322 23:04:38.769425 34 storage/rocksdb.go:102          Options.compression_opts.zstd_max_train_bytes: 0
I210322 23:04:38.769433 34 storage/rocksdb.go:102                   Options.compression_opts.enabled: false
I210322 23:04:38.769436 34 storage/rocksdb.go:102       Options.level0_file_num_compaction_trigger: 2
I210322 23:04:38.769493 34 storage/rocksdb.go:102           Options.level0_slowdown_writes_trigger: 950
I210322 23:04:38.769499 34 storage/rocksdb.go:102               Options.level0_stop_writes_trigger: 1000
I210322 23:04:38.769502 34 storage/rocksdb.go:102                    Options.target_file_size_base: 4194304
I210322 23:04:38.769505 34 storage/rocksdb.go:102              Options.target_file_size_multiplier: 2
I210322 23:04:38.769507 34 storage/rocksdb.go:102                 Options.max_bytes_for_level_base: 67108864
I210322 23:04:38.769510 34 storage/rocksdb.go:102  Options.level_compaction_dynamic_level_bytes: 1
I210322 23:04:38.769513 34 storage/rocksdb.go:102           Options.max_bytes_for_level_multiplier: 10.000000
I210322 23:04:38.769516 34 storage/rocksdb.go:102  Options.max_bytes_for_level_multiplier_addtl[0]: 1
I210322 23:04:38.769518 34 storage/rocksdb.go:102  Options.max_bytes_for_level_multiplier_addtl[1]: 1
I210322 23:04:38.769521 34 storage/rocksdb.go:102  Options.max_bytes_for_level_multiplier_addtl[2]: 1
I210322 23:04:38.769529 34 storage/rocksdb.go:102  Options.max_bytes_for_level_multiplier_addtl[3]: 1
I210322 23:04:38.769534 34 storage/rocksdb.go:102  Options.max_bytes_for_level_multiplier_addtl[4]: 1
I210322 23:04:38.769536 34 storage/rocksdb.go:102  Options.max_bytes_for_level_multiplier_addtl[5]: 1
I210322 23:04:38.769541 34 storage/rocksdb.go:102  Options.max_bytes_for_level_multiplier_addtl[6]: 1
I210322 23:04:38.769544 34 storage/rocksdb.go:102        Options.max_sequential_skip_in_iterations: 8
I210322 23:04:38.769546 34 storage/rocksdb.go:102                     Options.max_compaction_bytes: 104857600
I210322 23:04:38.769549 34 storage/rocksdb.go:102                         Options.arena_block_size: 8388608
I210322 23:04:38.769551 34 storage/rocksdb.go:102    Options.soft_pending_compaction_bytes_limit: 2199023255552
I210322 23:04:38.769554 34 storage/rocksdb.go:102    Options.hard_pending_compaction_bytes_limit: 4400193994752
I210322 23:04:38.769556 34 storage/rocksdb.go:102        Options.rate_limit_delay_max_milliseconds: 100
I210322 23:04:38.769559 34 storage/rocksdb.go:102                 Options.disable_auto_compactions: 0
I210322 23:04:38.769563 34 storage/rocksdb.go:102                         Options.compaction_style: kCompactionStyleLevel
I210322 23:04:38.769566 34 storage/rocksdb.go:102                           Options.compaction_pri: kMinOverlappingRatio
I210322 23:04:38.769568 34 storage/rocksdb.go:102  Options.compaction_options_universal.size_ratio: 1
I210322 23:04:38.769570 34 storage/rocksdb.go:102  Options.compaction_options_universal.min_merge_width: 2
I210322 23:04:38.769573 34 storage/rocksdb.go:102  Options.compaction_options_universal.max_merge_width: 4294967295
I210322 23:04:38.769576 34 storage/rocksdb.go:102  Options.compaction_options_universal.max_size_amplification_percent: 200
I210322 23:04:38.769578 34 storage/rocksdb.go:102  Options.compaction_options_universal.compression_size_percent: -1
I210322 23:04:38.769581 34 storage/rocksdb.go:102  Options.compaction_options_universal.stop_style: kCompactionStopStyleTotalSize
I210322 23:04:38.769583 34 storage/rocksdb.go:102  Options.compaction_options_fifo.max_table_files_size: 1073741824
I210322 23:04:38.769586 34 storage/rocksdb.go:102  Options.compaction_options_fifo.allow_compaction: 0
I210322 23:04:38.769591 34 storage/rocksdb.go:102                    Options.table_properties_collectors: TimeBoundTblPropCollectorFactory; DeleteRangeTblPropCollectorFactory; 
I210322 23:04:38.769594 34 storage/rocksdb.go:102                    Options.inplace_update_support: 0
I210322 23:04:38.769596 34 storage/rocksdb.go:102                  Options.inplace_update_num_locks: 10000
I210322 23:04:38.769599 34 storage/rocksdb.go:102                Options.memtable_prefix_bloom_size_ratio: 0.000000
I210322 23:04:38.769602 34 storage/rocksdb.go:102                Options.memtable_whole_key_filtering: 0
I210322 23:04:38.769604 34 storage/rocksdb.go:102    Options.memtable_huge_page_size: 0
I210322 23:04:38.769609 34 storage/rocksdb.go:102                            Options.bloom_locality: 0
I210322 23:04:38.769612 34 storage/rocksdb.go:102                     Options.max_successive_merges: 0
I210322 23:04:38.769614 34 storage/rocksdb.go:102                 Options.optimize_filters_for_hits: 1
I210322 23:04:38.769617 34 storage/rocksdb.go:102                 Options.paranoid_file_checks: 0
I210322 23:04:38.769619 34 storage/rocksdb.go:102                 Options.force_consistency_checks: 0
I210322 23:04:38.769621 34 storage/rocksdb.go:102                 Options.report_bg_io_stats: 0
I210322 23:04:38.769624 34 storage/rocksdb.go:102                                Options.ttl: 0
I210322 23:04:38.769627 34 storage/rocksdb.go:102           Options.periodic_compaction_seconds: 0
I210322 23:04:38.774513 34 storage/rocksdb.go:102  [db/version_set.cc:3086] More existing levels in DB than needed. max_bytes_for_level_multiplier may not be guaranteed.
I210322 23:04:38.774531 34 storage/rocksdb.go:102  [db/version_set.cc:4286] Recovered from manifest file:/cockroach/cockroach-data/MANIFEST-000022 succeeded,manifest_file_number is 22, next_file_number is 28, last_sequence is 442642, log_number is 21,prev_log_number is 0,max_column_family is 0,min_log_number_to_keep is 0
I210322 23:04:38.774536 34 storage/rocksdb.go:102  [db/version_set.cc:4295] Column family [default] (ID 0), log number is 21
I210322 23:04:38.775317 34 storage/rocksdb.go:102  EVENT_LOG_v1 {"time_micros": 1616454278775264, "job": 1, "event": "recovery_started", "log_files": [23]}
I210322 23:04:38.775328 34 storage/rocksdb.go:102  [db/db_impl_open.cc:598] Recovering log #23 mode 0
I210322 23:04:38.808549 34 storage/rocksdb.go:102  EVENT_LOG_v1 {"time_micros": 1616454278808383, "cf_name": "default", "job": 1, "event": "table_file_creation", "file_number": 28, "file_size": 83760, "table_properties": {"data_size": 80540, "index_size": 332, "index_partitions": 0, "top_level_index_size": 0, "index_key_is_user_key": 0, "index_value_is_delta_encoded": 0, "filter_size": 1989, "raw_key_size": 67418, "raw_average_key_size": 38, "raw_value_size": 257262, "raw_average_value_size": 147, "num_data_blocks": 8, "num_entries": 1741, "num_deletions": 413, "num_merge_operands": 691, "num_range_deletions": 691, "format_version": 0, "fixed_key_len": 0, "filter_policy": "rocksdb.BuiltinBloomFilter", "column_family_name": "default", "column_family_id": 0, "comparator": "cockroach_comparator", "merge_operator": "cockroach_merge_operator", "prefix_extractor_name": "cockroach_prefix_extractor", "property_collectors": "[TimeBoundTblPropCollectorFactory,DeleteRangeTblPropCollectorFactory]", "compression": "Snappy", "compression_options": "window_bits=-14; level=32767; strategy=0; max_dict_bytes=0; zstd_max_train_bytes=0; enabled=0; ", "creation_time": 1616454278, "oldest_key_time": 3, "file_creation_time": 0}}
I210322 23:04:38.809331 34 storage/rocksdb.go:102  [db/version_set.cc:3560] Creating manifest 29
I210322 23:04:38.812650 34 storage/rocksdb.go:102  [db/version_set.cc:3086] More existing levels in DB than needed. max_bytes_for_level_multiplier may not be guaranteed.
I210322 23:04:38.815491 34 storage/rocksdb.go:102  EVENT_LOG_v1 {"time_micros": 1616454278815474, "job": 1, "event": "recovery_finished"}
I210322 23:04:38.829409 34 storage/rocksdb.go:102  DB pointer 0x7f104f135000
I210322 23:07:33.604213 3658 storage/rocksdb.go:102  bloom filter utility:    -nan%
I210322 23:07:33.604464 3658 storage/rocksdb.go:102  [db/db_impl.cc:392] Shutdown: canceling all background work
I210322 23:07:33.605309 3658 storage/rocksdb.go:102  [db/db_impl.cc:565] Shutdown complete
I210322 23:07:33.612826 3658 storage/rocksdb.go:102  bloom filter utility:    79.2%
I210322 23:07:33.613084 3658 storage/rocksdb.go:102  [db/db_impl.cc:392] Shutdown: canceling all background work
I210322 23:07:33.617269 3658 storage/rocksdb.go:102  [db/db_impl.cc:565] Shutdown complete
