I210322 23:07:38.352458 1 util/log/sync_buffer.go:70  [config] file created at: 2021/03/22 23:07:38
I210322 23:07:38.352458 1 util/log/sync_buffer.go:70  [config] running on machine: 6c8f11fd866f
I210322 23:07:38.352458 1 util/log/sync_buffer.go:70  [config] binary: CockroachDB CCL v20.1.1 (x86_64-unknown-linux-gnu, built 2020/05/19 14:46:06, go1.13.9)
I210322 23:07:38.352458 1 util/log/sync_buffer.go:70  [config] arguments: [/cockroach/cockroach start --insecure]
I210322 23:07:38.352458 1 util/log/sync_buffer.go:70  line format: [IWEF]yymmdd hh:mm:ss.uuuuuu goid file:line msg utf8=✓
I210322 23:07:38.352458 1 cli/start.go:1223  logging to directory /cockroach/cockroach-data/logs
W210322 23:07:38.367045 1 cli/start.go:1272  RUNNING IN INSECURE MODE!

- Your cluster is open for any client that can access <all your IP addresses>.
- Any user, even root, can log in without providing a password.
- Any user, connecting as root, can read or write any data in your cluster.
- There is no network encryption nor authentication, and thus no confidentiality.

Check out how to secure your cluster: https://www.cockroachlabs.com/docs/v20.1/secure-a-cluster.html
I210322 23:07:38.367453 1 server/status/recorder.go:597  available memory from cgroups (8.0 EiB) is unsupported, using system memory 1.9 GiB instead: 
W210322 23:07:38.367466 1 cli/start.go:1144  Using the default setting for --cache (128 MiB).
  A significantly larger value is usually needed for good performance.
  If you have a dedicated server a reasonable setting is --cache=.25 (497 MiB).
I210322 23:07:38.368325 1 server/status/recorder.go:597  available memory from cgroups (8.0 EiB) is unsupported, using system memory 1.9 GiB instead: 
I210322 23:07:38.368341 1 cli/start.go:1286  CockroachDB CCL v20.1.1 (x86_64-unknown-linux-gnu, built 2020/05/19 14:46:06, go1.13.9)
W210322 23:07:38.378137 1 cli/start.go:548  running 'cockroach start' without --join is deprecated.
Consider using 'cockroach start-single-node' or 'cockroach init' instead.
I210322 23:07:38.390704 1 server/status/recorder.go:597  available memory from cgroups (8.0 EiB) is unsupported, using system memory 1.9 GiB instead: 
I210322 23:07:38.390732 1 server/config.go:404  system total memory: 1.9 GiB
I210322 23:07:38.391044 1 server/config.go:406  server configuration:
max offset             500000000
cache size             128 MiB
SQL memory pool size   497 MiB
scan interval          10m0s
scan min idle time     10ms
scan max idle time     1s
event log enabled      true
I210322 23:07:38.391077 1 cli/start.go:1122  using local environment variables: COCKROACH_CHANNEL=official-docker
I210322 23:07:38.391091 1 cli/start.go:1129  process identity: uid 0 euid 0 gid 0 egid 0
I210322 23:07:38.391181 1 cli/start.go:697  starting cockroach node
I210322 23:07:38.395955 20 storage/rocksdb.go:606  opening rocksdb instance at "/cockroach/cockroach-data/cockroach-temp021228234"
I210322 23:07:38.456899 20 server/server.go:1065  [n?] monitoring forward clock jumps based on server.clock.forward_jump_check_enabled
I210322 23:07:38.458663 20 storage/rocksdb.go:606  opening rocksdb instance at "/cockroach/cockroach-data"
I210322 23:07:38.624562 20 server/config.go:578  [n?] 1 storage engine initialized
I210322 23:07:38.624569 20 server/config.go:581  [n?] RocksDB cache size: 128 MiB
I210322 23:07:38.624572 20 server/config.go:581  [n?] store 0: RocksDB, max size 0 B, max open file limit 1043576
W210322 23:07:38.653943 20 cli/start.go:1068  neither --listen-addr nor --advertise-addr was specified.
The server will advertise "6c8f11fd866f" to other nodes, is this routable?

Consider using:
- for local-only servers:  --listen-addr=localhost
- for multi-node clusters: --advertise-addr=<host/IP addr>
I210322 23:07:38.657842 20 server/server.go:1111  [n?] Sleeping till wall time 1616454458657807715 to catches up to 1616454458956818776 to ensure monotonicity. Delta: 299.011061ms
I210322 23:07:38.957424 20 gossip/gossip.go:395  [n1] NodeDescriptor set to node_id:1 address:<network_field:"tcp" address_field:"6c8f11fd866f:26257" > attrs:<> locality:<> ServerVersion:<major_val:20 minor_val:1 patch:0 unstable:0 > build_tag:"v20.1.1" started_at:1616454458957272152 cluster_name:"" sql_address:<network_field:"tcp" address_field:"6c8f11fd866f:26257" > 
I210322 23:07:39.091793 20 server/node.go:428  [n1] initialized store [n1,s1]: disk (capacity=38 TiB, available=4.7 TiB, used=1.4 MiB, logicalBytes=18 MiB), ranges=39, leases=2, queries=0.00, writes=0.00, bytesPerReplica={p10=0.00 p25=0.00 p50=140.00 p75=3665.00 p90=26615.00 pMax=19024951.00}, writesPerReplica={p10=0.00 p25=0.00 p50=0.00 p75=0.00 p90=0.00 pMax=0.00}
I210322 23:07:39.091911 20 kv/kvserver/stores.go:247  [n1] read 0 node addresses from persistent storage
I210322 23:07:39.092639 20 server/node.go:649  [n1] connecting to gossip network to verify cluster ID...
I210322 23:07:39.092653 20 server/node.go:669  [n1] node connected via gossip and verified as part of cluster "f76578ca-4b1c-409d-839e-f9815b7450ce"
I210322 23:07:39.092697 20 server/node.go:512  [n1] node=1: started with [<no-attributes>=/cockroach/cockroach-data] engine(s) and attributes []
I210322 23:07:39.093605 20 server/server.go:1636  [n1] starting http server at [::]:8080 (use: 6c8f11fd866f:8080)
I210322 23:07:39.093617 20 server/server.go:1643  [n1] starting grpc/postgres server at [::]:26257
I210322 23:07:39.093625 20 server/server.go:1644  [n1] advertising CockroachDB node at 6c8f11fd866f:26257
I210322 23:07:39.102255 97 sql/temporary_schema.go:459  [n1] running temporary object cleanup background job
I210322 23:07:39.115029 20 server/server.go:1777  [n1] done ensuring all necessary migrations have run
I210322 23:07:39.115043 20 server/server.go:2019  [n1] serving sql connections
I210322 23:07:39.115144 20 cli/start.go:857  [config] clusterID: f76578ca-4b1c-409d-839e-f9815b7450ce
I210322 23:07:39.115163 20 cli/start.go:866  node startup completed:
CockroachDB node starting at 2021-03-22 23:07:39.115066006 +0000 UTC (took 0.8s)
build:               CCL v20.1.1 @ 2020/05/19 14:46:06 (go1.13.9)
webui:               http://6c8f11fd866f:8080
sql:                 postgresql://root@6c8f11fd866f:26257?sslmode=disable
RPC client flags:    /cockroach/cockroach <client cmd> --host=6c8f11fd866f:26257 --insecure
logs:                /cockroach/cockroach-data/logs
temp dir:            /cockroach/cockroach-data/cockroach-temp021228234
external I/O path:   /cockroach/cockroach-data/extern
store[0]:            path=/cockroach/cockroach-data
storage engine:      rocksdb
status:              restarted pre-existing node
clusterID:           f76578ca-4b1c-409d-839e-f9815b7450ce
nodeID:              1
I210322 23:07:39.124735 198 server/server_update.go:55  [n1] no need to upgrade, cluster already at the newest version
I210322 23:07:39.125695 200 sqlmigrations/migrations.go:668  [n1] starting wait for upgrade finalization before schema change job migration
I210322 23:07:39.130391 97 sql/temporary_schema.go:494  [n1] found 0 temporary schemas
I210322 23:07:39.130412 97 sql/temporary_schema.go:497  [n1] early exiting temporary schema cleaner as no temporary schemas were found
I210322 23:07:39.130420 97 sql/temporary_schema.go:498  [n1] completed temporary object cleanup job
I210322 23:07:39.130446 97 sql/temporary_schema.go:575  [n1] temporary object cleaner next scheduled to run at 2021-03-22 23:37:39.101090051 +0000 UTC
I210322 23:07:39.131749 200 sqlmigrations/migrations.go:694  [n1] schema change job migration already complete
I210322 23:07:39.162504 201 sql/event_log.go:132  [n1] Event: "node_restart", target: 1, info: {Descriptor:{NodeID:1 Address:6c8f11fd866f:26257 Attrs: Locality: ServerVersion:20.1 BuildTag:v20.1.1 StartedAt:1616454458957272152 LocalityAddress:[] ClusterName: SQLAddress:6c8f11fd866f:26257} ClusterID:f76578ca-4b1c-409d-839e-f9815b7450ce StartedAt:1616454458957272152 LastUp:1616454453153631911}
I210322 23:07:39.180405 207 sql/sqlbase/structured.go:1554  [n1,client=172.18.0.3:52686,hostnossl,user=root] publish: descID=60 (flyway_schema_history) version=5 mtime=1970-01-01 00:00:00 +0000 UTC
I210322 23:07:39.187811 207 sql/sqlbase/structured.go:1554  [n1,client=172.18.0.3:52686,hostnossl,user=root] publish: descID=61 (users) version=2 mtime=1970-01-01 00:00:00 +0000 UTC
I210322 23:07:39.199179 207 sql/event_log.go:132  [n1,client=172.18.0.3:52686,hostnossl,user=root] Event: "drop_database", target: 59, info: {DatabaseName:cardsagainsthumanity Statement:DROP DATABASE IF EXISTS cardsagainsthumanity User:root DroppedSchemaObjects:[cardsagainsthumanity.public.flyway_schema_history cardsagainsthumanity.public.users]}
I210322 23:07:39.199238 207 jobs/registry.go:285  [n1,client=172.18.0.3:52686,hostnossl,user=root] scheduled jobs [643511285064105985]
I210322 23:07:39.204023 423 kv/kvserver/replica_command.go:663  [n1,merge,s1,r63/1:/Table/60{-/2}] initiating a merge of r64:/Table/6{0/2-1} [(n1,s1):1, next=2, gen=12] into this range (lhs+rhs has (size=758 B+140 B=898 B qps=0.00+0.00=0.00qps) below threshold (size=128 MiB, qps=1250.00))
I210322 23:07:39.212042 197 jobs/registry.go:1187  job 643511285064105985: resuming execution
I210322 23:07:39.217499 197 jobs/registry.go:1187  job 643510696069103617: resuming execution
I210322 23:07:39.223672 110 kv/kvserver/store_remove_replica.go:122  [n1,s1,r63/1:/Table/60{-/2}] removing replica r64/1
I210322 23:07:39.224446 476 jobs/registry.go:806  [n1] job 643511285064105985: stepping through state running with error <nil>
I210322 23:07:39.224643 476 sql/schema_changer.go:418  [n1,job=643511285064105985,scExec] schema change on flyway_schema_history (60 v5) mutation 0 starting execution...
I210322 23:07:39.226538 476 sql/sqlbase/structured.go:1554  [n1,job=643511285064105985,scExec] publish: descID=60 (flyway_schema_history) version=6 mtime=1970-01-01 00:00:00 +0000 UTC
I210322 23:07:39.232907 476 sql/schema_changer.go:706  [n1,job=643511285064105985,scExec] waiting for a single version of table 60...
I210322 23:07:39.232978 502 jobs/registry.go:806  [n1] job 643510696069103617: stepping through state running with error <nil>
I210322 23:07:39.233886 197 jobs/registry.go:1187  job 643510494621204481: resuming execution
I210322 23:07:39.235986 476 sql/schema_changer.go:708  [n1,job=643511285064105985,scExec] waiting for a single version of table 60... done (at v 6)
I210322 23:07:39.236137 476 sql/schema_changer.go:418  [n1,job=643511285064105985,scExec] schema change on users (61 v2) mutation 0 starting execution...
I210322 23:07:39.238090 476 sql/sqlbase/structured.go:1554  [n1,job=643511285064105985,scExec] publish: descID=61 (users) version=3 mtime=1970-01-01 00:00:00 +0000 UTC
I210322 23:07:39.240501 518 jobs/registry.go:806  [n1] job 643510494621204481: stepping through state running with error <nil>
I210322 23:07:39.241796 197 jobs/registry.go:1187  job 643510223130984449: resuming execution
I210322 23:07:39.255369 476 sql/schema_changer.go:706  [n1,job=643511285064105985,scExec] waiting for a single version of table 61...
I210322 23:07:39.258420 476 sql/schema_changer.go:708  [n1,job=643511285064105985,scExec] waiting for a single version of table 61... done (at v 3)
I210322 23:07:39.258451 533 jobs/registry.go:806  [n1] job 643510223130984449: stepping through state running with error <nil>
I210322 23:07:39.271833 476 jobs/registry.go:806  [n1] job 643511285064105985: stepping through state succeeded with error <nil>
I210322 23:07:39.289997 541 jobs/registry.go:806  [n1] job 643511285378056193: stepping through state running with error <nil>
I210322 23:07:39.304711 476 jobs/registry.go:961  [n1] job 643511285064105985: status succeeded after adoption finished
I210322 23:07:39.319682 207 sql/event_log.go:132  [n1,client=172.18.0.3:52686,hostnossl,user=root] Event: "create_database", target: 62, info: {DatabaseName:cardsagainsthumanity Statement:CREATE DATABASE IF NOT EXISTS cardsagainsthumanity User:root}
I210322 23:07:40.896508 76 gossip/gossip.go:1527  [n1] node has connected to cluster via gossip
I210322 23:07:40.896615 76 kv/kvserver/stores.go:266  [n1] wrote 0 node addresses to persistent storage
I210322 23:07:42.648160 934 sql/event_log.go:132  [n1,client=172.18.0.1:64848,hostnossl,user=dev] Event: "create_table", target: 63, info: {TableName:cardsagainsthumanity.public.flyway_schema_history Statement:CREATE TABLE IF NOT EXISTS cardsagainsthumanity.public.flyway_schema_history (installed_rank INT8 NOT NULL PRIMARY KEY, version VARCHAR(50), description VARCHAR(200) NOT NULL, type VARCHAR(20) NOT NULL, script VARCHAR(1000) NOT NULL, checksum INT8, installed_by VARCHAR(100) NOT NULL, installed_on TIMESTAMP NOT NULL DEFAULT now(), execution_time INT8 NOT NULL, success BOOL NOT NULL) User:dev}
I210322 23:07:42.659248 1048 kv/kvserver/replica_command.go:397  [n1,split,s1,r65/1:/{Table/61-Max}] initiating a split of this range at key /Table/63 [r73] (zone config)
I210322 23:07:42.690640 934 sql/table.go:991  [n1,client=172.18.0.1:64848,hostnossl,user=dev] queued new schema change job 643511296599064577 for table 63, mutation 1
I210322 23:07:42.690672 934 sql/sqlbase/structured.go:1554  [n1,client=172.18.0.1:64848,hostnossl,user=dev] publish: descID=63 (flyway_schema_history) version=2 mtime=1970-01-01 00:00:00 +0000 UTC
I210322 23:07:42.708502 934 sql/event_log.go:132  [n1,client=172.18.0.1:64848,hostnossl,user=dev] Event: "create_index", target: 63, info: {TableName:cardsagainsthumanity.public.flyway_schema_history IndexName:flyway_schema_history_s_idx Statement:CREATE INDEX IF NOT EXISTS flyway_schema_history_s_idx ON cardsagainsthumanity.public.flyway_schema_history (success) User:dev MutationID:1}
I210322 23:07:42.708525 934 jobs/registry.go:285  [n1,client=172.18.0.1:64848,hostnossl,user=dev] scheduled jobs [643511296599064577]
I210322 23:07:42.727759 197 jobs/registry.go:1187  job 643511296599064577: resuming execution
I210322 23:07:42.734190 1106 jobs/registry.go:806  [n1] job 643511296599064577: stepping through state running with error <nil>
I210322 23:07:42.734341 1106 sql/schema_changer.go:418  [n1,job=643511296599064577,scExec] schema change on flyway_schema_history (63 v2) mutation 1 starting execution...
I210322 23:07:42.738426 1106 sql/sqlbase/structured.go:1554  [n1,job=643511296599064577,scExec] publish: descID=63 (flyway_schema_history) version=3 mtime=1970-01-01 00:00:00 +0000 UTC
I210322 23:07:42.742272 1106 sql/schema_changer.go:706  [n1,job=643511296599064577,scExec] waiting for a single version of table 63...
I210322 23:07:42.743186 1106 sql/schema_changer.go:708  [n1,job=643511296599064577,scExec] waiting for a single version of table 63... done (at v 3)
I210322 23:07:42.755121 1106 sql/backfill.go:171  [n1,job=643511296599064577,scExec] Running backfill for "flyway_schema_history", v=3, m=1
I210322 23:07:42.755202 1106 kv/kvserver/replica_command.go:397  [n1,s1,r73/1:/{Table/63-Max}] initiating a split of this range at key /Table/63/2 [r74] (manual)
I210322 23:07:42.769860 1310 sql/backfill.go:1243  [n1,job=643511296599064577,scExec] validation: table flyway_schema_history row count = 0, took 1.723083ms
I210322 23:07:42.770161 1309 sql/backfill.go:1199  [n1,job=643511296599064577,scExec] validation: index flyway_schema_history/flyway_schema_history_s_idx row count = 0, time so far 1.526454ms
I210322 23:07:42.770175 1106 sql/backfill.go:287  [n1,job=643511296599064577,scExec] Completed backfill for "flyway_schema_history", v=3, m=1
I210322 23:07:42.771505 1106 sql/sqlbase/structured.go:1554  [n1,job=643511296599064577,scExec] publish: descID=63 (flyway_schema_history) version=4 mtime=1970-01-01 00:00:00 +0000 UTC
I210322 23:07:42.774239 1106 sql/event_log.go:132  [n1,job=643511296599064577,scExec] Event: "finish_schema_change", target: 63, info: {MutationID:1}
I210322 23:07:42.774247 1106 sql/schema_changer.go:706  [n1,job=643511296599064577,scExec] waiting for a single version of table 63...
I210322 23:07:42.776531 1106 sql/lease.go:337  [n1,job=643511296599064577,scExec] waiting for 1 leases to expire: desc=[{flyway_schema_history 63 3}]
I210322 23:07:42.776733 1343 sql/lease.go:943  new lease: 63("flyway_schema_history") ver=4:1616454777.479613514,0, refcount=0
I210322 23:07:42.795696 1106 sql/schema_changer.go:708  [n1,job=643511296599064577,scExec] waiting for a single version of table 63... done (at v 4)
I210322 23:07:42.795705 1106 jobs/registry.go:806  [n1] job 643511296599064577: stepping through state succeeded with error <nil>
I210322 23:07:42.798962 1106 jobs/registry.go:961  [n1] job 643511296599064577: status succeeded after adoption finished
I210322 23:07:42.937153 954 sql/event_log.go:132  [n1,client=172.18.0.1:64852,hostnossl,user=dev] Event: "create_table", target: 64, info: {TableName:cardsagainsthumanity.public.users Statement:CREATE TABLE users (id UUID PRIMARY KEY DEFAULT gen_random_uuid(), name STRING, room_token STRING, room_leader BOOL NOT NULL) User:dev}
I210322 23:07:42.937966 1426 kv/kvserver/replica_command.go:397  [n1,split,s1,r74/1:/{Table/63/2-Max}] initiating a split of this range at key /Table/64 [r75] (zone config)
I210322 23:07:49.103064 163 server/status/runtime.go:498  [n1] runtime stats: 135 MiB RSS, 165 goroutines, 67 MiB/52 MiB/90 MiB GO alloc/idle/total, 15 MiB/20 MiB CGO alloc/total, 0.0 CGO/sec, 0.0/0.0 %(u/s)time, 0.0 %gc (9x), 38 KiB/42 KiB (r/w)net
I210322 23:07:54.224675 124 kv/kvserver/compactor/compactor.go:325  [n1,s1,compactor] purging suggested compaction for range /Table/60/2 - /Table/61 that contains live data
I210322 23:07:59.105448 163 server/status/runtime.go:498  [n1] runtime stats: 138 MiB RSS, 165 goroutines, 76 MiB/44 MiB/92 MiB GO alloc/idle/total, 15 MiB/20 MiB CGO alloc/total, 53.9 CGO/sec, 0.8/0.6 %(u/s)time, 0.0 %gc (0x), 1.1 KiB/1.0 KiB (r/w)net
I210322 23:07:59.109566 93 kv/kvserver/store.go:2470  [n1,s1] sstables (read amplification = 1):
6 [ 696K 1 ]: 696K
I210322 23:07:59.109675 93 kv/kvserver/store.go:2471  [n1,s1] 
** Compaction Stats [default] **
Level    Files   Size     Score Read(GB)  Rn(GB) Rnp1(GB) Write(GB) Wnew(GB) Moved(GB) W-Amp Rd(MB/s) Wr(MB/s) Comp(sec) CompMergeCPU(sec) Comp(cnt) Avg(sec) KeyIn KeyDrop
----------------------------------------------------------------------------------------------------------------------------------------------------------------------------
  L0      0/0    0.00 KB   0.0      0.0     0.0      0.0       0.0      0.0       0.0   1.0      0.0      2.7      0.05              0.00         1    0.048       0      0
  L6      1/0   696.46 KB   0.0      0.0     0.0      0.0       0.0      0.0       0.0   3.3     16.3     13.8      0.05              0.02         1    0.049    8469   1736
 Sum      1/0   696.46 KB   0.0      0.0     0.0      0.0       0.0      0.0       0.0   6.3      8.3      8.3      0.10              0.02         2    0.048    8469   1736
 Int      0/0    0.00 KB   0.0      0.0     0.0      0.0       0.0      0.0       0.0   6.3      8.3      8.3      0.10              0.02         2    0.048    8469   1736

** Compaction Stats [default] **
Priority    Files   Size     Score Read(GB)  Rn(GB) Rnp1(GB) Write(GB) Wnew(GB) Moved(GB) W-Amp Rd(MB/s) Wr(MB/s) Comp(sec) CompMergeCPU(sec) Comp(cnt) Avg(sec) KeyIn KeyDrop
-------------------------------------------------------------------------------------------------------------------------------------------------------------------------------
 Low      0/0    0.00 KB   0.0      0.0     0.0      0.0       0.0      0.0       0.0   0.0     16.3     13.8      0.05              0.02         1    0.049    8469   1736
User      0/0    0.00 KB   0.0      0.0     0.0      0.0       0.0      0.0       0.0   0.0      0.0      2.7      0.05              0.00         1    0.048       0      0
Uptime(secs): 20.6 total, 20.6 interval
Flush(GB): cumulative 0.000, interval 0.000
AddFile(GB): cumulative 0.000, interval 0.000
AddFile(Total Files): cumulative 0, interval 0
AddFile(L0 Files): cumulative 0, interval 0
AddFile(Keys): cumulative 0, interval 0
Cumulative compaction: 0.00 GB write, 0.04 MB/s write, 0.00 GB read, 0.04 MB/s read, 0.1 seconds
Interval compaction: 0.00 GB write, 0.04 MB/s write, 0.00 GB read, 0.04 MB/s read, 0.1 seconds
Stalls(count): 0 level0_slowdown, 0 level0_slowdown_with_compaction, 0 level0_numfiles, 0 level0_numfiles_with_compaction, 0 stop for pending_compaction_bytes, 0 slowdown for pending_compaction_bytes, 0 memtable_compaction, 0 memtable_slowdown, interval 0 total count
estimated_pending_compaction_bytes: 0 B
I210322 23:08:09.103310 163 server/status/runtime.go:498  [n1] runtime stats: 144 MiB RSS, 165 goroutines, 85 MiB/35 MiB/100 MiB GO alloc/idle/total, 15 MiB/20 MiB CGO alloc/total, 50.1 CGO/sec, 0.9/0.6 %(u/s)time, 0.0 %gc (0x), 1.0 KiB/1.0 KiB (r/w)net
I210322 23:08:19.104998 163 server/status/runtime.go:498  [n1] runtime stats: 147 MiB RSS, 167 goroutines, 55 MiB/61 MiB/105 MiB GO alloc/idle/total, 15 MiB/20 MiB CGO alloc/total, 51.5 CGO/sec, 1.0/0.5 %(u/s)time, 0.0 %gc (1x), 1.4 KiB/1.4 KiB (r/w)net
I210322 23:08:29.103909 163 server/status/runtime.go:498  [n1] runtime stats: 147 MiB RSS, 166 goroutines, 62 MiB/55 MiB/105 MiB GO alloc/idle/total, 15 MiB/20 MiB CGO alloc/total, 28.2 CGO/sec, 0.7/0.4 %(u/s)time, 0.0 %gc (0x), 1.0 KiB/1.0 KiB (r/w)net
I210322 23:08:39.102130 94 gossip/gossip.go:567  [n1] gossip status (ok, 1 node)
gossip client (0/3 cur/max conns)
gossip server (0/3 cur/max conns, infos 0/0 sent/received, bytes 0B/0B sent/received)
gossip connectivity
  n1 [sentinel];
I210322 23:08:39.104233 163 server/status/runtime.go:498  [n1] runtime stats: 147 MiB RSS, 166 goroutines, 68 MiB/49 MiB/105 MiB GO alloc/idle/total, 15 MiB/20 MiB CGO alloc/total, 34.0 CGO/sec, 0.7/0.3 %(u/s)time, 0.0 %gc (0x), 1.5 KiB/1.5 KiB (r/w)net
I210322 23:08:39.132833 2397 jobs/registry.go:806  [n1] job 643511481551028225: stepping through state running with error <nil>
I210322 23:08:39.157606 2397 jobs/registry.go:806  [n1] job 643511481551028225: stepping through state succeeded with error <nil>
I210322 23:08:39.162075 2397 jobs/registry.go:961  [n1] job 643511481551028225: status succeeded after adoption finished
I210322 23:08:39.170299 2451 jobs/registry.go:806  [n1] job 643511481677774849: stepping through state running with error <nil>
I210322 23:08:39.202871 2451 jobs/registry.go:806  [n1] job 643511481677774849: stepping through state succeeded with error <nil>
I210322 23:08:39.209711 2451 jobs/registry.go:961  [n1] job 643511481677774849: status succeeded after adoption finished
I210322 23:08:49.105678 163 server/status/runtime.go:498  [n1] runtime stats: 150 MiB RSS, 165 goroutines, 87 MiB/36 MiB/105 MiB GO alloc/idle/total, 15 MiB/20 MiB CGO alloc/total, 323.6 CGO/sec, 1.4/0.5 %(u/s)time, 0.0 %gc (0x), 2.4 KiB/2.2 KiB (r/w)net
I210322 23:08:59.104575 163 server/status/runtime.go:498  [n1] runtime stats: 155 MiB RSS, 165 goroutines, 85 MiB/37 MiB/108 MiB GO alloc/idle/total, 14 MiB/20 MiB CGO alloc/total, 107.3 CGO/sec, 1.8/0.6 %(u/s)time, 0.0 %gc (1x), 29 KiB/35 KiB (r/w)net
I210322 23:09:09.105471 163 server/status/runtime.go:498  [n1] runtime stats: 157 MiB RSS, 165 goroutines, 91 MiB/31 MiB/108 MiB GO alloc/idle/total, 14 MiB/20 MiB CGO alloc/total, 26.6 CGO/sec, 0.7/0.4 %(u/s)time, 0.0 %gc (0x), 1.7 KiB/1.5 KiB (r/w)net
I210322 23:09:19.105572 163 server/status/runtime.go:498  [n1] runtime stats: 160 MiB RSS, 168 goroutines, 53 MiB/62 MiB/111 MiB GO alloc/idle/total, 14 MiB/20 MiB CGO alloc/total, 28.1 CGO/sec, 0.9/0.5 %(u/s)time, 0.0 %gc (1x), 3.2 KiB/3.9 KiB (r/w)net
I210322 23:09:29.105801 163 server/status/runtime.go:498  [n1] runtime stats: 160 MiB RSS, 168 goroutines, 60 MiB/56 MiB/111 MiB GO alloc/idle/total, 14 MiB/20 MiB CGO alloc/total, 24.5 CGO/sec, 0.7/0.3 %(u/s)time, 0.0 %gc (0x), 1.0 KiB/1.0 KiB (r/w)net
I210322 23:09:39.099336 94 gossip/gossip.go:567  [n1] gossip status (ok, 1 node)
gossip client (0/3 cur/max conns)
gossip server (0/3 cur/max conns, infos 0/0 sent/received, bytes 0B/0B sent/received)
I210322 23:09:39.106201 163 server/status/runtime.go:498  [n1] runtime stats: 161 MiB RSS, 168 goroutines, 67 MiB/51 MiB/111 MiB GO alloc/idle/total, 14 MiB/20 MiB CGO alloc/total, 26.0 CGO/sec, 0.6/0.3 %(u/s)time, 0.0 %gc (0x), 2.0 KiB/2.3 KiB (r/w)net
I210322 23:09:49.106256 163 server/status/runtime.go:498  [n1] runtime stats: 161 MiB RSS, 167 goroutines, 74 MiB/44 MiB/111 MiB GO alloc/idle/total, 14 MiB/20 MiB CGO alloc/total, 57.7 CGO/sec, 0.7/0.4 %(u/s)time, 0.0 %gc (0x), 1.9 KiB/2.1 KiB (r/w)net
I210322 23:09:59.106394 163 server/status/runtime.go:498  [n1] runtime stats: 161 MiB RSS, 167 goroutines, 81 MiB/38 MiB/111 MiB GO alloc/idle/total, 14 MiB/21 MiB CGO alloc/total, 30.0 CGO/sec, 0.4/0.4 %(u/s)time, 0.0 %gc (0x), 1.9 KiB/1.8 KiB (r/w)net
I210322 23:10:09.106558 163 server/status/runtime.go:498  [n1] runtime stats: 161 MiB RSS, 167 goroutines, 88 MiB/32 MiB/111 MiB GO alloc/idle/total, 14 MiB/21 MiB CGO alloc/total, 23.1 CGO/sec, 0.6/0.4 %(u/s)time, 0.0 %gc (0x), 1.1 KiB/1.0 KiB (r/w)net
I210322 23:10:19.107146 163 server/status/runtime.go:498  [n1] runtime stats: 162 MiB RSS, 168 goroutines, 95 MiB/26 MiB/111 MiB GO alloc/idle/total, 14 MiB/21 MiB CGO alloc/total, 46.2 CGO/sec, 0.7/0.4 %(u/s)time, 0.0 %gc (0x), 1.4 KiB/1.4 KiB (r/w)net
I210322 23:10:29.107321 163 server/status/runtime.go:498  [n1] runtime stats: 164 MiB RSS, 168 goroutines, 55 MiB/60 MiB/114 MiB GO alloc/idle/total, 14 MiB/21 MiB CGO alloc/total, 26.4 CGO/sec, 0.7/0.6 %(u/s)time, 0.0 %gc (1x), 1.0 KiB/1.0 KiB (r/w)net
I210322 23:10:39.100818 94 gossip/gossip.go:567  [n1] gossip status (ok, 1 node)
gossip client (0/3 cur/max conns)
gossip server (0/3 cur/max conns, infos 0/0 sent/received, bytes 0B/0B sent/received)
I210322 23:10:39.107092 163 server/status/runtime.go:498  [n1] runtime stats: 165 MiB RSS, 168 goroutines, 62 MiB/54 MiB/114 MiB GO alloc/idle/total, 14 MiB/21 MiB CGO alloc/total, 26.9 CGO/sec, 0.6/0.3 %(u/s)time, 0.0 %gc (0x), 1.0 KiB/1.0 KiB (r/w)net
I210322 23:10:49.107163 163 server/status/runtime.go:498  [n1] runtime stats: 165 MiB RSS, 167 goroutines, 70 MiB/48 MiB/114 MiB GO alloc/idle/total, 14 MiB/21 MiB CGO alloc/total, 55.8 CGO/sec, 0.5/0.3 %(u/s)time, 0.0 %gc (0x), 1.4 KiB/1.4 KiB (r/w)net
I210322 23:10:59.107421 163 server/status/runtime.go:498  [n1] runtime stats: 165 MiB RSS, 167 goroutines, 76 MiB/42 MiB/114 MiB GO alloc/idle/total, 14 MiB/21 MiB CGO alloc/total, 26.4 CGO/sec, 0.5/0.3 %(u/s)time, 0.0 %gc (0x), 2.1 KiB/2.0 KiB (r/w)net
I210322 23:11:09.107482 163 server/status/runtime.go:498  [n1] runtime stats: 166 MiB RSS, 167 goroutines, 83 MiB/37 MiB/114 MiB GO alloc/idle/total, 14 MiB/21 MiB CGO alloc/total, 25.4 CGO/sec, 0.5/0.3 %(u/s)time, 0.0 %gc (0x), 1.0 KiB/1.0 KiB (r/w)net
I210322 23:11:19.107552 163 server/status/runtime.go:498  [n1] runtime stats: 166 MiB RSS, 168 goroutines, 89 MiB/31 MiB/114 MiB GO alloc/idle/total, 14 MiB/21 MiB CGO alloc/total, 28.0 CGO/sec, 0.6/0.3 %(u/s)time, 0.0 %gc (0x), 1.3 KiB/1.3 KiB (r/w)net
I210322 23:11:29.107724 163 server/status/runtime.go:498  [n1] runtime stats: 166 MiB RSS, 168 goroutines, 96 MiB/24 MiB/114 MiB GO alloc/idle/total, 14 MiB/21 MiB CGO alloc/total, 32.3 CGO/sec, 0.6/0.4 %(u/s)time, 0.0 %gc (0x), 1.0 KiB/1.0 KiB (r/w)net
I210322 23:11:39.103400 94 gossip/gossip.go:567  [n1] gossip status (ok, 1 node)
gossip client (0/3 cur/max conns)
gossip server (0/3 cur/max conns, infos 0/0 sent/received, bytes 0B/0B sent/received)
I210322 23:11:39.107783 163 server/status/runtime.go:498  [n1] runtime stats: 167 MiB RSS, 168 goroutines, 56 MiB/60 MiB/114 MiB GO alloc/idle/total, 14 MiB/21 MiB CGO alloc/total, 24.4 CGO/sec, 0.7/0.4 %(u/s)time, 0.0 %gc (1x), 1.0 KiB/1.0 KiB (r/w)net
I210322 23:11:49.107701 163 server/status/runtime.go:498  [n1] runtime stats: 168 MiB RSS, 167 goroutines, 64 MiB/53 MiB/114 MiB GO alloc/idle/total, 14 MiB/21 MiB CGO alloc/total, 56.8 CGO/sec, 0.6/0.2 %(u/s)time, 0.0 %gc (0x), 1.5 KiB/1.5 KiB (r/w)net
I210322 23:11:59.107863 163 server/status/runtime.go:498  [n1] runtime stats: 168 MiB RSS, 167 goroutines, 71 MiB/48 MiB/114 MiB GO alloc/idle/total, 14 MiB/21 MiB CGO alloc/total, 22.2 CGO/sec, 0.5/0.3 %(u/s)time, 0.0 %gc (0x), 1.4 KiB/1.3 KiB (r/w)net
I210322 23:12:09.107545 163 server/status/runtime.go:498  [n1] runtime stats: 168 MiB RSS, 167 goroutines, 77 MiB/42 MiB/114 MiB GO alloc/idle/total, 14 MiB/21 MiB CGO alloc/total, 27.1 CGO/sec, 0.4/0.4 %(u/s)time, 0.0 %gc (0x), 1.6 KiB/1.6 KiB (r/w)net
I210322 23:12:19.107852 163 server/status/runtime.go:498  [n1] runtime stats: 168 MiB RSS, 168 goroutines, 84 MiB/36 MiB/114 MiB GO alloc/idle/total, 14 MiB/21 MiB CGO alloc/total, 30.5 CGO/sec, 0.5/0.3 %(u/s)time, 0.0 %gc (0x), 1.3 KiB/1.3 KiB (r/w)net
I210322 23:12:29.108214 163 server/status/runtime.go:498  [n1] runtime stats: 169 MiB RSS, 168 goroutines, 90 MiB/30 MiB/114 MiB GO alloc/idle/total, 14 MiB/21 MiB CGO alloc/total, 25.0 CGO/sec, 0.6/0.2 %(u/s)time, 0.0 %gc (0x), 1.1 KiB/1.0 KiB (r/w)net
I210322 23:12:39.099794 94 gossip/gossip.go:567  [n1] gossip status (ok, 1 node)
gossip client (0/3 cur/max conns)
gossip server (0/3 cur/max conns, infos 0/0 sent/received, bytes 0B/0B sent/received)
I210322 23:12:39.107879 163 server/status/runtime.go:498  [n1] runtime stats: 169 MiB RSS, 168 goroutines, 48 MiB/67 MiB/114 MiB GO alloc/idle/total, 14 MiB/21 MiB CGO alloc/total, 31.7 CGO/sec, 0.7/0.4 %(u/s)time, 0.0 %gc (1x), 1.0 KiB/1.0 KiB (r/w)net
I210322 23:12:49.108478 163 server/status/runtime.go:498  [n1] runtime stats: 169 MiB RSS, 167 goroutines, 56 MiB/62 MiB/114 MiB GO alloc/idle/total, 13 MiB/21 MiB CGO alloc/total, 70.0 CGO/sec, 0.6/0.4 %(u/s)time, 0.0 %gc (0x), 1.4 KiB/1.4 KiB (r/w)net
I210322 23:12:59.109013 163 server/status/runtime.go:498  [n1] runtime stats: 170 MiB RSS, 167 goroutines, 63 MiB/56 MiB/114 MiB GO alloc/idle/total, 13 MiB/21 MiB CGO alloc/total, 30.0 CGO/sec, 0.5/0.4 %(u/s)time, 0.0 %gc (0x), 1.5 KiB/1.3 KiB (r/w)net
I210322 23:13:09.108735 163 server/status/runtime.go:498  [n1] runtime stats: 170 MiB RSS, 167 goroutines, 69 MiB/50 MiB/114 MiB GO alloc/idle/total, 13 MiB/21 MiB CGO alloc/total, 25.7 CGO/sec, 0.5/0.4 %(u/s)time, 0.0 %gc (0x), 1.7 KiB/1.7 KiB (r/w)net
I210322 23:13:19.109337 163 server/status/runtime.go:498  [n1] runtime stats: 171 MiB RSS, 168 goroutines, 76 MiB/44 MiB/114 MiB GO alloc/idle/total, 21 MiB/29 MiB CGO alloc/total, 28.4 CGO/sec, 0.5/0.2 %(u/s)time, 0.0 %gc (0x), 1.3 KiB/1.3 KiB (r/w)net
I210322 23:13:29.109363 163 server/status/runtime.go:498  [n1] runtime stats: 171 MiB RSS, 168 goroutines, 82 MiB/38 MiB/114 MiB GO alloc/idle/total, 21 MiB/29 MiB CGO alloc/total, 28.2 CGO/sec, 0.5/0.4 %(u/s)time, 0.0 %gc (0x), 1.0 KiB/1.0 KiB (r/w)net
I210322 23:13:39.097344 94 gossip/gossip.go:567  [n1] gossip status (ok, 1 node)
gossip client (0/3 cur/max conns)
gossip server (0/3 cur/max conns, infos 0/0 sent/received, bytes 0B/0B sent/received)
I210322 23:13:39.109211 163 server/status/runtime.go:498  [n1] runtime stats: 171 MiB RSS, 168 goroutines, 89 MiB/31 MiB/114 MiB GO alloc/idle/total, 21 MiB/29 MiB CGO alloc/total, 27.4 CGO/sec, 0.4/0.4 %(u/s)time, 0.0 %gc (0x), 1.0 KiB/1.0 KiB (r/w)net
I210322 23:13:49.109383 163 server/status/runtime.go:498  [n1] runtime stats: 171 MiB RSS, 167 goroutines, 52 MiB/64 MiB/114 MiB GO alloc/idle/total, 21 MiB/29 MiB CGO alloc/total, 55.7 CGO/sec, 0.8/0.3 %(u/s)time, 0.0 %gc (1x), 1.4 KiB/1.4 KiB (r/w)net
I210322 23:13:59.109577 163 server/status/runtime.go:498  [n1] runtime stats: 172 MiB RSS, 167 goroutines, 59 MiB/59 MiB/114 MiB GO alloc/idle/total, 21 MiB/29 MiB CGO alloc/total, 25.9 CGO/sec, 0.4/0.4 %(u/s)time, 0.0 %gc (0x), 1.4 KiB/1.3 KiB (r/w)net
I210322 23:14:09.109602 163 server/status/runtime.go:498  [n1] runtime stats: 172 MiB RSS, 167 goroutines, 65 MiB/53 MiB/114 MiB GO alloc/idle/total, 21 MiB/29 MiB CGO alloc/total, 24.0 CGO/sec, 0.5/0.3 %(u/s)time, 0.0 %gc (0x), 1.6 KiB/1.6 KiB (r/w)net
I210322 23:14:19.109844 163 server/status/runtime.go:498  [n1] runtime stats: 172 MiB RSS, 168 goroutines, 72 MiB/47 MiB/114 MiB GO alloc/idle/total, 21 MiB/29 MiB CGO alloc/total, 30.3 CGO/sec, 0.6/0.3 %(u/s)time, 0.0 %gc (0x), 1.3 KiB/1.3 KiB (r/w)net
I210322 23:14:29.110151 163 server/status/runtime.go:498  [n1] runtime stats: 172 MiB RSS, 168 goroutines, 78 MiB/41 MiB/114 MiB GO alloc/idle/total, 21 MiB/29 MiB CGO alloc/total, 29.9 CGO/sec, 0.5/0.3 %(u/s)time, 0.0 %gc (0x), 1.0 KiB/1.0 KiB (r/w)net
I210322 23:14:39.098418 94 gossip/gossip.go:567  [n1] gossip status (ok, 1 node)
gossip client (0/3 cur/max conns)
gossip server (0/3 cur/max conns, infos 0/0 sent/received, bytes 0B/0B sent/received)
I210322 23:14:39.110061 163 server/status/runtime.go:498  [n1] runtime stats: 173 MiB RSS, 166 goroutines, 85 MiB/35 MiB/114 MiB GO alloc/idle/total, 21 MiB/29 MiB CGO alloc/total, 27.8 CGO/sec, 0.6/0.3 %(u/s)time, 0.0 %gc (0x), 1.3 KiB/1.1 KiB (r/w)net
I210322 23:14:49.110401 163 server/status/runtime.go:498  [n1] runtime stats: 172 MiB RSS, 165 goroutines, 93 MiB/28 MiB/114 MiB GO alloc/idle/total, 21 MiB/28 MiB CGO alloc/total, 52.5 CGO/sec, 0.7/0.3 %(u/s)time, 0.0 %gc (0x), 1.4 KiB/1.4 KiB (r/w)net
I210322 23:14:59.110509 163 server/status/runtime.go:498  [n1] runtime stats: 172 MiB RSS, 165 goroutines, 51 MiB/64 MiB/114 MiB GO alloc/idle/total, 21 MiB/28 MiB CGO alloc/total, 26.1 CGO/sec, 0.7/0.3 %(u/s)time, 0.0 %gc (1x), 1.5 KiB/1.3 KiB (r/w)net
I210322 23:15:09.110984 163 server/status/runtime.go:498  [n1] runtime stats: 172 MiB RSS, 165 goroutines, 58 MiB/59 MiB/114 MiB GO alloc/idle/total, 21 MiB/28 MiB CGO alloc/total, 27.2 CGO/sec, 0.6/0.3 %(u/s)time, 0.0 %gc (0x), 1.7 KiB/1.7 KiB (r/w)net
I210322 23:15:19.110696 163 server/status/runtime.go:498  [n1] runtime stats: 173 MiB RSS, 166 goroutines, 65 MiB/53 MiB/114 MiB GO alloc/idle/total, 21 MiB/28 MiB CGO alloc/total, 50.1 CGO/sec, 0.6/0.4 %(u/s)time, 0.0 %gc (0x), 1.4 KiB/1.4 KiB (r/w)net
I210322 23:15:29.110684 163 server/status/runtime.go:498  [n1] runtime stats: 173 MiB RSS, 166 goroutines, 71 MiB/47 MiB/114 MiB GO alloc/idle/total, 21 MiB/28 MiB CGO alloc/total, 22.2 CGO/sec, 0.5/0.3 %(u/s)time, 0.0 %gc (0x), 1.0 KiB/1.0 KiB (r/w)net
I210322 23:15:39.175111 94 gossip/gossip.go:567  [n1] gossip status (ok, 1 node)
gossip client (0/3 cur/max conns)
gossip server (0/3 cur/max conns, infos 0/0 sent/received, bytes 0B/0B sent/received)
I210322 23:15:39.188635 163 server/status/runtime.go:498  [n1] runtime stats: 173 MiB RSS, 166 goroutines, 78 MiB/41 MiB/114 MiB GO alloc/idle/total, 21 MiB/28 MiB CGO alloc/total, 23.8 CGO/sec, 0.6/0.3 %(u/s)time, 0.0 %gc (0x), 1.0 KiB/1.0 KiB (r/w)net
I210322 23:15:49.188949 163 server/status/runtime.go:498  [n1] runtime stats: 174 MiB RSS, 165 goroutines, 86 MiB/35 MiB/114 MiB GO alloc/idle/total, 21 MiB/27 MiB CGO alloc/total, 56.9 CGO/sec, 0.6/0.3 %(u/s)time, 0.0 %gc (0x), 1.3 KiB/1.3 KiB (r/w)net
I210322 23:15:59.189014 163 server/status/runtime.go:498  [n1] runtime stats: 174 MiB RSS, 165 goroutines, 92 MiB/29 MiB/114 MiB GO alloc/idle/total, 21 MiB/27 MiB CGO alloc/total, 28.1 CGO/sec, 0.5/0.4 %(u/s)time, 0.0 %gc (0x), 1.4 KiB/1.2 KiB (r/w)net
I210322 23:16:09.189597 163 server/status/runtime.go:498  [n1] runtime stats: 174 MiB RSS, 165 goroutines, 50 MiB/65 MiB/114 MiB GO alloc/idle/total, 21 MiB/27 MiB CGO alloc/total, 23.4 CGO/sec, 0.6/0.2 %(u/s)time, 0.0 %gc (1x), 1.7 KiB/1.7 KiB (r/w)net
I210322 23:16:19.189497 163 server/status/runtime.go:498  [n1] runtime stats: 174 MiB RSS, 166 goroutines, 57 MiB/60 MiB/114 MiB GO alloc/idle/total, 21 MiB/27 MiB CGO alloc/total, 32.6 CGO/sec, 0.6/0.3 %(u/s)time, 0.0 %gc (0x), 1.4 KiB/1.4 KiB (r/w)net
I210322 23:16:29.189790 163 server/status/runtime.go:498  [n1] runtime stats: 175 MiB RSS, 166 goroutines, 63 MiB/54 MiB/114 MiB GO alloc/idle/total, 21 MiB/27 MiB CGO alloc/total, 26.2 CGO/sec, 0.4/0.5 %(u/s)time, 0.0 %gc (0x), 1.1 KiB/1.1 KiB (r/w)net
I210322 23:16:39.176908 94 gossip/gossip.go:567  [n1] gossip status (ok, 1 node)
gossip client (0/3 cur/max conns)
gossip server (0/3 cur/max conns, infos 0/0 sent/received, bytes 0B/0B sent/received)
I210322 23:16:39.189875 163 server/status/runtime.go:498  [n1] runtime stats: 175 MiB RSS, 166 goroutines, 70 MiB/48 MiB/114 MiB GO alloc/idle/total, 21 MiB/27 MiB CGO alloc/total, 26.9 CGO/sec, 0.5/0.3 %(u/s)time, 0.0 %gc (0x), 1.0 KiB/1.0 KiB (r/w)net
I210322 23:16:49.190239 163 server/status/runtime.go:498  [n1] runtime stats: 175 MiB RSS, 165 goroutines, 77 MiB/42 MiB/114 MiB GO alloc/idle/total, 21 MiB/27 MiB CGO alloc/total, 51.9 CGO/sec, 0.5/0.4 %(u/s)time, 0.0 %gc (0x), 1.3 KiB/1.3 KiB (r/w)net
I210322 23:16:59.190134 163 server/status/runtime.go:498  [n1] runtime stats: 175 MiB RSS, 165 goroutines, 84 MiB/36 MiB/114 MiB GO alloc/idle/total, 21 MiB/27 MiB CGO alloc/total, 28.5 CGO/sec, 0.6/0.3 %(u/s)time, 0.0 %gc (0x), 1.4 KiB/1.3 KiB (r/w)net
I210322 23:17:09.190469 163 server/status/runtime.go:498  [n1] runtime stats: 176 MiB RSS, 165 goroutines, 90 MiB/30 MiB/114 MiB GO alloc/idle/total, 21 MiB/27 MiB CGO alloc/total, 29.4 CGO/sec, 0.5/0.4 %(u/s)time, 0.0 %gc (0x), 1.6 KiB/1.6 KiB (r/w)net
I210322 23:17:19.190043 163 server/status/runtime.go:498  [n1] runtime stats: 176 MiB RSS, 166 goroutines, 49 MiB/66 MiB/114 MiB GO alloc/idle/total, 21 MiB/27 MiB CGO alloc/total, 28.2 CGO/sec, 0.6/0.3 %(u/s)time, 0.0 %gc (1x), 1.4 KiB/1.3 KiB (r/w)net
I210322 23:17:29.190838 163 server/status/runtime.go:498  [n1] runtime stats: 176 MiB RSS, 166 goroutines, 56 MiB/61 MiB/114 MiB GO alloc/idle/total, 21 MiB/27 MiB CGO alloc/total, 24.6 CGO/sec, 0.6/0.3 %(u/s)time, 0.0 %gc (0x), 1.0 KiB/1.0 KiB (r/w)net
I210322 23:17:39.173186 94 gossip/gossip.go:567  [n1] gossip status (ok, 1 node)
gossip client (0/3 cur/max conns)
gossip server (0/3 cur/max conns, infos 0/0 sent/received, bytes 0B/0B sent/received)
I210322 23:17:39.193454 163 server/status/runtime.go:498  [n1] runtime stats: 176 MiB RSS, 166 goroutines, 63 MiB/54 MiB/114 MiB GO alloc/idle/total, 21 MiB/27 MiB CGO alloc/total, 32.6 CGO/sec, 0.7/0.4 %(u/s)time, 0.0 %gc (0x), 1.0 KiB/1.0 KiB (r/w)net
E210322 23:17:39.217581 220 kv/kvserver/queue.go:1204  [n1,replicate] 41 replicas failing with "0 of 1 live stores are able to take a new replica for the range (1 already has a replica); likely not enough nodes in cluster"
I210322 23:17:49.193589 163 server/status/runtime.go:498  [n1] runtime stats: 176 MiB RSS, 165 goroutines, 73 MiB/46 MiB/114 MiB GO alloc/idle/total, 21 MiB/27 MiB CGO alloc/total, 72.0 CGO/sec, 0.7/0.5 %(u/s)time, 0.0 %gc (0x), 1.3 KiB/1.3 KiB (r/w)net
I210322 23:17:59.181759 93 kv/kvserver/store.go:2470  [n1,s1] sstables (read amplification = 1):
6 [ 696K 1 ]: 696K
I210322 23:17:59.181860 93 kv/kvserver/store.go:2471  [n1,s1] 
** Compaction Stats [default] **
Level    Files   Size     Score Read(GB)  Rn(GB) Rnp1(GB) Write(GB) Wnew(GB) Moved(GB) W-Amp Rd(MB/s) Wr(MB/s) Comp(sec) CompMergeCPU(sec) Comp(cnt) Avg(sec) KeyIn KeyDrop
----------------------------------------------------------------------------------------------------------------------------------------------------------------------------
  L0      0/0    0.00 KB   0.0      0.0     0.0      0.0       0.0      0.0       0.0   1.0      0.0      2.7      0.05              0.00         1    0.048       0      0
  L6      1/0   696.46 KB   0.0      0.0     0.0      0.0       0.0      0.0       0.0   3.3     16.3     13.8      0.05              0.02         1    0.049    8469   1736
 Sum      1/0   696.46 KB   0.0      0.0     0.0      0.0       0.0      0.0       0.0   6.3      8.3      8.3      0.10              0.02         2    0.048    8469   1736
 Int      0/0    0.00 KB   0.0      0.0     0.0      0.0       0.0      0.0       0.0   0.0      0.0      0.0      0.00              0.00         0    0.000       0      0

** Compaction Stats [default] **
Priority    Files   Size     Score Read(GB)  Rn(GB) Rnp1(GB) Write(GB) Wnew(GB) Moved(GB) W-Amp Rd(MB/s) Wr(MB/s) Comp(sec) CompMergeCPU(sec) Comp(cnt) Avg(sec) KeyIn KeyDrop
-------------------------------------------------------------------------------------------------------------------------------------------------------------------------------
 Low      0/0    0.00 KB   0.0      0.0     0.0      0.0       0.0      0.0       0.0   0.0     16.3     13.8      0.05              0.02         1    0.049    8469   1736
User      0/0    0.00 KB   0.0      0.0     0.0      0.0       0.0      0.0       0.0   0.0      0.0      2.7      0.05              0.00         1    0.048       0      0
Uptime(secs): 620.7 total, 600.1 interval
Flush(GB): cumulative 0.000, interval 0.000
AddFile(GB): cumulative 0.000, interval 0.000
AddFile(Total Files): cumulative 0, interval 0
AddFile(L0 Files): cumulative 0, interval 0
AddFile(Keys): cumulative 0, interval 0
Cumulative compaction: 0.00 GB write, 0.00 MB/s write, 0.00 GB read, 0.00 MB/s read, 0.1 seconds
Interval compaction: 0.00 GB write, 0.00 MB/s write, 0.00 GB read, 0.00 MB/s read, 0.0 seconds
Stalls(count): 0 level0_slowdown, 0 level0_slowdown_with_compaction, 0 level0_numfiles, 0 level0_numfiles_with_compaction, 0 stop for pending_compaction_bytes, 0 slowdown for pending_compaction_bytes, 0 memtable_compaction, 0 memtable_slowdown, interval 0 total count
estimated_pending_compaction_bytes: 0 B
I210322 23:17:59.193650 163 server/status/runtime.go:498  [n1] runtime stats: 177 MiB RSS, 165 goroutines, 79 MiB/41 MiB/114 MiB GO alloc/idle/total, 21 MiB/27 MiB CGO alloc/total, 24.5 CGO/sec, 0.4/0.3 %(u/s)time, 0.0 %gc (0x), 1.3 KiB/1.2 KiB (r/w)net
I210322 23:18:09.193517 163 server/status/runtime.go:498  [n1] runtime stats: 177 MiB RSS, 165 goroutines, 85 MiB/35 MiB/114 MiB GO alloc/idle/total, 21 MiB/27 MiB CGO alloc/total, 29.4 CGO/sec, 0.5/0.3 %(u/s)time, 0.0 %gc (0x), 1.6 KiB/1.6 KiB (r/w)net
I210322 23:18:19.193624 163 server/status/runtime.go:498  [n1] runtime stats: 177 MiB RSS, 166 goroutines, 92 MiB/29 MiB/114 MiB GO alloc/idle/total, 21 MiB/27 MiB CGO alloc/total, 25.9 CGO/sec, 0.6/0.3 %(u/s)time, 0.0 %gc (0x), 1.4 KiB/1.4 KiB (r/w)net
I210322 23:18:29.193726 163 server/status/runtime.go:498  [n1] runtime stats: 177 MiB RSS, 166 goroutines, 53 MiB/62 MiB/114 MiB GO alloc/idle/total, 21 MiB/27 MiB CGO alloc/total, 24.5 CGO/sec, 0.6/0.3 %(u/s)time, 0.0 %gc (1x), 1.0 KiB/1.0 KiB (r/w)net
I210322 23:18:39.172378 94 gossip/gossip.go:567  [n1] gossip status (ok, 1 node)
gossip client (0/3 cur/max conns)
gossip server (0/3 cur/max conns, infos 0/0 sent/received, bytes 0B/0B sent/received)
I210322 23:18:39.193935 163 server/status/runtime.go:498  [n1] runtime stats: 178 MiB RSS, 166 goroutines, 60 MiB/57 MiB/114 MiB GO alloc/idle/total, 21 MiB/27 MiB CGO alloc/total, 29.6 CGO/sec, 0.5/0.5 %(u/s)time, 0.0 %gc (0x), 1.0 KiB/1.0 KiB (r/w)net
I210322 23:18:49.193741 163 server/status/runtime.go:498  [n1] runtime stats: 178 MiB RSS, 165 goroutines, 67 MiB/51 MiB/114 MiB GO alloc/idle/total, 21 MiB/27 MiB CGO alloc/total, 52.5 CGO/sec, 0.7/0.2 %(u/s)time, 0.0 %gc (0x), 1.4 KiB/1.4 KiB (r/w)net
I210322 23:18:59.194075 163 server/status/runtime.go:498  [n1] runtime stats: 178 MiB RSS, 165 goroutines, 74 MiB/45 MiB/114 MiB GO alloc/idle/total, 29 MiB/35 MiB CGO alloc/total, 30.4 CGO/sec, 0.5/0.4 %(u/s)time, 0.0 %gc (0x), 1.3 KiB/1.2 KiB (r/w)net
I210322 23:19:09.194104 163 server/status/runtime.go:498  [n1] runtime stats: 178 MiB RSS, 165 goroutines, 80 MiB/39 MiB/114 MiB GO alloc/idle/total, 29 MiB/35 MiB CGO alloc/total, 27.5 CGO/sec, 0.6/0.4 %(u/s)time, 0.0 %gc (0x), 1.1 KiB/1.1 KiB (r/w)net
I210322 23:19:19.194139 163 server/status/runtime.go:498  [n1] runtime stats: 179 MiB RSS, 166 goroutines, 87 MiB/33 MiB/114 MiB GO alloc/idle/total, 29 MiB/35 MiB CGO alloc/total, 30.3 CGO/sec, 0.5/0.5 %(u/s)time, 0.0 %gc (0x), 1.9 KiB/1.9 KiB (r/w)net
I210322 23:19:29.194564 163 server/status/runtime.go:498  [n1] runtime stats: 179 MiB RSS, 166 goroutines, 92 MiB/28 MiB/114 MiB GO alloc/idle/total, 29 MiB/35 MiB CGO alloc/total, 22.0 CGO/sec, 0.6/0.2 %(u/s)time, 0.0 %gc (0x), 1.0 KiB/1.0 KiB (r/w)net
I210322 23:19:39.176237 94 gossip/gossip.go:567  [n1] gossip status (ok, 1 node)
gossip client (0/3 cur/max conns)
gossip server (0/3 cur/max conns, infos 0/0 sent/received, bytes 0B/0B sent/received)
I210322 23:19:39.194197 163 server/status/runtime.go:498  [n1] runtime stats: 179 MiB RSS, 166 goroutines, 52 MiB/64 MiB/114 MiB GO alloc/idle/total, 29 MiB/35 MiB CGO alloc/total, 29.4 CGO/sec, 0.7/0.3 %(u/s)time, 0.0 %gc (1x), 1.0 KiB/1.0 KiB (r/w)net
I210322 23:19:49.194287 163 server/status/runtime.go:498  [n1] runtime stats: 180 MiB RSS, 165 goroutines, 59 MiB/58 MiB/114 MiB GO alloc/idle/total, 29 MiB/35 MiB CGO alloc/total, 55.3 CGO/sec, 0.7/0.4 %(u/s)time, 0.0 %gc (0x), 1.4 KiB/1.4 KiB (r/w)net
I210322 23:19:59.197387 163 server/status/runtime.go:498  [n1] runtime stats: 180 MiB RSS, 165 goroutines, 66 MiB/52 MiB/114 MiB GO alloc/idle/total, 29 MiB/35 MiB CGO alloc/total, 24.5 CGO/sec, 0.5/0.4 %(u/s)time, 0.0 %gc (0x), 1.4 KiB/1.2 KiB (r/w)net
I210322 23:20:09.194607 163 server/status/runtime.go:498  [n1] runtime stats: 180 MiB RSS, 165 goroutines, 72 MiB/46 MiB/114 MiB GO alloc/idle/total, 29 MiB/35 MiB CGO alloc/total, 25.6 CGO/sec, 0.5/0.3 %(u/s)time, 0.0 %gc (0x), 1.1 KiB/1.1 KiB (r/w)net
I210322 23:20:19.195765 163 server/status/runtime.go:498  [n1] runtime stats: 180 MiB RSS, 166 goroutines, 80 MiB/40 MiB/114 MiB GO alloc/idle/total, 29 MiB/35 MiB CGO alloc/total, 50.8 CGO/sec, 0.6/0.5 %(u/s)time, 0.0 %gc (0x), 1.9 KiB/1.9 KiB (r/w)net
I210322 23:20:29.195523 163 server/status/runtime.go:498  [n1] runtime stats: 181 MiB RSS, 166 goroutines, 86 MiB/35 MiB/114 MiB GO alloc/idle/total, 29 MiB/35 MiB CGO alloc/total, 25.1 CGO/sec, 0.5/0.3 %(u/s)time, 0.0 %gc (0x), 1.0 KiB/1.0 KiB (r/w)net
I210322 23:20:39.173107 94 gossip/gossip.go:567  [n1] gossip status (ok, 1 node)
gossip client (0/3 cur/max conns)
gossip server (0/3 cur/max conns, infos 0/0 sent/received, bytes 0B/0B sent/received)
I210322 23:20:39.194732 163 server/status/runtime.go:498  [n1] runtime stats: 181 MiB RSS, 166 goroutines, 93 MiB/28 MiB/114 MiB GO alloc/idle/total, 29 MiB/35 MiB CGO alloc/total, 31.0 CGO/sec, 0.5/0.4 %(u/s)time, 0.0 %gc (0x), 1.1 KiB/1.1 KiB (r/w)net
I210322 23:20:49.195014 163 server/status/runtime.go:498  [n1] runtime stats: 182 MiB RSS, 165 goroutines, 53 MiB/63 MiB/114 MiB GO alloc/idle/total, 29 MiB/35 MiB CGO alloc/total, 53.6 CGO/sec, 0.7/0.4 %(u/s)time, 0.0 %gc (1x), 1.3 KiB/1.3 KiB (r/w)net
I210322 23:20:59.195086 163 server/status/runtime.go:498  [n1] runtime stats: 182 MiB RSS, 166 goroutines, 60 MiB/58 MiB/114 MiB GO alloc/idle/total, 29 MiB/35 MiB CGO alloc/total, 24.8 CGO/sec, 0.5/0.3 %(u/s)time, 0.0 %gc (0x), 1.4 KiB/1.2 KiB (r/w)net
I210322 23:21:09.196369 163 server/status/runtime.go:498  [n1] runtime stats: 182 MiB RSS, 165 goroutines, 66 MiB/52 MiB/114 MiB GO alloc/idle/total, 29 MiB/35 MiB CGO alloc/total, 27.6 CGO/sec, 0.5/0.3 %(u/s)time, 0.0 %gc (0x), 1.1 KiB/1.1 KiB (r/w)net
I210322 23:21:19.196726 163 server/status/runtime.go:498  [n1] runtime stats: 182 MiB RSS, 166 goroutines, 73 MiB/46 MiB/114 MiB GO alloc/idle/total, 29 MiB/35 MiB CGO alloc/total, 28.4 CGO/sec, 0.6/0.3 %(u/s)time, 0.0 %gc (0x), 1.9 KiB/1.9 KiB (r/w)net
I210322 23:21:29.196969 163 server/status/runtime.go:498  [n1] runtime stats: 182 MiB RSS, 167 goroutines, 80 MiB/40 MiB/114 MiB GO alloc/idle/total, 29 MiB/35 MiB CGO alloc/total, 26.1 CGO/sec, 0.5/0.4 %(u/s)time, 0.0 %gc (0x), 1.0 KiB/1.0 KiB (r/w)net
I210322 23:21:39.174810 94 gossip/gossip.go:567  [n1] gossip status (ok, 1 node)
gossip client (0/3 cur/max conns)
gossip server (0/3 cur/max conns, infos 0/0 sent/received, bytes 0B/0B sent/received)
I210322 23:21:39.196397 163 server/status/runtime.go:498  [n1] runtime stats: 183 MiB RSS, 166 goroutines, 86 MiB/34 MiB/114 MiB GO alloc/idle/total, 29 MiB/35 MiB CGO alloc/total, 27.3 CGO/sec, 0.5/0.4 %(u/s)time, 0.0 %gc (0x), 1.0 KiB/1.0 KiB (r/w)net
I210322 23:21:49.196606 163 server/status/runtime.go:498  [n1] runtime stats: 183 MiB RSS, 165 goroutines, 94 MiB/27 MiB/114 MiB GO alloc/idle/total, 29 MiB/35 MiB CGO alloc/total, 52.6 CGO/sec, 0.5/0.4 %(u/s)time, 0.0 %gc (0x), 1.4 KiB/1.4 KiB (r/w)net
I210322 23:21:59.197040 163 server/status/runtime.go:498  [n1] runtime stats: 183 MiB RSS, 165 goroutines, 53 MiB/62 MiB/114 MiB GO alloc/idle/total, 29 MiB/35 MiB CGO alloc/total, 31.4 CGO/sec, 0.6/0.4 %(u/s)time, 0.0 %gc (1x), 1.4 KiB/1.2 KiB (r/w)net
I210322 23:22:09.197143 163 server/status/runtime.go:498  [n1] runtime stats: 183 MiB RSS, 165 goroutines, 60 MiB/57 MiB/114 MiB GO alloc/idle/total, 29 MiB/35 MiB CGO alloc/total, 26.1 CGO/sec, 0.3/0.4 %(u/s)time, 0.0 %gc (0x), 1.1 KiB/1.1 KiB (r/w)net
I210322 23:22:19.197381 163 server/status/runtime.go:498  [n1] runtime stats: 183 MiB RSS, 166 goroutines, 67 MiB/51 MiB/114 MiB GO alloc/idle/total, 29 MiB/35 MiB CGO alloc/total, 31.2 CGO/sec, 0.5/0.5 %(u/s)time, 0.0 %gc (0x), 1.9 KiB/1.9 KiB (r/w)net
I210322 23:22:29.197498 163 server/status/runtime.go:498  [n1] runtime stats: 184 MiB RSS, 167 goroutines, 60 MiB/57 MiB/114 MiB GO alloc/idle/total, 29 MiB/35 MiB CGO alloc/total, 89.2 CGO/sec, 1.8/0.3 %(u/s)time, 0.0 %gc (1x), 26 KiB/34 KiB (r/w)net
I210322 23:22:39.171108 94 gossip/gossip.go:567  [n1] gossip status (ok, 1 node)
gossip client (0/3 cur/max conns)
gossip server (0/3 cur/max conns, infos 0/0 sent/received, bytes 0B/0B sent/received)
I210322 23:22:39.197477 163 server/status/runtime.go:498  [n1] runtime stats: 184 MiB RSS, 166 goroutines, 67 MiB/52 MiB/114 MiB GO alloc/idle/total, 29 MiB/35 MiB CGO alloc/total, 39.0 CGO/sec, 0.6/0.5 %(u/s)time, 0.0 %gc (0x), 1.0 KiB/1.0 KiB (r/w)net
I210322 23:22:49.197558 163 server/status/runtime.go:498  [n1] runtime stats: 184 MiB RSS, 165 goroutines, 75 MiB/45 MiB/114 MiB GO alloc/idle/total, 29 MiB/35 MiB CGO alloc/total, 61.1 CGO/sec, 0.7/0.4 %(u/s)time, 0.0 %gc (0x), 1.4 KiB/1.4 KiB (r/w)net
I210322 23:22:59.197592 163 server/status/runtime.go:498  [n1] runtime stats: 185 MiB RSS, 166 goroutines, 81 MiB/39 MiB/114 MiB GO alloc/idle/total, 29 MiB/35 MiB CGO alloc/total, 25.2 CGO/sec, 0.6/0.4 %(u/s)time, 0.0 %gc (0x), 1.0 KiB/1.0 KiB (r/w)net
I210322 23:23:09.197646 163 server/status/runtime.go:498  [n1] runtime stats: 185 MiB RSS, 165 goroutines, 88 MiB/33 MiB/114 MiB GO alloc/idle/total, 29 MiB/35 MiB CGO alloc/total, 32.2 CGO/sec, 0.6/0.3 %(u/s)time, 0.0 %gc (0x), 1.8 KiB/1.4 KiB (r/w)net
I210322 23:23:19.197715 163 server/status/runtime.go:498  [n1] runtime stats: 185 MiB RSS, 166 goroutines, 95 MiB/26 MiB/114 MiB GO alloc/idle/total, 29 MiB/35 MiB CGO alloc/total, 26.1 CGO/sec, 0.5/0.3 %(u/s)time, 0.0 %gc (0x), 1.4 KiB/1.4 KiB (r/w)net
I210322 23:23:29.198162 163 server/status/runtime.go:498  [n1] runtime stats: 186 MiB RSS, 166 goroutines, 52 MiB/63 MiB/114 MiB GO alloc/idle/total, 29 MiB/35 MiB CGO alloc/total, 29.3 CGO/sec, 0.7/0.4 %(u/s)time, 0.0 %gc (1x), 2.0 KiB/1.8 KiB (r/w)net
I210322 23:23:39.172431 94 gossip/gossip.go:567  [n1] gossip status (ok, 1 node)
gossip client (0/3 cur/max conns)
gossip server (0/3 cur/max conns, infos 0/0 sent/received, bytes 0B/0B sent/received)
I210322 23:23:39.197706 163 server/status/runtime.go:498  [n1] runtime stats: 186 MiB RSS, 166 goroutines, 59 MiB/58 MiB/114 MiB GO alloc/idle/total, 29 MiB/35 MiB CGO alloc/total, 23.8 CGO/sec, 0.6/0.4 %(u/s)time, 0.0 %gc (0x), 1.0 KiB/1.0 KiB (r/w)net
I210322 23:23:49.203917 163 server/status/runtime.go:498  [n1] runtime stats: 186 MiB RSS, 165 goroutines, 66 MiB/52 MiB/114 MiB GO alloc/idle/total, 29 MiB/35 MiB CGO alloc/total, 57.6 CGO/sec, 0.6/0.4 %(u/s)time, 0.0 %gc (0x), 1.4 KiB/1.4 KiB (r/w)net
I210322 23:23:59.206022 163 server/status/runtime.go:498  [n1] runtime stats: 187 MiB RSS, 165 goroutines, 76 MiB/42 MiB/114 MiB GO alloc/idle/total, 29 MiB/35 MiB CGO alloc/total, 24.1 CGO/sec, 0.6/0.3 %(u/s)time, 0.0 %gc (0x), 1.0 KiB/1.0 KiB (r/w)net
I210322 23:24:09.205871 163 server/status/runtime.go:498  [n1] runtime stats: 187 MiB RSS, 165 goroutines, 82 MiB/37 MiB/114 MiB GO alloc/idle/total, 29 MiB/35 MiB CGO alloc/total, 27.4 CGO/sec, 0.5/0.4 %(u/s)time, 0.0 %gc (0x), 1.0 KiB/1.0 KiB (r/w)net
I210322 23:24:19.206005 163 server/status/runtime.go:498  [n1] runtime stats: 187 MiB RSS, 166 goroutines, 90 MiB/30 MiB/114 MiB GO alloc/idle/total, 29 MiB/35 MiB CGO alloc/total, 30.2 CGO/sec, 0.5/0.4 %(u/s)time, 0.0 %gc (0x), 1.5 KiB/1.5 KiB (r/w)net
I210322 23:24:29.210673 163 server/status/runtime.go:498  [n1] runtime stats: 187 MiB RSS, 166 goroutines, 96 MiB/25 MiB/114 MiB GO alloc/idle/total, 37 MiB/43 MiB CGO alloc/total, 26.2 CGO/sec, 0.6/0.3 %(u/s)time, 0.0 %gc (1x), 1.4 KiB/1.3 KiB (r/w)net
I210322 23:24:39.174165 94 gossip/gossip.go:567  [n1] gossip status (ok, 1 node)
gossip client (0/3 cur/max conns)
gossip server (0/3 cur/max conns, infos 0/0 sent/received, bytes 0B/0B sent/received)
I210322 23:24:39.206999 163 server/status/runtime.go:498  [n1] runtime stats: 187 MiB RSS, 166 goroutines, 59 MiB/57 MiB/114 MiB GO alloc/idle/total, 37 MiB/43 MiB CGO alloc/total, 26.2 CGO/sec, 0.7/0.4 %(u/s)time, 0.0 %gc (0x), 1.7 KiB/1.7 KiB (r/w)net
I210322 23:24:49.207193 163 server/status/runtime.go:498  [n1] runtime stats: 188 MiB RSS, 165 goroutines, 67 MiB/51 MiB/114 MiB GO alloc/idle/total, 37 MiB/43 MiB CGO alloc/total, 57.8 CGO/sec, 0.7/0.3 %(u/s)time, 0.0 %gc (0x), 1.5 KiB/1.5 KiB (r/w)net
I210322 23:24:59.207516 163 server/status/runtime.go:498  [n1] runtime stats: 188 MiB RSS, 165 goroutines, 73 MiB/45 MiB/114 MiB GO alloc/idle/total, 37 MiB/43 MiB CGO alloc/total, 28.1 CGO/sec, 0.6/0.4 %(u/s)time, 0.0 %gc (0x), 1.0 KiB/1.0 KiB (r/w)net
I210322 23:25:09.207746 163 server/status/runtime.go:498  [n1] runtime stats: 188 MiB RSS, 166 goroutines, 80 MiB/39 MiB/114 MiB GO alloc/idle/total, 37 MiB/43 MiB CGO alloc/total, 43.0 CGO/sec, 0.6/0.3 %(u/s)time, 0.0 %gc (0x), 1.0 KiB/1.0 KiB (r/w)net
I210322 23:25:19.207555 163 server/status/runtime.go:498  [n1] runtime stats: 188 MiB RSS, 167 goroutines, 87 MiB/33 MiB/114 MiB GO alloc/idle/total, 37 MiB/43 MiB CGO alloc/total, 30.3 CGO/sec, 0.5/0.3 %(u/s)time, 0.0 %gc (0x), 1.4 KiB/1.4 KiB (r/w)net
I210322 23:25:29.207910 163 server/status/runtime.go:498  [n1] runtime stats: 189 MiB RSS, 166 goroutines, 93 MiB/27 MiB/114 MiB GO alloc/idle/total, 37 MiB/43 MiB CGO alloc/total, 20.3 CGO/sec, 0.4/0.3 %(u/s)time, 0.0 %gc (0x), 1.4 KiB/1.3 KiB (r/w)net
I210322 23:25:39.171858 94 gossip/gossip.go:567  [n1] gossip status (ok, 1 node)
gossip client (0/3 cur/max conns)
gossip server (0/3 cur/max conns, infos 0/0 sent/received, bytes 0B/0B sent/received)
I210322 23:25:39.207590 163 server/status/runtime.go:498  [n1] runtime stats: 189 MiB RSS, 167 goroutines, 52 MiB/63 MiB/114 MiB GO alloc/idle/total, 37 MiB/43 MiB CGO alloc/total, 28.9 CGO/sec, 0.6/0.3 %(u/s)time, 0.0 %gc (1x), 1.7 KiB/1.7 KiB (r/w)net
I210322 23:25:49.210546 163 server/status/runtime.go:498  [n1] runtime stats: 189 MiB RSS, 166 goroutines, 60 MiB/58 MiB/114 MiB GO alloc/idle/total, 37 MiB/43 MiB CGO alloc/total, 60.7 CGO/sec, 0.7/0.3 %(u/s)time, 0.0 %gc (0x), 1.4 KiB/1.4 KiB (r/w)net
I210322 23:25:59.211343 163 server/status/runtime.go:498  [n1] runtime stats: 189 MiB RSS, 166 goroutines, 66 MiB/52 MiB/114 MiB GO alloc/idle/total, 37 MiB/43 MiB CGO alloc/total, 240.6 CGO/sec, 0.6/0.3 %(u/s)time, 0.0 %gc (0x), 1.0 KiB/1.0 KiB (r/w)net
I210322 23:26:09.210546 163 server/status/runtime.go:498  [n1] runtime stats: 189 MiB RSS, 165 goroutines, 73 MiB/46 MiB/114 MiB GO alloc/idle/total, 37 MiB/43 MiB CGO alloc/total, 27.5 CGO/sec, 0.5/0.3 %(u/s)time, 0.0 %gc (0x), 1.0 KiB/1.0 KiB (r/w)net
I210322 23:26:19.210530 163 server/status/runtime.go:498  [n1] runtime stats: 190 MiB RSS, 166 goroutines, 80 MiB/40 MiB/114 MiB GO alloc/idle/total, 37 MiB/43 MiB CGO alloc/total, 28.4 CGO/sec, 0.4/0.4 %(u/s)time, 0.0 %gc (0x), 1.4 KiB/1.4 KiB (r/w)net
I210322 23:26:29.210690 163 server/status/runtime.go:498  [n1] runtime stats: 190 MiB RSS, 166 goroutines, 86 MiB/34 MiB/114 MiB GO alloc/idle/total, 37 MiB/43 MiB CGO alloc/total, 25.7 CGO/sec, 0.4/0.4 %(u/s)time, 0.0 %gc (0x), 1.4 KiB/1.3 KiB (r/w)net
I210322 23:26:39.170329 94 gossip/gossip.go:567  [n1] gossip status (ok, 1 node)
gossip client (0/3 cur/max conns)
gossip server (0/3 cur/max conns, infos 0/0 sent/received, bytes 0B/0B sent/received)
I210322 23:26:39.210794 163 server/status/runtime.go:498  [n1] runtime stats: 190 MiB RSS, 166 goroutines, 93 MiB/28 MiB/114 MiB GO alloc/idle/total, 37 MiB/43 MiB CGO alloc/total, 27.5 CGO/sec, 0.4/0.4 %(u/s)time, 0.0 %gc (0x), 1.7 KiB/1.7 KiB (r/w)net
I210322 23:26:49.210761 163 server/status/runtime.go:498  [n1] runtime stats: 190 MiB RSS, 165 goroutines, 55 MiB/61 MiB/114 MiB GO alloc/idle/total, 37 MiB/43 MiB CGO alloc/total, 53.0 CGO/sec, 0.8/0.3 %(u/s)time, 0.0 %gc (1x), 1.4 KiB/1.4 KiB (r/w)net
I210322 23:26:59.210910 163 server/status/runtime.go:498  [n1] runtime stats: 190 MiB RSS, 165 goroutines, 62 MiB/56 MiB/114 MiB GO alloc/idle/total, 37 MiB/43 MiB CGO alloc/total, 24.5 CGO/sec, 0.4/0.3 %(u/s)time, 0.0 %gc (0x), 1.0 KiB/1.0 KiB (r/w)net
I210322 23:27:09.211175 163 server/status/runtime.go:498  [n1] runtime stats: 191 MiB RSS, 165 goroutines, 68 MiB/50 MiB/114 MiB GO alloc/idle/total, 37 MiB/43 MiB CGO alloc/total, 26.7 CGO/sec, 0.4/0.4 %(u/s)time, 0.0 %gc (0x), 1.0 KiB/1.0 KiB (r/w)net
I210322 23:27:19.211206 163 server/status/runtime.go:498  [n1] runtime stats: 191 MiB RSS, 166 goroutines, 75 MiB/44 MiB/114 MiB GO alloc/idle/total, 37 MiB/43 MiB CGO alloc/total, 30.5 CGO/sec, 0.5/0.3 %(u/s)time, 0.0 %gc (0x), 1.5 KiB/1.5 KiB (r/w)net
I210322 23:27:29.211389 163 server/status/runtime.go:498  [n1] runtime stats: 191 MiB RSS, 166 goroutines, 82 MiB/38 MiB/114 MiB GO alloc/idle/total, 37 MiB/43 MiB CGO alloc/total, 43.0 CGO/sec, 0.5/0.4 %(u/s)time, 0.0 %gc (0x), 1.4 KiB/1.2 KiB (r/w)net
I210322 23:27:39.171139 94 gossip/gossip.go:567  [n1] gossip status (ok, 1 node)
gossip client (0/3 cur/max conns)
gossip server (0/3 cur/max conns, infos 0/0 sent/received, bytes 0B/0B sent/received)
E210322 23:27:39.211543 220 kv/kvserver/queue.go:1204  [n1,replicate] 41 replicas failing with "0 of 1 live stores are able to take a new replica for the range (1 already has a replica); likely not enough nodes in cluster"
I210322 23:27:39.211641 163 server/status/runtime.go:498  [n1] runtime stats: 192 MiB RSS, 166 goroutines, 89 MiB/32 MiB/114 MiB GO alloc/idle/total, 37 MiB/43 MiB CGO alloc/total, 32.9 CGO/sec, 0.5/0.4 %(u/s)time, 0.0 %gc (0x), 1.6 KiB/1.6 KiB (r/w)net
I210322 23:27:49.212106 163 server/status/runtime.go:498  [n1] runtime stats: 192 MiB RSS, 166 goroutines, 51 MiB/63 MiB/114 MiB GO alloc/idle/total, 37 MiB/43 MiB CGO alloc/total, 55.0 CGO/sec, 0.8/0.3 %(u/s)time, 0.0 %gc (1x), 1.4 KiB/1.4 KiB (r/w)net
I210322 23:27:59.172819 93 kv/kvserver/store.go:2470  [n1,s1] sstables (read amplification = 1):
6 [ 696K 1 ]: 696K
I210322 23:27:59.172900 93 kv/kvserver/store.go:2471  [n1,s1] 
** Compaction Stats [default] **
Level    Files   Size     Score Read(GB)  Rn(GB) Rnp1(GB) Write(GB) Wnew(GB) Moved(GB) W-Amp Rd(MB/s) Wr(MB/s) Comp(sec) CompMergeCPU(sec) Comp(cnt) Avg(sec) KeyIn KeyDrop
----------------------------------------------------------------------------------------------------------------------------------------------------------------------------
  L0      0/0    0.00 KB   0.0      0.0     0.0      0.0       0.0      0.0       0.0   1.0      0.0      2.7      0.05              0.00         1    0.048       0      0
  L6      1/0   696.46 KB   0.0      0.0     0.0      0.0       0.0      0.0       0.0   3.3     16.3     13.8      0.05              0.02         1    0.049    8469   1736
 Sum      1/0   696.46 KB   0.0      0.0     0.0      0.0       0.0      0.0       0.0   6.3      8.3      8.3      0.10              0.02         2    0.048    8469   1736
 Int      0/0    0.00 KB   0.0      0.0     0.0      0.0       0.0      0.0       0.0   0.0      0.0      0.0      0.00              0.00         0    0.000       0      0

** Compaction Stats [default] **
Priority    Files   Size     Score Read(GB)  Rn(GB) Rnp1(GB) Write(GB) Wnew(GB) Moved(GB) W-Amp Rd(MB/s) Wr(MB/s) Comp(sec) CompMergeCPU(sec) Comp(cnt) Avg(sec) KeyIn KeyDrop
-------------------------------------------------------------------------------------------------------------------------------------------------------------------------------
 Low      0/0    0.00 KB   0.0      0.0     0.0      0.0       0.0      0.0       0.0   0.0     16.3     13.8      0.05              0.02         1    0.049    8469   1736
User      0/0    0.00 KB   0.0      0.0     0.0      0.0       0.0      0.0       0.0   0.0      0.0      2.7      0.05              0.00         1    0.048       0      0
Uptime(secs): 1220.7 total, 600.0 interval
Flush(GB): cumulative 0.000, interval 0.000
AddFile(GB): cumulative 0.000, interval 0.000
AddFile(Total Files): cumulative 0, interval 0
AddFile(L0 Files): cumulative 0, interval 0
AddFile(Keys): cumulative 0, interval 0
Cumulative compaction: 0.00 GB write, 0.00 MB/s write, 0.00 GB read, 0.00 MB/s read, 0.1 seconds
Interval compaction: 0.00 GB write, 0.00 MB/s write, 0.00 GB read, 0.00 MB/s read, 0.0 seconds
Stalls(count): 0 level0_slowdown, 0 level0_slowdown_with_compaction, 0 level0_numfiles, 0 level0_numfiles_with_compaction, 0 stop for pending_compaction_bytes, 0 slowdown for pending_compaction_bytes, 0 memtable_compaction, 0 memtable_slowdown, interval 0 total count
estimated_pending_compaction_bytes: 0 B
I210322 23:27:59.212006 163 server/status/runtime.go:498  [n1] runtime stats: 192 MiB RSS, 165 goroutines, 58 MiB/58 MiB/114 MiB GO alloc/idle/total, 37 MiB/43 MiB CGO alloc/total, 30.3 CGO/sec, 0.6/0.3 %(u/s)time, 0.0 %gc (0x), 1.0 KiB/1.0 KiB (r/w)net
I210322 23:28:09.211874 163 server/status/runtime.go:498  [n1] runtime stats: 192 MiB RSS, 165 goroutines, 65 MiB/52 MiB/114 MiB GO alloc/idle/total, 37 MiB/43 MiB CGO alloc/total, 23.3 CGO/sec, 0.6/0.2 %(u/s)time, 0.0 %gc (0x), 1.0 KiB/1.0 KiB (r/w)net
I210322 23:28:19.211845 163 server/status/runtime.go:498  [n1] runtime stats: 193 MiB RSS, 166 goroutines, 71 MiB/46 MiB/114 MiB GO alloc/idle/total, 37 MiB/43 MiB CGO alloc/total, 28.4 CGO/sec, 0.5/0.3 %(u/s)time, 0.0 %gc (0x), 1.4 KiB/1.4 KiB (r/w)net
I210322 23:28:29.212439 163 server/status/runtime.go:498  [n1] runtime stats: 193 MiB RSS, 167 goroutines, 78 MiB/40 MiB/114 MiB GO alloc/idle/total, 37 MiB/43 MiB CGO alloc/total, 26.1 CGO/sec, 0.5/0.4 %(u/s)time, 0.0 %gc (0x), 1.4 KiB/1.2 KiB (r/w)net
I210322 23:28:39.168680 94 gossip/gossip.go:567  [n1] gossip status (ok, 1 node)
gossip client (0/3 cur/max conns)
gossip server (0/3 cur/max conns, infos 0/0 sent/received, bytes 0B/0B sent/received)
I210322 23:28:39.212011 163 server/status/runtime.go:498  [n1] runtime stats: 193 MiB RSS, 166 goroutines, 84 MiB/34 MiB/114 MiB GO alloc/idle/total, 37 MiB/43 MiB CGO alloc/total, 29.2 CGO/sec, 0.5/0.3 %(u/s)time, 0.0 %gc (0x), 1.7 KiB/1.7 KiB (r/w)net
I210322 23:28:48.129129 1 cli/start.go:919  received signal 'terminated'
I210322 23:28:48.131721 1 cli/start.go:1006  initiating graceful shutdown of server
I210322 23:28:49.212046 163 server/status/runtime.go:498  [n1] runtime stats: 193 MiB RSS, 158 goroutines, 92 MiB/28 MiB/114 MiB GO alloc/idle/total, 37 MiB/43 MiB CGO alloc/total, 56.5 CGO/sec, 0.7/0.3 %(u/s)time, 0.0 %gc (0x), 1.4 KiB/1.4 KiB (r/w)net
I210322 23:28:49.546730 16049 server/drain.go:173  [server drain process] drain remaining: 13
I210322 23:28:49.547134 16049 server/drain.go:175  [server drain process] drain details: SQL clients: 10, table leases: 2, liveness record: 1
I210322 23:28:49.751150 16049 server/drain.go:173  [server drain process] drain remaining: 0
I210322 23:28:49.751884 16049 util/stop/stopper.go:539  [server drain process] quiescing
W210322 23:28:50.366060 116 kv/kvserver/store.go:1627  [n1,s1,r1/1:/{Min-System/NodeL…}] could not gossip first range descriptor: node unavailable; try another peer
W210322 23:28:50.413510 195 jobs/registry.go:1224  job 643510696069103617: canceling due to liveness failure
W210322 23:28:50.414598 195 jobs/registry.go:1224  job 643510494621204481: canceling due to liveness failure
W210322 23:28:50.413531 116 kv/kvserver/store.go:1627  [n1,s1,r1/1:/{Min-System/NodeL…}] could not gossip first range descriptor: node unavailable; try another peer
I210322 23:28:50.413568 135 kv/kvserver/queue.go:578  [n1,s1] rate limited in MaybeAdd (gc): node unavailable; try another peer
E210322 23:28:50.414920 502 jobs/registry.go:955  [n1] job 643510696069103617: adoption completed with error job 643510696069103617: node liveness error: restarting in background
W210322 23:28:50.415503 195 jobs/registry.go:1224  job 643510223130984449: canceling due to liveness failure
E210322 23:28:50.415758 518 jobs/registry.go:955  [n1] job 643510494621204481: adoption completed with error job 643510494621204481: node liveness error: restarting in background
I210322 23:28:50.416700 135 kv/kvserver/queue.go:578  [n1,s1] rate limited in MaybeAdd (merge): node unavailable; try another peer
W210322 23:28:50.417350 502 kv/txn.go:607  [n1] failure aborting transaction: node unavailable; try another peer; abort caused by: context canceled
W210322 23:28:50.417886 195 jobs/registry.go:1224  job 643511285378056193: canceling due to liveness failure
E210322 23:28:50.417918 533 jobs/registry.go:955  [n1] job 643510223130984449: adoption completed with error job 643510223130984449: node liveness error: restarting in background
W210322 23:28:50.419071 518 kv/txn.go:607  [n1] failure aborting transaction: node unavailable; try another peer; abort caused by: context canceled
I210322 23:28:50.419711 135 kv/kvserver/queue.go:578  [n1,s1] rate limited in MaybeAdd (split): node unavailable; try another peer
E210322 23:28:50.420047 502 jobs/registry.go:959  [n1] job 643510696069103617: failed querying status: context canceled
E210322 23:28:50.420417 541 jobs/registry.go:955  [n1] job 643511285378056193: adoption completed with error job 643511285378056193: node liveness error: restarting in background
W210322 23:28:50.420783 533 kv/txn.go:607  [n1] failure aborting transaction: node unavailable; try another peer; abort caused by: context canceled
E210322 23:28:50.421225 518 jobs/registry.go:959  [n1] job 643510494621204481: failed querying status: context canceled
I210322 23:28:50.421577 135 kv/kvserver/queue.go:578  [n1,s1] rate limited in MaybeAdd (replicate): node unavailable; try another peer
W210322 23:28:50.422517 541 kv/txn.go:607  [n1] failure aborting transaction: node unavailable; try another peer; abort caused by: context canceled
E210322 23:28:50.422847 533 jobs/registry.go:959  [n1] job 643510223130984449: failed querying status: context canceled
I210322 23:28:50.423628 135 kv/kvserver/queue.go:578  [n1,s1] rate limited in MaybeAdd (replicaGC): node unavailable; try another peer
I210322 23:28:50.424803 135 kv/kvserver/queue.go:578  [n1,s1] rate limited in MaybeAdd (raftlog): node unavailable; try another peer
I210322 23:28:50.425145 135 kv/kvserver/queue.go:578  [n1,s1] rate limited in MaybeAdd (raftsnapshot): node unavailable; try another peer
E210322 23:28:50.424105 541 jobs/registry.go:959  [n1] job 643511285378056193: failed querying status: context canceled
I210322 23:28:50.425440 135 kv/kvserver/queue.go:578  [n1,s1] rate limited in MaybeAdd (consistencyChecker): node unavailable; try another peer
I210322 23:28:50.426265 135 kv/kvserver/queue.go:578  [n1,s1] rate limited in MaybeAdd (timeSeriesMaintenance): node unavailable; try another peer
I210322 23:28:50.426683 16049 storage/rocksdb.go:746  closing rocksdb instance at "/cockroach/cockroach-data/cockroach-temp021228234"
I210322 23:28:50.435823 16049 storage/rocksdb.go:746  closing rocksdb instance at "/cockroach/cockroach-data"
I210322 23:28:50.444266 1 cli/start.go:1048  server drained and shutdown completed
