I210322 23:03:37.213167 1 util/log/sync_buffer.go:70  [config] file created at: 2021/03/22 23:03:37
I210322 23:03:37.213167 1 util/log/sync_buffer.go:70  [config] running on machine: 6c8f11fd866f
I210322 23:03:37.213167 1 util/log/sync_buffer.go:70  [config] binary: CockroachDB CCL v20.1.1 (x86_64-unknown-linux-gnu, built 2020/05/19 14:46:06, go1.13.9)
I210322 23:03:37.213167 1 util/log/sync_buffer.go:70  [config] arguments: [/cockroach/cockroach start --insecure]
I210322 23:03:37.213167 1 util/log/sync_buffer.go:70  line format: [IWEF]yymmdd hh:mm:ss.uuuuuu goid file:line msg utf8=✓
I210322 23:03:37.213166 1 cli/start.go:1223  logging to directory /cockroach/cockroach-data/logs
W210322 23:03:37.218618 1 cli/start.go:1272  RUNNING IN INSECURE MODE!

- Your cluster is open for any client that can access <all your IP addresses>.
- Any user, even root, can log in without providing a password.
- Any user, connecting as root, can read or write any data in your cluster.
- There is no network encryption nor authentication, and thus no confidentiality.

Check out how to secure your cluster: https://www.cockroachlabs.com/docs/v20.1/secure-a-cluster.html
I210322 23:03:37.218851 1 server/status/recorder.go:597  available memory from cgroups (8.0 EiB) is unsupported, using system memory 1.9 GiB instead: 
W210322 23:03:37.218861 1 cli/start.go:1144  Using the default setting for --cache (128 MiB).
  A significantly larger value is usually needed for good performance.
  If you have a dedicated server a reasonable setting is --cache=.25 (497 MiB).
I210322 23:03:37.219041 1 server/status/recorder.go:597  available memory from cgroups (8.0 EiB) is unsupported, using system memory 1.9 GiB instead: 
I210322 23:03:37.219049 1 cli/start.go:1286  CockroachDB CCL v20.1.1 (x86_64-unknown-linux-gnu, built 2020/05/19 14:46:06, go1.13.9)
W210322 23:03:37.226801 1 cli/start.go:548  running 'cockroach start' without --join is deprecated.
Consider using 'cockroach start-single-node' or 'cockroach init' instead.
I210322 23:03:37.241662 1 server/status/recorder.go:597  available memory from cgroups (8.0 EiB) is unsupported, using system memory 1.9 GiB instead: 
I210322 23:03:37.241691 1 server/config.go:404  system total memory: 1.9 GiB
I210322 23:03:37.241726 1 server/config.go:406  server configuration:
max offset             500000000
cache size             128 MiB
SQL memory pool size   497 MiB
scan interval          10m0s
scan min idle time     10ms
scan max idle time     1s
event log enabled      true
I210322 23:03:37.241739 1 cli/start.go:1122  using local environment variables: COCKROACH_CHANNEL=official-docker
I210322 23:03:37.241747 1 cli/start.go:1129  process identity: uid 0 euid 0 gid 0 egid 0
I210322 23:03:37.241804 1 cli/start.go:697  starting cockroach node
I210322 23:03:37.248801 35 storage/rocksdb.go:606  opening rocksdb instance at "/cockroach/cockroach-data/cockroach-temp248538186"
I210322 23:03:37.296260 35 server/server.go:1065  [n?] monitoring forward clock jumps based on server.clock.forward_jump_check_enabled
I210322 23:03:37.299216 35 storage/rocksdb.go:606  opening rocksdb instance at "/cockroach/cockroach-data"
I210322 23:03:37.381603 35 server/config.go:578  [n?] 1 storage engine initialized
I210322 23:03:37.381611 35 server/config.go:581  [n?] RocksDB cache size: 128 MiB
I210322 23:03:37.381614 35 server/config.go:581  [n?] store 0: RocksDB, max size 0 B, max open file limit 1043576
W210322 23:03:37.417100 35 cli/start.go:1068  neither --listen-addr nor --advertise-addr was specified.
The server will advertise "6c8f11fd866f" to other nodes, is this routable?

Consider using:
- for local-only servers:  --listen-addr=localhost
- for multi-node clusters: --advertise-addr=<host/IP addr>
I210322 23:03:37.422406 35 server/server.go:1111  [n?] Sleeping till wall time 1616454217422381256 to catches up to 1616454217796239801 to ensure monotonicity. Delta: 373.858545ms
I210322 23:03:37.797550 35 gossip/gossip.go:395  [n1] NodeDescriptor set to node_id:1 address:<network_field:"tcp" address_field:"6c8f11fd866f:26257" > attrs:<> locality:<> ServerVersion:<major_val:20 minor_val:1 patch:0 unstable:0 > build_tag:"v20.1.1" started_at:1616454217797388850 cluster_name:"" sql_address:<network_field:"tcp" address_field:"6c8f11fd866f:26257" > 
W210322 23:03:37.821234 104 kv/kvserver/replica_range_lease.go:554  can't determine lease status due to node liveness error: node not in the liveness table
github.com/cockroachdb/cockroach/pkg/kv/kvserver.init
	/go/src/github.com/cockroachdb/cockroach/pkg/kv/kvserver/node_liveness.go:44
runtime.doInit
	/usr/local/go/src/runtime/proc.go:5222
runtime.doInit
	/usr/local/go/src/runtime/proc.go:5217
runtime.doInit
	/usr/local/go/src/runtime/proc.go:5217
runtime.doInit
	/usr/local/go/src/runtime/proc.go:5217
runtime.main
	/usr/local/go/src/runtime/proc.go:190
runtime.goexit
	/usr/local/go/src/runtime/asm_amd64.s:1357
W210322 23:03:37.821257 104 kv/kvserver/store.go:1627  [n1,s1,r6/1:/Table/{SystemCon…-11}] could not gossip system config: [NotLeaseHolderError] r6: replica (n1,s1):1 not lease holder; lease holder unknown
I210322 23:03:37.837412 35 server/node.go:428  [n1] initialized store [n1,s1]: disk (capacity=38 TiB, available=4.7 TiB, used=1.2 MiB, logicalBytes=18 MiB), ranges=36, leases=2, queries=0.00, writes=0.00, bytesPerReplica={p10=0.00 p25=0.00 p50=111.00 p75=4056.00 p90=14673.00 pMax=18232279.00}, writesPerReplica={p10=0.00 p25=0.00 p50=0.00 p75=0.00 p90=0.00 pMax=0.00}
I210322 23:03:37.837511 35 kv/kvserver/stores.go:247  [n1] read 0 node addresses from persistent storage
I210322 23:03:37.837584 35 server/node.go:649  [n1] connecting to gossip network to verify cluster ID...
I210322 23:03:37.837596 35 server/node.go:669  [n1] node connected via gossip and verified as part of cluster "f76578ca-4b1c-409d-839e-f9815b7450ce"
I210322 23:03:37.837665 35 server/node.go:512  [n1] node=1: started with [<no-attributes>=/cockroach/cockroach-data] engine(s) and attributes []
I210322 23:03:37.838056 132 sql/temporary_schema.go:459  [n1] running temporary object cleanup background job
I210322 23:03:37.840462 35 server/server.go:1636  [n1] starting http server at [::]:8080 (use: 6c8f11fd866f:8080)
I210322 23:03:37.840471 35 server/server.go:1643  [n1] starting grpc/postgres server at [::]:26257
I210322 23:03:37.840478 35 server/server.go:1644  [n1] advertising CockroachDB node at 6c8f11fd866f:26257
I210322 23:03:37.841126 132 sql/temporary_schema.go:494  [n1] found 0 temporary schemas
I210322 23:03:37.841133 132 sql/temporary_schema.go:497  [n1] early exiting temporary schema cleaner as no temporary schemas were found
I210322 23:03:37.841139 132 sql/temporary_schema.go:498  [n1] completed temporary object cleanup job
I210322 23:03:37.841149 132 sql/temporary_schema.go:575  [n1] temporary object cleaner next scheduled to run at 2021-03-22 23:33:37.837933258 +0000 UTC
I210322 23:03:37.855179 35 server/server.go:1777  [n1] done ensuring all necessary migrations have run
I210322 23:03:37.855190 35 server/server.go:2019  [n1] serving sql connections
I210322 23:03:37.855280 35 cli/start.go:857  [config] clusterID: f76578ca-4b1c-409d-839e-f9815b7450ce
I210322 23:03:37.855295 35 cli/start.go:866  node startup completed:
CockroachDB node starting at 2021-03-22 23:03:37.855241801 +0000 UTC (took 0.6s)
build:               CCL v20.1.1 @ 2020/05/19 14:46:06 (go1.13.9)
webui:               http://6c8f11fd866f:8080
sql:                 postgresql://root@6c8f11fd866f:26257?sslmode=disable
RPC client flags:    /cockroach/cockroach <client cmd> --host=6c8f11fd866f:26257 --insecure
logs:                /cockroach/cockroach-data/logs
temp dir:            /cockroach/cockroach-data/cockroach-temp248538186
external I/O path:   /cockroach/cockroach-data/extern
store[0]:            path=/cockroach/cockroach-data
storage engine:      rocksdb
status:              restarted pre-existing node
clusterID:           f76578ca-4b1c-409d-839e-f9815b7450ce
nodeID:              1
I210322 23:03:37.856460 267 sqlmigrations/migrations.go:668  [n1] starting wait for upgrade finalization before schema change job migration
I210322 23:03:37.856608 267 sqlmigrations/migrations.go:694  [n1] schema change job migration already complete
I210322 23:03:37.870560 265 server/server_update.go:55  [n1] no need to upgrade, cluster already at the newest version
I210322 23:03:37.874152 268 sql/event_log.go:132  [n1] Event: "node_restart", target: 1, info: {Descriptor:{NodeID:1 Address:6c8f11fd866f:26257 Attrs: Locality: ServerVersion:20.1 BuildTag:v20.1.1 StartedAt:1616454217797388850 LocalityAddress:[] ClusterName: SQLAddress:6c8f11fd866f:26257} ClusterID:f76578ca-4b1c-409d-839e-f9815b7450ce StartedAt:1616454217797388850 LastUp:1616454214822520736}
I210322 23:03:37.890666 255 sql/sqlbase/structured.go:1554  [n1,client=172.18.0.3:52566,hostnossl,user=root] publish: descID=56 (flyway_schema_history) version=5 mtime=1970-01-01 00:00:00 +0000 UTC
I210322 23:03:37.908102 255 sql/event_log.go:132  [n1,client=172.18.0.3:52566,hostnossl,user=root] Event: "drop_database", target: 55, info: {DatabaseName:cardsagainsthumanity Statement:DROP DATABASE IF EXISTS cardsagainsthumanity User:root DroppedSchemaObjects:[cardsagainsthumanity.public.flyway_schema_history]}
I210322 23:03:37.908136 255 jobs/registry.go:285  [n1,client=172.18.0.3:52566,hostnossl,user=root] scheduled jobs [643510494422106113]
I210322 23:03:37.911645 433 kv/kvserver/replica_command.go:663  [n1,merge,s1,r43/1:/Table/56{-/2}] initiating a merge of r44:/{Table/56/2-Max} [(n1,s1):1, next=2, gen=5] into this range (lhs+rhs has (size=574 B+111 B=685 B qps=0.00+0.00=0.00qps) below threshold (size=128 MiB, qps=1250.00))
I210322 23:03:37.922037 84 kv/kvserver/store_remove_replica.go:122  [n1,s1,r43/1:/Table/56{-/2}] removing replica r44/1
I210322 23:03:37.925857 264 jobs/registry.go:1187  job 643510494422106113: resuming execution
I210322 23:03:37.927744 464 jobs/registry.go:806  [n1] job 643510494422106113: stepping through state running with error <nil>
I210322 23:03:37.928010 464 sql/schema_changer.go:418  [n1,job=643510494422106113,scExec] schema change on flyway_schema_history (56 v5) mutation 0 starting execution...
I210322 23:03:37.929243 264 jobs/registry.go:1187  job 643510223130984449: resuming execution
I210322 23:03:37.930154 464 sql/sqlbase/structured.go:1554  [n1,job=643510494422106113,scExec] publish: descID=56 (flyway_schema_history) version=6 mtime=1970-01-01 00:00:00 +0000 UTC
I210322 23:03:37.930670 474 jobs/registry.go:806  [n1] job 643510223130984449: stepping through state running with error <nil>
I210322 23:03:37.933843 464 sql/schema_changer.go:706  [n1,job=643510494422106113,scExec] waiting for a single version of table 56...
I210322 23:03:37.938588 464 sql/schema_changer.go:708  [n1,job=643510494422106113,scExec] waiting for a single version of table 56... done (at v 6)
I210322 23:03:37.948480 464 jobs/registry.go:806  [n1] job 643510494422106113: stepping through state succeeded with error <nil>
I210322 23:03:37.951430 575 jobs/registry.go:806  [n1] job 643510494621204481: stepping through state running with error <nil>
I210322 23:03:37.952825 464 jobs/registry.go:961  [n1] job 643510494422106113: status succeeded after adoption finished
I210322 23:03:37.963347 255 sql/event_log.go:132  [n1,client=172.18.0.3:52566,hostnossl,user=root] Event: "create_database", target: 57, info: {DatabaseName:cardsagainsthumanity Statement:CREATE DATABASE IF NOT EXISTS cardsagainsthumanity User:root}
I210322 23:03:39.046999 76 gossip/gossip.go:1527  [n1] node has connected to cluster via gossip
I210322 23:03:39.047169 76 kv/kvserver/stores.go:266  [n1] wrote 0 node addresses to persistent storage
I210322 23:03:39.365849 270 server/updates.go:268  [n1] A new version is available: 20.2.6, details: https://www.cockroachlabs.com/docs/releases/v20.2.6.html
I210322 23:03:47.844335 134 server/status/runtime.go:498  [n1] runtime stats: 119 MiB RSS, 141 goroutines, 55 MiB/66 MiB/77 MiB GO alloc/idle/total, 14 MiB/19 MiB CGO alloc/total, 0.0 CGO/sec, 0.0/0.0 %(u/s)time, 0.0 %gc (7x), 25 KiB/20 KiB (r/w)net
I210322 23:03:50.344819 984 sql/event_log.go:132  [n1,client=172.18.0.1:64744,hostnossl,user=dev] Event: "create_table", target: 58, info: {TableName:cardsagainsthumanity.public.flyway_schema_history Statement:CREATE TABLE IF NOT EXISTS cardsagainsthumanity.public.flyway_schema_history (installed_rank INT8 NOT NULL PRIMARY KEY, version VARCHAR(50), description VARCHAR(200) NOT NULL, type VARCHAR(20) NOT NULL, script VARCHAR(1000) NOT NULL, checksum INT8, installed_by VARCHAR(100) NOT NULL, installed_on TIMESTAMP NOT NULL DEFAULT now(), execution_time INT8 NOT NULL, success BOOL NOT NULL) User:dev}
I210322 23:03:50.346601 1086 kv/kvserver/replica_command.go:397  [n1,split,s1,r43/1:/{Table/56-Max}] initiating a split of this range at key /Table/58 [r53] (zone config)
I210322 23:03:50.367332 984 sql/table.go:991  [n1,client=172.18.0.1:64744,hostnossl,user=dev] queued new schema change job 643510535343341569 for table 58, mutation 1
I210322 23:03:50.367344 984 sql/sqlbase/structured.go:1554  [n1,client=172.18.0.1:64744,hostnossl,user=dev] publish: descID=58 (flyway_schema_history) version=2 mtime=1970-01-01 00:00:00 +0000 UTC
I210322 23:03:50.384088 984 sql/event_log.go:132  [n1,client=172.18.0.1:64744,hostnossl,user=dev] Event: "create_index", target: 58, info: {TableName:cardsagainsthumanity.public.flyway_schema_history IndexName:flyway_schema_history_s_idx Statement:CREATE INDEX IF NOT EXISTS flyway_schema_history_s_idx ON cardsagainsthumanity.public.flyway_schema_history (success) User:dev MutationID:1}
I210322 23:03:50.384216 984 jobs/registry.go:285  [n1,client=172.18.0.1:64744,hostnossl,user=dev] scheduled jobs [643510535343341569]
I210322 23:03:50.400110 264 jobs/registry.go:1187  job 643510535343341569: resuming execution
I210322 23:03:50.402114 1226 jobs/registry.go:806  [n1] job 643510535343341569: stepping through state running with error <nil>
I210322 23:03:50.402312 1226 sql/schema_changer.go:418  [n1,job=643510535343341569,scExec] schema change on flyway_schema_history (58 v2) mutation 1 starting execution...
I210322 23:03:50.407212 1226 sql/sqlbase/structured.go:1554  [n1,job=643510535343341569,scExec] publish: descID=58 (flyway_schema_history) version=3 mtime=1970-01-01 00:00:00 +0000 UTC
I210322 23:03:50.411756 1226 sql/schema_changer.go:706  [n1,job=643510535343341569,scExec] waiting for a single version of table 58...
I210322 23:03:50.413389 1226 sql/schema_changer.go:708  [n1,job=643510535343341569,scExec] waiting for a single version of table 58... done (at v 3)
I210322 23:03:50.425262 1226 sql/backfill.go:171  [n1,job=643510535343341569,scExec] Running backfill for "flyway_schema_history", v=3, m=1
I210322 23:03:50.425794 1226 kv/kvserver/replica_command.go:397  [n1,s1,r53/1:/{Table/58-Max}] initiating a split of this range at key /Table/58/2 [r54] (manual)
I210322 23:03:50.453631 1345 sql/backfill.go:1243  [n1,job=643510535343341569,scExec] validation: table flyway_schema_history row count = 0, took 4.986071ms
I210322 23:03:50.453792 1344 sql/backfill.go:1199  [n1,job=643510535343341569,scExec] validation: index flyway_schema_history/flyway_schema_history_s_idx row count = 0, time so far 4.73796ms
I210322 23:03:50.453856 1226 sql/backfill.go:287  [n1,job=643510535343341569,scExec] Completed backfill for "flyway_schema_history", v=3, m=1
I210322 23:03:50.455202 1226 sql/sqlbase/structured.go:1554  [n1,job=643510535343341569,scExec] publish: descID=58 (flyway_schema_history) version=4 mtime=1970-01-01 00:00:00 +0000 UTC
I210322 23:03:50.458465 1226 sql/event_log.go:132  [n1,job=643510535343341569,scExec] Event: "finish_schema_change", target: 58, info: {MutationID:1}
I210322 23:03:50.458474 1226 sql/schema_changer.go:706  [n1,job=643510535343341569,scExec] waiting for a single version of table 58...
I210322 23:03:50.461375 1374 sql/lease.go:943  new lease: 58("flyway_schema_history") ver=4:1616454527.980256325,0, refcount=0
I210322 23:03:50.465255 1226 sql/schema_changer.go:708  [n1,job=643510535343341569,scExec] waiting for a single version of table 58... done (at v 4)
I210322 23:03:50.465262 1226 jobs/registry.go:806  [n1] job 643510535343341569: stepping through state succeeded with error <nil>
I210322 23:03:50.469481 1226 jobs/registry.go:961  [n1] job 643510535343341569: status succeeded after adoption finished
I210322 23:03:52.922420 111 kv/kvserver/compactor/compactor.go:325  [n1,s1,compactor] purging suggested compaction for range /Table/56/2 - /Max that contains live data
I210322 23:03:57.842356 134 server/status/runtime.go:498  [n1] runtime stats: 138 MiB RSS, 148 goroutines, 47 MiB/66 MiB/93 MiB GO alloc/idle/total, 14 MiB/20 MiB CGO alloc/total, 421.4 CGO/sec, 2.5/1.3 %(u/s)time, 0.0 %gc (1x), 26 KiB/27 KiB (r/w)net
I210322 23:03:57.846480 112 kv/kvserver/store.go:2470  [n1,s1] sstables (read amplification = 1):
6 [ 609K 1 ]: 609K
I210322 23:03:57.846585 112 kv/kvserver/store.go:2471  [n1,s1] 
** Compaction Stats [default] **
Level    Files   Size     Score Read(GB)  Rn(GB) Rnp1(GB) Write(GB) Wnew(GB) Moved(GB) W-Amp Rd(MB/s) Wr(MB/s) Comp(sec) CompMergeCPU(sec) Comp(cnt) Avg(sec) KeyIn KeyDrop
----------------------------------------------------------------------------------------------------------------------------------------------------------------------------
  L0      0/0    0.00 KB   0.0      0.0     0.0      0.0       0.0      0.0       0.0   1.0      0.0      4.1      0.02              0.00         1    0.021       0      0
  L6      1/0   609.30 KB   0.0      0.0     0.0      0.0       0.0      0.0       0.0   3.2     22.2     17.9      0.03              0.02         1    0.033    7503   1666
 Sum      1/0   609.30 KB   0.0      0.0     0.0      0.0       0.0      0.0       0.0   7.9     13.6     12.5      0.05              0.02         2    0.027    7503   1666
 Int      0/0    0.00 KB   0.0      0.0     0.0      0.0       0.0      0.0       0.0   7.9     13.6     12.5      0.05              0.02         2    0.027    7503   1666

** Compaction Stats [default] **
Priority    Files   Size     Score Read(GB)  Rn(GB) Rnp1(GB) Write(GB) Wnew(GB) Moved(GB) W-Amp Rd(MB/s) Wr(MB/s) Comp(sec) CompMergeCPU(sec) Comp(cnt) Avg(sec) KeyIn KeyDrop
-------------------------------------------------------------------------------------------------------------------------------------------------------------------------------
 Low      0/0    0.00 KB   0.0      0.0     0.0      0.0       0.0      0.0       0.0   0.0     22.2     17.9      0.03              0.02         1    0.033    7503   1666
User      0/0    0.00 KB   0.0      0.0     0.0      0.0       0.0      0.0       0.0   0.0      0.0      4.1      0.02              0.00         1    0.021       0      0
Uptime(secs): 20.5 total, 20.5 interval
Flush(GB): cumulative 0.000, interval 0.000
AddFile(GB): cumulative 0.000, interval 0.000
AddFile(Total Files): cumulative 0, interval 0
AddFile(L0 Files): cumulative 0, interval 0
AddFile(Keys): cumulative 0, interval 0
Cumulative compaction: 0.00 GB write, 0.03 MB/s write, 0.00 GB read, 0.04 MB/s read, 0.1 seconds
Interval compaction: 0.00 GB write, 0.03 MB/s write, 0.00 GB read, 0.04 MB/s read, 0.1 seconds
Stalls(count): 0 level0_slowdown, 0 level0_slowdown_with_compaction, 0 level0_numfiles, 0 level0_numfiles_with_compaction, 0 stop for pending_compaction_bytes, 0 slowdown for pending_compaction_bytes, 0 memtable_compaction, 0 memtable_slowdown, interval 0 total count
estimated_pending_compaction_bytes: 0 B
I210322 23:04:07.842358 134 server/status/runtime.go:498  [n1] runtime stats: 138 MiB RSS, 141 goroutines, 54 MiB/60 MiB/93 MiB GO alloc/idle/total, 14 MiB/20 MiB CGO alloc/total, 49.6 CGO/sec, 0.6/0.2 %(u/s)time, 0.0 %gc (0x), 1.2 KiB/1.1 KiB (r/w)net
I210322 23:04:17.842589 134 server/status/runtime.go:498  [n1] runtime stats: 139 MiB RSS, 142 goroutines, 61 MiB/55 MiB/93 MiB GO alloc/idle/total, 14 MiB/20 MiB CGO alloc/total, 35.9 CGO/sec, 0.6/0.2 %(u/s)time, 0.0 %gc (0x), 1.4 KiB/1.4 KiB (r/w)net
I210322 23:04:27.842447 134 server/status/runtime.go:498  [n1] runtime stats: 140 MiB RSS, 142 goroutines, 70 MiB/47 MiB/94 MiB GO alloc/idle/total, 14 MiB/20 MiB CGO alloc/total, 37.0 CGO/sec, 0.6/0.4 %(u/s)time, 0.0 %gc (0x), 1.5 KiB/1.5 KiB (r/w)net
I210322 23:04:34.906140 1 cli/start.go:919  received signal 'terminated'
I210322 23:04:34.907703 1 cli/start.go:1006  initiating graceful shutdown of server
I210322 23:04:36.096039 2079 server/drain.go:173  [server drain process] drain remaining: 3
I210322 23:04:36.096381 2079 server/drain.go:175  [server drain process] drain details: SQL clients: 1, table leases: 1, liveness record: 1
I210322 23:04:36.301016 2079 server/drain.go:173  [server drain process] drain remaining: 0
I210322 23:04:36.301603 2079 util/stop/stopper.go:539  [server drain process] quiescing
W210322 23:04:36.319974 103 kv/kvserver/store.go:1627  [n1,s1,r1/1:/{Min-System/NodeL…}] could not gossip first range descriptor: node unavailable; try another peer
W210322 23:04:36.376684 103 kv/kvserver/store.go:1627  [n1,s1,r1/1:/{Min-System/NodeL…}] could not gossip first range descriptor: node unavailable; try another peer
W210322 23:04:36.491187 103 kv/kvserver/store.go:1627  [n1,s1,r1/1:/{Min-System/NodeL…}] could not gossip first range descriptor: node unavailable; try another peer
W210322 23:04:36.697300 103 kv/kvserver/store.go:1627  [n1,s1,r1/1:/{Min-System/NodeL…}] could not gossip first range descriptor: node unavailable; try another peer
I210322 23:04:36.891321 130 kv/kvserver/queue.go:578  [n1,s1] rate limited in MaybeAdd (gc): node unavailable; try another peer
I210322 23:04:36.892326 130 kv/kvserver/queue.go:578  [n1,s1] rate limited in MaybeAdd (merge): node unavailable; try another peer
I210322 23:04:36.892960 130 kv/kvserver/queue.go:578  [n1,s1] rate limited in MaybeAdd (split): node unavailable; try another peer
I210322 23:04:36.893387 130 kv/kvserver/queue.go:578  [n1,s1] rate limited in MaybeAdd (replicate): node unavailable; try another peer
I210322 23:04:36.893901 130 kv/kvserver/queue.go:578  [n1,s1] rate limited in MaybeAdd (replicaGC): node unavailable; try another peer
I210322 23:04:36.894356 130 kv/kvserver/queue.go:578  [n1,s1] rate limited in MaybeAdd (raftlog): node unavailable; try another peer
I210322 23:04:36.894691 130 kv/kvserver/queue.go:578  [n1,s1] rate limited in MaybeAdd (raftsnapshot): node unavailable; try another peer
I210322 23:04:36.894957 130 kv/kvserver/queue.go:578  [n1,s1] rate limited in MaybeAdd (consistencyChecker): node unavailable; try another peer
I210322 23:04:36.895294 130 kv/kvserver/queue.go:578  [n1,s1] rate limited in MaybeAdd (timeSeriesMaintenance): node unavailable; try another peer
W210322 23:04:36.951772 262 jobs/registry.go:1224  job 643510223130984449: canceling due to liveness failure
W210322 23:04:36.952815 262 jobs/registry.go:1224  job 643510494621204481: canceling due to liveness failure
E210322 23:04:36.952958 474 jobs/registry.go:955  [n1] job 643510223130984449: adoption completed with error job 643510223130984449: node liveness error: restarting in background
W210322 23:04:36.954538 474 kv/txn.go:607  [n1] failure aborting transaction: node unavailable; try another peer; abort caused by: context canceled
E210322 23:04:36.954989 474 jobs/registry.go:959  [n1] job 643510223130984449: failed querying status: context canceled
E210322 23:04:36.953916 575 jobs/registry.go:955  [n1] job 643510494621204481: adoption completed with error job 643510494621204481: node liveness error: restarting in background
W210322 23:04:36.955978 575 kv/txn.go:607  [n1] failure aborting transaction: node unavailable; try another peer; abort caused by: context canceled
E210322 23:04:36.956459 575 jobs/registry.go:959  [n1] job 643510494621204481: failed querying status: context canceled
I210322 23:04:36.956985 2079 storage/rocksdb.go:746  closing rocksdb instance at "/cockroach/cockroach-data/cockroach-temp248538186"
I210322 23:04:36.963966 2079 storage/rocksdb.go:746  closing rocksdb instance at "/cockroach/cockroach-data"
I210322 23:04:36.968866 1 cli/start.go:1048  server drained and shutdown completed
