I210322 23:28:52.574690 26 util/log/sync_buffer.go:70  [config] file created at: 2021/03/22 23:28:52
I210322 23:28:52.574690 26 util/log/sync_buffer.go:70  [config] running on machine: 6c8f11fd866f
I210322 23:28:52.574690 26 util/log/sync_buffer.go:70  [config] binary: CockroachDB CCL v20.1.1 (x86_64-unknown-linux-gnu, built 2020/05/19 14:46:06, go1.13.9)
I210322 23:28:52.574690 26 util/log/sync_buffer.go:70  [config] arguments: [/cockroach/cockroach start --insecure]
I210322 23:28:52.574690 26 util/log/sync_buffer.go:70  line format: [IWEF]yymmdd hh:mm:ss.uuuuuu goid file:line msg utf8=✓
I210322 23:28:52.574690 26 storage/rocksdb.go:102  RocksDB version: 6.2.1
I210322 23:28:52.583505 26 storage/rocksdb.go:102  Git sha rocksdb_build_git_sha:@e494e15a0b08c13fafd5710f279f348d47d476de@
I210322 23:28:52.583511 26 storage/rocksdb.go:102  Compile date May 19 2020
I210322 23:28:52.583515 26 storage/rocksdb.go:102  DB SUMMARY
I210322 23:28:52.584478 26 storage/rocksdb.go:102  SST files in /cockroach/cockroach-data/cockroach-temp610928593 dir, Total Num: 0, files: 
I210322 23:28:52.584490 26 storage/rocksdb.go:102  Write Ahead Log file in /cockroach/cockroach-data/cockroach-temp610928593: 
I210322 23:28:52.584496 26 storage/rocksdb.go:102                          Options.error_if_exists: 0
I210322 23:28:52.584500 26 storage/rocksdb.go:102                        Options.create_if_missing: 1
I210322 23:28:52.584502 26 storage/rocksdb.go:102                          Options.paranoid_checks: 1
I210322 23:28:52.584506 26 storage/rocksdb.go:102                                      Options.env: 0x756bca0
I210322 23:28:52.584508 26 storage/rocksdb.go:102                                 Options.info_log: 0x7fdd0a4270e0
I210322 23:28:52.584511 26 storage/rocksdb.go:102                 Options.max_file_opening_threads: 16
I210322 23:28:52.584513 26 storage/rocksdb.go:102                               Options.statistics: 0x7fdd0a434010
I210322 23:28:52.584517 26 storage/rocksdb.go:102                                Options.use_fsync: 0
I210322 23:28:52.584519 26 storage/rocksdb.go:102                        Options.max_log_file_size: 0
I210322 23:28:52.584523 26 storage/rocksdb.go:102                   Options.max_manifest_file_size: 134217728
I210322 23:28:52.584526 26 storage/rocksdb.go:102                    Options.log_file_time_to_roll: 0
I210322 23:28:52.584529 26 storage/rocksdb.go:102                        Options.keep_log_file_num: 1000
I210322 23:28:52.584531 26 storage/rocksdb.go:102                     Options.recycle_log_file_num: 1
I210322 23:28:52.584534 26 storage/rocksdb.go:102                          Options.allow_fallocate: 1
I210322 23:28:52.584536 26 storage/rocksdb.go:102                         Options.allow_mmap_reads: 0
I210322 23:28:52.584539 26 storage/rocksdb.go:102                        Options.allow_mmap_writes: 0
I210322 23:28:52.584541 26 storage/rocksdb.go:102                         Options.use_direct_reads: 0
I210322 23:28:52.584544 26 storage/rocksdb.go:102                         Options.use_direct_io_for_flush_and_compaction: 0
I210322 23:28:52.584546 26 storage/rocksdb.go:102           Options.create_missing_column_families: 0
I210322 23:28:52.584549 26 storage/rocksdb.go:102                               Options.db_log_dir: 
I210322 23:28:52.584552 26 storage/rocksdb.go:102                                  Options.wal_dir: /cockroach/cockroach-data/cockroach-temp610928593
I210322 23:28:52.584555 26 storage/rocksdb.go:102                 Options.table_cache_numshardbits: 6
I210322 23:28:52.584559 26 storage/rocksdb.go:102                       Options.max_subcompactions: 1
I210322 23:28:52.584561 26 storage/rocksdb.go:102                   Options.max_background_flushes: -1
I210322 23:28:52.584564 26 storage/rocksdb.go:102                          Options.WAL_ttl_seconds: 0
I210322 23:28:52.584567 26 storage/rocksdb.go:102                        Options.WAL_size_limit_MB: 0
I210322 23:28:52.584570 26 storage/rocksdb.go:102              Options.manifest_preallocation_size: 4194304
I210322 23:28:52.584572 26 storage/rocksdb.go:102                      Options.is_fd_close_on_exec: 1
I210322 23:28:52.584575 26 storage/rocksdb.go:102                    Options.advise_random_on_open: 1
I210322 23:28:52.584577 26 storage/rocksdb.go:102                     Options.db_write_buffer_size: 0
I210322 23:28:52.584580 26 storage/rocksdb.go:102                     Options.write_buffer_manager: 0x7fdd0a419060
I210322 23:28:52.584600 26 storage/rocksdb.go:102          Options.access_hint_on_compaction_start: 1
I210322 23:28:52.584603 26 storage/rocksdb.go:102   Options.new_table_reader_for_compaction_inputs: 0
I210322 23:28:52.584610 26 storage/rocksdb.go:102            Options.random_access_max_buffer_size: 1048576
I210322 23:28:52.584613 26 storage/rocksdb.go:102                       Options.use_adaptive_mutex: 0
I210322 23:28:52.584616 26 storage/rocksdb.go:102                             Options.rate_limiter: (nil)
I210322 23:28:52.584620 26 storage/rocksdb.go:102      Options.sst_file_manager.rate_bytes_per_sec: 0
I210322 23:28:52.584622 26 storage/rocksdb.go:102                        Options.wal_recovery_mode: 0
I210322 23:28:52.584625 26 storage/rocksdb.go:102                   Options.enable_thread_tracking: 0
I210322 23:28:52.584628 26 storage/rocksdb.go:102                   Options.enable_pipelined_write: 0
I210322 23:28:52.584630 26 storage/rocksdb.go:102          Options.allow_concurrent_memtable_write: 1
I210322 23:28:52.584633 26 storage/rocksdb.go:102       Options.enable_write_thread_adaptive_yield: 1
I210322 23:28:52.584636 26 storage/rocksdb.go:102              Options.write_thread_max_yield_usec: 100
I210322 23:28:52.584639 26 storage/rocksdb.go:102             Options.write_thread_slow_yield_usec: 3
I210322 23:28:52.584641 26 storage/rocksdb.go:102                                Options.row_cache: None
I210322 23:28:52.584644 26 storage/rocksdb.go:102                               Options.wal_filter: None
I210322 23:28:52.584647 26 storage/rocksdb.go:102              Options.avoid_flush_during_recovery: 0
I210322 23:28:52.584651 26 storage/rocksdb.go:102              Options.allow_ingest_behind: 0
I210322 23:28:52.584654 26 storage/rocksdb.go:102              Options.preserve_deletes: 0
I210322 23:28:52.584657 26 storage/rocksdb.go:102              Options.two_write_queues: 0
I210322 23:28:52.584659 26 storage/rocksdb.go:102              Options.manual_wal_flush: 1
I210322 23:28:52.584662 26 storage/rocksdb.go:102              Options.atomic_flush: 0
I210322 23:28:52.584664 26 storage/rocksdb.go:102              Options.avoid_unnecessary_blocking_io: 0
I210322 23:28:52.584667 26 storage/rocksdb.go:102              Options.max_background_jobs: 2
I210322 23:28:52.584669 26 storage/rocksdb.go:102              Options.max_background_compactions: -1
I210322 23:28:52.584672 26 storage/rocksdb.go:102              Options.avoid_flush_during_shutdown: 0
I210322 23:28:52.584675 26 storage/rocksdb.go:102            Options.writable_file_max_buffer_size: 1048576
I210322 23:28:52.584677 26 storage/rocksdb.go:102              Options.delayed_write_rate : 16777216
I210322 23:28:52.584680 26 storage/rocksdb.go:102              Options.max_total_wal_size: 0
I210322 23:28:52.584682 26 storage/rocksdb.go:102              Options.delete_obsolete_files_period_micros: 21600000000
I210322 23:28:52.584685 26 storage/rocksdb.go:102                    Options.stats_dump_period_sec: 0
I210322 23:28:52.584688 26 storage/rocksdb.go:102                  Options.stats_persist_period_sec: 600
I210322 23:28:52.584691 26 storage/rocksdb.go:102                  Options.stats_history_buffer_size: 1048576
I210322 23:28:52.584693 26 storage/rocksdb.go:102                           Options.max_open_files: 128
I210322 23:28:52.584696 26 storage/rocksdb.go:102                           Options.bytes_per_sync: 524288
I210322 23:28:52.584698 26 storage/rocksdb.go:102                       Options.wal_bytes_per_sync: 0
I210322 23:28:52.584701 26 storage/rocksdb.go:102                    Options.strict_bytes_per_sync: 1
I210322 23:28:52.584703 26 storage/rocksdb.go:102        Options.compaction_readahead_size: 0
I210322 23:28:52.584706 26 storage/rocksdb.go:102  Compression algorithms supported:
I210322 23:28:52.584709 26 storage/rocksdb.go:102  	kZSTDNotFinalCompression supported: 0
I210322 23:28:52.584712 26 storage/rocksdb.go:102  	kZSTD supported: 0
I210322 23:28:52.584714 26 storage/rocksdb.go:102  	kXpressCompression supported: 0
I210322 23:28:52.584718 26 storage/rocksdb.go:102  	kLZ4HCCompression supported: 0
I210322 23:28:52.584721 26 storage/rocksdb.go:102  	kLZ4Compression supported: 0
I210322 23:28:52.584723 26 storage/rocksdb.go:102  	kBZip2Compression supported: 0
I210322 23:28:52.584727 26 storage/rocksdb.go:102  	kZlibCompression supported: 0
I210322 23:28:52.584730 26 storage/rocksdb.go:102  	kSnappyCompression supported: 1
I210322 23:28:52.584741 26 storage/rocksdb.go:102  Fast CRC32 supported: Supported on x86
I210322 23:28:52.587568 26 storage/rocksdb.go:102  [db/db_impl_open.cc:242] Creating manifest 1 
I210322 23:28:52.600624 26 storage/rocksdb.go:102  [db/version_set.cc:4072] Recovering from manifest file: /cockroach/cockroach-data/cockroach-temp610928593/MANIFEST-000001
I210322 23:28:52.601180 26 storage/rocksdb.go:102  [db/column_family.cc:488] --------------- Options for column family [default]:
I210322 23:28:52.601186 26 storage/rocksdb.go:102                Options.comparator: cockroach_comparator
I210322 23:28:52.601189 26 storage/rocksdb.go:102            Options.merge_operator: cockroach_merge_operator
I210322 23:28:52.601192 26 storage/rocksdb.go:102         Options.compaction_filter: None
I210322 23:28:52.601194 26 storage/rocksdb.go:102         Options.compaction_filter_factory: None
I210322 23:28:52.601216 26 storage/rocksdb.go:102          Options.memtable_factory: SkipListFactory
I210322 23:28:52.601221 26 storage/rocksdb.go:102             Options.table_factory: BlockBasedTable
I210322 23:28:52.601265 26 storage/rocksdb.go:102             table_factory options:   flush_block_policy_factory: FlushBlockBySizePolicyFactory (0x7fdd0a428030)
  cache_index_and_filter_blocks: 0
  cache_index_and_filter_blocks_with_high_priority: 0
  pin_l0_filter_and_index_blocks_in_cache: 0
  pin_top_level_index_and_filter: 1
  index_type: 0
  data_block_index_type: 0
  index_shortening: 1
  data_block_hash_table_util_ratio: 0.750000
  hash_index_allow_collision: 1
  checksum: 1
  no_block_cache: 0
  block_cache: 0x7fdd0a41c010
  block_cache_name: LRUCache
  block_cache_options:
    capacity : 1048576
    num_shard_bits : 4
    strict_capacity_limit : 0
    memory_allocator : None
    high_pri_pool_ratio: 0.000
  block_cache_compressed: (nil)
  persistent_cache: (nil)
  block_size: 32768
  block_size_deviation: 10
  block_restart_interval: 16
  index_block_restart_interval: 1
  metadata_block_size: 4096
  partition_filters: 0
  use_delta_encoding: 1
  filter_policy: rocksdb.BuiltinBloomFilter
  whole_key_filtering: 0
  verify_compression: 0
  read_amp_bytes_per_bit: 0
  format_version: 2
  enable_index_compression: 1
  block_align: 0
I210322 23:28:52.601270 26 storage/rocksdb.go:102         Options.write_buffer_size: 67108864
I210322 23:28:52.601273 26 storage/rocksdb.go:102   Options.max_write_buffer_number: 4
I210322 23:28:52.601276 26 storage/rocksdb.go:102           Options.compression: Snappy
I210322 23:28:52.601279 26 storage/rocksdb.go:102                   Options.bottommost_compression: Disabled
I210322 23:28:52.601281 26 storage/rocksdb.go:102        Options.prefix_extractor: cockroach_prefix_extractor
I210322 23:28:52.601284 26 storage/rocksdb.go:102    Options.memtable_insert_with_hint_prefix_extractor: nullptr
I210322 23:28:52.601287 26 storage/rocksdb.go:102              Options.num_levels: 7
I210322 23:28:52.601290 26 storage/rocksdb.go:102         Options.min_write_buffer_number_to_merge: 1
I210322 23:28:52.601292 26 storage/rocksdb.go:102      Options.max_write_buffer_number_to_maintain: 0
I210322 23:28:52.601295 26 storage/rocksdb.go:102             Options.bottommost_compression_opts.window_bits: -14
I210322 23:28:52.601298 26 storage/rocksdb.go:102                   Options.bottommost_compression_opts.level: 32767
I210322 23:28:52.601300 26 storage/rocksdb.go:102                Options.bottommost_compression_opts.strategy: 0
I210322 23:28:52.601303 26 storage/rocksdb.go:102          Options.bottommost_compression_opts.max_dict_bytes: 0
I210322 23:28:52.601306 26 storage/rocksdb.go:102          Options.bottommost_compression_opts.zstd_max_train_bytes: 0
I210322 23:28:52.601308 26 storage/rocksdb.go:102                   Options.bottommost_compression_opts.enabled: false
I210322 23:28:52.601311 26 storage/rocksdb.go:102             Options.compression_opts.window_bits: -14
I210322 23:28:52.601316 26 storage/rocksdb.go:102                   Options.compression_opts.level: 32767
I210322 23:28:52.601318 26 storage/rocksdb.go:102                Options.compression_opts.strategy: 0
I210322 23:28:52.601321 26 storage/rocksdb.go:102          Options.compression_opts.max_dict_bytes: 0
I210322 23:28:52.601323 26 storage/rocksdb.go:102          Options.compression_opts.zstd_max_train_bytes: 0
I210322 23:28:52.601326 26 storage/rocksdb.go:102                   Options.compression_opts.enabled: false
I210322 23:28:52.601328 26 storage/rocksdb.go:102       Options.level0_file_num_compaction_trigger: 2
I210322 23:28:52.601331 26 storage/rocksdb.go:102           Options.level0_slowdown_writes_trigger: 950
I210322 23:28:52.601333 26 storage/rocksdb.go:102               Options.level0_stop_writes_trigger: 1000
I210322 23:28:52.601336 26 storage/rocksdb.go:102                    Options.target_file_size_base: 4194304
I210322 23:28:52.601339 26 storage/rocksdb.go:102              Options.target_file_size_multiplier: 2
I210322 23:28:52.601341 26 storage/rocksdb.go:102                 Options.max_bytes_for_level_base: 67108864
I210322 23:28:52.601343 26 storage/rocksdb.go:102  Options.level_compaction_dynamic_level_bytes: 1
I210322 23:28:52.601347 26 storage/rocksdb.go:102           Options.max_bytes_for_level_multiplier: 10.000000
I210322 23:28:52.601350 26 storage/rocksdb.go:102  Options.max_bytes_for_level_multiplier_addtl[0]: 1
I210322 23:28:52.601352 26 storage/rocksdb.go:102  Options.max_bytes_for_level_multiplier_addtl[1]: 1
I210322 23:28:52.601355 26 storage/rocksdb.go:102  Options.max_bytes_for_level_multiplier_addtl[2]: 1
I210322 23:28:52.601357 26 storage/rocksdb.go:102  Options.max_bytes_for_level_multiplier_addtl[3]: 1
I210322 23:28:52.601360 26 storage/rocksdb.go:102  Options.max_bytes_for_level_multiplier_addtl[4]: 1
I210322 23:28:52.601363 26 storage/rocksdb.go:102  Options.max_bytes_for_level_multiplier_addtl[5]: 1
I210322 23:28:52.601365 26 storage/rocksdb.go:102  Options.max_bytes_for_level_multiplier_addtl[6]: 1
I210322 23:28:52.601368 26 storage/rocksdb.go:102        Options.max_sequential_skip_in_iterations: 8
I210322 23:28:52.601370 26 storage/rocksdb.go:102                     Options.max_compaction_bytes: 104857600
I210322 23:28:52.601372 26 storage/rocksdb.go:102                         Options.arena_block_size: 8388608
I210322 23:28:52.601375 26 storage/rocksdb.go:102    Options.soft_pending_compaction_bytes_limit: 2199023255552
I210322 23:28:52.601377 26 storage/rocksdb.go:102    Options.hard_pending_compaction_bytes_limit: 4400193994752
I210322 23:28:52.601380 26 storage/rocksdb.go:102        Options.rate_limit_delay_max_milliseconds: 100
I210322 23:28:52.601383 26 storage/rocksdb.go:102                 Options.disable_auto_compactions: 0
I210322 23:28:52.601387 26 storage/rocksdb.go:102                         Options.compaction_style: kCompactionStyleLevel
I210322 23:28:52.601389 26 storage/rocksdb.go:102                           Options.compaction_pri: kMinOverlappingRatio
I210322 23:28:52.601392 26 storage/rocksdb.go:102  Options.compaction_options_universal.size_ratio: 1
I210322 23:28:52.601394 26 storage/rocksdb.go:102  Options.compaction_options_universal.min_merge_width: 2
I210322 23:28:52.601397 26 storage/rocksdb.go:102  Options.compaction_options_universal.max_merge_width: 4294967295
I210322 23:28:52.601399 26 storage/rocksdb.go:102  Options.compaction_options_universal.max_size_amplification_percent: 200
I210322 23:28:52.601402 26 storage/rocksdb.go:102  Options.compaction_options_universal.compression_size_percent: -1
I210322 23:28:52.601404 26 storage/rocksdb.go:102  Options.compaction_options_universal.stop_style: kCompactionStopStyleTotalSize
I210322 23:28:52.601407 26 storage/rocksdb.go:102  Options.compaction_options_fifo.max_table_files_size: 1073741824
I210322 23:28:52.601409 26 storage/rocksdb.go:102  Options.compaction_options_fifo.allow_compaction: 0
I210322 23:28:52.601413 26 storage/rocksdb.go:102                    Options.table_properties_collectors: TimeBoundTblPropCollectorFactory; DeleteRangeTblPropCollectorFactory; 
I210322 23:28:52.601417 26 storage/rocksdb.go:102                    Options.inplace_update_support: 0
I210322 23:28:52.601420 26 storage/rocksdb.go:102                  Options.inplace_update_num_locks: 10000
I210322 23:28:52.601422 26 storage/rocksdb.go:102                Options.memtable_prefix_bloom_size_ratio: 0.000000
I210322 23:28:52.601425 26 storage/rocksdb.go:102                Options.memtable_whole_key_filtering: 0
I210322 23:28:52.601427 26 storage/rocksdb.go:102    Options.memtable_huge_page_size: 0
I210322 23:28:52.601429 26 storage/rocksdb.go:102                            Options.bloom_locality: 0
I210322 23:28:52.601432 26 storage/rocksdb.go:102                     Options.max_successive_merges: 0
I210322 23:28:52.601434 26 storage/rocksdb.go:102                 Options.optimize_filters_for_hits: 1
I210322 23:28:52.601437 26 storage/rocksdb.go:102                 Options.paranoid_file_checks: 0
I210322 23:28:52.601439 26 storage/rocksdb.go:102                 Options.force_consistency_checks: 0
I210322 23:28:52.601442 26 storage/rocksdb.go:102                 Options.report_bg_io_stats: 0
I210322 23:28:52.601444 26 storage/rocksdb.go:102                                Options.ttl: 0
I210322 23:28:52.601446 26 storage/rocksdb.go:102           Options.periodic_compaction_seconds: 0
I210322 23:28:52.603278 26 storage/rocksdb.go:102  [db/version_set.cc:4286] Recovered from manifest file:/cockroach/cockroach-data/cockroach-temp610928593/MANIFEST-000001 succeeded,manifest_file_number is 1, next_file_number is 3, last_sequence is 0, log_number is 0,prev_log_number is 0,max_column_family is 0,min_log_number_to_keep is 0
I210322 23:28:52.603286 26 storage/rocksdb.go:102  [db/version_set.cc:4295] Column family [default] (ID 0), log number is 0
I210322 23:28:52.614224 26 storage/rocksdb.go:102  DB pointer 0x7fdd0a4a1000
I210322 23:28:52.634772 26 storage/rocksdb.go:102  RocksDB version: 6.2.1
I210322 23:28:52.634778 26 storage/rocksdb.go:102  Git sha rocksdb_build_git_sha:@e494e15a0b08c13fafd5710f279f348d47d476de@
I210322 23:28:52.634782 26 storage/rocksdb.go:102  Compile date May 19 2020
I210322 23:28:52.634785 26 storage/rocksdb.go:102  DB SUMMARY
I210322 23:28:52.636142 26 storage/rocksdb.go:102  CURRENT file:  CURRENT
I210322 23:28:52.636148 26 storage/rocksdb.go:102  IDENTITY file:  IDENTITY
I210322 23:28:52.636500 26 storage/rocksdb.go:102  MANIFEST file:  MANIFEST-000032 size: 321 Bytes
I210322 23:28:52.636508 26 storage/rocksdb.go:102  SST files in /cockroach/cockroach-data dir, Total Num: 1, files: 000036.sst 
I210322 23:28:52.636511 26 storage/rocksdb.go:102  Write Ahead Log file in /cockroach/cockroach-data: 000033.log size: 29198807 ; 
I210322 23:28:52.636514 26 storage/rocksdb.go:102                          Options.error_if_exists: 0
I210322 23:28:52.636517 26 storage/rocksdb.go:102                        Options.create_if_missing: 1
I210322 23:28:52.636519 26 storage/rocksdb.go:102                          Options.paranoid_checks: 1
I210322 23:28:52.636522 26 storage/rocksdb.go:102                                      Options.env: 0x756bca0
I210322 23:28:52.636524 26 storage/rocksdb.go:102                                 Options.info_log: 0x7fdd0c80d0a0
I210322 23:28:52.636527 26 storage/rocksdb.go:102                 Options.max_file_opening_threads: 16
I210322 23:28:52.636529 26 storage/rocksdb.go:102                               Options.statistics: 0x7fdd0c824010
I210322 23:28:52.636532 26 storage/rocksdb.go:102                                Options.use_fsync: 0
I210322 23:28:52.636535 26 storage/rocksdb.go:102                        Options.max_log_file_size: 0
I210322 23:28:52.636538 26 storage/rocksdb.go:102                   Options.max_manifest_file_size: 134217728
I210322 23:28:52.636540 26 storage/rocksdb.go:102                    Options.log_file_time_to_roll: 0
I210322 23:28:52.636542 26 storage/rocksdb.go:102                        Options.keep_log_file_num: 1000
I210322 23:28:52.636545 26 storage/rocksdb.go:102                     Options.recycle_log_file_num: 1
I210322 23:28:52.636550 26 storage/rocksdb.go:102                          Options.allow_fallocate: 1
I210322 23:28:52.636552 26 storage/rocksdb.go:102                         Options.allow_mmap_reads: 0
I210322 23:28:52.636555 26 storage/rocksdb.go:102                        Options.allow_mmap_writes: 0
I210322 23:28:52.636557 26 storage/rocksdb.go:102                         Options.use_direct_reads: 0
I210322 23:28:52.636560 26 storage/rocksdb.go:102                         Options.use_direct_io_for_flush_and_compaction: 0
I210322 23:28:52.636562 26 storage/rocksdb.go:102           Options.create_missing_column_families: 0
I210322 23:28:52.636564 26 storage/rocksdb.go:102                               Options.db_log_dir: 
I210322 23:28:52.636567 26 storage/rocksdb.go:102                                  Options.wal_dir: /cockroach/cockroach-data
I210322 23:28:52.636569 26 storage/rocksdb.go:102                 Options.table_cache_numshardbits: 6
I210322 23:28:52.636572 26 storage/rocksdb.go:102                       Options.max_subcompactions: 1
I210322 23:28:52.636574 26 storage/rocksdb.go:102                   Options.max_background_flushes: -1
I210322 23:28:52.636577 26 storage/rocksdb.go:102                          Options.WAL_ttl_seconds: 0
I210322 23:28:52.636579 26 storage/rocksdb.go:102                        Options.WAL_size_limit_MB: 0
I210322 23:28:52.636581 26 storage/rocksdb.go:102              Options.manifest_preallocation_size: 4194304
I210322 23:28:52.636584 26 storage/rocksdb.go:102                      Options.is_fd_close_on_exec: 1
I210322 23:28:52.636586 26 storage/rocksdb.go:102                    Options.advise_random_on_open: 1
I210322 23:28:52.636589 26 storage/rocksdb.go:102                     Options.db_write_buffer_size: 0
I210322 23:28:52.636591 26 storage/rocksdb.go:102                     Options.write_buffer_manager: 0x7fdd0c88c030
I210322 23:28:52.636593 26 storage/rocksdb.go:102          Options.access_hint_on_compaction_start: 1
I210322 23:28:52.636596 26 storage/rocksdb.go:102   Options.new_table_reader_for_compaction_inputs: 0
I210322 23:28:52.636598 26 storage/rocksdb.go:102            Options.random_access_max_buffer_size: 1048576
I210322 23:28:52.636601 26 storage/rocksdb.go:102                       Options.use_adaptive_mutex: 0
I210322 23:28:52.636604 26 storage/rocksdb.go:102                             Options.rate_limiter: (nil)
I210322 23:28:52.636607 26 storage/rocksdb.go:102      Options.sst_file_manager.rate_bytes_per_sec: 0
I210322 23:28:52.636609 26 storage/rocksdb.go:102                        Options.wal_recovery_mode: 0
I210322 23:28:52.636611 26 storage/rocksdb.go:102                   Options.enable_thread_tracking: 0
I210322 23:28:52.636614 26 storage/rocksdb.go:102                   Options.enable_pipelined_write: 0
I210322 23:28:52.636616 26 storage/rocksdb.go:102          Options.allow_concurrent_memtable_write: 1
I210322 23:28:52.636618 26 storage/rocksdb.go:102       Options.enable_write_thread_adaptive_yield: 1
I210322 23:28:52.636621 26 storage/rocksdb.go:102              Options.write_thread_max_yield_usec: 100
I210322 23:28:52.636623 26 storage/rocksdb.go:102             Options.write_thread_slow_yield_usec: 3
I210322 23:28:52.636626 26 storage/rocksdb.go:102                                Options.row_cache: None
I210322 23:28:52.636628 26 storage/rocksdb.go:102                               Options.wal_filter: None
I210322 23:28:52.636631 26 storage/rocksdb.go:102              Options.avoid_flush_during_recovery: 0
I210322 23:28:52.636633 26 storage/rocksdb.go:102              Options.allow_ingest_behind: 0
I210322 23:28:52.636635 26 storage/rocksdb.go:102              Options.preserve_deletes: 0
I210322 23:28:52.636638 26 storage/rocksdb.go:102              Options.two_write_queues: 0
I210322 23:28:52.636640 26 storage/rocksdb.go:102              Options.manual_wal_flush: 1
I210322 23:28:52.636642 26 storage/rocksdb.go:102              Options.atomic_flush: 0
I210322 23:28:52.636646 26 storage/rocksdb.go:102              Options.avoid_unnecessary_blocking_io: 0
I210322 23:28:52.636649 26 storage/rocksdb.go:102              Options.max_background_jobs: 2
I210322 23:28:52.636651 26 storage/rocksdb.go:102              Options.max_background_compactions: -1
I210322 23:28:52.636654 26 storage/rocksdb.go:102              Options.avoid_flush_during_shutdown: 0
I210322 23:28:52.636656 26 storage/rocksdb.go:102            Options.writable_file_max_buffer_size: 1048576
I210322 23:28:52.636659 26 storage/rocksdb.go:102              Options.delayed_write_rate : 16777216
I210322 23:28:52.636661 26 storage/rocksdb.go:102              Options.max_total_wal_size: 0
I210322 23:28:52.636664 26 storage/rocksdb.go:102              Options.delete_obsolete_files_period_micros: 21600000000
I210322 23:28:52.636666 26 storage/rocksdb.go:102                    Options.stats_dump_period_sec: 0
I210322 23:28:52.636668 26 storage/rocksdb.go:102                  Options.stats_persist_period_sec: 600
I210322 23:28:52.636671 26 storage/rocksdb.go:102                  Options.stats_history_buffer_size: 1048576
I210322 23:28:52.636673 26 storage/rocksdb.go:102                           Options.max_open_files: 1043576
I210322 23:28:52.636676 26 storage/rocksdb.go:102                           Options.bytes_per_sync: 524288
I210322 23:28:52.636678 26 storage/rocksdb.go:102                       Options.wal_bytes_per_sync: 0
I210322 23:28:52.636681 26 storage/rocksdb.go:102                    Options.strict_bytes_per_sync: 1
I210322 23:28:52.636684 26 storage/rocksdb.go:102        Options.compaction_readahead_size: 0
I210322 23:28:52.636686 26 storage/rocksdb.go:102  Compression algorithms supported:
I210322 23:28:52.636689 26 storage/rocksdb.go:102  	kZSTDNotFinalCompression supported: 0
I210322 23:28:52.636692 26 storage/rocksdb.go:102  	kZSTD supported: 0
I210322 23:28:52.636695 26 storage/rocksdb.go:102  	kXpressCompression supported: 0
I210322 23:28:52.636697 26 storage/rocksdb.go:102  	kLZ4HCCompression supported: 0
I210322 23:28:52.636700 26 storage/rocksdb.go:102  	kLZ4Compression supported: 0
I210322 23:28:52.636702 26 storage/rocksdb.go:102  	kBZip2Compression supported: 0
I210322 23:28:52.636705 26 storage/rocksdb.go:102  	kZlibCompression supported: 0
I210322 23:28:52.636707 26 storage/rocksdb.go:102  	kSnappyCompression supported: 1
I210322 23:28:52.636717 26 storage/rocksdb.go:102  Fast CRC32 supported: Supported on x86
I210322 23:28:52.639910 26 storage/rocksdb.go:102  [db/version_set.cc:4072] Recovering from manifest file: /cockroach/cockroach-data/MANIFEST-000032
I210322 23:28:52.640329 26 storage/rocksdb.go:102  [db/column_family.cc:488] --------------- Options for column family [default]:
I210322 23:28:52.640333 26 storage/rocksdb.go:102                Options.comparator: cockroach_comparator
I210322 23:28:52.640336 26 storage/rocksdb.go:102            Options.merge_operator: cockroach_merge_operator
I210322 23:28:52.640338 26 storage/rocksdb.go:102         Options.compaction_filter: None
I210322 23:28:52.640341 26 storage/rocksdb.go:102         Options.compaction_filter_factory: None
I210322 23:28:52.640343 26 storage/rocksdb.go:102          Options.memtable_factory: SkipListFactory
I210322 23:28:52.640346 26 storage/rocksdb.go:102             Options.table_factory: BlockBasedTable
I210322 23:28:52.640366 26 storage/rocksdb.go:102             table_factory options:   flush_block_policy_factory: FlushBlockBySizePolicyFactory (0x7fdd0c822028)
  cache_index_and_filter_blocks: 0
  cache_index_and_filter_blocks_with_high_priority: 0
  pin_l0_filter_and_index_blocks_in_cache: 0
  pin_top_level_index_and_filter: 1
  index_type: 0
  data_block_index_type: 0
  index_shortening: 1
  data_block_hash_table_util_ratio: 0.750000
  hash_index_allow_collision: 1
  checksum: 1
  no_block_cache: 0
  block_cache: 0x7fdd0c814010
  block_cache_name: LRUCache
  block_cache_options:
    capacity : 67108864
    num_shard_bits : 4
    strict_capacity_limit : 0
    memory_allocator : None
    high_pri_pool_ratio: 0.000
  block_cache_compressed: (nil)
  persistent_cache: (nil)
  block_size: 32768
  block_size_deviation: 10
  block_restart_interval: 16
  index_block_restart_interval: 1
  metadata_block_size: 4096
  partition_filters: 0
  use_delta_encoding: 1
  filter_policy: rocksdb.BuiltinBloomFilter
  whole_key_filtering: 0
  verify_compression: 0
  read_amp_bytes_per_bit: 0
  format_version: 2
  enable_index_compression: 1
  block_align: 0
I210322 23:28:52.640371 26 storage/rocksdb.go:102         Options.write_buffer_size: 67108864
I210322 23:28:52.640375 26 storage/rocksdb.go:102   Options.max_write_buffer_number: 4
I210322 23:28:52.640378 26 storage/rocksdb.go:102           Options.compression: Snappy
I210322 23:28:52.640382 26 storage/rocksdb.go:102                   Options.bottommost_compression: Disabled
I210322 23:28:52.640384 26 storage/rocksdb.go:102        Options.prefix_extractor: cockroach_prefix_extractor
I210322 23:28:52.640387 26 storage/rocksdb.go:102    Options.memtable_insert_with_hint_prefix_extractor: nullptr
I210322 23:28:52.640389 26 storage/rocksdb.go:102              Options.num_levels: 7
I210322 23:28:52.640392 26 storage/rocksdb.go:102         Options.min_write_buffer_number_to_merge: 1
I210322 23:28:52.640394 26 storage/rocksdb.go:102      Options.max_write_buffer_number_to_maintain: 0
I210322 23:28:52.640396 26 storage/rocksdb.go:102             Options.bottommost_compression_opts.window_bits: -14
I210322 23:28:52.640399 26 storage/rocksdb.go:102                   Options.bottommost_compression_opts.level: 32767
I210322 23:28:52.640401 26 storage/rocksdb.go:102                Options.bottommost_compression_opts.strategy: 0
I210322 23:28:52.640404 26 storage/rocksdb.go:102          Options.bottommost_compression_opts.max_dict_bytes: 0
I210322 23:28:52.640406 26 storage/rocksdb.go:102          Options.bottommost_compression_opts.zstd_max_train_bytes: 0
I210322 23:28:52.640409 26 storage/rocksdb.go:102                   Options.bottommost_compression_opts.enabled: false
I210322 23:28:52.640411 26 storage/rocksdb.go:102             Options.compression_opts.window_bits: -14
I210322 23:28:52.640414 26 storage/rocksdb.go:102                   Options.compression_opts.level: 32767
I210322 23:28:52.640416 26 storage/rocksdb.go:102                Options.compression_opts.strategy: 0
I210322 23:28:52.640418 26 storage/rocksdb.go:102          Options.compression_opts.max_dict_bytes: 0
I210322 23:28:52.640421 26 storage/rocksdb.go:102          Options.compression_opts.zstd_max_train_bytes: 0
I210322 23:28:52.640423 26 storage/rocksdb.go:102                   Options.compression_opts.enabled: false
I210322 23:28:52.640426 26 storage/rocksdb.go:102       Options.level0_file_num_compaction_trigger: 2
I210322 23:28:52.640428 26 storage/rocksdb.go:102           Options.level0_slowdown_writes_trigger: 950
I210322 23:28:52.640430 26 storage/rocksdb.go:102               Options.level0_stop_writes_trigger: 1000
I210322 23:28:52.640433 26 storage/rocksdb.go:102                    Options.target_file_size_base: 4194304
I210322 23:28:52.640435 26 storage/rocksdb.go:102              Options.target_file_size_multiplier: 2
I210322 23:28:52.640438 26 storage/rocksdb.go:102                 Options.max_bytes_for_level_base: 67108864
I210322 23:28:52.640440 26 storage/rocksdb.go:102  Options.level_compaction_dynamic_level_bytes: 1
I210322 23:28:52.640444 26 storage/rocksdb.go:102           Options.max_bytes_for_level_multiplier: 10.000000
I210322 23:28:52.640446 26 storage/rocksdb.go:102  Options.max_bytes_for_level_multiplier_addtl[0]: 1
I210322 23:28:52.640449 26 storage/rocksdb.go:102  Options.max_bytes_for_level_multiplier_addtl[1]: 1
I210322 23:28:52.640452 26 storage/rocksdb.go:102  Options.max_bytes_for_level_multiplier_addtl[2]: 1
I210322 23:28:52.640454 26 storage/rocksdb.go:102  Options.max_bytes_for_level_multiplier_addtl[3]: 1
I210322 23:28:52.640457 26 storage/rocksdb.go:102  Options.max_bytes_for_level_multiplier_addtl[4]: 1
I210322 23:28:52.640459 26 storage/rocksdb.go:102  Options.max_bytes_for_level_multiplier_addtl[5]: 1
I210322 23:28:52.640463 26 storage/rocksdb.go:102  Options.max_bytes_for_level_multiplier_addtl[6]: 1
I210322 23:28:52.640465 26 storage/rocksdb.go:102        Options.max_sequential_skip_in_iterations: 8
I210322 23:28:52.640468 26 storage/rocksdb.go:102                     Options.max_compaction_bytes: 104857600
I210322 23:28:52.640470 26 storage/rocksdb.go:102                         Options.arena_block_size: 8388608
I210322 23:28:52.640473 26 storage/rocksdb.go:102    Options.soft_pending_compaction_bytes_limit: 2199023255552
I210322 23:28:52.640475 26 storage/rocksdb.go:102    Options.hard_pending_compaction_bytes_limit: 4400193994752
I210322 23:28:52.640478 26 storage/rocksdb.go:102        Options.rate_limit_delay_max_milliseconds: 100
I210322 23:28:52.640480 26 storage/rocksdb.go:102                 Options.disable_auto_compactions: 0
I210322 23:28:52.640483 26 storage/rocksdb.go:102                         Options.compaction_style: kCompactionStyleLevel
I210322 23:28:52.640486 26 storage/rocksdb.go:102                           Options.compaction_pri: kMinOverlappingRatio
I210322 23:28:52.640489 26 storage/rocksdb.go:102  Options.compaction_options_universal.size_ratio: 1
I210322 23:28:52.640491 26 storage/rocksdb.go:102  Options.compaction_options_universal.min_merge_width: 2
I210322 23:28:52.640494 26 storage/rocksdb.go:102  Options.compaction_options_universal.max_merge_width: 4294967295
I210322 23:28:52.640496 26 storage/rocksdb.go:102  Options.compaction_options_universal.max_size_amplification_percent: 200
I210322 23:28:52.640499 26 storage/rocksdb.go:102  Options.compaction_options_universal.compression_size_percent: -1
I210322 23:28:52.640501 26 storage/rocksdb.go:102  Options.compaction_options_universal.stop_style: kCompactionStopStyleTotalSize
I210322 23:28:52.640504 26 storage/rocksdb.go:102  Options.compaction_options_fifo.max_table_files_size: 1073741824
I210322 23:28:52.640507 26 storage/rocksdb.go:102  Options.compaction_options_fifo.allow_compaction: 0
I210322 23:28:52.640510 26 storage/rocksdb.go:102                    Options.table_properties_collectors: TimeBoundTblPropCollectorFactory; DeleteRangeTblPropCollectorFactory; 
I210322 23:28:52.640513 26 storage/rocksdb.go:102                    Options.inplace_update_support: 0
I210322 23:28:52.640516 26 storage/rocksdb.go:102                  Options.inplace_update_num_locks: 10000
I210322 23:28:52.640518 26 storage/rocksdb.go:102                Options.memtable_prefix_bloom_size_ratio: 0.000000
I210322 23:28:52.640521 26 storage/rocksdb.go:102                Options.memtable_whole_key_filtering: 0
I210322 23:28:52.640523 26 storage/rocksdb.go:102    Options.memtable_huge_page_size: 0
I210322 23:28:52.640526 26 storage/rocksdb.go:102                            Options.bloom_locality: 0
I210322 23:28:52.640528 26 storage/rocksdb.go:102                     Options.max_successive_merges: 0
I210322 23:28:52.640530 26 storage/rocksdb.go:102                 Options.optimize_filters_for_hits: 1
I210322 23:28:52.640533 26 storage/rocksdb.go:102                 Options.paranoid_file_checks: 0
I210322 23:28:52.640535 26 storage/rocksdb.go:102                 Options.force_consistency_checks: 0
I210322 23:28:52.640538 26 storage/rocksdb.go:102                 Options.report_bg_io_stats: 0
I210322 23:28:52.640540 26 storage/rocksdb.go:102                                Options.ttl: 0
I210322 23:28:52.640542 26 storage/rocksdb.go:102           Options.periodic_compaction_seconds: 0
I210322 23:28:52.644497 26 storage/rocksdb.go:102  [db/version_set.cc:3086] More existing levels in DB than needed. max_bytes_for_level_multiplier may not be guaranteed.
I210322 23:28:52.644518 26 storage/rocksdb.go:102  [db/version_set.cc:4286] Recovered from manifest file:/cockroach/cockroach-data/MANIFEST-000032 succeeded,manifest_file_number is 32, next_file_number is 38, last_sequence is 465557, log_number is 31,prev_log_number is 0,max_column_family is 0,min_log_number_to_keep is 0
I210322 23:28:52.644522 26 storage/rocksdb.go:102  [db/version_set.cc:4295] Column family [default] (ID 0), log number is 31
I210322 23:28:52.645138 26 storage/rocksdb.go:102  EVENT_LOG_v1 {"time_micros": 1616455732645125, "job": 1, "event": "recovery_started", "log_files": [33]}
I210322 23:28:52.645145 26 storage/rocksdb.go:102  [db/db_impl_open.cc:598] Recovering log #33 mode 0
I210322 23:28:53.243871 26 storage/rocksdb.go:102  EVENT_LOG_v1 {"time_micros": 1616455733243803, "cf_name": "default", "job": 1, "event": "table_file_creation", "file_number": 38, "file_size": 243491, "table_properties": {"data_size": 236012, "index_size": 1772, "index_partitions": 0, "top_level_index_size": 0, "index_key_is_user_key": 0, "index_value_is_delta_encoded": 0, "filter_size": 5445, "raw_key_size": 164747, "raw_average_key_size": 30, "raw_value_size": 1172917, "raw_average_value_size": 217, "num_data_blocks": 37, "num_entries": 5388, "num_deletions": 3620, "num_merge_operands": 691, "num_range_deletions": 691, "format_version": 0, "fixed_key_len": 0, "filter_policy": "rocksdb.BuiltinBloomFilter", "column_family_name": "default", "column_family_id": 0, "comparator": "cockroach_comparator", "merge_operator": "cockroach_merge_operator", "prefix_extractor_name": "cockroach_prefix_extractor", "property_collectors": "[TimeBoundTblPropCollectorFactory,DeleteRangeTblPropCollectorFactory]", "compression": "Snappy", "compression_options": "window_bits=-14; level=32767; strategy=0; max_dict_bytes=0; zstd_max_train_bytes=0; enabled=0; ", "creation_time": 1616455733, "oldest_key_time": 3, "file_creation_time": 0}}
I210322 23:28:53.247342 26 storage/rocksdb.go:102  [db/version_set.cc:3560] Creating manifest 39
I210322 23:28:53.254614 26 storage/rocksdb.go:102  [db/version_set.cc:3086] More existing levels in DB than needed. max_bytes_for_level_multiplier may not be guaranteed.
I210322 23:28:53.260606 26 storage/rocksdb.go:102  EVENT_LOG_v1 {"time_micros": 1616455733260520, "job": 1, "event": "recovery_finished"}
I210322 23:28:53.277825 26 storage/rocksdb.go:102  DB pointer 0x7fdd0c899000
