I210322 23:02:14.382099 15 util/log/sync_buffer.go:70  [config] file created at: 2021/03/22 23:02:14
I210322 23:02:14.382099 15 util/log/sync_buffer.go:70  [config] running on machine: 6c8f11fd866f
I210322 23:02:14.382099 15 util/log/sync_buffer.go:70  [config] binary: CockroachDB CCL v20.1.1 (x86_64-unknown-linux-gnu, built 2020/05/19 14:46:06, go1.13.9)
I210322 23:02:14.382099 15 util/log/sync_buffer.go:70  [config] arguments: [/cockroach/cockroach start --insecure]
I210322 23:02:14.382099 15 util/log/sync_buffer.go:70  line format: [IWEF]yymmdd hh:mm:ss.uuuuuu goid file:line msg utf8=✓
I210322 23:02:14.382099 15 storage/rocksdb.go:102  RocksDB version: 6.2.1
I210322 23:02:14.391490 15 storage/rocksdb.go:102  Git sha rocksdb_build_git_sha:@e494e15a0b08c13fafd5710f279f348d47d476de@
I210322 23:02:14.391497 15 storage/rocksdb.go:102  Compile date May 19 2020
I210322 23:02:14.391501 15 storage/rocksdb.go:102  DB SUMMARY
I210322 23:02:14.392306 15 storage/rocksdb.go:102  SST files in /cockroach/cockroach-data/cockroach-temp793077268 dir, Total Num: 0, files: 
I210322 23:02:14.392312 15 storage/rocksdb.go:102  Write Ahead Log file in /cockroach/cockroach-data/cockroach-temp793077268: 
I210322 23:02:14.392316 15 storage/rocksdb.go:102                          Options.error_if_exists: 0
I210322 23:02:14.392318 15 storage/rocksdb.go:102                        Options.create_if_missing: 1
I210322 23:02:14.392321 15 storage/rocksdb.go:102                          Options.paranoid_checks: 1
I210322 23:02:14.392323 15 storage/rocksdb.go:102                                      Options.env: 0x756bca0
I210322 23:02:14.392326 15 storage/rocksdb.go:102                                 Options.info_log: 0x7f0a9480d100
I210322 23:02:14.392328 15 storage/rocksdb.go:102                 Options.max_file_opening_threads: 16
I210322 23:02:14.392355 15 storage/rocksdb.go:102                               Options.statistics: 0x7f0a94834010
I210322 23:02:14.392360 15 storage/rocksdb.go:102                                Options.use_fsync: 0
I210322 23:02:14.392362 15 storage/rocksdb.go:102                        Options.max_log_file_size: 0
I210322 23:02:14.392365 15 storage/rocksdb.go:102                   Options.max_manifest_file_size: 134217728
I210322 23:02:14.392368 15 storage/rocksdb.go:102                    Options.log_file_time_to_roll: 0
I210322 23:02:14.392370 15 storage/rocksdb.go:102                        Options.keep_log_file_num: 1000
I210322 23:02:14.392373 15 storage/rocksdb.go:102                     Options.recycle_log_file_num: 1
I210322 23:02:14.392375 15 storage/rocksdb.go:102                          Options.allow_fallocate: 1
I210322 23:02:14.392378 15 storage/rocksdb.go:102                         Options.allow_mmap_reads: 0
I210322 23:02:14.392381 15 storage/rocksdb.go:102                        Options.allow_mmap_writes: 0
I210322 23:02:14.392383 15 storage/rocksdb.go:102                         Options.use_direct_reads: 0
I210322 23:02:14.392386 15 storage/rocksdb.go:102                         Options.use_direct_io_for_flush_and_compaction: 0
I210322 23:02:14.392388 15 storage/rocksdb.go:102           Options.create_missing_column_families: 0
I210322 23:02:14.392391 15 storage/rocksdb.go:102                               Options.db_log_dir: 
I210322 23:02:14.392394 15 storage/rocksdb.go:102                                  Options.wal_dir: /cockroach/cockroach-data/cockroach-temp793077268
I210322 23:02:14.392397 15 storage/rocksdb.go:102                 Options.table_cache_numshardbits: 6
I210322 23:02:14.392399 15 storage/rocksdb.go:102                       Options.max_subcompactions: 1
I210322 23:02:14.392402 15 storage/rocksdb.go:102                   Options.max_background_flushes: -1
I210322 23:02:14.392404 15 storage/rocksdb.go:102                          Options.WAL_ttl_seconds: 0
I210322 23:02:14.392407 15 storage/rocksdb.go:102                        Options.WAL_size_limit_MB: 0
I210322 23:02:14.392409 15 storage/rocksdb.go:102              Options.manifest_preallocation_size: 4194304
I210322 23:02:14.392412 15 storage/rocksdb.go:102                      Options.is_fd_close_on_exec: 1
I210322 23:02:14.392415 15 storage/rocksdb.go:102                    Options.advise_random_on_open: 1
I210322 23:02:14.392417 15 storage/rocksdb.go:102                     Options.db_write_buffer_size: 0
I210322 23:02:14.392420 15 storage/rocksdb.go:102                     Options.write_buffer_manager: 0x7f0a9481f060
I210322 23:02:14.392423 15 storage/rocksdb.go:102          Options.access_hint_on_compaction_start: 1
I210322 23:02:14.392425 15 storage/rocksdb.go:102   Options.new_table_reader_for_compaction_inputs: 0
I210322 23:02:14.392428 15 storage/rocksdb.go:102            Options.random_access_max_buffer_size: 1048576
I210322 23:02:14.392430 15 storage/rocksdb.go:102                       Options.use_adaptive_mutex: 0
I210322 23:02:14.392433 15 storage/rocksdb.go:102                             Options.rate_limiter: (nil)
I210322 23:02:14.392436 15 storage/rocksdb.go:102      Options.sst_file_manager.rate_bytes_per_sec: 0
I210322 23:02:14.392439 15 storage/rocksdb.go:102                        Options.wal_recovery_mode: 0
I210322 23:02:14.392441 15 storage/rocksdb.go:102                   Options.enable_thread_tracking: 0
I210322 23:02:14.392444 15 storage/rocksdb.go:102                   Options.enable_pipelined_write: 0
I210322 23:02:14.392447 15 storage/rocksdb.go:102          Options.allow_concurrent_memtable_write: 1
I210322 23:02:14.392450 15 storage/rocksdb.go:102       Options.enable_write_thread_adaptive_yield: 1
I210322 23:02:14.392498 15 storage/rocksdb.go:102              Options.write_thread_max_yield_usec: 100
I210322 23:02:14.392503 15 storage/rocksdb.go:102             Options.write_thread_slow_yield_usec: 3
I210322 23:02:14.392506 15 storage/rocksdb.go:102                                Options.row_cache: None
I210322 23:02:14.392508 15 storage/rocksdb.go:102                               Options.wal_filter: None
I210322 23:02:14.392511 15 storage/rocksdb.go:102              Options.avoid_flush_during_recovery: 0
I210322 23:02:14.392514 15 storage/rocksdb.go:102              Options.allow_ingest_behind: 0
I210322 23:02:14.392517 15 storage/rocksdb.go:102              Options.preserve_deletes: 0
I210322 23:02:14.392519 15 storage/rocksdb.go:102              Options.two_write_queues: 0
I210322 23:02:14.392521 15 storage/rocksdb.go:102              Options.manual_wal_flush: 1
I210322 23:02:14.392524 15 storage/rocksdb.go:102              Options.atomic_flush: 0
I210322 23:02:14.392526 15 storage/rocksdb.go:102              Options.avoid_unnecessary_blocking_io: 0
I210322 23:02:14.392529 15 storage/rocksdb.go:102              Options.max_background_jobs: 2
I210322 23:02:14.392532 15 storage/rocksdb.go:102              Options.max_background_compactions: -1
I210322 23:02:14.392534 15 storage/rocksdb.go:102              Options.avoid_flush_during_shutdown: 0
I210322 23:02:14.392537 15 storage/rocksdb.go:102            Options.writable_file_max_buffer_size: 1048576
I210322 23:02:14.392539 15 storage/rocksdb.go:102              Options.delayed_write_rate : 16777216
I210322 23:02:14.392542 15 storage/rocksdb.go:102              Options.max_total_wal_size: 0
I210322 23:02:14.392544 15 storage/rocksdb.go:102              Options.delete_obsolete_files_period_micros: 21600000000
I210322 23:02:14.392547 15 storage/rocksdb.go:102                    Options.stats_dump_period_sec: 0
I210322 23:02:14.392549 15 storage/rocksdb.go:102                  Options.stats_persist_period_sec: 600
I210322 23:02:14.392552 15 storage/rocksdb.go:102                  Options.stats_history_buffer_size: 1048576
I210322 23:02:14.392554 15 storage/rocksdb.go:102                           Options.max_open_files: 128
I210322 23:02:14.392557 15 storage/rocksdb.go:102                           Options.bytes_per_sync: 524288
I210322 23:02:14.392559 15 storage/rocksdb.go:102                       Options.wal_bytes_per_sync: 0
I210322 23:02:14.392562 15 storage/rocksdb.go:102                    Options.strict_bytes_per_sync: 1
I210322 23:02:14.392564 15 storage/rocksdb.go:102        Options.compaction_readahead_size: 0
I210322 23:02:14.392567 15 storage/rocksdb.go:102  Compression algorithms supported:
I210322 23:02:14.392592 15 storage/rocksdb.go:102  	kZSTDNotFinalCompression supported: 0
I210322 23:02:14.392597 15 storage/rocksdb.go:102  	kZSTD supported: 0
I210322 23:02:14.392600 15 storage/rocksdb.go:102  	kXpressCompression supported: 0
I210322 23:02:14.392603 15 storage/rocksdb.go:102  	kLZ4HCCompression supported: 0
I210322 23:02:14.392605 15 storage/rocksdb.go:102  	kLZ4Compression supported: 0
I210322 23:02:14.392608 15 storage/rocksdb.go:102  	kBZip2Compression supported: 0
I210322 23:02:14.392610 15 storage/rocksdb.go:102  	kZlibCompression supported: 0
I210322 23:02:14.392613 15 storage/rocksdb.go:102  	kSnappyCompression supported: 1
I210322 23:02:14.392625 15 storage/rocksdb.go:102  Fast CRC32 supported: Supported on x86
I210322 23:02:14.396023 15 storage/rocksdb.go:102  [db/db_impl_open.cc:242] Creating manifest 1 
I210322 23:02:14.407311 15 storage/rocksdb.go:102  [db/version_set.cc:4072] Recovering from manifest file: /cockroach/cockroach-data/cockroach-temp793077268/MANIFEST-000001
I210322 23:02:14.407825 15 storage/rocksdb.go:102  [db/column_family.cc:488] --------------- Options for column family [default]:
I210322 23:02:14.407831 15 storage/rocksdb.go:102                Options.comparator: cockroach_comparator
I210322 23:02:14.407835 15 storage/rocksdb.go:102            Options.merge_operator: cockroach_merge_operator
I210322 23:02:14.407838 15 storage/rocksdb.go:102         Options.compaction_filter: None
I210322 23:02:14.407840 15 storage/rocksdb.go:102         Options.compaction_filter_factory: None
I210322 23:02:14.407843 15 storage/rocksdb.go:102          Options.memtable_factory: SkipListFactory
I210322 23:02:14.407846 15 storage/rocksdb.go:102             Options.table_factory: BlockBasedTable
I210322 23:02:14.407896 15 storage/rocksdb.go:102             table_factory options:   flush_block_policy_factory: FlushBlockBySizePolicyFactory (0x7f0a9482d030)
  cache_index_and_filter_blocks: 0
  cache_index_and_filter_blocks_with_high_priority: 0
  pin_l0_filter_and_index_blocks_in_cache: 0
  pin_top_level_index_and_filter: 1
  index_type: 0
  data_block_index_type: 0
  index_shortening: 1
  data_block_hash_table_util_ratio: 0.750000
  hash_index_allow_collision: 1
  checksum: 1
  no_block_cache: 0
  block_cache: 0x7f0a94822010
  block_cache_name: LRUCache
  block_cache_options:
    capacity : 1048576
    num_shard_bits : 4
    strict_capacity_limit : 0
    memory_allocator : None
    high_pri_pool_ratio: 0.000
  block_cache_compressed: (nil)
  persistent_cache: (nil)
  block_size: 32768
  block_size_deviation: 10
  block_restart_interval: 16
  index_block_restart_interval: 1
  metadata_block_size: 4096
  partition_filters: 0
  use_delta_encoding: 1
  filter_policy: rocksdb.BuiltinBloomFilter
  whole_key_filtering: 0
  verify_compression: 0
  read_amp_bytes_per_bit: 0
  format_version: 2
  enable_index_compression: 1
  block_align: 0
I210322 23:02:14.407902 15 storage/rocksdb.go:102         Options.write_buffer_size: 67108864
I210322 23:02:14.407919 15 storage/rocksdb.go:102   Options.max_write_buffer_number: 4
I210322 23:02:14.407924 15 storage/rocksdb.go:102           Options.compression: Snappy
I210322 23:02:14.407926 15 storage/rocksdb.go:102                   Options.bottommost_compression: Disabled
I210322 23:02:14.407929 15 storage/rocksdb.go:102        Options.prefix_extractor: cockroach_prefix_extractor
I210322 23:02:14.407931 15 storage/rocksdb.go:102    Options.memtable_insert_with_hint_prefix_extractor: nullptr
I210322 23:02:14.407934 15 storage/rocksdb.go:102              Options.num_levels: 7
I210322 23:02:14.407936 15 storage/rocksdb.go:102         Options.min_write_buffer_number_to_merge: 1
I210322 23:02:14.407938 15 storage/rocksdb.go:102      Options.max_write_buffer_number_to_maintain: 0
I210322 23:02:14.407941 15 storage/rocksdb.go:102             Options.bottommost_compression_opts.window_bits: -14
I210322 23:02:14.407943 15 storage/rocksdb.go:102                   Options.bottommost_compression_opts.level: 32767
I210322 23:02:14.407946 15 storage/rocksdb.go:102                Options.bottommost_compression_opts.strategy: 0
I210322 23:02:14.407948 15 storage/rocksdb.go:102          Options.bottommost_compression_opts.max_dict_bytes: 0
I210322 23:02:14.407951 15 storage/rocksdb.go:102          Options.bottommost_compression_opts.zstd_max_train_bytes: 0
I210322 23:02:14.407953 15 storage/rocksdb.go:102                   Options.bottommost_compression_opts.enabled: false
I210322 23:02:14.407956 15 storage/rocksdb.go:102             Options.compression_opts.window_bits: -14
I210322 23:02:14.407958 15 storage/rocksdb.go:102                   Options.compression_opts.level: 32767
I210322 23:02:14.407961 15 storage/rocksdb.go:102                Options.compression_opts.strategy: 0
I210322 23:02:14.407963 15 storage/rocksdb.go:102          Options.compression_opts.max_dict_bytes: 0
I210322 23:02:14.407965 15 storage/rocksdb.go:102          Options.compression_opts.zstd_max_train_bytes: 0
I210322 23:02:14.407968 15 storage/rocksdb.go:102                   Options.compression_opts.enabled: false
I210322 23:02:14.407970 15 storage/rocksdb.go:102       Options.level0_file_num_compaction_trigger: 2
I210322 23:02:14.407973 15 storage/rocksdb.go:102           Options.level0_slowdown_writes_trigger: 950
I210322 23:02:14.407975 15 storage/rocksdb.go:102               Options.level0_stop_writes_trigger: 1000
I210322 23:02:14.407977 15 storage/rocksdb.go:102                    Options.target_file_size_base: 4194304
I210322 23:02:14.407980 15 storage/rocksdb.go:102              Options.target_file_size_multiplier: 2
I210322 23:02:14.407983 15 storage/rocksdb.go:102                 Options.max_bytes_for_level_base: 67108864
I210322 23:02:14.407985 15 storage/rocksdb.go:102  Options.level_compaction_dynamic_level_bytes: 1
I210322 23:02:14.407988 15 storage/rocksdb.go:102           Options.max_bytes_for_level_multiplier: 10.000000
I210322 23:02:14.407991 15 storage/rocksdb.go:102  Options.max_bytes_for_level_multiplier_addtl[0]: 1
I210322 23:02:14.407994 15 storage/rocksdb.go:102  Options.max_bytes_for_level_multiplier_addtl[1]: 1
I210322 23:02:14.407996 15 storage/rocksdb.go:102  Options.max_bytes_for_level_multiplier_addtl[2]: 1
I210322 23:02:14.407998 15 storage/rocksdb.go:102  Options.max_bytes_for_level_multiplier_addtl[3]: 1
I210322 23:02:14.408001 15 storage/rocksdb.go:102  Options.max_bytes_for_level_multiplier_addtl[4]: 1
I210322 23:02:14.408003 15 storage/rocksdb.go:102  Options.max_bytes_for_level_multiplier_addtl[5]: 1
I210322 23:02:14.408006 15 storage/rocksdb.go:102  Options.max_bytes_for_level_multiplier_addtl[6]: 1
I210322 23:02:14.408008 15 storage/rocksdb.go:102        Options.max_sequential_skip_in_iterations: 8
I210322 23:02:14.408011 15 storage/rocksdb.go:102                     Options.max_compaction_bytes: 104857600
I210322 23:02:14.408013 15 storage/rocksdb.go:102                         Options.arena_block_size: 8388608
I210322 23:02:14.408015 15 storage/rocksdb.go:102    Options.soft_pending_compaction_bytes_limit: 2199023255552
I210322 23:02:14.408018 15 storage/rocksdb.go:102    Options.hard_pending_compaction_bytes_limit: 4400193994752
I210322 23:02:14.408020 15 storage/rocksdb.go:102        Options.rate_limit_delay_max_milliseconds: 100
I210322 23:02:14.408022 15 storage/rocksdb.go:102                 Options.disable_auto_compactions: 0
I210322 23:02:14.408026 15 storage/rocksdb.go:102                         Options.compaction_style: kCompactionStyleLevel
I210322 23:02:14.408029 15 storage/rocksdb.go:102                           Options.compaction_pri: kMinOverlappingRatio
I210322 23:02:14.408032 15 storage/rocksdb.go:102  Options.compaction_options_universal.size_ratio: 1
I210322 23:02:14.408034 15 storage/rocksdb.go:102  Options.compaction_options_universal.min_merge_width: 2
I210322 23:02:14.408036 15 storage/rocksdb.go:102  Options.compaction_options_universal.max_merge_width: 4294967295
I210322 23:02:14.408039 15 storage/rocksdb.go:102  Options.compaction_options_universal.max_size_amplification_percent: 200
I210322 23:02:14.408041 15 storage/rocksdb.go:102  Options.compaction_options_universal.compression_size_percent: -1
I210322 23:02:14.408044 15 storage/rocksdb.go:102  Options.compaction_options_universal.stop_style: kCompactionStopStyleTotalSize
I210322 23:02:14.408046 15 storage/rocksdb.go:102  Options.compaction_options_fifo.max_table_files_size: 1073741824
I210322 23:02:14.408049 15 storage/rocksdb.go:102  Options.compaction_options_fifo.allow_compaction: 0
I210322 23:02:14.408053 15 storage/rocksdb.go:102                    Options.table_properties_collectors: TimeBoundTblPropCollectorFactory; DeleteRangeTblPropCollectorFactory; 
I210322 23:02:14.408056 15 storage/rocksdb.go:102                    Options.inplace_update_support: 0
I210322 23:02:14.408059 15 storage/rocksdb.go:102                  Options.inplace_update_num_locks: 10000
I210322 23:02:14.408061 15 storage/rocksdb.go:102                Options.memtable_prefix_bloom_size_ratio: 0.000000
I210322 23:02:14.408064 15 storage/rocksdb.go:102                Options.memtable_whole_key_filtering: 0
I210322 23:02:14.408066 15 storage/rocksdb.go:102    Options.memtable_huge_page_size: 0
I210322 23:02:14.408069 15 storage/rocksdb.go:102                            Options.bloom_locality: 0
I210322 23:02:14.408071 15 storage/rocksdb.go:102                     Options.max_successive_merges: 0
I210322 23:02:14.408073 15 storage/rocksdb.go:102                 Options.optimize_filters_for_hits: 1
I210322 23:02:14.408076 15 storage/rocksdb.go:102                 Options.paranoid_file_checks: 0
I210322 23:02:14.408078 15 storage/rocksdb.go:102                 Options.force_consistency_checks: 0
I210322 23:02:14.408081 15 storage/rocksdb.go:102                 Options.report_bg_io_stats: 0
I210322 23:02:14.408083 15 storage/rocksdb.go:102                                Options.ttl: 0
I210322 23:02:14.408085 15 storage/rocksdb.go:102           Options.periodic_compaction_seconds: 0
I210322 23:02:14.409735 15 storage/rocksdb.go:102  [db/version_set.cc:4286] Recovered from manifest file:/cockroach/cockroach-data/cockroach-temp793077268/MANIFEST-000001 succeeded,manifest_file_number is 1, next_file_number is 3, last_sequence is 0, log_number is 0,prev_log_number is 0,max_column_family is 0,min_log_number_to_keep is 0
I210322 23:02:14.409742 15 storage/rocksdb.go:102  [db/version_set.cc:4295] Column family [default] (ID 0), log number is 0
I210322 23:02:14.421831 15 storage/rocksdb.go:102  DB pointer 0x7f0a948a1000
I210322 23:02:14.440513 15 storage/rocksdb.go:102  RocksDB version: 6.2.1
I210322 23:02:14.440529 15 storage/rocksdb.go:102  Git sha rocksdb_build_git_sha:@e494e15a0b08c13fafd5710f279f348d47d476de@
I210322 23:02:14.440532 15 storage/rocksdb.go:102  Compile date May 19 2020
I210322 23:02:14.440536 15 storage/rocksdb.go:102  DB SUMMARY
I210322 23:02:14.442195 15 storage/rocksdb.go:102  CURRENT file:  CURRENT
I210322 23:02:14.442203 15 storage/rocksdb.go:102  IDENTITY file:  IDENTITY
I210322 23:02:14.442735 15 storage/rocksdb.go:102  MANIFEST file:  MANIFEST-000012 size: 231 Bytes
I210322 23:02:14.442746 15 storage/rocksdb.go:102  SST files in /cockroach/cockroach-data dir, Total Num: 1, files: 000016.sst 
I210322 23:02:14.442749 15 storage/rocksdb.go:102  Write Ahead Log file in /cockroach/cockroach-data: 000013.log size: 4777319 ; 
I210322 23:02:14.442753 15 storage/rocksdb.go:102                          Options.error_if_exists: 0
I210322 23:02:14.442756 15 storage/rocksdb.go:102                        Options.create_if_missing: 1
I210322 23:02:14.442758 15 storage/rocksdb.go:102                          Options.paranoid_checks: 1
I210322 23:02:14.442761 15 storage/rocksdb.go:102                                      Options.env: 0x756bca0
I210322 23:02:14.442764 15 storage/rocksdb.go:102                                 Options.info_log: 0x7f0a93c0d0a0
I210322 23:02:14.442768 15 storage/rocksdb.go:102                 Options.max_file_opening_threads: 16
I210322 23:02:14.442770 15 storage/rocksdb.go:102                               Options.statistics: 0x7f0a93c24010
I210322 23:02:14.442773 15 storage/rocksdb.go:102                                Options.use_fsync: 0
I210322 23:02:14.442775 15 storage/rocksdb.go:102                        Options.max_log_file_size: 0
I210322 23:02:14.442778 15 storage/rocksdb.go:102                   Options.max_manifest_file_size: 134217728
I210322 23:02:14.442780 15 storage/rocksdb.go:102                    Options.log_file_time_to_roll: 0
I210322 23:02:14.442783 15 storage/rocksdb.go:102                        Options.keep_log_file_num: 1000
I210322 23:02:14.442785 15 storage/rocksdb.go:102                     Options.recycle_log_file_num: 1
I210322 23:02:14.442788 15 storage/rocksdb.go:102                          Options.allow_fallocate: 1
I210322 23:02:14.442790 15 storage/rocksdb.go:102                         Options.allow_mmap_reads: 0
I210322 23:02:14.442793 15 storage/rocksdb.go:102                        Options.allow_mmap_writes: 0
I210322 23:02:14.442795 15 storage/rocksdb.go:102                         Options.use_direct_reads: 0
I210322 23:02:14.442798 15 storage/rocksdb.go:102                         Options.use_direct_io_for_flush_and_compaction: 0
I210322 23:02:14.442800 15 storage/rocksdb.go:102           Options.create_missing_column_families: 0
I210322 23:02:14.442803 15 storage/rocksdb.go:102                               Options.db_log_dir: 
I210322 23:02:14.442806 15 storage/rocksdb.go:102                                  Options.wal_dir: /cockroach/cockroach-data
I210322 23:02:14.442808 15 storage/rocksdb.go:102                 Options.table_cache_numshardbits: 6
I210322 23:02:14.442810 15 storage/rocksdb.go:102                       Options.max_subcompactions: 1
I210322 23:02:14.442813 15 storage/rocksdb.go:102                   Options.max_background_flushes: -1
I210322 23:02:14.442815 15 storage/rocksdb.go:102                          Options.WAL_ttl_seconds: 0
I210322 23:02:14.442818 15 storage/rocksdb.go:102                        Options.WAL_size_limit_MB: 0
I210322 23:02:14.442820 15 storage/rocksdb.go:102              Options.manifest_preallocation_size: 4194304
I210322 23:02:14.442823 15 storage/rocksdb.go:102                      Options.is_fd_close_on_exec: 1
I210322 23:02:14.442825 15 storage/rocksdb.go:102                    Options.advise_random_on_open: 1
I210322 23:02:14.442828 15 storage/rocksdb.go:102                     Options.db_write_buffer_size: 0
I210322 23:02:14.442838 15 storage/rocksdb.go:102                     Options.write_buffer_manager: 0x7f0a93c8c030
I210322 23:02:14.442842 15 storage/rocksdb.go:102          Options.access_hint_on_compaction_start: 1
I210322 23:02:14.442844 15 storage/rocksdb.go:102   Options.new_table_reader_for_compaction_inputs: 0
I210322 23:02:14.442847 15 storage/rocksdb.go:102            Options.random_access_max_buffer_size: 1048576
I210322 23:02:14.442849 15 storage/rocksdb.go:102                       Options.use_adaptive_mutex: 0
I210322 23:02:14.442852 15 storage/rocksdb.go:102                             Options.rate_limiter: (nil)
I210322 23:02:14.442857 15 storage/rocksdb.go:102      Options.sst_file_manager.rate_bytes_per_sec: 0
I210322 23:02:14.442859 15 storage/rocksdb.go:102                        Options.wal_recovery_mode: 0
I210322 23:02:14.442861 15 storage/rocksdb.go:102                   Options.enable_thread_tracking: 0
I210322 23:02:14.442864 15 storage/rocksdb.go:102                   Options.enable_pipelined_write: 0
I210322 23:02:14.442867 15 storage/rocksdb.go:102          Options.allow_concurrent_memtable_write: 1
I210322 23:02:14.442869 15 storage/rocksdb.go:102       Options.enable_write_thread_adaptive_yield: 1
I210322 23:02:14.442872 15 storage/rocksdb.go:102              Options.write_thread_max_yield_usec: 100
I210322 23:02:14.442874 15 storage/rocksdb.go:102             Options.write_thread_slow_yield_usec: 3
I210322 23:02:14.442877 15 storage/rocksdb.go:102                                Options.row_cache: None
I210322 23:02:14.442880 15 storage/rocksdb.go:102                               Options.wal_filter: None
I210322 23:02:14.442882 15 storage/rocksdb.go:102              Options.avoid_flush_during_recovery: 0
I210322 23:02:14.442885 15 storage/rocksdb.go:102              Options.allow_ingest_behind: 0
I210322 23:02:14.442887 15 storage/rocksdb.go:102              Options.preserve_deletes: 0
I210322 23:02:14.442890 15 storage/rocksdb.go:102              Options.two_write_queues: 0
I210322 23:02:14.442892 15 storage/rocksdb.go:102              Options.manual_wal_flush: 1
I210322 23:02:14.442925 15 storage/rocksdb.go:102              Options.atomic_flush: 0
I210322 23:02:14.442929 15 storage/rocksdb.go:102              Options.avoid_unnecessary_blocking_io: 0
I210322 23:02:14.442931 15 storage/rocksdb.go:102              Options.max_background_jobs: 2
I210322 23:02:14.442934 15 storage/rocksdb.go:102              Options.max_background_compactions: -1
I210322 23:02:14.442936 15 storage/rocksdb.go:102              Options.avoid_flush_during_shutdown: 0
I210322 23:02:14.442939 15 storage/rocksdb.go:102            Options.writable_file_max_buffer_size: 1048576
I210322 23:02:14.442941 15 storage/rocksdb.go:102              Options.delayed_write_rate : 16777216
I210322 23:02:14.442944 15 storage/rocksdb.go:102              Options.max_total_wal_size: 0
I210322 23:02:14.442946 15 storage/rocksdb.go:102              Options.delete_obsolete_files_period_micros: 21600000000
I210322 23:02:14.442948 15 storage/rocksdb.go:102                    Options.stats_dump_period_sec: 0
I210322 23:02:14.442951 15 storage/rocksdb.go:102                  Options.stats_persist_period_sec: 600
I210322 23:02:14.443013 15 storage/rocksdb.go:102                  Options.stats_history_buffer_size: 1048576
I210322 23:02:14.443016 15 storage/rocksdb.go:102                           Options.max_open_files: 1043576
I210322 23:02:14.443018 15 storage/rocksdb.go:102                           Options.bytes_per_sync: 524288
I210322 23:02:14.443021 15 storage/rocksdb.go:102                       Options.wal_bytes_per_sync: 0
I210322 23:02:14.443023 15 storage/rocksdb.go:102                    Options.strict_bytes_per_sync: 1
I210322 23:02:14.443026 15 storage/rocksdb.go:102        Options.compaction_readahead_size: 0
I210322 23:02:14.443028 15 storage/rocksdb.go:102  Compression algorithms supported:
I210322 23:02:14.443049 15 storage/rocksdb.go:102  	kZSTDNotFinalCompression supported: 0
I210322 23:02:14.443053 15 storage/rocksdb.go:102  	kZSTD supported: 0
I210322 23:02:14.443055 15 storage/rocksdb.go:102  	kXpressCompression supported: 0
I210322 23:02:14.443057 15 storage/rocksdb.go:102  	kLZ4HCCompression supported: 0
I210322 23:02:14.443060 15 storage/rocksdb.go:102  	kLZ4Compression supported: 0
I210322 23:02:14.443062 15 storage/rocksdb.go:102  	kBZip2Compression supported: 0
I210322 23:02:14.443065 15 storage/rocksdb.go:102  	kZlibCompression supported: 0
I210322 23:02:14.443067 15 storage/rocksdb.go:102  	kSnappyCompression supported: 1
I210322 23:02:14.443078 15 storage/rocksdb.go:102  Fast CRC32 supported: Supported on x86
I210322 23:02:14.450004 15 storage/rocksdb.go:102  [db/version_set.cc:4072] Recovering from manifest file: /cockroach/cockroach-data/MANIFEST-000012
I210322 23:02:14.450531 15 storage/rocksdb.go:102  [db/column_family.cc:488] --------------- Options for column family [default]:
I210322 23:02:14.450536 15 storage/rocksdb.go:102                Options.comparator: cockroach_comparator
I210322 23:02:14.450539 15 storage/rocksdb.go:102            Options.merge_operator: cockroach_merge_operator
I210322 23:02:14.450542 15 storage/rocksdb.go:102         Options.compaction_filter: None
I210322 23:02:14.450545 15 storage/rocksdb.go:102         Options.compaction_filter_factory: None
I210322 23:02:14.450548 15 storage/rocksdb.go:102          Options.memtable_factory: SkipListFactory
I210322 23:02:14.450550 15 storage/rocksdb.go:102             Options.table_factory: BlockBasedTable
I210322 23:02:14.450571 15 storage/rocksdb.go:102             table_factory options:   flush_block_policy_factory: FlushBlockBySizePolicyFactory (0x7f0a93c22028)
  cache_index_and_filter_blocks: 0
  cache_index_and_filter_blocks_with_high_priority: 0
  pin_l0_filter_and_index_blocks_in_cache: 0
  pin_top_level_index_and_filter: 1
  index_type: 0
  data_block_index_type: 0
  index_shortening: 1
  data_block_hash_table_util_ratio: 0.750000
  hash_index_allow_collision: 1
  checksum: 1
  no_block_cache: 0
  block_cache: 0x7f0a93c14010
  block_cache_name: LRUCache
  block_cache_options:
    capacity : 67108864
    num_shard_bits : 4
    strict_capacity_limit : 0
    memory_allocator : None
    high_pri_pool_ratio: 0.000
  block_cache_compressed: (nil)
  persistent_cache: (nil)
  block_size: 32768
  block_size_deviation: 10
  block_restart_interval: 16
  index_block_restart_interval: 1
  metadata_block_size: 4096
  partition_filters: 0
  use_delta_encoding: 1
  filter_policy: rocksdb.BuiltinBloomFilter
  whole_key_filtering: 0
  verify_compression: 0
  read_amp_bytes_per_bit: 0
  format_version: 2
  enable_index_compression: 1
  block_align: 0
I210322 23:02:14.450575 15 storage/rocksdb.go:102         Options.write_buffer_size: 67108864
I210322 23:02:14.450581 15 storage/rocksdb.go:102   Options.max_write_buffer_number: 4
I210322 23:02:14.450583 15 storage/rocksdb.go:102           Options.compression: Snappy
I210322 23:02:14.450586 15 storage/rocksdb.go:102                   Options.bottommost_compression: Disabled
I210322 23:02:14.450589 15 storage/rocksdb.go:102        Options.prefix_extractor: cockroach_prefix_extractor
I210322 23:02:14.450592 15 storage/rocksdb.go:102    Options.memtable_insert_with_hint_prefix_extractor: nullptr
I210322 23:02:14.450595 15 storage/rocksdb.go:102              Options.num_levels: 7
I210322 23:02:14.450597 15 storage/rocksdb.go:102         Options.min_write_buffer_number_to_merge: 1
I210322 23:02:14.450599 15 storage/rocksdb.go:102      Options.max_write_buffer_number_to_maintain: 0
I210322 23:02:14.450615 15 storage/rocksdb.go:102             Options.bottommost_compression_opts.window_bits: -14
I210322 23:02:14.450620 15 storage/rocksdb.go:102                   Options.bottommost_compression_opts.level: 32767
I210322 23:02:14.450622 15 storage/rocksdb.go:102                Options.bottommost_compression_opts.strategy: 0
I210322 23:02:14.450625 15 storage/rocksdb.go:102          Options.bottommost_compression_opts.max_dict_bytes: 0
I210322 23:02:14.450628 15 storage/rocksdb.go:102          Options.bottommost_compression_opts.zstd_max_train_bytes: 0
I210322 23:02:14.450631 15 storage/rocksdb.go:102                   Options.bottommost_compression_opts.enabled: false
I210322 23:02:14.450633 15 storage/rocksdb.go:102             Options.compression_opts.window_bits: -14
I210322 23:02:14.450635 15 storage/rocksdb.go:102                   Options.compression_opts.level: 32767
I210322 23:02:14.450638 15 storage/rocksdb.go:102                Options.compression_opts.strategy: 0
I210322 23:02:14.450640 15 storage/rocksdb.go:102          Options.compression_opts.max_dict_bytes: 0
I210322 23:02:14.450643 15 storage/rocksdb.go:102          Options.compression_opts.zstd_max_train_bytes: 0
I210322 23:02:14.450645 15 storage/rocksdb.go:102                   Options.compression_opts.enabled: false
I210322 23:02:14.450647 15 storage/rocksdb.go:102       Options.level0_file_num_compaction_trigger: 2
I210322 23:02:14.450650 15 storage/rocksdb.go:102           Options.level0_slowdown_writes_trigger: 950
I210322 23:02:14.450652 15 storage/rocksdb.go:102               Options.level0_stop_writes_trigger: 1000
I210322 23:02:14.450655 15 storage/rocksdb.go:102                    Options.target_file_size_base: 4194304
I210322 23:02:14.450658 15 storage/rocksdb.go:102              Options.target_file_size_multiplier: 2
I210322 23:02:14.450661 15 storage/rocksdb.go:102                 Options.max_bytes_for_level_base: 67108864
I210322 23:02:14.450663 15 storage/rocksdb.go:102  Options.level_compaction_dynamic_level_bytes: 1
I210322 23:02:14.450666 15 storage/rocksdb.go:102           Options.max_bytes_for_level_multiplier: 10.000000
I210322 23:02:14.450669 15 storage/rocksdb.go:102  Options.max_bytes_for_level_multiplier_addtl[0]: 1
I210322 23:02:14.450671 15 storage/rocksdb.go:102  Options.max_bytes_for_level_multiplier_addtl[1]: 1
I210322 23:02:14.450673 15 storage/rocksdb.go:102  Options.max_bytes_for_level_multiplier_addtl[2]: 1
I210322 23:02:14.450676 15 storage/rocksdb.go:102  Options.max_bytes_for_level_multiplier_addtl[3]: 1
I210322 23:02:14.450678 15 storage/rocksdb.go:102  Options.max_bytes_for_level_multiplier_addtl[4]: 1
I210322 23:02:14.450680 15 storage/rocksdb.go:102  Options.max_bytes_for_level_multiplier_addtl[5]: 1
I210322 23:02:14.450683 15 storage/rocksdb.go:102  Options.max_bytes_for_level_multiplier_addtl[6]: 1
I210322 23:02:14.450685 15 storage/rocksdb.go:102        Options.max_sequential_skip_in_iterations: 8
I210322 23:02:14.450688 15 storage/rocksdb.go:102                     Options.max_compaction_bytes: 104857600
I210322 23:02:14.450690 15 storage/rocksdb.go:102                         Options.arena_block_size: 8388608
I210322 23:02:14.450692 15 storage/rocksdb.go:102    Options.soft_pending_compaction_bytes_limit: 2199023255552
I210322 23:02:14.450695 15 storage/rocksdb.go:102    Options.hard_pending_compaction_bytes_limit: 4400193994752
I210322 23:02:14.450697 15 storage/rocksdb.go:102        Options.rate_limit_delay_max_milliseconds: 100
I210322 23:02:14.450699 15 storage/rocksdb.go:102                 Options.disable_auto_compactions: 0
I210322 23:02:14.450703 15 storage/rocksdb.go:102                         Options.compaction_style: kCompactionStyleLevel
I210322 23:02:14.450705 15 storage/rocksdb.go:102                           Options.compaction_pri: kMinOverlappingRatio
I210322 23:02:14.450708 15 storage/rocksdb.go:102  Options.compaction_options_universal.size_ratio: 1
I210322 23:02:14.450710 15 storage/rocksdb.go:102  Options.compaction_options_universal.min_merge_width: 2
I210322 23:02:14.450713 15 storage/rocksdb.go:102  Options.compaction_options_universal.max_merge_width: 4294967295
I210322 23:02:14.450715 15 storage/rocksdb.go:102  Options.compaction_options_universal.max_size_amplification_percent: 200
I210322 23:02:14.450718 15 storage/rocksdb.go:102  Options.compaction_options_universal.compression_size_percent: -1
I210322 23:02:14.450720 15 storage/rocksdb.go:102  Options.compaction_options_universal.stop_style: kCompactionStopStyleTotalSize
I210322 23:02:14.450723 15 storage/rocksdb.go:102  Options.compaction_options_fifo.max_table_files_size: 1073741824
I210322 23:02:14.450725 15 storage/rocksdb.go:102  Options.compaction_options_fifo.allow_compaction: 0
I210322 23:02:14.450730 15 storage/rocksdb.go:102                    Options.table_properties_collectors: TimeBoundTblPropCollectorFactory; DeleteRangeTblPropCollectorFactory; 
I210322 23:02:14.450733 15 storage/rocksdb.go:102                    Options.inplace_update_support: 0
I210322 23:02:14.450736 15 storage/rocksdb.go:102                  Options.inplace_update_num_locks: 10000
I210322 23:02:14.450738 15 storage/rocksdb.go:102                Options.memtable_prefix_bloom_size_ratio: 0.000000
I210322 23:02:14.450740 15 storage/rocksdb.go:102                Options.memtable_whole_key_filtering: 0
I210322 23:02:14.450743 15 storage/rocksdb.go:102    Options.memtable_huge_page_size: 0
I210322 23:02:14.450745 15 storage/rocksdb.go:102                            Options.bloom_locality: 0
I210322 23:02:14.450748 15 storage/rocksdb.go:102                     Options.max_successive_merges: 0
I210322 23:02:14.450750 15 storage/rocksdb.go:102                 Options.optimize_filters_for_hits: 1
I210322 23:02:14.450753 15 storage/rocksdb.go:102                 Options.paranoid_file_checks: 0
I210322 23:02:14.450755 15 storage/rocksdb.go:102                 Options.force_consistency_checks: 0
I210322 23:02:14.450757 15 storage/rocksdb.go:102                 Options.report_bg_io_stats: 0
I210322 23:02:14.450760 15 storage/rocksdb.go:102                                Options.ttl: 0
I210322 23:02:14.450762 15 storage/rocksdb.go:102           Options.periodic_compaction_seconds: 0
I210322 23:02:14.454087 15 storage/rocksdb.go:102  [db/version_set.cc:3086] More existing levels in DB than needed. max_bytes_for_level_multiplier may not be guaranteed.
I210322 23:02:14.454096 15 storage/rocksdb.go:102  [db/version_set.cc:4286] Recovered from manifest file:/cockroach/cockroach-data/MANIFEST-000012 succeeded,manifest_file_number is 12, next_file_number is 18, last_sequence is 417127, log_number is 7,prev_log_number is 0,max_column_family is 0,min_log_number_to_keep is 0
I210322 23:02:14.454099 15 storage/rocksdb.go:102  [db/version_set.cc:4295] Column family [default] (ID 0), log number is 7
I210322 23:02:14.454648 15 storage/rocksdb.go:102  EVENT_LOG_v1 {"time_micros": 1616454134454635, "job": 1, "event": "recovery_started", "log_files": [13]}
I210322 23:02:14.454654 15 storage/rocksdb.go:102  [db/db_impl_open.cc:598] Recovering log #13 mode 0
I210322 23:02:14.533041 15 storage/rocksdb.go:102  EVENT_LOG_v1 {"time_micros": 1616454134532844, "cf_name": "default", "job": 1, "event": "table_file_creation", "file_number": 18, "file_size": 102838, "table_properties": {"data_size": 98806, "index_size": 644, "index_partitions": 0, "top_level_index_size": 0, "index_key_is_user_key": 0, "index_value_is_delta_encoded": 0, "filter_size": 2629, "raw_key_size": 97538, "raw_average_key_size": 45, "raw_value_size": 408409, "raw_average_value_size": 189, "num_data_blocks": 12, "num_entries": 2156, "num_deletions": 282, "num_merge_operands": 1382, "num_range_deletions": 1382, "format_version": 0, "fixed_key_len": 0, "filter_policy": "rocksdb.BuiltinBloomFilter", "column_family_name": "default", "column_family_id": 0, "comparator": "cockroach_comparator", "merge_operator": "cockroach_merge_operator", "prefix_extractor_name": "cockroach_prefix_extractor", "property_collectors": "[TimeBoundTblPropCollectorFactory,DeleteRangeTblPropCollectorFactory]", "compression": "Snappy", "compression_options": "window_bits=-14; level=32767; strategy=0; max_dict_bytes=0; zstd_max_train_bytes=0; enabled=0; ", "creation_time": 1616454134, "oldest_key_time": 3, "file_creation_time": 0}}
I210322 23:02:14.533668 15 storage/rocksdb.go:102  [db/version_set.cc:3560] Creating manifest 19
I210322 23:02:14.536383 15 storage/rocksdb.go:102  [db/version_set.cc:3086] More existing levels in DB than needed. max_bytes_for_level_multiplier may not be guaranteed.
I210322 23:02:14.541683 15 storage/rocksdb.go:102  EVENT_LOG_v1 {"time_micros": 1616454134541669, "job": 1, "event": "recovery_finished"}
I210322 23:02:14.553203 15 storage/rocksdb.go:102  DB pointer 0x7f0a93c99000
I210322 23:03:35.144078 2255 storage/rocksdb.go:102  bloom filter utility:    -nan%
I210322 23:03:35.144481 2255 storage/rocksdb.go:102  [db/db_impl.cc:392] Shutdown: canceling all background work
I210322 23:03:35.145276 2255 storage/rocksdb.go:102  [db/db_impl.cc:565] Shutdown complete
I210322 23:03:35.151473 2255 storage/rocksdb.go:102  bloom filter utility:    82.5%
I210322 23:03:35.151904 2255 storage/rocksdb.go:102  [db/db_impl.cc:392] Shutdown: canceling all background work
I210322 23:03:35.155818 2255 storage/rocksdb.go:102  [db/db_impl.cc:565] Shutdown complete
